Loading required package: Matrix
Loading required package: foreach
Loaded glmnet 2.0-10

Loading required package: methods

Attaching package: ‘pracma’

The following objects are masked from ‘package:kernlab’:

    cross, eig, size

The following objects are masked from ‘package:Matrix’:

    expm, lu, tril, triu

[1] 0
[1] 15.462717 23.149003  9.136670  9.348978
[1] 18.669911 21.711824  9.380721 14.076304
[1] 20.76441 22.23130 10.19018 11.04943
[1] 15.115166 22.621265  7.588507  7.833138
[1] 17.814435 24.153551  9.718137  9.937272
[1] 17.094905 22.428486  9.439252  9.715504
[1] 17.813039 23.122137  9.396137  9.603315
[1] 24.748210 28.356161  9.816477 10.741626
[1] 14.297831 19.282681  8.253322  8.256012
[1] 14.894152 22.094485  8.420446  8.519112
[1] 15.061890 21.893537  9.526751 11.028201
[1] 14.290543 19.855357  9.156524  9.209651
[1] 16.38664 23.83179 10.68429 11.35136
[1] 14.042961 19.892222  7.621244  7.694468
[1] 10.938449 17.286639  6.882072  8.473362
[1] 15.670996 22.165629  9.994297 10.223475
[1] 14.815178 22.213310  7.989701  8.150437
[1] 16.52312 21.65141 10.31780 10.67106
[1] 14.963014 22.242928  8.098815  8.546495
[1] 16.771075 22.179997  9.131039 10.396357
[1] 15.555081 20.178346  8.839221  8.929731
[1] 17.943911 24.003189  8.364782  8.961105
[1] 15.067511 20.983189  7.480597  9.589736
[1] 22.34298 24.09851 10.64683 10.93736
[1] 14.993663 21.850750  7.305966  7.560356
[1] 18.351972 18.812754  7.602912  7.536819
[1] 24.41223 27.02791 11.03338 11.20264
[1] 19.59531 25.88020 10.10393 10.41341
[1] 17.380814 23.991078  8.582257  8.690466
[1] 15.481050 21.841186  8.835865  8.879719
[1] 14.983657 20.988269  9.580908  9.932616
[1] 16.715002 21.429428  9.795277  9.673690
[1] 15.746092 22.959551  9.159777  9.808823
[1] 16.924294 24.349021  9.965276 10.067593
[1] 15.782950 23.358902  9.650919  9.763475
[1] 16.450088 21.796400  9.499602  9.583674
[1] 17.336726 23.975802  8.832997  9.069206
[1] 15.109458 22.098736  7.777733  7.900220
[1] 14.12778 21.13064  8.55070 10.85751
[1] 19.703447 23.748190  9.692760  9.679317
[1] 12.291008 16.469729  6.680972  7.235179
[1] 14.835043 22.501093  7.893846  8.350277
[1] 17.009180 23.097791  9.682424  9.950787
[1] 18.46517 19.76963 10.03770 10.88469
[1] 19.173673 21.850937  8.569953  8.735440
[1] 14.999677 21.634043  9.242009  9.411575
[1] 17.071499 22.471857  9.392994  9.444549
[1] 18.604989 22.149335  7.935700  8.401135
[1] 15.735083 20.380668  9.676321  9.417791
[1] 18.084177 20.144148  8.758610  9.145702
[1] 0.1
[1] 17.653571 21.024291  7.812539  8.254388
[1] 22.19012 24.95781 11.85111 12.72173
[1] 17.26697 22.34013 10.58527 10.38033
[1] 17.275089 21.206121  9.471294  9.155311
[1] 16.198448 19.561921  8.991776  9.599368
[1] 15.134703 21.655422  8.318367  9.421289
[1] 16.41981 21.40707 10.32928 10.44485
[1] 14.706353 20.884797  9.252188 10.655696
[1] 15.049457 22.088723  9.463380  9.815519
[1] 19.853062 21.627224  7.760924  7.525545
[1] 16.870105 22.792942  9.044372  9.752110
[1] 15.972183 23.378340  9.400089  9.855880
[1] 14.93472 20.83290  9.77602 10.65390
[1] 14.625985 17.343529  8.949840  9.408074
[1] 13.472701 18.343077  7.785288  7.899207
[1] 15.997396 22.698742  9.868365  9.879726
[1] 13.760242 19.526288  9.425902  9.820870
[1] 15.765025 20.815504  9.928458  9.303101
[1] 16.16851 20.97574 12.14112 12.71755
[1] 14.638266 19.321357  8.497581  8.402318
[1] 16.142431 20.758571  8.920667  8.734246
[1] 17.022015 23.035233  9.349637  9.576282
[1] 13.904729 19.171406  8.819324 10.299760
[1] 19.67696 26.72726 11.57064 11.79270
[1] 15.702513 24.559231  9.453347  9.776459
[1] 14.560640 20.381526  7.301376  7.227409
[1] 16.96951 23.01504 10.18790 10.17776
[1] 17.20984 23.16393 11.20975 11.26612
[1] 16.31132 24.17898 10.11878 10.42786
[1] 18.714490 21.974303  7.933390  8.446885
[1] 16.05157 20.65007 10.18455  9.92923
[1] 17.291823 23.178408  9.751428 10.861935
[1] 16.130963 22.603282  8.869603  8.816701
[1] 15.837527 20.380248  8.432158  8.519783
[1] 19.75790 22.62927 11.86280 12.08236
[1] 18.219970 25.786683  9.989018  9.698056
[1] 16.08806 19.95648 10.19223 10.28987
[1] 13.994544 18.702080  8.307956  8.234877
[1] 14.06566 23.07218  8.73768 10.19016
[1] 16.597094 21.902197  9.411522  9.868819
[1] 18.762457 20.722485  9.215057  9.321869
[1] 17.22837 21.71522 11.05873 11.73303
[1] 15.857013 22.503996  9.169373 11.499349
[1] 18.21231 21.56407 14.27326 15.96359
[1] 16.461800 21.633514  9.734117 10.143090
[1] 15.403045 21.219253 10.043178  9.782284
[1] 14.76814 21.19034  9.44555  9.31965
[1] 18.42776 27.76502 10.03301 10.56893
[1] 18.41720 24.07144 10.56618 14.35422
[1] 14.902630 19.847928  9.053958  9.497730
[1] 0.2
[1] 20.41001 27.39329 12.53551 12.10184
[1] 17.64084 23.27870 10.04289 10.60219
[1] 16.784025 21.131157  9.635216  9.127309
[1] 18.570970 20.837778  9.784423  9.312348
[1] 14.81904 20.10792 10.17527 11.80965
[1] 12.661012 19.149577  7.861229  8.123025
[1] 17.15492 20.98577 11.36919 12.26195
[1] 17.55966 25.44491 10.11419 10.16338
[1] 17.807319 24.253333 10.941033  9.618531
[1] 17.421454 24.168640  8.831234 11.787048
[1] 20.230474 22.534373  8.038939  7.883965
[1] 16.077347 23.532951  9.632962  8.725850
[1] 16.78119 23.79014 10.80889 10.82353
[1] 14.874388 21.751904 11.015945  9.303105
[1] 19.86415 21.21170 12.21516 11.64966
[1] 14.966874 22.192723  8.980231  9.362474
[1] 17.444188 23.452813  9.788864 10.581999
[1] 17.28009 19.41565 10.67502 16.72946
[1] 19.93989 24.17948 12.00291 10.26415
[1] 15.358535 22.246028  9.502855  9.432545
[1] 16.10491 21.30874 10.73523 10.23991
[1] 16.723671 22.356681  9.132739  8.951061
[1] 23.86443 25.43627 11.03219 10.72487
[1] 16.42231 21.66785 11.04228 10.58615
[1] 20.72745 24.68930 12.75433 12.73318
[1] 17.71366 26.53501 11.19997 10.77199
[1] 15.955365 21.654773  9.017811  9.105306
[1] 16.340344 21.031246  9.992213  9.183418
[1] 15.369939 20.612763 10.185304  9.177312
[1] 13.747877 19.554082  8.703095  8.751563
[1] 13.861016 19.837065  8.003275  7.732342
[1] 16.326332 23.001028  9.617457  9.567501
[1] 17.55422 21.64985 11.02056 10.19814
[1] 16.383986 22.366455 10.410367  9.241844
[1] 16.82563 23.88053 10.96297 11.54576
[1] 14.899889 20.615708 10.251123  9.785953
[1] 18.426577 21.982703  9.705154  9.636074
[1] 18.39241 22.80562 11.01323 10.42401
[1] 17.16298 23.59597 10.31338 10.44689
[1] 13.170724 21.122480 10.179057  9.792742
[1] 16.136930 21.425861  9.651024  9.834337
[1] 13.910762 18.451670  8.977471  9.450998
[1] 17.156140 24.106678  9.605334  9.712679
[1] 15.62068 19.86430 10.54997 10.62214
[1] 15.008299 18.796450  9.535151  9.255420
[1] 16.84717 20.91965 10.75748 10.20320
[1] 19.146508 26.967579 10.864586  9.817735
[1] 13.441675 20.150211  9.143165  9.102075
[1] 16.76313 20.59251 10.97625 10.03937
[1] 23.889608 27.735994 11.338339  9.830848
[1] 0.3
[1] 17.06137 23.03591 12.48826 10.59325
[1] 15.60703 19.05900 11.58229 11.56614
[1] 15.234510 19.533869 11.164147  9.087707
[1] 17.97787 23.96593 10.02172  8.48861
[1] 19.289121 20.186702 10.282511  8.192949
[1] 15.50571 19.48440 12.49733 10.08375
[1] 17.836536 19.488483  9.606084  7.582181
[1] 23.210697 23.386812 11.043887  9.229134
[1] 19.89111 22.08981 10.35031  7.33474
[1] 19.98301 26.02140 12.27322 10.70626
[1] 21.58736 24.97594 13.04164 11.92393
[1] 19.92743 25.94361 13.39652 11.42343
[1] 17.621426 22.716379 10.521028  9.592949
[1] 14.922075 19.036131 10.510165  8.609932
[1] 20.51552 23.21918 13.60424 11.68443
[1] 15.874567 21.184245  9.916544  9.221543
[1] 17.69858 21.33722 12.01241 11.87353
[1] 24.23814 24.43084 13.37194 10.52243
[1] 20.38737 27.25737 13.05188 12.00759
[1] 16.501554 20.755317 10.963505  9.571657
[1] 15.004950 18.895583 10.401966  9.629731
[1] 19.14726 23.25502 12.45325 10.29925
[1] 14.423384 18.891617 11.022599  8.787903
[1] 14.55881 18.90898 10.75723  8.48749
[1] 15.908584 21.538445 10.741356  8.650659
[1] 16.89957 24.04225 10.57458  9.81930
[1] 15.893022 20.993343  9.743591  9.860642
[1] 16.512401 20.898445 11.072028  9.429548
[1] 18.50063 22.52791 12.50975 11.14578
[1] 18.53415 23.12859 12.56153 11.19615
[1] 15.229921 21.846329  9.458633  9.177978
[1] 19.84168 24.08304 13.06030 10.49774
[1] 16.53436 21.78326 11.28577 10.48271
[1] 19.141543 22.164397 10.676127  9.372473
[1] 16.084264 21.487816 12.332081  9.946156
[1] 17.25886 20.46044 11.49560 10.26160
[1] 18.42749 22.72982 12.10042 10.42349
[1] 16.73086 21.99506 10.95283 12.00658
[1] 15.806132 20.589478  9.967771 10.538225
[1] 16.82284 21.76584 12.75576 11.27657
[1] 18.774932 24.463157 11.194980  8.991615
[1] 16.299884 22.971892 10.648550  9.643184
[1] 17.62372 20.93043 11.39751 10.72725
[1] 22.039027 23.931643  9.559900  8.265863
[1] 15.002397 19.370860  8.987764  7.437672
[1] 17.44428 22.16482 11.14716 10.22488
[1] 16.939048 22.223219 11.196772  9.990436
[1] 22.39834 23.22262 12.59346 10.17784
[1] 16.765479 19.247214 11.304036  8.681783
[1] 15.569805 22.544163 10.340202  9.251412
[1] 0.4
[1] 21.04014 26.17677 13.99333 11.38536
[1] 19.14037 23.86836 13.15453 10.18904
[1] 17.15966 22.65223 11.25675 10.42048
[1] 18.79669 19.39798 12.67404 10.12701
[1] 18.261014 19.010951 12.225742  8.957883
[1] 18.601277 21.743389 11.742307  8.715747
[1] 19.99375 25.45484 14.21661 10.80988
[1] 17.64104 19.62753 14.09391  9.49141
[1] 18.72895 20.68943 15.37241 10.03806
[1] 15.023616 17.286074 12.258827  9.796903
[1] 16.85361 20.10390 12.34998 10.78620
[1] 24.26626 22.06691 15.74696 12.92437
[1] 20.592150 22.365864 14.087662  9.365503
[1] 19.21318 21.86853 13.73411  9.55799
[1] 17.68515 20.71451 14.12438 14.67895
[1] 20.20661 23.12579 13.93032 10.04108
[1] 22.96532 28.85335 14.38984 11.83841
[1] 21.25362 26.61697 15.02210 10.95704
[1] 18.324180 21.623690 12.475038  9.080302
[1] 24.19942 22.12302 12.48437 10.17749
[1] 14.674749 17.412575 11.252967  8.508687
[1] 19.83086 25.35208 12.62505 10.27534
[1] 16.844567 22.104749 11.826439  8.565283
[1] 16.62736 18.67484 14.25637 11.08327
[1] 16.33956 20.45041 12.13411 10.55969
[1] 18.62214 21.55273 12.18211 10.07411
[1] 16.636058 22.035875 11.803045  9.982244
[1] 18.00056 21.12818 14.38460 10.88713
[1] 21.50134 25.37459 14.99646 11.14659
[1] 21.77027 20.03077 12.65588 10.36318
[1] 19.96864 23.29395 14.58836 11.33294
[1] 19.05727 21.81952 11.26396 10.90621
[1] 21.22394 25.55048 13.25783 11.94594
[1] 19.54197 22.32669 14.55333 10.41212
[1] 17.856199 21.913368 12.368962  8.313344
[1] 21.29578 24.19832 15.46795 11.77340
[1] 16.92189 20.58151 12.01102 10.57557
[1] 21.38867 23.89786 16.08809 11.31105
[1] 17.242470 22.161867 12.925246  9.296992
[1] 19.847322 23.471885 13.977453  8.994281
[1] 19.15018 23.73419 13.63016 10.07125
[1] 19.45355 25.82694 13.43052 10.12121
[1] 18.824906 22.977032 13.726022  9.682824
[1] 21.85452 22.61588 14.88284 11.55776
[1] 21.48853 23.61509 11.35987 10.85769
[1] 19.884914 23.447428 12.657275  9.205559
[1] 19.91964 22.59055 14.11539 14.52708
[1] 16.60970 20.17887 14.28175 10.55153
[1] 19.02960 21.35563 12.44584  9.88022
[1] 22.609215 21.791364 12.270471  8.789875
[1] 0.5
[1] 21.39372 20.62513 14.84122 11.93586
[1] 19.525908 24.211956 14.191015  9.538698
[1] 18.79346 21.58004 12.81657  7.58963
[1] 25.22458 23.02745 15.34747 10.36543
[1] 18.16114 20.22261 17.19989 11.33035
[1] 22.28298 24.81877 16.87297 11.89015
[1] 17.719202 19.058586 13.717350  8.837462
[1] 20.106795 22.637344 13.660525  8.870423
[1] 21.43276 22.86802 16.74202 10.64103
[1] 20.91081 24.62845 18.29768 11.96440
[1] 21.75301 21.87431 16.42260 10.12388
[1] 21.475820 23.127699 16.379186  9.569227
[1] 21.09907 25.38073 17.05745 10.32246
[1] 19.23357 24.12819 15.11169 11.63292
[1] 20.80507 21.32185 15.86285 10.93351
[1] 23.61968 25.36493 17.12938 10.78136
[1] 22.07536 24.40784 17.59508 14.53082
[1] 21.23250 27.57247 15.36854 10.75891
[1] 18.06898 23.00195 14.18523 10.18927
[1] 22.304815 22.298518 13.215740  9.223637
[1] 16.38902 18.94035 13.39688 10.20156
[1] 21.69733 22.83024 17.55977 11.03126
[1] 22.470169 25.269246 14.765462  8.414191
[1] 24.14039 28.01453 18.89258 12.52356
[1] 16.781557 17.938969 13.398065  9.712334
[1] 19.88494 21.88481 15.33120 10.57486
[1] 19.280473 23.005232 12.609218  9.656567
[1] 21.58785 23.47062 16.48976 10.30596
[1] 21.771098 25.402134 13.934039  9.877081
[1] 20.36420 22.31964 15.28252 11.29149
[1] 23.01753 25.06047 14.57334 11.81025
[1] 24.59165 25.43934 17.90317 10.45984
[1] 18.78203 22.72906 14.72023 10.35728
[1] 22.90407 23.37251 18.30018 14.29565
[1] 23.11388 23.65694 17.64017 12.05990
[1] 18.19705 22.49663 13.24799 12.22235
[1] 24.020140 23.703058 17.649167  9.839111
[1] 19.626466 20.922438 14.273972  9.241196
[1] 21.162747 23.030645 16.077702  8.638684
[1] 17.76530 21.78330 14.42210  9.20702
[1] 19.75935 22.10544 15.41721 11.20418
[1] 22.50920 24.08375 17.00626 12.02761
[1] 21.869495 18.615949 14.115053  8.612018
[1] 19.93161 24.49706 14.74907 10.54029
[1] 16.826031 20.379686 15.707764  9.840279
[1] 28.63879 29.28328 16.62946 10.86419
[1] 18.51926 19.71743 15.05799 10.81324
[1] 24.14610 23.23152 15.55010 10.52439
[1] 18.469370 18.659725 13.613596  8.574884
[1] 16.534528 19.315125 13.314477  8.964005
[1] 0.6
[1] 18.00845 19.19840 15.82129 11.01548
[1] 25.29268 23.50969 20.21927 12.95440
[1] 20.041274 23.316941 14.266568  9.419674
[1] 19.98250 20.02403 17.43395 11.39254
[1] 17.69934 20.31522 13.98408 12.69821
[1] 20.55971 20.85405 15.93740 10.76822
[1] 18.362690 19.818212 17.600540  9.246451
[1] 30.39787 25.89770 21.27098 11.23164
[1] 22.42349 22.02941 16.05223 10.54379
[1] 20.05849 20.78835 17.01677 13.04919
[1] 22.558371 20.087954 14.831099  9.994624
[1] 19.970841 21.627231 17.324482  9.398413
[1] 25.66906 22.45341 18.23816 13.52427
[1] 21.32727 21.29749 18.83346 11.19583
[1] 23.12399 22.92888 18.86555 10.55316
[1] 19.76405 23.19772 16.58043 11.23238
[1] 25.34507 22.42568 20.09069 11.73212
[1] 19.149858 19.292475 15.011586  7.830088
[1] 25.29514 23.62435 17.70969 11.77433
[1] 20.618459 22.165090 15.881133  9.022935
[1] 17.24845 19.73958 15.47317 11.24020
[1] 25.168962 24.550879 17.997191  8.967654
[1] 22.47152 23.42476 18.13510 10.71969
[1] 24.21576 26.56296 19.53109 11.37283
[1] 19.75739 20.27060 17.15842 11.12975
[1] 22.34292 22.93346 17.03411 10.66482
[1] 22.86286 23.18019 17.83869 14.36476
[1] 26.59260 26.69569 21.31282  9.90653
[1] 23.243913 25.256698 16.908770  8.973623
[1] 22.969573 24.153874 18.220303  9.728858
[1] 20.93860 23.14463 18.84655 10.47696
[1] 20.17871 24.61679 16.65699 10.72354
[1] 19.60310 21.05492 17.51154 19.18798
[1] 21.19836 20.93687 20.58151 11.98061
[1] 20.527086 21.823190 15.251265  9.011489
[1] 20.49863 22.19376 17.80004 10.77481
[1] 22.83244 22.56178 17.70340 10.75028
[1] 17.51451 22.61031 13.30210 12.61009
[1] 18.688526 21.817236 14.603650  8.158463
[1] 26.120547 22.512201 17.881117  8.954707
[1] 22.242307 22.335697 17.135223  9.994359
[1] 20.24841 21.99832 15.28561 10.31576
[1] 22.54991 21.39923 20.46500 11.96738
[1] 24.56668 23.02981 22.24356 11.92216
[1] 23.76979 23.59548 20.55948 10.07503
[1] 25.711217 22.120839 18.774183  9.399714
[1] 25.43043 21.61569 18.32613 10.32366
[1] 21.23354 21.74391 17.94041 10.60048
[1] 22.409411 21.211681 17.270169  7.836633
[1] 20.69553 21.88511 17.39884 10.19671
[1] 0.7
[1] 23.26323 21.25979 19.80948 24.89834
[1] 24.19426 21.81812 19.27919 13.10020
[1] 21.576815 19.538295 17.765540  8.901864
[1] 22.97340 19.79392 19.19273 21.92033
[1] 23.69496 21.35194 21.73447 11.17362
[1] 23.992734 21.809374 19.464497  8.754201
[1] 21.65686 25.48303 19.24608 15.31572
[1] 25.33697 22.46846 22.49014 10.24125
[1] 22.44082 23.31739 18.51846 10.99146
[1] 27.95014 23.32369 20.73218 11.67898
[1] 25.520125 22.986125 18.469371  9.649452
[1] 26.93532 21.48566 19.77238 10.46331
[1] 23.52542 24.65979 19.44700 10.21128
[1] 22.45657 22.15026 19.63899 11.65648
[1] 26.20379 21.74026 23.48833 10.56639
[1] 23.95504 19.17634 20.01097 13.88913
[1] 22.10296 21.26056 20.05327 15.98448
[1] 19.61328 17.67963 15.98008 10.52398
[1] 25.81864 24.63528 19.67057 10.29021
[1] 31.16127 22.31442 22.47669 11.94125
[1] 23.48536 21.63914 19.67073 10.76327
[1] 27.54711 23.47038 23.50013 11.07154
[1] 26.71334 24.44082 22.94893 11.28376
[1] 21.67981 21.03581 20.33380 10.11735
[1] 24.686457 23.876600 20.047963  9.176986
[1] 26.25699 21.52683 22.64678 13.21389
[1] 24.13356 22.49115 20.08650 11.42357
[1] 22.18784 25.34539 20.65032 11.53431
[1] 28.02026 26.43456 23.55164 10.51895
[1] 24.10473 21.09187 20.18259 10.27721
[1] 24.22122 24.50453 21.06987 14.30189
[1] 22.38928 20.88858 18.96782 12.61996
[1] 26.62811 24.80413 22.92797 17.14815
[1] 20.445082 20.478440 18.894584  9.331028
[1] 26.186595 23.262737 18.370405  9.249906
[1] 24.31430 24.99749 19.85806 11.98209
[1] 25.98047 22.17251 21.11999 10.95245
[1] 30.20355 24.13133 26.16498 14.56833
[1] 29.52726 26.10130 26.56224 11.89872
[1] 22.04015 20.40781 20.57350 10.68659
[1] 28.49882 24.33769 23.95802 15.66919
[1] 26.02934 24.71513 21.69691 12.39098
[1] 26.363063 19.486979 20.782054  8.888188
[1] 25.46053 20.32062 21.67235 12.08236
[1] 24.348167 21.857224 18.389195  9.967285
[1] 27.52976 22.67209 24.45992 12.47229
[1] 18.32209 18.88146 17.24450 10.22274
[1] 22.19247 21.38713 18.56666 12.64167
[1] 22.98709 22.39705 18.37838 13.99095
[1] 25.00875 20.70390 22.97862 12.57600
[1] 0.8
[1] 26.36397 23.28921 24.51344 15.94872
[1] 28.46977 22.78110 27.09482 11.83254
[1] 26.09011 21.85229 23.43517 13.10108
[1] 30.30551 21.16406 25.87534 10.45344
[1] 25.95949 20.94014 20.94575 12.56715
[1] 25.55009 25.72915 21.77124 16.14048
[1] 27.93676 18.61215 26.04157 11.47575
[1] 23.942943 22.541835 20.767150  9.233597
[1] 23.12991 19.48816 21.19895 12.07307
[1] 26.902899 23.644706 23.891537  9.239724
[1] 24.25371 22.34524 23.04997 10.60960
[1] 28.226007 22.719800 24.639218  9.777594
[1] 29.27678 23.14325 27.60117 12.06317
[1] 24.55211 18.43293 24.78259 12.32096
[1] 28.826916 21.962977 26.447908  9.999833
[1] 22.752092 21.298433 20.523437  9.284321
[1] 29.97833 28.89990 27.18128 14.28407
[1] 27.933324 22.327123 24.236515  9.460687
[1] 25.84379 22.73094 25.48339 12.33092
[1] 30.10726 22.97455 25.36253 11.37677
[1] 25.38426 22.75493 24.00370 13.09164
[1] 26.62364 20.85006 23.90175 16.47774
[1] 24.15263 25.17118 22.35609 14.09113
[1] 28.43470 22.20309 26.46402 15.91537
[1] 30.149809 23.337075 25.086009  9.982209
[1] 23.60973 21.96644 22.05774 10.82483
[1] 26.59415 22.19265 22.64452 10.55249
[1] 27.30170 24.41324 24.86381 11.68676
[1] 28.96856 19.12274 24.69518 10.23247
[1] 27.55307 23.15909 24.97537 11.16109
[1] 24.92990 18.28821 22.95962 13.26984
[1] 27.59451 22.10695 26.14948 13.43134
[1] 27.83238 21.16903 26.45237 11.65141
[1] 28.181349 27.057457 23.725289  9.977512
[1] 27.92387 21.81686 24.80845 10.76498
[1] 27.59896 22.49611 24.08234 11.33586
[1] 29.154817 27.278483 26.648835  9.565771
[1] 26.85926 19.21293 26.03661 10.16555
[1] 26.35516 21.81118 22.86987 11.01556
[1] 26.49168 24.00829 22.34159 13.63923
[1] 25.70849 23.09396 23.54934 15.31411
[1] 28.21159 21.50623 26.02940 12.92507
[1] 20.51908 19.76917 18.54975 11.04261
[1] 26.83196 22.79750 23.92456 10.43403
[1] 28.70589 23.35025 23.30067 11.98342
[1] 25.07990 24.57794 22.31763 11.14456
[1] 26.13032 19.28283 25.52145 11.59543
[1] 31.17389 24.79338 28.46456 17.37089
[1] 25.883730 20.619727 22.617561  9.673023
[1] 30.09429 23.39542 26.79028 11.03422
[1] 0.9
[1] 28.41859 23.89899 26.34040 10.88867
[1] 29.46808 18.58907 25.12814 13.76723
[1] 35.06729 21.17839 31.45883 14.02225
[1] 29.63391 23.44363 26.83962 14.26914
[1] 32.19955 23.42363 28.99781 12.72198
[1] 32.00412 22.99629 27.74777 10.21913
[1] 31.39009 21.38103 30.53699 14.05991
[1] 36.00869 23.91808 31.95181 11.62977
[1] 26.89822 20.13863 25.26379 13.41716
[1] 27.51562 17.96272 26.77004 10.37019
[1] 30.58842 24.54828 29.14911 11.27319
[1] 27.34045 22.42223 26.49290 10.35739
[1] 27.529054 20.014434 23.435702  9.647596
[1] 30.40047 19.78469 26.87156 11.29401
[1] 28.32997 19.73217 24.91054 11.25499
[1] 29.59758 21.76181 27.34134 11.20938
[1] 30.55389 22.16391 27.28348 11.19517
[1] 26.67957 21.74198 24.37762 14.37476
[1] 29.95152 22.10368 26.22688 11.12142
[1] 29.498189 22.770745 28.595272  9.879786
[1] 29.71518 20.53536 27.96937 16.63899
[1] 31.66701 25.81689 29.92013 11.10370
[1] 28.00171 20.85317 28.22354 16.25461
[1] 31.41285 22.05520 29.28637 13.30141
[1] 29.58770 19.61015 26.36692 12.66650
[1] 29.06644 23.49915 26.21450 10.50773
[1] 34.47440 24.13286 34.87395 12.67495
[1] 22.94776 16.05929 22.71526 15.35585
[1] 28.84254 20.83234 29.15118 11.56922
[1] 32.04196 19.64594 29.52767 12.00228
[1] 29.89808 21.81682 26.91253 14.42726
[1] 31.312271 22.730286 28.662261  9.445259
[1] 27.72072 22.05660 26.47421 13.78788
[1] 31.32009 21.24199 29.81653 12.25873
[1] 26.24981 22.96656 24.48533 14.12208
[1] 29.844358 21.866497 24.654639  9.097079
[1] 34.886130 22.284608 33.603764  9.195405
[1] 32.07053 21.40145 31.23887 15.33048
[1] 32.05324 23.11290 28.81295 13.40537
[1] 29.627664 22.763462 27.184400  9.803961
[1] 30.13019 19.96200 27.12155 10.00347
[1] 26.52577 20.81136 24.87747 16.36712
[1] 34.30730 24.14961 28.49730 12.22741
[1] 28.02405 18.97624 21.67649 11.25017
[1] 27.92926 20.83916 28.62266 15.56175
[1] 31.31787 24.59590 30.43359 11.59521
[1] 29.34758 21.14308 27.76804 16.12958
[1] 23.84133 20.40564 21.28546 11.52890
[1] 27.65892 21.12620 24.84545 11.93531
[1] 28.91064 22.44939 25.88221 10.59333
[1] 1
[1] 31.61571 21.91868 30.02604 10.74799
[1] 32.37574 18.76323 31.95606 16.34515
[1] 28.05574 23.58149 30.48930 11.09355
[1] 28.12140 20.06719 28.50327 15.82380
[1] 32.465909 24.472869 30.304375  9.919763
[1] 37.14734 23.35885 35.81640 10.62619
[1] 32.26138 23.33988 29.82432 11.01200
[1] 31.94867 19.83430 28.07963  8.20109
[1] 32.95117 21.75074 27.94283 15.37150
[1] 31.12423 23.23176 29.80380 18.22068
[1] 30.81044 21.14833 29.38492 16.74502
[1] 32.26023 19.13173 28.29033 14.04689
[1] 31.20641 25.20457 29.45004 16.41689
[1] 31.61056 20.74852 30.20390 12.42834
[1] 36.53531 22.72850 33.50101 11.91515
[1] 30.782796 22.093559 29.735598  8.160615
[1] 32.17655 18.81080 31.32087 17.56026
[1] 35.07104 23.00332 33.48397 15.27100
[1] 32.52179 23.40780 31.11572 18.27842
[1] 34.43327 22.56124 32.00778 11.03761
[1] 32.17523 23.11045 28.69596 10.52399
[1] 34.702647 21.002805 29.657344  9.007047
[1] 30.24792 21.50220 28.91833 12.16734
[1] 34.25960 23.15002 31.18164 16.26487
[1] 27.25324 17.06420 27.12768 11.44452
[1] 29.295960 23.209418 28.369716  8.647587
[1] 34.937270 18.064839 31.927495  9.786119
[1] 35.24403 25.02946 34.50123 16.07083
[1] 31.87631 23.76665 32.70214 11.60184
[1] 31.51047 18.80321 29.63216 10.09347
[1] 34.655600 20.929993 33.939523  9.255053
[1] 30.20142 20.00176 29.65981 18.66946
[1] 26.273119 20.648503 24.799168  9.474269
[1] 33.850575 20.905733 29.400082  8.535226
[1] 34.45370 25.98584 33.27948 11.43196
[1] 33.94141 23.38491 31.60219 11.90094
[1] 34.36424 22.79827 33.01136 22.38863
[1] 28.81670 23.60379 28.84037 12.11401
[1] 33.51761 25.71524 32.67925 12.81841
[1] 33.47810 24.11308 35.95771 15.75019
[1] 42.16681 28.45509 33.86049 14.77896
[1] 35.16747 22.60199 32.50510 12.34860
[1] 30.94869 23.53131 28.48648 56.03577
[1] 30.43499 19.51013 30.14610 13.18848
[1] 27.72341 20.01578 26.13199 18.14301
[1] 34.85907 25.66070 32.66843 19.84469
[1] 38.59935 22.42346 35.34958 11.86170
[1] 32.24441 25.40763 30.52272 10.86877
[1] 36.73418 23.90673 33.22575 12.39465
[1] 35.07184 22.80342 36.01584 10.72561
[1] 1.1
[1] 39.74642 23.90017 40.08514 14.47099
[1] 38.23691 21.19021 32.57045 12.44385
[1] 41.09806 24.74553 40.25540 10.91991
[1] 36.527989 18.253984 35.344651  9.512116
[1] 38.00156 23.26261 40.24677 16.39367
[1] 33.25669 21.39479 32.82928 10.31109
[1] 33.216740 17.587244 32.689044  9.695743
[1] 38.25021 22.97983 32.84535 13.60279
[1] 41.10467 22.80859 38.74743 14.89593
[1] 34.69524 21.36788 35.74604 10.99998
[1] 38.17691 20.51570 37.92617 16.06111
[1] 35.90727 22.02403 34.27403 12.26272
[1] 39.65220 22.96979 35.43510 12.67620
[1] 34.30665 23.06931 33.88340 11.72232
[1] 34.21567 24.40943 30.87767 15.23227
[1] 37.24825 21.37125 33.32476 17.46276
[1] 43.23099 27.11420 41.06007 18.47277
[1] 37.81279 19.29030 31.08666 10.08808
[1] 37.74019 20.49493 37.65190 12.96281
[1] 37.82908 20.27404 36.43651 12.10590
[1] 34.03970 20.68996 32.79317 13.83258
[1] 33.85954 22.10305 33.75967 14.18319
[1] 31.96511 22.73593 31.91508 19.61543
[1] 36.32887 18.27332 35.49784 20.40764
[1] 32.42727 24.02212 32.29947 17.03948
[1] 37.16039 22.68174 32.00763 11.66252
[1] 34.70087 23.32198 35.07482 12.74698
[1] 31.36033 18.77830 30.66884 14.81005
[1] 39.00142 23.98489 36.30818 11.10343
[1] 30.37229 21.05351 28.30480 11.06033
[1] 38.34613 20.15390 35.39033 18.27874
[1] 38.98546 22.44047 34.33150 15.15844
[1] 37.21117 21.26578 36.46877 10.42945
[1] 35.11000 22.31485 35.04437 15.77230
[1] 34.45330 21.12674 33.55909 18.87203
[1] 37.38229 22.61124 34.52717 21.67104
[1] 32.83347 23.48863 33.17024 20.50238
[1] 35.89444 21.72356 34.06082 11.73193
[1] 39.70209 20.19142 37.72302 10.58885
[1] 40.89574 24.49718 36.49950 14.26976
[1] 36.35826 19.87921 35.41006 11.17820
[1] 33.60515 21.65427 32.86561 11.26776
[1] 27.75566 19.31100 28.25325 18.83468
[1] 36.11910 23.99952 34.97506 11.22598
[1] 41.79904 22.30742 37.95588 12.52230
[1] 41.56702 23.09608 42.76515 17.44413
[1] 35.16453 23.12350 33.51097 12.54774
[1] 34.62082 21.82537 29.20574 14.73904
[1] 38.71877 23.80867 37.12258 13.18878
[1] 35.77445 20.68706 35.01291 12.79138
[1] 1.2
[1] 39.50329 22.01282 39.31050 15.14745
[1] 42.74096 22.07700 44.25545 13.09343
[1] 40.71894 21.12023 41.64911 17.17174
[1] 34.62097 20.76499 35.69986 15.72291
[1] 36.05877 21.69917 33.38078 11.19707
[1] 45.04636 23.77897 39.07904 10.35665
[1] 41.89676 20.63573 40.72820 20.82348
[1] 42.06889 23.69108 42.69100 12.62288
[1] 34.36443 22.92196 34.18090 13.63288
[1] 43.68869 22.22428 43.98157 16.87445
[1] 42.91324 21.25328 41.13533 13.59039
[1] 37.10673 21.15142 34.61448 10.06778
[1] 38.36972 19.71779 33.76849 10.91959
[1] 39.13954 24.99652 39.77991 12.02430
[1] 42.34044 20.40505 40.29803 11.36580
[1] 31.781426 19.329317 31.396463  8.866581
[1] 40.45434 21.68971 39.86623 12.19295
[1] 31.39898 19.76911 30.19333 15.07307
[1] 42.62295 22.66549 41.26823 26.66408
[1] 40.42548 19.99053 38.26264 12.82678
[1] 37.31051 24.80124 37.76139 21.35645
[1] 39.82417 23.44001 38.83836 12.98715
[1] 41.20917 23.97886 39.83674 13.91966
[1] 40.56391 23.91088 40.87624 13.99924
[1] 39.91412 22.52033 35.71629 12.67938
[1] 38.60775 21.48824 36.77509 13.35381
[1] 38.18041 22.06996 38.79640 17.50003
[1] 45.41457 25.01912 43.00190 13.47302
[1] 40.66081 19.67726 38.82061 25.41210
[1] 42.38130 22.36721 39.04498 13.55710
[1] 44.27251 21.05595 43.49503 27.77742
[1] 41.41100 20.78683 38.36336 13.94477
[1] 37.73004 21.68840 37.10107 20.93394
[1] 40.02374 22.26242 38.19383 10.79322
[1] 36.86781 17.16586 35.98366 14.32454
[1] 38.75014 23.83615 37.98238 11.20588
[1] 34.89346 21.85144 33.02293 10.96560
[1] 32.80124 21.59880 32.40892 22.28125
[1] 36.43545 19.71091 37.55087 22.38437
[1] 37.13222 23.26424 37.06899 10.35198
[1] 35.25440 26.34237 36.17443 15.95463
[1] 44.38584 23.22015 45.52994 12.94798
[1] 40.91463 21.49306 42.89491 10.55305
[1] 39.61000 20.74217 39.47385 16.77707
[1] 39.791141 22.027030 39.192175  9.918792
[1] 38.69812 24.20428 37.69920 16.48045
[1] 32.92448 22.15410 32.64734 11.26101
[1] 48.95481 27.92707 47.98415 23.75411
[1] 37.10328 22.58607 38.05034 14.21700
[1] 40.72726 23.99357 38.96226 14.90235
[1] 1.3
[1] 47.44442 20.11593 48.31215 11.91567
[1] 45.82930 22.86923 45.55937 11.07976
[1] 51.49333 23.57285 50.58108 19.83988
[1] 40.609405 18.533895 40.583104  9.606062
[1] 46.87630 21.42961 47.78173 11.13407
[1] 43.57037 23.67444 44.22442 16.37274
[1] 41.59051 23.08770 41.89356 17.52010
[1] 39.22131 19.78678 39.24461 19.98374
[1] 50.61257 23.13308 47.19826 17.75527
[1] 41.755520 19.105849 47.285358  8.834714
[1] 46.63599 19.21455 44.53409 16.38638
[1] 44.27087 22.62729 43.58157 10.47826
[1] 42.29851 24.27864 40.20035 14.56323
[1] 43.31876 21.55479 44.42573 17.38572
[1] 45.57896 20.94622 44.63398 18.61868
[1] 39.55887 23.06608 36.14163 13.40072
[1] 50.29026 24.68523 46.16600 21.12035
[1] 37.22429 18.45879 37.78161 12.57772
[1] 43.56560 21.72881 42.37893 32.54467
[1] 37.21976 17.98354 38.21754 16.76018
[1] 39.42495 21.58896 38.55041 14.56033
[1] 45.10958 20.40878 44.16457 10.29936
[1] 41.58495 20.08359 40.46058 28.32277
[1] 44.50253 18.22442 45.38446 24.10703
[1] 43.18295 21.86175 44.48052 22.33654
[1] 42.77350 18.97885 44.54885 14.99839
[1] 42.58606 22.77956 41.21793 13.32646
[1] 50.15541 24.26151 49.06002 10.14555
[1] 43.54860 23.98648 44.91525 27.64892
[1] 47.64750 19.45850 48.26845 23.10338
[1] 45.40780 22.60034 42.78810 11.89682
[1] 37.57684 20.52481 33.05178 12.41680
[1] 54.67719 23.53571 49.35426 14.88555
[1] 44.14485 18.45733 44.31453 13.61802
[1] 49.09245 23.51233 49.67271 14.77660
[1] 41.16138 21.44690 41.18324 20.48081
[1] 44.34579 21.15620 42.66993 14.49794
[1] 46.31782 22.47434 46.66341 13.11745
[1] 37.26213 18.31605 35.37529 11.51057
[1] 45.27340 21.59766 45.20486 13.53739
[1] 42.58865 20.28705 41.73823 13.20550
[1] 48.14134 21.34880 50.00668 15.19026
[1] 41.54175 24.51711 42.77680 11.40474
[1] 41.21098 20.85859 44.17192 10.55609
[1] 48.18489 21.29657 48.14477 16.03826
[1] 43.10596 22.45268 42.78220 24.84696
[1] 46.49491 21.58462 48.18000 11.01891
[1] 38.81961 20.94408 37.75509 10.30216
[1] 53.18580 27.44051 54.70593 18.24941
[1] 39.75182 19.11751 41.01082 10.98298
[1] 1.4
[1] 53.16047 22.33943 52.91311 21.23907
[1] 52.96789 21.35702 53.82973 13.49271
[1] 49.22976 22.64517 50.96460 31.99840
[1] 59.31831 20.78211 60.25122 15.54167
[1] 50.74918 21.47103 49.97808 17.35472
[1] 52.19342 21.14391 52.08237 18.79698
[1] 45.94348 20.66068 45.24780 16.97061
[1] 49.20300 20.87314 48.14515 22.83632
[1] 43.54146 18.22285 43.48399 16.48404
[1] 51.91019 24.10814 51.74585 12.66187
[1] 42.78865 21.17715 43.00080 13.13364
[1] 55.69477 23.33504 53.65833 15.76528
[1] 56.57511 22.45643 55.48061 17.51008
[1] 55.12536 26.79284 52.27590 13.34874
[1] 44.327997 24.058246 44.047232  9.296547
[1] 50.36939 25.28152 48.19906 13.73068
[1] 54.03687 20.27556 55.33153 10.19277
[1] 49.58955 20.47052 49.01623 11.45071
[1] 53.15326 21.01379 53.08042 19.77105
[1] 52.98675 24.77784 54.62309 15.46855
[1] 45.22983 19.58010 45.21033 12.64669
[1] 53.14511 20.49470 51.22501 22.71469
[1] 49.25548 23.06456 49.81082 15.16078
[1] 47.83782 22.75259 45.81725 15.87001
[1] 47.56927 22.04469 44.42145 14.04385
[1] 52.92993 25.27137 49.52504 16.68607
[1] 55.42890 24.44999 52.27046 19.79138
[1] 47.18143 22.33993 48.61673 13.97565
[1] 52.63940 25.63141 54.50617 19.68805
[1] 51.04233 28.48960 51.00404 11.49566
[1] 40.49399 20.09441 44.00041 13.78259
[1] 57.13286 25.84047 58.32164 13.36695
[1] 58.98838 23.30572 59.76114 10.71799
[1] 49.63445 23.71540 52.38225 25.93842
[1] 52.82806 23.80352 52.22993 33.16795
[1] 49.58853 22.87944 50.36252 15.55643
[1] 53.70393 20.64384 53.11466 12.68809
[1] 48.87475 22.12554 48.76920 11.47514
[1] 48.98337 23.49287 48.05372 12.34332
[1] 49.11984 22.36503 52.55865 13.17835
[1] 46.74499 23.18368 50.54092 30.27258
[1] 48.07018 20.35357 49.54605 13.66304
[1] 46.67924 21.43762 46.59752 37.29215
[1] 49.42135 22.16499 47.97648 13.57858
[1] 61.626132 25.386265 60.836565  9.197463
[1] 42.88092 20.63101 43.33177 11.64467
[1] 46.54235 25.09789 43.39016 11.61008
[1] 41.86361 22.26589 41.09909 16.22731
[1] 49.78837 24.17014 48.22924 24.57356
[1] 39.81397 20.24557 40.58897 13.33342
[1] 1.5
[1] 56.30604 21.77177 54.20857 27.54641
[1] 56.27655 22.95440 56.44979 28.08244
[1] 59.03872 25.57771 60.20269 11.97859
[1] 46.48058 17.92897 47.25195 51.16331
[1] 61.01820 22.03134 57.71667 16.84934
[1] 61.19381 23.21586 62.61862 16.02370
[1] 55.53669 22.67311 54.74497 24.22698
[1] 50.79493 23.06372 51.48235 11.79415
[1] 60.35161 28.18494 59.27119 14.03783
[1] 55.27499 21.79969 55.52143 12.95352
[1] 49.47740 24.17896 48.84883 13.03531
[1] 61.36869 23.03242 60.13088 24.06452
[1] 63.24452 20.80041 64.21388 17.41358
[1] 54.68657 21.34823 53.89849 26.44282
[1] 59.43192 20.31420 59.53857 28.12478
[1] 56.95202 23.71425 54.24882 14.65868
[1] 54.79769 19.56482 55.31411 18.67006
[1] 59.12274 22.25379 58.07545 22.17925
[1] 54.91820 21.50906 51.74040 15.69888
[1] 48.31036 19.20138 48.25919 11.18619
[1] 53.12240 23.25017 49.01874 12.15720
[1] 64.94942 20.06933 63.15952 17.44102
[1] 63.64970 25.21898 62.47250 17.08173
[1] 53.72828 19.15840 52.38352 11.95625
[1] 62.76008 21.81370 63.17466 14.91585
[1] 58.29776 21.78633 58.31849 10.42945
[1] 56.84526 20.75423 59.68001 13.17924
[1] 48.84265 21.77634 52.80138 28.54338
[1] 54.88589 21.36261 55.09348 21.11970
[1] 56.06345 21.15826 55.29116 19.90849
[1] 59.37085 22.08646 58.78278 36.79606
[1] 58.63443 24.18951 57.40841 11.57849
[1] 59.92753 22.91452 60.41163 13.03025
[1] 52.76006 19.11519 51.64612 11.85131
[1] 55.49424 20.86274 55.85522 11.95284
[1] 59.86824 20.45912 58.32634 27.93302
[1] 52.14500 22.66025 51.90776 26.51612
[1] 57.68870 24.33252 54.76882 25.79202
[1] 52.73261 19.08399 54.16763 12.58803
[1] 53.60035 20.79935 54.65761 44.49347
[1] 49.66830 22.26784 49.75221 10.54853
[1] 48.74017 23.12063 49.31505 11.36343
[1] 50.75208 21.22881 51.08526 18.44911
[1] 63.77058 21.52204 61.03174 30.94804
[1] 55.96396 20.69640 53.21218 28.75986
[1] 53.53699 21.54363 53.28605 14.85177
[1] 58.51594 21.99180 58.70065 33.19313
[1] 52.01608 24.36577 53.32771 23.00358
[1] 47.44049 21.70946 48.87353 19.52821
[1] 57.49291 23.03293 55.16287 13.35595
[1] 1.6
[1] 55.92504 20.93923 55.96733 21.63216
[1] 64.61711 20.10701 62.96480 13.66689
[1] 64.41332 26.03866 60.11826 22.71226
[1] 55.43620 22.67943 53.48623 18.16903
[1] 58.08705 21.54718 55.22970 15.02789
[1] 63.34501 23.92333 63.82212 23.23331
[1] 62.46417 22.83251 62.72091 22.79361
[1] 66.14267 23.02769 66.59264 16.02336
[1] 59.20570 22.49089 56.42939 12.66424
[1] 67.73621 23.26344 66.86731 18.78188
[1] 55.85854 23.31546 55.11533 16.15481
[1] 56.46112 21.06429 57.05908 11.16071
[1] 63.80301 19.48779 63.23692 14.94945
[1] 58.70872 23.49577 57.72023 24.39719
[1] 59.48913 22.14730 61.00610 14.32122
[1] 56.70031 22.87690 56.54958 16.39679
[1] 65.90421 28.31306 64.82305 20.09056
[1] 62.85643 23.99107 62.81506 40.70766
[1] 66.46205 22.23578 65.51602 24.94867
[1] 54.82086 23.91237 56.20355 29.30521
[1] 70.70626 23.92195 69.82075 16.46856
[1] 59.13049 21.73740 59.66442 21.26870
[1] 57.66002 21.06807 57.09948 18.54473
[1] 62.859380 23.331767 60.797329  9.895629
[1] 59.33439 21.36117 55.77116 14.79490
[1] 61.17444 21.89745 62.78185 18.37247
[1] 66.29657 23.09178 67.28527 11.37122
[1] 59.09225 17.46731 61.59582 16.20785
[1] 66.37206 22.88732 67.55892 30.08014
[1] 64.69405 19.98810 66.58792 15.26289
[1] 66.34444 22.74679 65.83321 34.14915
[1] 61.77357 21.66417 60.31407 16.80418
[1] 59.32647 20.27728 61.06874 32.01864
[1] 50.09802 19.71884 53.10342 10.86677
[1] 61.26139 23.97071 58.67734 12.89497
[1] 61.23509 22.84237 61.85716 17.04220
[1] 64.42916 23.10236 65.62061 17.00338
[1] 56.88741 22.88992 56.81999 17.57047
[1] 59.98848 22.75859 61.71831 14.67873
[1] 63.52053 25.42675 59.87929 22.44799
[1] 55.13072 22.08269 54.99001 13.15239
[1] 59.60295 24.31795 60.73866 16.48440
[1] 53.16300 24.29311 55.32581 10.86436
[1] 59.66914 25.18394 60.42828 23.70060
[1] 59.67753 19.82718 59.27358 13.16175
[1] 50.41596 19.15497 52.06954 12.61329
[1] 62.39673 20.17295 59.97406 25.87716
[1] 67.92146 24.06686 65.48637 12.99787
[1] 55.19395 23.56579 58.20527 11.35961
[1] 58.07741 23.64931 60.22533 37.71846
[1] 1.7
[1] 70.75077 24.39793 68.97822 18.85794
[1] 67.60104 22.80821 68.28602 12.23612
[1] 64.06217 18.95705 64.04732 27.56655
[1] 59.51279 20.81329 56.78307 17.11819
[1] 66.14441 22.77311 67.88549 20.50391
[1] 55.76929 19.15384 56.51252 21.65237
[1] 50.07790 16.97528 51.00950 17.28258
[1] 63.12897 22.40418 64.24199 17.66260
[1] 72.14828 24.21309 70.99116 17.11191
[1] 61.48536 23.22537 61.08006 16.01212
[1] 69.59339 21.48000 71.09787 15.73246
[1] 71.60425 20.40861 72.34725 22.64671
[1] 70.47419 21.96308 70.87289 16.69357
[1] 62.49684 20.31980 65.32629 18.35177
[1] 61.50008 22.36443 66.00521 12.08329
[1] 81.15053 24.11155 80.25819 28.44741
[1] 68.56701 23.08390 66.43723 33.28535
[1] 65.71250 22.97617 62.22499 39.44598
[1] 68.95130 24.72361 70.01758 44.65387
[1] 64.09441 26.03256 65.64466 56.63847
[1] 65.67711 18.15898 66.77790 18.53311
[1] 74.27569 22.95707 72.93210 32.79365
[1] 70.11672 23.87809 70.61331 14.21662
[1] 63.85109 22.72523 63.35078 19.00149
[1] 72.45609 22.24251 71.48993 19.15806
[1] 75.53704 29.18822 74.62480 32.73565
[1] 67.20480 23.91680 66.45245 32.30439
[1] 76.15434 23.73451 73.89981 42.11418
[1] 68.36142 23.70927 67.06342 35.34215
[1] 70.26266 24.32856 66.97880 41.25262
[1] 66.25151 22.73463 63.37503 21.53743
[1] 72.82431 21.21605 71.83117 29.88617
[1] 65.88711 22.47606 66.15957 20.01896
[1] 59.06864 20.23907 56.01380 10.29100
[1] 66.350666 16.785644 63.893303  9.749904
[1] 72.56863 26.09076 72.22656 25.65043
[1] 64.08196 23.12920 64.91867 10.68114
[1] 68.97506 23.97230 67.93478 12.47609
[1] 64.99671 27.36847 65.13035 22.01540
[1] 58.01745 19.06694 56.70426 10.19547
[1] 73.46822 23.33832 71.74842 15.75714
[1] 59.844249 23.073390 60.464451  9.921583
[1] 72.58543 26.94430 69.99898 21.99766
[1] 66.85274 22.01286 66.55427 12.92626
[1] 70.05257 24.40805 70.52902 17.50120
[1] 75.21116 19.74534 75.23777 12.10715
[1] 58.86195 20.44826 56.80718 33.44484
[1] 58.51487 22.38436 60.60387 15.07950
[1] 66.45236 25.31886 65.83035 10.90964
[1] 70.26633 25.00894 71.50066 12.30873
[1] 1.8
[1] 75.48708 23.59742 74.35890 18.53585
[1] 63.98392 20.20476 62.85167 10.10096
[1] 88.61324 23.85363 85.79726 35.69667
[1] 69.85923 21.95284 72.10246 13.99057
[1] 69.41731 23.48544 72.16900 32.94080
[1] 78.93566 25.86810 75.94521 23.44335
[1] 68.83093 18.13174 66.63864  9.99375
[1] 68.15572 22.67058 70.29566 16.00993
[1] 79.30494 20.79344 74.92126 10.14796
[1] 71.63614 26.86926 73.81196 51.03778
[1] 75.52798 22.70423 77.87217 41.24815
[1] 65.95759 22.07615 67.94345 20.17508
[1] 65.44769 19.24063 66.48838 70.73786
[1] 70.74009 25.38696 71.23060 12.10688
[1] 73.89676 20.14910 74.98625 19.62636
[1] 73.58500 21.17620 73.98688 15.83615
[1] 67.22118 24.02069 65.63076 16.57176
[1] 78.80604 21.12234 77.67061 21.42255
[1] 78.05802 21.37466 77.72456 10.31663
[1] 70.57988 21.25409 66.44106 53.94170
[1] 62.16370 20.17472 63.97995 24.24245
[1] 71.92359 21.18487 72.03627 20.38971
[1] 75.45996 22.33590 75.25007 32.52497
[1] 66.76933 25.82085 64.84436 22.13605
[1] 64.58279 22.93318 65.15232 32.15597
[1] 78.68877 21.55363 77.80399 38.18270
[1] 80.45841 20.91280 78.62138 12.77402
[1] 70.15480 21.40289 69.06626 12.42294
[1] 70.66255 20.41314 71.99388 27.41140
[1] 81.40181 19.37853 78.33255 19.14508
[1] 72.57463 25.95858 70.18175 18.21912
[1] 83.95161 25.26883 83.21813 25.03413
[1] 63.46784 22.42426 62.17552 16.74388
[1] 76.97420 23.57619 75.85036 18.10790
[1] 75.25367 19.07289 75.44731 18.29403
[1] 80.01803 20.96095 79.28757 11.02049
[1] 83.06069 22.67837 78.82804 19.94535
[1] 71.00182 20.52549 72.45567 40.06413
[1] 63.70721 23.48420 63.34699 12.10926
[1] 74.52199 24.02513 74.57946 14.90528
[1] 78.01783 23.90617 79.23807 20.63848
[1] 61.80338 26.77508 61.90310 14.44377
[1] 78.16249 22.49084 76.19394 69.07736
[1] 78.71049 20.82582 77.67700 25.32395
[1] 73.52252 22.90219 69.49404 30.75944
[1] 74.49470 22.21074 72.49861 17.10077
[1] 73.98586 20.35523 74.61517 13.25860
[1] 83.54463 19.65518 84.01605 16.76359
[1] 87.71762 23.25150 88.50358 18.24496
[1] 75.09863 24.93267 76.91490 19.78150
[1] 1.9
[1] 72.73802 20.19246 72.51074 24.51323
[1] 79.66992 20.64099 78.21454 18.12508
[1] 80.48053 24.35426 79.02788 12.74389
[1]  71.48364  21.62588  71.87552 236.59143
[1] 79.78891 24.31840 82.11740 42.86654
[1] 70.42948 23.26102 73.39327 23.30305
[1] 93.32625 24.08753 93.88078 21.25551
[1] 90.13109 25.77684 89.87596 22.02776
[1] 85.12707 22.82530 84.99818 14.08666
[1] 69.64950 21.28592 70.48677 11.71552
[1] 75.11104 20.78570 76.61817 14.48309
[1] 83.97229 24.95853 85.21114 24.67283
[1] 79.85344 19.67366 78.35935 34.16292
[1] 83.15249 26.06837 84.32605 16.51749
[1] 74.83206 26.65266 73.47324 10.95906
[1] 78.299246 19.856853 79.910264  9.919943
[1] 75.02264 22.72214 76.60891 58.88582
[1] 89.41085 20.52243 87.17205 36.82741
[1] 67.65485 21.96006 71.21279 19.65954
[1] 86.21437 22.90729 87.32126 33.85373
[1] 78.14242 21.96271 79.62263 13.41247
[1] 79.17956 22.76888 81.47841 15.32204
[1] 80.29485 23.00302 79.66443 16.21858
[1] 80.04200 18.42247 80.00927 11.48370
[1] 88.486120 23.855213 88.756422  9.853805
[1] 73.42637 20.78798 70.87123 54.45725
[1] 82.27080 23.90206 78.02977 40.04233
[1] 73.78598 25.53852 75.99388 18.96338
[1] 77.52226 22.84755 78.30491 12.78019
[1] 80.26293 22.05284 83.04519 24.80781
[1] 73.57572 18.96626 73.75287 34.22343
[1] 81.96351 20.58224 81.69495 13.70113
[1] 93.74416 22.59193 92.30999 14.17922
[1] 74.56265 20.46753 77.46246 46.24894
[1] 68.41864 21.34670 74.23387 47.65231
[1] 79.73950 23.47549 79.35021 20.51521
[1] 80.12750 22.27378 81.91195 25.31804
[1] 76.18902 24.75584 78.32442 14.22986
[1] 80.57124 25.24167 81.32173 19.14573
[1] 71.53875 22.68709 69.31665 33.35116
[1] 86.15870 22.79144 83.33229 20.97892
[1] 70.75399 21.55591 74.32279 12.73006
[1] 72.40727 24.06901 76.58367 13.44444
[1] 77.75537 23.42893 80.98996 15.89288
[1] 84.94545 24.63768 84.45128 43.68409
[1] 85.11888 23.04906 87.06692 14.13833
[1] 90.25963 24.23245 90.98068 22.01812
[1] 63.75896 21.03783 64.31057 14.44692
[1] 79.20195 26.27154 81.70310 13.67626
[1] 68.68679 21.63275 69.39587 18.06630
[1] 2
[1] 90.63833 20.13416 90.31947 11.49927
[1] 80.29450 22.30338 80.92963 31.40469
[1] 76.98481 20.24750 78.92165 10.08604
[1] 69.29262 19.98809 69.04299 14.18933
[1] 77.16326 23.67130 81.69502 24.51305
[1] 90.33272 19.50973 86.47589 12.39472
[1] 101.01445  24.35081 101.06135  21.03083
[1] 84.94459 25.19013 82.90222 23.88208
[1] 82.40629 22.61754 82.94220 12.80378
[1] 94.65575 21.43588 97.39698 21.48750
[1] 84.22274 20.08226 81.90432 39.92569
[1]  96.59412  21.96549 101.52594  18.35503
[1] 84.00758 23.47714 86.69847 16.88253
[1] 90.42341 21.81504 90.36975 42.82424
[1] 94.32585 23.64645 95.93183 39.72520
[1] 93.75215 23.21750 97.43272 16.95446
[1] 89.459913 22.832902 91.755176  8.744052
[1] 88.48819 22.53440 87.80647 22.36582
[1] 91.12850 20.13226 91.32460 39.39531
[1] 93.57803 28.55073 89.96350 20.50381
[1] 88.57319 19.64300 89.97757 18.44795
[1] 88.91280 20.40123 88.59223 13.64491
[1] 95.93160 25.24374 95.53289 21.89847
[1] 83.33796 19.71665 84.91392 13.66920
[1] 104.07245  26.46600 103.28409  22.29484
[1] 86.13498 25.94200 86.55080 23.58218
[1] 89.35650 26.10061 88.59137 28.01456
[1] 87.89180 24.08961 91.76389 25.10847
[1] 85.15753 23.54953 89.46389 18.75855
[1] 74.60822 19.17777 75.09058 13.14143
[1] 103.29798  19.82708 105.50568  17.42821
[1] 75.21774 21.72236 77.66135 14.32241
[1] 87.97085 26.94013 91.53878 16.04047
[1] 81.35692 22.29933 83.98604 16.92319
[1] 87.89411 20.71340 85.69923 18.42512
[1] 78.70166 25.56958 78.89858 16.55963
[1] 100.92539  23.58847  97.11244  30.98173
[1] 88.24981 22.81395 90.39385 14.02893
[1] 90.15323 19.79688 89.18802 35.81596
[1] 87.06582 23.81063 82.16652 55.10829
[1] 94.64828 22.10539 92.54527 24.07341
[1] 88.58895 22.31804 87.11648 48.69848
[1] 101.56189  23.75358 104.07026  20.03929
[1] 78.34697 20.63269 79.48251 11.38442
[1] 92.61458 27.88443 93.33973 15.68072
[1] 85.29478 19.53672 88.61433 14.06086
[1] 86.05304 23.09833 83.55674 26.10457
[1] 80.34046 21.37088 77.90751 10.38327
[1]  98.42230  23.24412 100.64901  24.18495
[1] 74.06662 22.91099 76.35283 16.60692
[1] 2.1
[1] 93.89308 24.21496 94.87164 11.94266
[1]  83.53255  18.81733  85.75486 116.50947
[1] 107.10672  25.01632 110.46034  35.75564
[1] 96.71020 21.33427 96.76430 63.67658
[1] 108.32762  23.18162 110.29097  47.30245
[1] 99.38666 24.88018 98.79062 40.80978
[1] 89.12636 22.48701 91.56254 18.90228
[1] 95.85764 26.50193 98.40987 21.38220
[1] 86.24239 21.27856 82.90226 37.18064
[1] 85.53664 23.68478 84.54377 44.60928
[1] 91.26056 22.60619 89.98374 16.44840
[1] 94.35468 22.88374 97.05955 14.79855
[1] 83.82911 24.25492 84.64764 15.68357
[1] 83.89834 26.13478 85.77039 20.29135
[1] 94.73767 24.88857 98.49544 21.13185
[1] 86.50950 22.73438 87.46109 19.70675
[1] 92.36542 21.51251 93.12964 38.97038
[1]  99.52659  21.72043 101.33105  18.05341
[1] 84.61167 25.83793 92.79180 29.73118
[1] 123.62630  24.79883 125.50469  37.61691
[1] 105.47972  24.17515 107.79271  25.65580
[1]  99.66903  26.11863 100.98351  20.81079
[1] 91.51039 21.77300 91.25606 30.21852
[1] 84.37647 21.32560 89.36757 12.43710
[1] 104.32378  25.18494 104.70669  41.86203
[1] 103.15508  24.90632 105.40244  37.31722
[1] 106.64689  28.68015 103.63113  85.23285
[1] 83.22750 22.85093 85.43057 22.21011
[1] 95.14207 20.31702 99.37697 13.94550
[1] 92.74338 21.31802 94.27828 32.77850
[1] 104.59212  23.60775 104.41923  24.00827
[1] 99.72675 24.59719 97.40529 10.23281
[1] 98.38716 26.55989 98.11838 24.83126
[1] 94.42637 25.40803 93.89778 36.14385
[1] 89.42913 22.82788 86.91608 12.47695
[1] 98.41715 23.29836 97.46307 24.92832
[1] 98.60164 21.16729 98.72448 33.23032
[1] 102.85107  20.25521 103.32657  16.63150
[1] 93.79962 21.32942 96.10972 21.47399
[1] 100.46894  22.11913 103.83979  45.44923
[1] 86.54409 22.81689 89.35587 25.18302
[1] 97.33045 23.96671 95.62035 15.08616
[1]  98.5299  21.8590 100.1051  81.7461
[1] 80.82451 19.82801 81.13242 21.94379
[1] 80.26471 20.18368 80.28988 18.24776
[1] 91.52592 19.97541 91.98819 12.79632
[1] 94.63117 22.31570 91.42011 23.39648
[1] 87.55309 24.84428 90.71255 48.04553
[1] 93.14342 23.38119 93.57363 38.20138
[1] 88.21764 24.31764 88.72136 13.04369
[1] 2.2
[1] 109.98141  21.82900 113.46146  21.87432
[1] 101.33116  22.93443 100.59232  29.95146
[1] 97.57864 20.84902 97.66462 24.16113
[1] 108.25906  20.82341 107.42927  27.40475
[1] 105.57840  25.48780 105.48402  52.83494
[1] 130.82601  25.84808 127.51464  51.63858
[1] 81.99201 20.17931 90.68262 24.05120
[1] 100.62859  20.73745 100.96160  79.57172
[1] 95.56957 24.30297 96.01407 11.68416
[1] 92.18108 24.55997 93.92629 32.69181
[1] 111.26137  22.92102 113.43149  25.21509
[1] 105.61819  21.46890 107.28374  30.08419
[1] 102.95592  21.48439 101.98447  15.15630
[1] 102.05897  23.28768 104.47319  10.75395
[1]  99.13138  21.40234 101.18605  39.95406
[1] 101.21548  26.84856 103.91899  27.98217
[1] 102.58102  21.85485 103.81804  12.73068
[1]  97.92495  25.54429 101.45424  47.23877
[1] 92.82391 24.63738 96.97657 21.46695
[1] 104.82477  21.58501 105.18768  11.44667
[1] 105.34052  25.10603 106.34890  21.80627
[1] 88.50386 24.55234 89.13338 41.19364
[1] 112.08397  26.16940 113.54350  16.73548
[1] 114.21519  23.62206 110.25835  45.77704
[1] 111.60448  27.61910 114.42817  23.12525
[1] 91.72052 22.51750 94.32930 12.54322
[1] 105.15710  28.17490 110.53938  33.52408
[1] 103.94310  22.36485 102.95586  46.61447
[1] 117.93478  24.62227 120.81632  15.45570
[1] 100.23384  20.73849 103.17161  15.49714
[1] 95.82983 21.70001 95.66806 20.11491
[1] 96.53649 22.26075 97.59968 41.32884
[1] 97.86966 22.32796 96.18588 35.41916
[1] 94.87255 26.64270 97.72302 21.86579
[1] 89.05464 21.71648 88.09338 14.32281
[1] 105.93584  25.95070 111.74554  23.61798
[1] 124.96220  22.85547 125.69535  28.87522
[1] 110.06597  22.74725 110.51077  12.18626
[1] 102.44587  21.63741 102.62990  20.69819
[1]  97.45216  22.62319 100.44095  13.95167
[1]  99.40955  26.64496 101.74402  27.74300
[1] 107.79278  22.49593 102.86902  30.05877
[1] 93.87992 20.06850 90.83902 28.46609
[1] 83.21491 22.38746 91.96538 18.04091
[1]  97.40478  24.80786 100.24609  27.30793
[1] 108.81790  22.16523 112.61863  12.02283
[1] 94.10885 27.65983 94.48086 14.67704
[1] 114.32719  21.83416 112.36384  27.90764
[1] 102.88409  23.84381 102.98918  22.13421
[1] 109.75287  26.49560 110.87171  30.46023
[1] 2.3
[1] 111.35700  27.10582 110.79449  82.66935
[1] 108.86499  24.22113 108.72459  20.17001
[1] 105.43427  23.33593 108.44435  13.74494
[1] 130.81870  28.24719 129.94438  20.41584
[1] 104.77604  25.76368 103.34725  70.95627
[1] 112.89516  29.00694 113.75428  20.04996
[1] 109.66673  23.43053 110.72183  12.78242
[1] 117.87060  25.13208 116.50489  28.98950
[1] 113.00734  23.86751 111.84495  23.42274
[1] 117.18688  27.33200 122.09430  24.41823
[1] 90.73486 22.35572 92.33004 41.23161
[1] 114.95760  25.28214 120.01262  35.26003
[1] 118.52808  25.04025 118.94969  32.67441
[1]  98.96886  23.99699 100.12253  38.84272
[1] 101.01873  22.74767 107.69520  33.22054
[1] 112.04784  23.46363 111.52748  29.84500
[1] 120.98169  24.53389 117.42519  15.12516
[1] 107.29780  23.91529 109.68567  15.76592
[1] 111.92565  21.82227 113.98209  95.55892
[1] 118.82562  20.80637 111.93055  13.97901
[1] 101.16759  19.97540 102.69600  27.19538
[1] 117.79906  23.58480 115.04177  30.72673
[1] 97.64043 23.39813 97.78360 21.06153
[1] 124.55066  19.63434 128.15012  33.66083
[1]  98.66888  21.28126 102.06633  18.20693
[1] 129.13605  21.56031 127.70120  24.38871
[1] 103.48296  24.85529 100.58819  70.79380
[1] 93.08105 25.28653 92.21554 48.10283
[1] 109.59161  22.22164 106.68195  11.20516
[1] 107.07578  19.34374 107.23285  22.26796
[1]  98.70935  21.72829 100.56931  12.16960
[1] 115.71332  23.73526 112.85946  20.78537
[1] 114.70273  24.12189 116.20141  20.00075
[1] 91.44742 19.53041 98.57236 15.02721
[1]  97.42430  24.86832 102.67864  21.65922
[1] 92.03105 27.80375 95.31587 49.25691
[1] 122.34713  22.71812 120.85768  50.19882
[1] 122.21308  22.63348 123.32417  25.19332
[1] 118.94722  22.76821 116.45641  47.14104
[1] 113.84054  20.51513 114.09188  11.04073
[1] 101.72623  19.31377 102.88405  26.68361
[1] 99.39640 22.88227 98.00481 16.05214
[1] 107.43419  20.53483 106.62537  11.81574
[1] 106.97044  23.78217 108.58867  16.04818
[1] 105.59515  23.60061 106.94700  20.15272
[1] 110.40000  17.41003 113.53242  10.43067
[1] 115.24511  19.77935 118.32646  50.05979
[1] 119.51253  26.42949 114.76748  33.33961
[1] 104.33266  19.90295 108.33652  12.12455
[1] 115.42354  20.34407 118.48746  45.82197
[1] 2.4
[1] 125.16376  24.33411 126.19833  26.64745
[1] 118.18163  24.35230 126.31825  35.07262
[1] 118.08528  24.81384 119.96610  21.44328
[1] 127.58125  25.07765 125.91975  16.27101
[1] 113.37882  24.93725 110.79827  16.64695
[1] 105.84899  19.40365 107.23251  13.65553
[1] 131.01969  26.35706 136.50460  20.14925
[1] 108.52445  24.61187 110.79853  14.29602
[1] 119.53522  23.13126 122.59573  20.60142
[1] 136.39377  24.15457 132.14655  28.88886
[1] 101.83372  21.96772 102.43111  23.25453
[1] 112.64085  21.66362 108.15419  24.33845
[1] 119.31506  25.92417 116.63766  18.67339
[1] 106.31680  23.23774 109.28179  62.62070
[1] 92.22927 19.06536 97.86934 31.46273
[1] 134.15278  32.21339 128.67012  25.53807
[1] 118.48170  21.39780 120.15555  22.61111
[1] 107.92647  23.05150 108.20004  26.64863
[1] 122.29324  21.83830 124.34722  13.11889
[1] 121.26127  21.26637 112.81267  28.80995
[1] 134.85572  21.80193 128.69934  11.63184
[1] 110.06395  23.42322 112.25584  22.37605
[1] 116.11164  22.29840 111.51177  61.93412
[1] 119.0026  21.3633 121.1856  27.1145
[1] 108.81653  21.02715 111.72859  50.60885
[1] 129.34815  22.12067 135.03744  18.79413
[1] 108.61823  20.14438 112.84093  34.79530
[1] 121.19559  18.97781 123.56950  11.00824
[1] 125.23951  22.33932 119.45182  27.23337
[1] 109.55775  20.87211 108.57579  25.73395
[1] 126.51837  22.30887 124.57094  13.07008
[1] 122.13918  24.97071 123.73263  35.68386
[1] 136.36098  25.48364 140.10285  31.24612
[1] 120.86574  22.50044 119.34467  27.21752
[1] 105.80565  25.76221 107.39393  21.57480
[1] 125.42847  24.92755 128.27932  82.20241
[1] 118.36573  26.87402 115.90276  64.00734
[1] 124.51650  21.05155 127.33946  23.48337
[1] 116.50209  24.84279 120.64536  22.78703
[1] 141.18905  22.95337 139.58183  20.89214
[1] 133.18482  21.90678 134.67455  26.46761
[1] 119.85724  25.52528 123.31092  15.72564
[1] 113.99366  26.99349 118.64416  16.06237
[1] 118.84704  20.26452 120.62223  10.86815
[1] 108.94673  23.74146 117.95664  24.27924
[1] 112.59546  24.64427 114.94702  25.30363
[1] 104.01789  23.18953 107.45182  49.68268
[1] 100.60419  24.98203 102.78574  75.49383
[1] 104.8320  23.1186 108.4776  43.4020
[1] 109.56534  21.82951 106.29576  40.67744
[1] 2.5
[1] 119.35437  20.92335 119.27329  24.62895
[1] 147.59682  25.86949 145.20965  29.76396
[1] 127.91239  26.26005 128.61419  27.23272
[1] 124.93582  23.32863 120.68399  42.40571
[1] 124.40747  20.59861 125.07637  43.93279
[1] 125.95393  20.57519 125.71410  26.97919
[1] 133.42114  23.78005 136.47872  29.34997
[1] 139.39197  22.77948 139.74623  19.61204
[1] 129.07174  22.90736 129.87496  17.67269
[1] 116.52708  22.02419 120.59383  50.14362
[1] 132.62396  20.39251 135.69098  46.55501
[1] 127.15454  20.67671 132.78088  59.21225
[1] 126.92494  21.60541 128.65923  25.04091
[1] 115.94402  25.76065 114.02079  25.43226
[1] 121.48390  22.68196 125.14419  25.85135
[1] 121.09034  21.33597 121.79334  50.38597
[1] 124.37881  19.65530 123.93398  38.92413
[1] 121.48237  26.64150 123.23815  35.82093
[1] 141.88580  22.63256 149.63456  46.32748
[1] 125.46973  22.66964 130.10561  48.42080
[1] 115.23410  27.80495 116.77607  17.35531
[1] 127.53076  24.34256 127.98922  21.59742
[1] 130.63412  22.99328 128.45691  25.40563
[1] 115.23690  22.07349 117.06461  30.84605
[1] 130.98758  24.52373 125.70692  16.03901
[1] 147.48668  27.44477 152.07541  28.68226
[1] 124.79472  22.41988 124.75996  31.54500
[1] 119.71861  23.04143 118.70597  20.59104
[1] 129.71194  19.58772 132.30856  12.29369
[1] 147.75991  27.87702 150.37216  16.88315
[1] 136.71123  20.58320 140.34506  54.45055
[1] 116.42471  24.50328 125.43504  36.87327
[1] 127.70931  21.52118 130.95321  20.74189
[1] 109.73265  22.18046 115.69531  23.02358
[1] 128.94678  22.82237 126.40374  28.83015
[1] 112.99435  23.98652 111.52358  45.43286
[1] 109.66306  24.10032 116.87480  23.88891
[1] 118.83488  26.22614 119.79750  16.09491
[1] 121.43844  26.84464 119.69457  52.21907
[1] 130.47474  22.50923 131.55878  26.53000
[1] 137.12076  20.96992 138.73955  16.59611
[1] 133.46241  21.10953 134.68550  14.13333
[1] 144.18946  25.80702 144.63926  44.21420
[1] 122.38745  22.41984 123.10585  12.85055
[1] 140.67340  23.80605 135.27449  15.89390
[1] 107.54846  17.75578 110.37871  35.30286
[1] 129.05954  20.76327 132.67879  90.77799
[1] 130.34488  25.88442 133.13852  12.18396
[1] 128.41848  23.36345 136.16903  15.39572
[1] 110.24283  23.94417 110.05982  30.94557
