Loading required package: Matrix
Loading required package: foreach
Loaded glmnet 2.0-10

Loading required package: methods

Attaching package: ‘pracma’

The following objects are masked from ‘package:kernlab’:

    cross, eig, size

The following objects are masked from ‘package:Matrix’:

    expm, lu, tril, triu

[1] 0
[1] 5.749244 6.017872 5.306584 5.241304
[1] 6.297823 6.914009 5.343330 5.286273
[1] 5.463127 5.722873 4.760439 4.755858
[1] 4.912562 5.475637 4.415950 4.379316
[1] 6.069858 6.285021 5.130264 5.125491
[1] 5.602382 6.634815 5.049617 5.098326
[1] 5.389382 6.032442 4.801632 4.802769
[1] 6.023317 6.686289 5.265687 5.393865
[1] 5.176948 5.027186 4.390365 4.479370
[1] 5.522593 5.867802 4.719649 4.823770
[1] 5.963353 5.991656 5.189689 5.405710
[1] 5.060214 5.665306 4.340511 4.402268
[1] 5.020684 5.990735 4.938590 4.916019
[1] 5.571480 5.733672 4.548745 4.654580
[1] 4.416013 4.690307 3.824878 3.741967
[1] 5.864361 6.468861 4.975726 5.040903
[1] 5.352696 6.117860 4.442369 4.680791
[1] 5.320846 5.382797 4.860389 5.043576
[1] 5.404341 5.910749 4.634832 4.901828
[1] 5.032213 5.687136 4.151541 4.273993
[1] 5.933424 5.865898 4.771460 4.959999
[1] 4.782638 4.998534 4.169946 4.307082
[1] 5.045224 6.026619 4.041878 4.536906
[1] 5.164935 5.459945 4.932621 5.673019
[1] 5.197284 5.820721 4.662866 4.789563
[1] 5.434993 5.480860 4.546931 4.529746
[1] 6.071122 6.758788 5.185174 5.292135
[1] 5.094520 5.601278 4.706598 4.690933
[1] 5.229771 5.629620 4.580562 4.657561
[1] 4.498015 5.085157 3.973213 3.968550
[1] 5.343811 5.987527 4.722567 4.663204
[1] 5.331232 6.118575 4.964945 4.916658
[1] 5.371647 5.422248 4.811863 4.875470
[1] 6.014766 5.889419 5.396599 5.471517
[1] 4.917862 6.342608 5.154815 5.224013
[1] 5.420487 5.498532 4.623459 4.677823
[1] 6.271186 5.850138 5.137112 5.223819
[1] 4.775450 5.635942 4.103325 4.076434
[1] 5.645943 4.995672 4.427256 4.498183
[1] 5.407918 5.713950 4.830504 5.118130
[1] 5.093842 5.649452 4.864966 4.970906
[1] 5.691005 5.733856 4.913386 5.139462
[1] 4.514257 4.997498 4.190150 4.308159
[1] 5.978071 7.051133 5.038453 5.128056
[1] 5.456378 5.262100 4.513807 4.640433
[1] 6.349776 6.861872 5.259719 5.466157
[1] 4.607144 5.030512 4.354887 4.144747
[1] 6.489885 6.250155 6.009317 5.252713
[1] 6.332444 6.715173 5.581132 5.636411
[1] 4.869911 4.794977 4.173219 4.527757
[1] 0.1
[1] 5.833941 5.632069 4.643258 4.865749
[1] 5.353940 5.832754 5.016404 5.370765
[1] 5.744534 6.554371 4.376978 4.662140
[1] 5.136053 5.636949 4.363867 4.276166
[1] 6.011090 5.741675 5.001548 5.372132
[1] 5.065095 5.622156 4.638455 4.506196
[1] 6.395670 6.282345 5.217273 5.257532
[1] 5.293498 6.558099 4.756651 4.667909
[1] 5.159257 5.628056 4.966149 4.934402
[1] 4.338627 5.047394 3.804299 3.636700
[1] 5.275065 6.178715 4.792366 4.760426
[1] 5.859600 6.472863 5.317896 5.160614
[1] 5.770294 6.359293 5.356016 5.175914
[1] 5.833209 5.897147 5.069108 5.396714
[1] 5.096956 5.407678 4.753703 4.622295
[1] 5.899289 6.103896 5.627886 5.431320
[1] 5.922383 5.517002 5.160705 5.222889
[1] 4.611466 5.829003 4.337530 4.447604
[1] 5.917852 6.838671 5.919143 5.755333
[1] 5.678621 6.229633 5.016778 5.043996
[1] 5.176205 5.723980 4.624509 4.679024
[1] 5.700375 6.242758 5.068375 4.897587
[1] 5.547248 5.900401 4.955472 5.134560
[1] 6.818799 7.113984 5.533764 5.457382
[1] 5.363679 5.682015 4.542732 4.446593
[1] 5.046714 5.028702 4.518744 4.374766
[1] 5.910435 6.069550 5.109937 5.377542
[1] 6.049983 6.533529 5.305952 5.357165
[1] 5.274602 5.918528 4.921978 5.200605
[1] 4.671650 4.894052 4.336565 4.263440
[1] 5.474179 6.370530 4.979970 4.941655
[1] 5.662782 6.615905 5.084283 4.959947
[1] 5.198673 5.324088 4.421631 4.349392
[1] 5.469145 6.800149 4.637515 4.704283
[1] 5.993501 6.584279 5.135533 5.346141
[1] 5.487612 5.360468 4.683808 4.680708
[1] 5.618207 7.024586 5.424701 5.351817
[1] 5.256055 5.921349 4.506199 4.483163
[1] 5.995963 7.009869 5.298665 5.310572
[1] 4.642377 6.519259 4.861202 4.435031
[1] 5.840296 6.009551 5.258733 5.144191
[1] 5.418654 5.345392 4.652210 4.692929
[1] 5.631691 5.691738 4.854401 5.744618
[1] 5.768945 6.812320 5.589433 5.447409
[1] 6.887527 6.952675 6.003051 5.924378
[1] 5.340622 5.414695 4.561494 4.639975
[1] 5.524913 5.431178 4.590825 4.415957
[1] 6.100018 6.812199 5.664562 5.579479
[1] 5.932145 5.587919 5.781096 5.292406
[1] 5.228781 5.474298 4.424789 4.498733
[1] 0.2
[1] 6.264352 6.128998 5.498653 5.495271
[1] 6.253624 6.053725 5.722993 5.390934
[1] 5.946589 6.027135 4.820380 5.656716
[1] 5.570590 5.769298 4.859408 4.598686
[1] 5.307201 5.095798 4.461738 4.324026
[1] 5.478636 5.482938 5.362016 4.652881
[1] 5.180927 5.907420 4.512773 4.456515
[1] 5.423942 5.703065 4.920682 5.165455
[1] 5.485122 5.747762 5.032056 5.145938
[1] 5.545742 5.787833 5.371256 5.043796
[1] 5.563660 5.972719 4.946188 5.047579
[1] 5.776144 6.191836 5.404964 5.193153
[1] 5.247770 5.400401 4.701129 4.853605
[1] 4.793982 5.151249 4.658617 4.411787
[1] 6.739224 6.682078 6.801367 6.275962
[1] 5.318960 6.028621 4.841247 4.752678
[1] 5.274059 5.183150 4.393708 4.480011
[1] 5.815136 5.666612 4.686874 4.869303
[1] 5.492844 5.602280 5.128328 5.447430
[1] 5.761564 6.405271 5.435538 4.993353
[1] 6.338014 6.165123 5.801643 5.523745
[1] 5.192719 5.545702 4.668020 4.484412
[1] 5.787547 5.537260 5.082391 5.009208
[1] 6.108488 6.249714 5.493826 5.592042
[1] 6.536883 7.511892 6.263678 6.162336
[1] 5.224889 5.956571 4.443937 4.411681
[1] 5.862404 5.820642 5.220959 5.174903
[1] 5.493774 5.975333 5.306466 4.977582
[1] 5.774464 6.385702 5.187866 5.294047
[1] 5.103059 4.823254 4.595584 4.403085
[1] 5.601158 5.503883 4.568666 4.472046
[1] 6.903237 6.972067 6.289691 6.323761
[1] 6.112091 5.889528 5.107071 5.094597
[1] 4.909746 5.978338 4.743079 4.797753
[1] 5.619383 6.175526 5.445553 5.434854
[1] 5.772555 6.783164 5.345921 4.829573
[1] 5.808883 6.294386 5.378346 5.292141
[1] 5.688772 5.467314 4.999537 4.596875
[1] 5.039961 5.538034 5.245937 4.848137
[1] 5.489903 5.215275 4.875353 4.747017
[1] 5.774283 5.944193 5.279670 4.944255
[1] 5.301922 5.212658 4.406949 4.736052
[1] 5.924711 6.342847 5.224365 5.417483
[1] 5.936858 5.658386 5.220861 5.058507
[1] 5.941569 6.141849 5.569220 5.461539
[1] 5.903922 6.022900 5.480238 5.036623
[1] 6.229682 6.253861 5.288396 5.158756
[1] 5.411975 5.286997 4.687660 4.509060
[1] 5.476181 6.015029 5.220874 5.450897
[1] 5.037225 5.646404 4.622056 4.414840
[1] 0.3
[1] 5.665174 5.292804 5.088535 5.014190
[1] 5.407480 5.560119 4.830601 4.941323
[1] 4.420421 4.381347 3.872011 3.765789
[1] 5.801605 5.483222 4.973104 4.899103
[1] 5.576264 5.309433 4.802299 4.980007
[1] 6.269069 5.800995 5.635591 5.113100
[1] 6.356764 6.210688 5.867435 5.517660
[1] 6.048615 5.890141 5.197589 5.009514
[1] 5.701114 4.826989 5.539409 5.104367
[1] 6.563459 6.453064 6.037300 6.016244
[1] 6.267016 5.660618 5.807559 5.804665
[1] 6.874206 6.289710 5.914362 5.485009
[1] 6.485682 6.727022 5.760781 6.042432
[1] 6.151387 5.780362 5.649009 5.073011
[1] 5.995539 5.384449 5.784602 5.427735
[1] 5.984339 5.443360 5.415153 4.940521
[1] 6.607661 6.227585 5.706926 5.248962
[1] 5.896485 6.399540 5.312712 5.160393
[1] 6.037279 6.174658 5.370491 5.132464
[1] 5.034977 5.297832 4.597400 4.336838
[1] 5.749506 6.561602 5.548899 5.317714
[1] 6.865559 6.929826 6.204463 5.822407
[1] 6.012113 5.454146 4.411102 4.282897
[1] 5.820425 5.925439 5.360640 5.364827
[1] 4.430043 4.578651 4.098830 4.032046
[1] 6.556397 6.076019 5.735248 5.033768
[1] 5.434378 5.799070 4.959533 4.854555
[1] 7.089059 6.724776 6.183619 5.653180
[1] 6.482036 6.028463 5.636453 5.199662
[1] 6.302765 6.097917 5.573359 4.919088
[1] 5.466462 5.027596 4.854269 4.392207
[1] 6.449534 6.501449 5.867374 5.466758
[1] 5.664951 5.508491 5.010189 5.528979
[1] 6.244516 6.262478 5.382903 5.256019
[1] 6.642458 6.332357 5.952153 6.131968
[1] 5.623833 5.670955 5.334221 5.777461
[1] 6.330308 6.496457 5.810141 5.213128
[1] 5.914830 5.489982 5.553734 6.423704
[1] 4.915962 5.098971 4.559433 4.160199
[1] 6.575572 6.281270 6.198737 5.887976
[1] 5.849027 5.650401 5.247385 4.826587
[1] 6.321275 6.090938 5.931831 5.377908
[1] 6.025912 5.461632 5.301418 4.932433
[1] 6.431381 6.233537 5.832454 5.446648
[1] 6.220505 5.450528 5.130480 4.907138
[1] 6.671701 7.079106 5.745385 5.257515
[1] 6.162987 6.997276 6.712274 5.775164
[1] 6.171277 6.369725 5.511953 5.351342
[1] 5.632239 5.479276 5.293688 4.929779
[1] 5.436357 5.349108 4.530909 4.224351
[1] 0.4
[1] 6.627048 6.103179 6.217369 6.036512
[1] 6.311947 6.159356 5.695629 5.419816
[1] 7.037528 5.755077 6.162047 4.959016
[1] 6.642087 5.843008 5.925508 5.137944
[1] 6.594629 6.224009 5.935566 5.510329
[1] 5.855963 5.248075 5.459601 4.714504
[1] 5.419701 5.779439 5.289856 4.608996
[1] 5.813556 4.889689 4.902894 4.190978
[1] 6.365414 5.686324 5.702853 4.715108
[1] 6.105297 5.996863 6.028739 5.319485
[1] 7.397386 6.508461 6.592879 5.650824
[1] 5.900172 5.456164 5.861054 5.368861
[1] 6.270201 5.511128 5.413481 5.127134
[1] 6.636773 6.243933 6.015669 5.153115
[1] 5.898468 5.990599 5.553246 5.047928
[1] 6.687933 6.767498 6.641370 5.986246
[1] 7.042071 6.161890 6.215398 5.593516
[1] 6.612986 6.310550 6.110957 5.746761
[1] 5.834845 5.854546 5.545602 5.076518
[1]  5.204524  6.231190  5.015937 11.203483
[1] 6.403045 5.694277 5.699399 4.839173
[1] 7.152925 5.578941 6.442186 5.192276
[1] 6.165907 6.415918 5.834473 5.274698
[1] 6.122124 5.819784 5.840820 5.199733
[1] 5.420267 4.792686 4.890926 4.113428
[1] 6.092717 5.557935 5.285329 4.464667
[1] 5.503064 4.934182 5.263146 4.230378
[1] 6.229723 6.280371 5.962949 5.492559
[1] 6.888854 6.323622 6.709854 5.913323
[1] 7.351308 5.936695 6.251709 5.679954
[1] 6.594915 5.971837 6.155523 6.004082
[1] 6.549570 5.486081 6.267963 5.472347
[1] 6.542508 6.174423 6.198602 5.943271
[1] 6.234678 5.767052 5.746777 5.126493
[1] 5.718570 5.626452 5.435442 4.753631
[1] 6.102456 5.708107 5.541723 5.019943
[1] 5.972713 5.607726 5.164233 6.164885
[1] 6.840906 6.515215 6.113497 6.157281
[1] 5.919287 4.954322 5.460759 4.817726
[1] 6.110447 6.252395 5.462192 5.927218
[1] 5.750557 5.617354 5.762997 5.022851
[1] 5.672564 5.526245 5.572655 4.670000
[1] 7.399594 6.663128 6.692920 5.313657
[1] 6.537491 6.649599 5.987553 5.719973
[1] 6.190172 6.031656 5.653768 5.476243
[1] 6.601762 6.005500 5.929100 4.843453
[1] 6.049915 5.258519 5.433821 4.750557
[1] 4.716753 4.971245 4.821735 4.300281
[1] 5.963697 4.969089 5.417636 5.775847
[1] 6.908355 5.820264 6.254438 5.562544
[1] 0.5
[1] 6.256223 5.724182 5.875753 6.402817
[1] 6.390926 5.419473 6.276958 5.261051
[1] 6.424613 4.705630 6.079076 4.498636
[1] 7.175944 5.776888 6.244918 5.516148
[1] 6.130230 5.581986 5.552723 4.584331
[1] 6.659537 6.846386 6.461526 5.383832
[1] 6.973313 6.437616 6.407934 5.581265
[1] 6.503519 6.275380 6.611004 6.181870
[1] 6.241318 5.415135 5.482635 4.576560
[1] 7.657526 6.271251 7.106716 5.721270
[1] 7.147403 5.944091 6.570272 5.215348
[1] 5.885167 4.942286 5.094618 3.966866
[1] 6.755605 5.758137 6.127914 4.915014
[1] 6.553311 6.512183 6.246161 5.139806
[1] 6.727211 5.675075 6.132146 6.956322
[1] 6.136248 5.506266 6.614597 5.777934
[1] 6.561537 5.457549 6.105873 4.762926
[1] 6.761716 6.225595 6.344629 5.509536
[1] 6.460300 5.634352 6.065455 5.299080
[1] 7.369749 6.308336 6.251234 5.202676
[1] 6.412402 5.569800 6.535162 6.629070
[1] 6.729733 5.391772 5.582960 4.854917
[1] 5.683193 4.702463 5.380380 4.354306
[1] 7.130673 6.621899 6.953722 5.846093
[1] 6.327968 5.935646 5.929327 4.981202
[1] 7.999700 5.973788 6.943195 5.537190
[1] 7.116207 5.954404 6.043190 6.536315
[1] 7.311108 6.362406 6.332009 5.296670
[1] 6.978037 5.857255 5.579637 4.634074
[1] 6.760768 6.166249 5.863758 5.090543
[1] 6.893803 6.619309 6.358020 5.873362
[1] 7.089936 6.381631 6.549400 5.205782
[1] 6.392663 5.949221 5.915611 5.465359
[1] 8.159906 6.698974 6.682283 5.805180
[1] 7.031166 6.849688 6.533822 5.843998
[1] 7.209407 6.221480 6.434004 5.732534
[1] 6.281673 5.827931 5.958956 5.058213
[1] 6.507715 5.639182 5.950774 5.497053
[1] 7.365691 5.620032 6.304770 5.153243
[1] 6.381106 5.916177 6.388999 5.019439
[1] 6.931009 6.017538 6.488983 7.977931
[1] 6.209926 5.730307 5.979265 5.271486
[1] 7.278340 6.329390 6.818394 5.306588
[1] 7.982553 6.676233 7.706279 5.533539
[1] 7.381843 6.481195 7.184883 5.974500
[1] 6.689798 5.842657 5.871604 5.670019
[1] 7.012523 6.873486 6.380910 5.902147
[1] 7.044431 5.895058 6.562498 5.121528
[1] 6.007217 5.193431 5.271156 4.503451
[1] 6.932456 6.012804 5.983989 5.299581
[1] 0.6
[1] 6.909418 5.575192 6.371664 5.133718
[1] 7.744395 5.727104 7.056051 4.879690
[1] 7.159771 5.613983 6.474303 5.283997
[1] 7.226289 5.597242 6.230731 4.892068
[1] 7.238757 5.852857 6.537137 4.890292
[1] 5.843839 5.471080 5.755516 4.646471
[1] 7.239641 5.553345 7.161163 5.637734
[1] 7.654407 6.858095 7.059159 6.414231
[1] 6.592445 4.806677 6.247358 4.960924
[1] 7.270456 5.076489 7.100280 5.017733
[1] 6.407078 5.175345 5.975432 4.689845
[1] 7.244853 5.647439 6.969060 5.926741
[1] 7.447975 5.976615 7.024133 5.798041
[1] 7.159198 5.646535 6.535535 5.345275
[1] 6.866755 5.962812 6.649524 5.246608
[1] 6.645301 5.295093 6.567557 4.970429
[1] 7.062572 5.809854 6.526867 5.094926
[1] 7.244078 5.419804 6.879317 4.773995
[1] 7.515895 5.677988 7.187761 5.853559
[1] 8.887085 6.075231 8.106664 4.977155
[1] 6.909145 5.947579 7.118122 5.055890
[1] 8.182959 6.565450 7.812678 5.563430
[1] 8.427685 6.496024 7.480095 5.754050
[1] 7.119096 5.794369 6.238488 5.445565
[1] 7.064241 5.743826 6.653638 5.763148
[1] 7.314249 5.647805 6.712443 5.367275
[1] 8.738943 6.312873 8.194730 7.080424
[1] 7.464191 7.067857 7.811123 5.990247
[1] 6.717253 5.618352 6.199013 4.943993
[1] 7.376202 5.864290 7.121541 5.314511
[1] 7.291770 6.044479 6.519693 5.362403
[1] 8.096469 6.052224 7.755260 5.276002
[1] 6.741733 5.124667 5.956096 6.232922
[1] 6.500109 5.495699 5.905055 4.706468
[1] 8.693280 6.795408 6.889600 5.511566
[1] 7.273755 6.336799 7.032780 6.642660
[1] 7.275831 5.878640 6.069813 5.103497
[1] 6.937461 5.275368 6.226879 4.865437
[1] 8.462557 6.151186 8.010665 5.673861
[1] 8.057334 6.357568 6.713210 5.186055
[1] 7.295287 5.902135 6.320853 5.745134
[1] 7.221293 5.760293 6.629605 5.507597
[1] 6.526539 5.616929 5.858493 4.869013
[1] 8.572659 7.340515 8.169441 6.669419
[1] 7.885576 5.984396 7.032449 5.376699
[1] 7.310213 5.730491 7.187613 5.074881
[1] 6.691208 5.873229 6.958274 5.666496
[1] 7.751346 5.812433 7.135674 5.649689
[1] 9.331111 7.101484 7.598799 5.909609
[1] 7.369533 5.648154 7.675089 6.385593
[1] 0.7
[1] 8.775620 6.326434 7.936646 8.897983
[1] 7.742802 5.611873 7.344026 4.767362
[1] 6.984491 5.849697 6.773398 5.016137
[1]  8.478219  6.304381  7.997548 17.576200
[1] 8.095947 6.261235 7.738637 5.611693
[1] 8.901584 5.754511 7.687567 5.480223
[1] 7.298334 5.835784 7.192032 6.106956
[1] 7.249558 5.687226 6.638603 4.962643
[1] 9.074993 5.862543 8.531064 6.116396
[1] 7.977953 6.435019 6.941770 6.766419
[1] 8.453362 5.557732 7.531944 4.530791
[1] 7.451829 5.098258 7.332474 5.172588
[1] 9.877911 7.466166 9.254699 6.819880
[1] 8.941349 7.006332 8.270738 6.014923
[1] 7.560273 6.087017 7.166306 4.899867
[1] 8.393178 6.217691 8.237606 6.722160
[1] 8.868334 5.770873 7.721928 5.058802
[1] 9.071983 5.770822 8.558863 5.304816
[1] 7.587524 5.910928 6.891727 5.576529
[1] 7.582255 6.000604 8.225277 5.598278
[1] 8.055809 5.561787 6.907663 5.241951
[1] 8.439412 6.418608 8.598189 6.156932
[1] 8.546617 6.440939 8.638943 6.477040
[1] 8.273155 6.270478 8.315991 6.101752
[1] 8.593923 6.722307 8.558860 6.414800
[1] 8.232708 5.896868 7.817489 5.970435
[1] 8.376000 6.334276 7.919296 6.173195
[1] 7.807412 6.023325 7.363557 4.987750
[1] 7.341116 6.036532 7.299644 5.560761
[1] 8.733960 6.257487 8.219045 5.669871
[1] 9.080384 5.731618 8.351614 5.465701
[1] 9.199663 6.203582 8.661081 6.518580
[1] 8.381857 7.841182 8.052404 7.798276
[1] 7.563758 5.444987 6.734926 4.928866
[1] 8.409604 6.716076 7.953677 5.555308
[1] 7.461540 5.673885 6.623783 4.892740
[1] 7.479069 5.260972 6.652823 4.874079
[1] 8.520344 6.365596 8.059434 6.220448
[1] 7.178412 5.669586 6.735266 5.192380
[1] 8.957471 6.768298 8.573055 5.852252
[1] 7.732420 6.598691 7.663517 8.275888
[1] 9.184067 6.557530 8.427384 6.170136
[1] 7.570716 6.436728 7.252478 5.918073
[1] 7.759304 6.849072 7.356113 5.899790
[1] 8.037594 5.750843 7.448190 5.384710
[1] 7.500015 6.018667 7.080535 6.204106
[1] 8.317484 7.054084 8.172068 6.294634
[1] 8.405392 6.080230 7.979696 8.739090
[1] 9.984038 7.750855 8.983131 6.790441
[1] 7.547862 6.752810 7.175287 6.301454
[1] 0.8
[1] 9.732787 6.616482 9.098175 6.246836
[1] 8.319370 5.591465 7.923230 4.599679
[1] 7.720025 5.797754 8.058176 5.451720
[1] 8.286780 6.286227 8.430943 5.515714
[1] 10.010637  6.185935  8.773105  5.963419
[1]  9.550440  6.072386 10.541388  6.790001
[1] 9.277362 5.164370 9.073991 6.224275
[1] 9.036662 6.670654 9.473837 6.046059
[1] 8.746242 6.168063 8.493743 6.705872
[1] 8.417237 5.787159 7.843169 5.674055
[1] 8.659832 7.359572 8.121202 6.377597
[1] 6.936795 5.066252 6.922743 5.580843
[1] 9.234745 6.341863 9.497230 5.746933
[1] 8.473349 5.997082 7.880477 5.067235
[1] 10.05561  8.36241 10.50778  7.34899
[1] 8.779875 6.113933 8.474588 5.278434
[1] 9.501563 6.247871 9.095642 9.671964
[1] 9.737914 5.789661 8.757994 6.199711
[1] 9.027016 6.679021 8.914390 6.520822
[1] 9.816520 6.765062 8.248770 7.242020
[1] 7.475730 6.195314 7.506036 5.759162
[1] 8.528606 5.806755 8.532545 6.836235
[1] 8.889771 6.698872 8.222928 7.234784
[1] 9.026249 6.350187 8.701343 6.376758
[1] 9.768946 5.714851 8.371834 5.014131
[1] 8.990048 5.397891 8.131635 4.596062
[1] 10.169031  6.108524  9.251569  5.946867
[1] 7.872892 5.649064 7.572260 5.119589
[1] 8.349743 5.455823 7.944104 5.629609
[1] 8.596867 4.903475 8.296027 6.485262
[1]  9.431035  5.690005  8.367274 15.503946
[1] 8.515828 6.090457 8.094551 6.129964
[1] 9.270761 7.711758 9.601224 6.984604
[1] 9.383934 6.773466 9.430612 6.036396
[1] 8.544499 5.828320 8.137405 6.485102
[1] 10.428115  7.088178 10.004460  6.609306
[1] 8.932908 6.540542 9.234848 5.959813
[1] 8.559692 6.467511 9.530284 6.380152
[1] 9.534933 6.445291 8.975354 6.406402
[1] 7.821547 5.682546 7.726053 8.743061
[1] 8.615308 6.612685 8.270539 8.488503
[1] 9.970321 6.007051 9.029743 5.653977
[1] 8.530325 6.220132 8.661381 5.347156
[1] 8.906790 6.014166 9.118280 5.887607
[1] 9.548042 6.713978 8.958123 6.151580
[1] 8.702935 6.003469 8.236318 5.072789
[1] 7.693904 5.986433 7.462500 5.553990
[1] 8.555897 6.172519 8.554445 7.045025
[1] 8.627180 5.962570 8.894225 6.031254
[1] 9.648760 6.611692 8.873726 6.168458
[1] 0.9
[1] 10.518361  7.033986 11.230616  6.238959
[1] 10.401870  6.296986  9.643803  5.984654
[1] 8.863076 5.896963 8.197176 5.806024
[1] 9.127660 6.212468 9.217133 5.232253
[1] 9.581279 6.166631 9.542852 5.263344
[1] 10.138353  5.696170 10.218937  5.879304
[1]  9.974220  7.515488 11.637316  7.687125
[1] 10.665510  6.543186 10.242353  6.527788
[1] 9.886848 5.345317 9.069012 5.368902
[1] 10.101030  6.006142  9.128421  5.124781
[1] 8.492552 5.720161 8.171445 5.962094
[1] 9.478782 6.239648 9.461588 6.218693
[1] 9.354276 5.687365 8.858174 6.449440
[1] 8.810048 5.700962 8.765639 6.757339
[1] 9.804480 6.108864 9.766152 5.771365
[1] 9.052544 5.688151 8.581626 6.689955
[1] 11.088159  6.547791 10.231366  6.197474
[1]  9.691577  6.606377 10.363833  6.183066
[1] 9.597416 6.183743 9.313333 5.873418
[1] 11.387135  6.630801 10.344903  6.707887
[1] 9.945527 6.325418 9.990050 6.044392
[1] 9.658113 5.055987 9.185010 4.843063
[1] 9.162930 6.320341 8.815906 6.895524
[1] 9.493398 6.682050 9.487881 6.848835
[1] 9.746361 6.864563 9.742732 6.404706
[1] 8.884580 5.210987 8.655903 4.559467
[1] 10.528920  7.920854 11.096495  7.635631
[1] 9.185715 5.886303 9.385793 7.958553
[1] 8.115402 5.373767 8.143696 5.309269
[1] 9.974607 6.002008 9.734407 5.185654
[1] 9.506629 6.220506 9.242506 5.897239
[1] 8.532739 5.334198 8.923814 4.345340
[1] 9.453383 6.846182 9.631975 6.181708
[1] 11.340179  6.993186 11.670423  7.259465
[1] 9.230337 6.302167 8.264901 5.929816
[1] 10.051338  6.086408  8.917126  6.199561
[1] 8.732617 5.957605 7.896893 5.280688
[1] 9.331670 6.105404 9.584143 5.546358
[1] 9.475728 6.882201 9.249283 7.620004
[1] 8.916410 6.011044 9.556945 6.134183
[1] 8.306435 5.367126 7.473045 4.657204
[1]  9.618756  6.226508 10.049622  6.966048
[1] 10.117748  6.360447  9.411387  5.674272
[1] 9.855544 5.507754 9.946481 5.522609
[1] 10.251384  6.407474  9.448172  5.817392
[1] 9.861775 6.510534 9.451989 5.636141
[1] 10.377469  8.272404 11.814813  7.871943
[1] 9.329119 6.209847 8.499013 6.585218
[1] 9.403983 6.380803 9.531932 9.006130
[1] 10.078656  5.826065  8.897436  5.033037
[1] 1
[1] 11.404710  5.525946 10.190020  6.025302
[1] 10.206008  6.574397  9.870991  7.312876
[1] 10.473454  5.754788 10.415611  5.859935
[1] 9.567972 5.967024 9.474841 6.645321
[1] 10.643179  5.847176 10.855617  6.367218
[1] 9.361398 6.487455 9.764116 6.643961
[1] 11.828455  8.695857 12.257272 10.681705
[1] 9.817471 5.931733 8.308409 6.053580
[1] 11.865818  4.723244 11.252690  4.899054
[1] 10.831105  6.059232 10.650022  9.305400
[1] 8.992708 6.042867 9.033189 5.912834
[1] 10.900623  6.680184 11.417394  6.302113
[1] 12.479973  6.235815 11.658918  7.622733
[1] 12.927328  6.268955 11.179768  6.469898
[1] 10.548903  6.383850 10.144819  6.068873
[1] 9.392230 6.540725 9.539794 4.933725
[1] 10.838741  6.215461 10.517702  5.852918
[1] 11.638788  6.363566 11.869519  6.242319
[1] 9.866365 5.203310 9.407670 5.332255
[1] 12.203257  7.456750 13.269310  6.916887
[1] 11.596687  7.073658 11.425321  7.063575
[1] 9.890795 4.957074 9.444637 4.192445
[1] 10.273613  5.565971  9.920792  5.080445
[1] 10.430582  5.875000 10.493452  7.040902
[1] 11.502502  6.777601  9.565454  7.664320
[1] 10.815186  7.071541 10.104635  5.816950
[1] 11.134365  6.456951 10.975622  6.235898
[1] 12.346743  7.057607 11.414041  6.634323
[1] 11.074831  6.265679  9.688937  5.669956
[1] 10.805794  6.410242 10.848781  6.199158
[1] 11.028055  5.489270 10.043855  5.271105
[1] 11.046269  6.279062 10.725476  8.229579
[1] 12.379364  7.909358 12.109086  8.471139
[1] 8.453437 5.242078 8.320003 4.514944
[1] 9.657093 6.497401 9.262618 5.971606
[1] 11.229100  7.418730 11.095685  7.356642
[1] 11.267279  5.838862 11.641730 26.597235
[1] 11.978557  7.334444 11.203779  6.968854
[1] 10.490093  5.232513 10.575338  5.942994
[1] 10.660529  5.780812 11.493346  6.598996
[1] 10.628309  5.865576  9.741722  7.303710
[1]  9.824545  6.603417  9.920198 11.662813
[1] 10.898159  5.688743  9.699091  6.731773
[1] 10.743328  6.503842 10.832157  6.890644
[1] 9.424658 5.850848 9.601053 6.841309
[1] 10.556207  4.855538  9.932017  9.138849
[1] 11.529002  6.363917 12.065473  6.298892
[1] 12.149116  6.846509 11.745653  6.189242
[1] 10.131887  5.185500  9.945261  5.236678
[1] 9.236513 5.918313 8.659092 5.148829
[1] 1.1
[1] 12.993855  7.938032 13.337233  8.868189
[1] 11.739092  5.708932 11.700578  7.324522
[1] 11.538319  6.521369 11.754367  6.195038
[1] 11.801613  7.481714 12.401482  7.165865
[1] 12.742634  7.089511 14.377873  6.895521
[1] 11.036779  6.780575 11.184422  6.780642
[1] 11.853419  5.311793 12.029540  5.185082
[1] 11.782474  6.711252 11.943315  7.507793
[1] 11.535362  6.133869 11.827907  6.103862
[1] 11.832189  6.624399 12.263256  5.539681
[1] 12.655391  6.039693 13.163555  6.334082
[1] 11.913567  6.821147 12.786168  6.539093
[1] 12.496974  7.121091 12.634065  6.772651
[1] 11.483404  6.528151 12.182256  5.849554
[1] 13.153767  7.396402 12.277990  6.913806
[1] 10.896488  6.069456 10.626660 10.626409
[1] 12.106225  7.059930 12.319801  7.155518
[1] 12.195691  6.177314 11.567846  5.201132
[1] 11.065834  6.255404 10.426280  6.230564
[1] 13.915112  7.017732 13.586174  6.599577
[1] 11.669819  6.019686 11.071566  6.485954
[1] 11.632459  6.058453 11.106490  7.097516
[1] 12.390195  7.244755 12.246564  7.105274
[1] 12.636860  6.595165 11.682137  6.389289
[1] 12.306686  6.881055 11.719224  6.242609
[1] 11.183075  6.898570 11.652631  6.767441
[1] 10.232277  6.469351 10.834025  6.362466
[1] 8.694887 5.270417 8.698491 6.857878
[1] 11.796449  6.430851 10.792330  5.553512
[1] 13.291581  8.565706 13.198300  8.226797
[1] 11.59660  7.33969 11.71336  7.43143
[1] 11.642567  5.360446 11.974475  6.034901
[1] 11.351911  6.126565 10.923472  5.748530
[1] 14.408934  6.797905 13.895469  7.065073
[1] 9.857420 5.278324 9.891108 6.744584
[1] 10.050993  6.112459 10.396036 10.958856
[1] 13.562626  6.918584 11.976274  7.370520
[1] 10.615848  5.825765 10.695175  5.404325
[1] 11.802803  5.947107 11.895126  6.350647
[1] 12.367549  5.669140 12.502525  7.077694
[1] 11.277467  6.579652 10.515400  6.007671
[1] 11.011369  6.377199 11.497135  5.409322
[1] 13.569901  7.698281 13.093028 10.072074
[1] 12.561852  6.352040 12.217387  6.399767
[1] 10.843768  5.755875 10.420804  6.385664
[1] 13.363168  7.196894 13.118875  6.727719
[1] 10.301547  6.488535  9.238789  6.077985
[1] 11.792357  5.413501 11.556815  6.239364
[1] 12.979658  5.991167 12.595605  5.895499
[1] 10.888288  6.421687 11.573705  6.702729
[1] 1.2
[1] 11.543813  6.033796 11.825794  5.935004
[1] 12.683815  7.423518 11.842013 10.594702
[1] 11.287695  5.294018 11.262274 10.586246
[1] 12.253079  6.977357 11.995424  7.353482
[1] 14.865426  8.535003 15.895814  9.747847
[1] 12.713122  6.546448 11.619114  5.677007
[1] 12.487143  5.542842 12.172094 21.684598
[1] 14.354585  6.380739 13.011310  5.730356
[1] 13.113333  8.365264 15.024001 14.105710
[1] 15.002132  7.073199 15.647225  7.585222
[1] 13.308860  6.091825 13.092751  6.644425
[1] 11.631896  6.133855 12.029539  6.421968
[1] 13.088506  7.419345 13.251897  6.408117
[1] 12.639428  6.839996 12.980317  7.023356
[1] 12.730810  7.190007 12.217119  6.046144
[1] 11.486764  6.514987 10.820391  5.922356
[1] 11.393337  6.257752 11.063531  5.165456
[1] 12.902877  5.936278 13.154875  6.399778
[1] 12.731406  7.932554 12.358253  9.477189
[1] 11.289240  6.297594 10.646994  5.673306
[1] 14.212719  6.165809 13.478360 12.212689
[1] 13.503609  7.222186 12.963201  6.398521
[1] 15.850064 10.188262 17.843447  9.780891
[1] 13.456064  5.648786 13.728163  6.372757
[1] 11.382759  6.196359 13.027797  6.486441
[1] 12.283091  6.897302 12.128719  6.724345
[1] 13.246297  7.704096 12.616059  8.682975
[1] 13.060094  6.873297 13.489214  6.181491
[1] 13.154929  9.096771 14.443653 13.864017
[1] 14.448690  7.320217 14.689798  7.054936
[1] 12.891050  7.244679 14.060648  9.629853
[1] 13.423026  5.525365 12.444308  5.994105
[1] 11.508172  6.373436 12.119880  7.222760
[1] 12.674514  7.233183 12.381784  6.566759
[1] 13.102150  5.609412 12.759622  9.174305
[1] 13.493228  8.331200 14.277490  7.046686
[1] 12.310790  5.400758 12.061421  5.513180
[1] 13.465752  6.354130 12.507670  8.330127
[1] 11.747591  6.032169 12.174243 10.635118
[1] 11.836719  5.463507 11.636662  4.978358
[1] 15.578023  6.912508 15.012152  7.724786
[1] 12.435525  6.195846 12.182119  5.872090
[1] 12.412486  6.731565 12.062333  7.106757
[1] 13.223431  8.322143 13.987379  8.446324
[1] 12.194090  5.802591 11.836770  4.810121
[1] 12.284845  6.029161 12.021528 10.889941
[1] 12.543496  6.916000 12.137028  8.755142
[1] 13.146948  5.543329 12.741283 21.140386
[1] 12.642968  7.117456 13.824047  8.661697
[1] 12.978148  9.521616 14.490617  9.527652
[1] 1.3
[1] 14.273097  6.857579 13.795923  6.418627
[1] 15.069627  6.746079 14.898205  7.038541
[1] 14.118546  6.627634 14.169396  6.685860
[1] 13.855414  6.073196 13.181297  5.829206
[1] 15.444561  5.813127 14.537759  6.485381
[1] 13.926199  7.350993 13.037405 10.374750
[1] 14.388114  5.901571 14.034773  6.353034
[1] 16.214675  8.386737 16.671304  8.136747
[1] 16.371777  6.490997 15.792437  9.233965
[1] 15.097426  6.115747 14.613264  5.728013
[1] 12.527899  6.331746 12.025275  7.097093
[1] 14.843168  8.106368 15.229233  7.401499
[1] 16.852137  8.712235 17.633832  7.800967
[1] 11.357941  5.408402 11.997363 11.206549
[1] 14.165419  5.615570 12.033116  6.117427
[1] 16.403081  8.243146 16.748493  7.488809
[1] 13.523503  6.397653 14.482173  7.110541
[1] 12.671130  5.885098 11.599195  5.775559
[1] 14.743766  5.839110 14.382022  8.663969
[1] 13.146328  6.413449 13.729623  6.715331
[1] 15.139806  5.945149 14.437493  8.046637
[1] 14.592476  6.360585 14.745289  6.049149
[1] 13.924320  6.398073 12.849760 11.313456
[1] 15.104425  6.950942 15.890654  8.867251
[1] 13.400267  6.010573 14.360335  6.351171
[1] 13.068792  4.930144 12.799830  6.122506
[1] 15.449135  7.692998 16.584297  8.649118
[1] 14.318170  6.273374 13.901369  5.830233
[1] 14.936108  8.443982 16.446895 18.862168
[1] 13.839443  7.061351 14.376282 12.472646
[1] 13.216594  6.186080 13.814519  5.522089
[1] 12.515942  7.094487 12.078834  7.310773
[1] 13.552872  8.410009 13.661080  7.504835
[1] 11.561366  7.417132 13.282162  8.675171
[1] 15.314117  7.666194 15.527467  8.323977
[1] 15.849071  7.273504 15.688847 12.783917
[1] 16.123421  8.046579 17.460127  9.135224
[1] 17.150985  6.383988 15.456764 10.669889
[1] 14.972573  7.243492 16.134415  7.275712
[1] 16.605971  7.754055 15.181690  7.226672
[1] 15.373979  8.710228 16.092406  8.594421
[1] 15.777856  7.677418 16.198698  8.495213
[1] 13.396924  6.416831 14.773002  6.019210
[1] 15.633562  6.446891 14.867426  6.351693
[1] 14.145594  6.513132 13.568215  6.917374
[1] 14.926375  7.787635 14.440536 14.595013
[1] 14.756679  6.891002 15.742231  6.982119
[1] 13.580451  5.678999 13.222701  5.716909
[1] 15.382264  6.463346 15.903572 13.924532
[1] 15.247325  6.838451 14.493209  6.340501
[1] 1.4
[1] 16.041508  9.458243 18.828405 10.689803
[1] 16.793852  6.877673 16.820221  7.364783
[1] 16.006237  6.524757 13.959340 10.951008
[1] 18.007684  7.017350 16.537596  8.122569
[1] 19.262118  8.778693 19.171849 10.065987
[1] 17.804631  6.881809 17.664668  7.095608
[1] 16.317353  5.890009 13.734689  7.308143
[1] 15.011107  5.230252 14.885812  6.777687
[1] 16.285727  7.504437 16.990845  9.488183
[1] 15.334262  5.972442 14.662433  6.353023
[1] 13.192639  5.687415 13.676406  7.003077
[1] 15.875617  7.072320 15.805834  6.766965
[1] 16.432913  6.946036 17.186703  6.816493
[1] 15.853674  6.478914 16.077674  7.487131
[1] 17.947604  8.535493 18.440681  8.310201
[1] 16.938105  8.718205 17.078826  8.887640
[1] 17.835569  7.238023 18.742647  6.846305
[1] 16.328851  7.433220 15.709561  8.016915
[1] 13.195033  6.005480 13.384992  6.561156
[1] 16.304646  6.410061 16.001558  7.450273
[1] 13.179820  6.249412 13.649152  6.049346
[1] 13.558425  6.340046 14.341522  7.535721
[1] 14.995157  8.214899 15.678269  8.573763
[1] 17.447796  8.871317 17.456225  8.966895
[1] 13.590317  8.114868 14.351597  7.411142
[1] 14.920245  5.357715 14.355770  6.448126
[1] 16.462328  6.552031 16.622272  7.080448
[1] 14.924406  6.486439 14.439124  6.770325
[1] 17.108354  7.911473 17.632289  7.484764
[1] 14.999358  7.239474 15.669643  6.370918
[1] 14.450367  6.383253 13.224115  6.294798
[1] 16.050283  6.645337 16.064041  6.489781
[1] 16.318295  7.112867 16.523764  8.868033
[1] 14.309214  6.921081 14.626639 10.560323
[1] 17.400883  7.157995 17.714469 16.193362
[1] 15.540807  6.639755 16.406876  8.031788
[1] 16.625824  7.056784 16.804444 10.585147
[1] 15.298430  6.436896 16.292172  5.497139
[1] 13.209923  5.745383 14.028003  6.840779
[1] 16.629384 10.129031 19.007598  9.897486
[1] 14.814937  7.570571 14.749077 69.418913
[1] 14.291912  9.785803 19.689746  9.610208
[1] 15.97564 10.70093 20.44543 28.30961
[1] 15.509717  6.534328 15.469469  7.328218
[1] 16.140335  7.676738 16.345846  8.272581
[1] 16.69064 10.86311 17.38108 10.42220
[1] 16.060731 10.254715 18.284607  9.537944
[1] 14.058723  6.978481 14.651482  7.854902
[1] 16.86390  6.21129 15.87745 10.99970
[1] 15.435132  6.014764 15.095010  7.081973
[1] 1.5
[1] 17.699622  8.558086 18.643037  9.841723
[1] 16.617396  7.149073 17.512312 12.718814
[1] 20.099833  9.069226 19.820963  9.105179
[1] 14.84479  6.99431 14.51503 22.25779
[1] 16.115585  7.894512 16.755393  9.645306
[1] 17.457196  8.308693 18.000342  8.454717
[1] 14.416922  5.867336 15.043582  9.975129
[1] 15.964574  6.357025 16.140123  6.271624
[1] 16.648019  6.105806 17.496324  6.585211
[1] 17.701076  5.899870 17.242641  7.458908
[1] 18.583126  7.915808 17.958106  7.304106
[1] 16.264198  7.613987 16.401263 10.649927
[1] 17.218442  5.573448 17.107251  6.268458
[1] 15.514423  6.915140 15.361120  9.592514
[1] 20.091216  8.855424 21.109877  9.005456
[1] 14.36357  8.11148 15.54175  8.13938
[1] 17.269501  6.537621 16.229256  9.011530
[1] 17.949271  7.400775 17.495023 10.669995
[1] 19.086465  6.930377 19.953537  7.114248
[1] 14.416380  5.741225 14.267651  5.621061
[1] 16.943241  6.399854 16.993405  6.730862
[1] 17.879103  7.295270 18.652229  6.328057
[1] 15.339218  6.862850 15.782151  6.120427
[1] 19.348491  7.838741 19.597993  9.575640
[1] 18.642897  7.299213 19.856461  6.952094
[1] 19.456241  9.982152 19.518553  9.068154
[1] 18.427324  7.292071 19.512913  8.468341
[1] 15.885362  6.802562 16.384499 11.919473
[1] 15.376667  8.332661 14.950028  8.677326
[1] 15.589219  7.137878 15.773524  8.590877
[1] 17.753271  6.809816 20.762958 13.908674
[1] 16.395622  5.917804 14.421937  4.905486
[1] 17.008985  5.501887 16.740682  5.529823
[1] 16.408916  6.377033 16.648801  5.632626
[1] 18.922510  6.194214 18.311294  6.650501
[1] 16.629549  7.051297 17.634462 13.211038
[1] 16.63801  5.55220 16.69954 19.19467
[1] 17.571211  8.748065 20.777425 16.624747
[1] 17.603442  7.803263 16.443575  6.539066
[1] 17.639330  5.965023 16.924081  7.194030
[1] 17.878102  7.659547 17.736765  6.938090
[1] 16.275837  6.628790 15.282762  6.539229
[1] 16.286401  7.394787 14.849331 13.133124
[1] 15.597895  9.135165 18.749128 13.069545
[1] 16.947192  8.767334 19.410232 11.616983
[1] 16.452481  7.365329 16.666934  7.803727
[1] 16.856603  5.629372 16.132014 11.508908
[1] 17.991600  7.338485 17.153519 12.852721
[1] 18.273273  8.649906 18.379900 11.199653
[1] 17.192230  6.976851 17.205219  7.346812
[1] 1.6
[1] 20.959777  7.709162 21.256026  7.226781
[1] 18.933825  6.851444 19.495331  7.901813
[1] 18.249383  9.758034 21.430336  9.927063
[1] 17.344372  7.478975 16.652853  8.829679
[1] 18.428229  6.070222 18.065037  7.557334
[1] 17.730157  7.274934 18.539303  7.233278
[1] 18.530047  7.787998 18.586110 14.791695
[1] 19.96061 10.45225 21.09367 18.47258
[1] 19.633417  7.272095 22.419098  7.889305
[1] 16.965620  5.918497 17.922536  6.631988
[1] 16.895034  6.786805 16.692436 10.718647
[1] 20.515605  6.337011 21.292731  5.496842
[1] 15.772499  5.784884 15.634412  9.831066
[1] 17.858859  6.213574 19.102303 10.913645
[1] 17.407367  8.063499 17.896644  7.687945
[1] 19.595253  7.847870 18.284879  9.251158
[1] 18.912377  7.476071 18.145953 11.153071
[1] 18.611802  7.044174 19.048857 18.550415
[1] 20.810580  8.921384 22.246827 28.912135
[1] 17.665901  6.171737 18.120033  9.271673
[1] 20.238002  7.814077 21.920899  7.947525
[1] 18.58368  8.18517 19.55411 10.10552
[1] 17.910351  9.204673 20.381730 11.745054
[1] 17.945583  7.022030 18.929296  6.614754
[1] 18.920657  6.177054 20.192390  6.114234
[1] 18.486837  6.671138 17.285927  7.302910
[1] 18.514236  6.173494 17.795486  6.218122
[1] 18.108445  5.673673 16.997937  5.864039
[1] 16.118458  5.475957 15.287593  8.572840
[1] 20.318602  6.686915 19.416907  7.787316
[1] 22.499354  6.732191 21.076360 22.928458
[1] 21.87329 12.72024 23.57613 19.71302
[1] 19.502193  6.226275 17.540149  8.249818
[1] 16.656493  5.501384 15.961457  7.326913
[1] 17.055153  6.856248 17.940133  6.775709
[1] 20.016295  7.277187 18.673042  7.331103
[1] 19.099172  6.357369 17.895231  7.639255
[1] 18.366264  7.391019 18.408812  7.622178
[1] 20.719873  6.723542 18.469300  9.752956
[1] 21.954428  7.448457 22.452534 14.482245
[1] 19.073775  8.660214 17.351352  9.218847
[1] 15.878710  6.808081 15.634087  7.384751
[1] 17.586815  7.546528 16.626347  7.213263
[1] 16.797410  6.751039 16.159718  9.815400
[1] 17.25096 10.15898 18.21214 10.93589
[1] 17.448171  6.329214 17.105463  5.724419
[1] 21.260505  5.891408 20.815759 16.587940
[1] 23.20610 12.05895 24.67457 13.89136
[1] 16.947551  7.758005 17.712173  6.871666
[1] 18.437237  8.278183 18.630105 14.144934
[1] 1.7
[1] 16.957793  6.005197 17.442024  7.554548
[1] 20.105343  5.881394 19.950359  6.149696
[1] 17.351498  6.981777 18.097636  8.885160
[1] 18.371954  6.403287 20.425984  6.735953
[1] 17.619551  7.264879 17.483309  7.644530
[1] 17.748909  6.394784 17.812032  9.141083
[1] 19.946788  5.615068 18.852914  6.918570
[1] 23.227203 11.152685 21.761750  9.832095
[1] 18.881309  6.481252 18.639361  5.977435
[1] 17.155473  5.737267 17.105160  7.311423
[1] 20.533469  7.576841 21.003426  8.318829
[1] 18.970985  5.900579 19.350538  7.221441
[1] 20.633255  7.154030 20.170793  8.047273
[1] 18.625711  6.654512 17.665940  7.476617
[1] 19.631513  6.791174 20.630543  5.470875
[1] 21.409195  9.998343 23.372957 13.926627
[1] 20.285141  6.279198 20.771906 20.238021
[1] 17.383596  8.316344 18.307969  9.264603
[1] 19.555971  6.687591 20.485958 19.028713
[1] 17.285486  8.063848 18.773310 47.685218
[1] 19.375419  6.965219 21.132637  9.931274
[1] 21.57509  8.14160 22.15640 17.39690
[1] 18.559884  5.998898 19.655792  7.383603
[1] 23.11288 13.39743 26.74443 15.43146
[1] 16.767942  6.700985 18.570998  7.372529
[1] 23.557509  6.276149 23.391553 19.549324
[1] 20.419410  6.637502 20.902750 14.678338
[1] 22.731730  6.191559 23.795599 12.806875
[1] 18.757815  7.179548 19.926429 11.021307
[1] 19.192365  8.120013 21.331713 13.088434
[1] 18.277861  6.067083 18.855577  8.849816
[1] 22.942631  7.191462 23.717237  9.745315
[1] 22.745145  6.903072 21.332837  8.098921
[1] 16.456854  5.773229 17.261751  6.412855
[1] 21.160211  8.242874 21.281320  8.330628
[1] 21.63751 11.78589 25.14415 15.58567
[1] 23.33789 12.54849 24.68916 12.43226
[1] 19.622718  6.356196 19.549316  6.317676
[1] 18.891007  6.063833 19.086846  8.786180
[1] 17.982147  8.084334 21.435275  7.000680
[1] 24.902885  7.450938 24.445451  6.099309
[1] 18.183531  7.337125 18.243144  6.578007
[1] 20.476799  8.431465 21.433986  9.136748
[1] 21.450263  7.654019 21.387606  8.488545
[1] 21.377954  6.193412 21.365298  7.451887
[1] 20.928743  7.703395 21.353720  8.211547
[1] 17.734924  7.189642 18.004107 11.727517
[1] 20.802273  9.329139 21.755059 17.860044
[1] 18.130969  7.421529 19.641355  7.951457
[1] 19.187296  6.362427 19.492190  5.793601
[1] 1.8
[1] 21.291878  6.846300 20.730452  7.778607
[1] 18.634292  6.462884 18.472849  5.991309
[1] 23.215506  8.426954 24.209049 16.290802
[1] 17.377938  6.402769 17.182894  7.389733
[1] 21.48560 10.03398 23.71938 12.50847
[1] 20.650739  5.351219 19.834772 17.027883
[1] 23.636314  6.710302 22.316596  7.094606
[1] 20.487384  7.326320 19.683375  8.126582
[1] 20.830474  7.006056 22.427038 10.016890
[1] 23.713010  8.599257 24.915578 26.247557
[1] 23.00089 10.94412 25.91487 14.47227
[1] 18.974213  6.655065 19.618898  7.765617
[1] 19.017973  6.626483 19.030349 16.453183
[1] 22.201322  6.737301 22.275211  7.949415
[1] 20.82124 10.08034 26.71935 12.13213
[1] 23.420075  7.580469 24.727118  7.455349
[1] 22.872044  7.744917 21.912453  7.925090
[1] 23.764154  7.858708 24.423584  9.088624
[1] 22.229784  9.926795 25.062760 10.164494
[1] 21.416663  6.059616 22.177383 29.970172
[1] 21.170257  5.882511 21.004655  8.037101
[1] 21.358851  6.654606 19.831488  8.885332
[1] 20.74228  5.85095 20.03422 10.70429
[1] 21.105453  6.781590 21.332263  8.290193
[1] 17.524237  6.156758 17.684349  7.785071
[1] 22.859698  9.309114 24.903873 14.705955
[1] 21.783441  7.359442 22.611287  8.180785
[1] 21.455810  8.176949 22.573305  8.146385
[1] 26.489403  7.915022 26.825739 10.600920
[1] 23.418447  8.509565 23.455795  9.231840
[1] 20.340512  7.181337 21.795788  8.872463
[1] 24.816297  7.919378 25.560864  9.136907
[1] 22.968946  7.909472 22.591099  8.030684
[1] 20.162854  8.165223 20.930597  9.140329
[1] 22.238488  7.449800 21.002747  7.859976
[1] 22.92414 11.45510 24.48592 12.33623
[1] 23.115598  7.989397 24.010021  9.915126
[1] 22.149573  7.832027 25.268821 11.093303
[1] 23.173432  9.447523 23.619338  7.334925
[1] 21.947935  7.253578 23.219136  8.567829
[1] 20.774021  6.056561 21.562496  6.859424
[1] 21.007037  6.668794 20.429934  6.629432
[1] 21.215824  7.754654 22.856065 21.764692
[1] 22.301330  7.886945 22.945136  9.811146
[1] 20.40167  8.19364 20.65163 14.28541
[1] 19.568686  6.806504 20.706079  6.832937
[1] 22.707027  7.564837 22.871341  6.605248
[1] 23.891515  6.424952 22.680184  7.913393
[1] 22.920364  6.386889 23.256751  7.221872
[1] 21.25533 13.20431 26.75662 13.14292
[1] 1.9
[1] 30.66153 12.94909 29.66633 17.06648
[1] 21.303019  7.600297 24.687705  9.738891
[1] 22.689569  9.014112 24.192013 10.011247
[1] 20.078086  7.800087 20.979641 53.629615
[1] 24.394074  8.659775 24.998443 15.625407
[1] 25.48543 10.59912 26.37330 13.65133
[1] 24.38147 11.95886 30.00558 10.14920
[1] 22.441648  6.626422 22.081950 12.055342
[1] 25.585271  6.152871 26.198933  5.801553
[1] 20.892417  6.227280 20.869281  6.542657
[1] 21.015263  8.233270 21.009599  8.147487
[1] 24.91723 13.87615 32.03285 14.70384
[1] 22.349734  5.645211 21.854034 54.085763
[1] 25.174747  7.603921 26.765561  7.910355
[1] 25.48296 14.37233 27.77689 14.66806
[1] 22.614666  5.542088 22.119834  6.289606
[1] 24.623146  7.381552 25.629788 20.263088
[1] 24.742881  6.866792 24.980486  8.754382
[1] 21.966183  5.993838 21.300224  5.724480
[1] 23.332346  6.891151 25.380363 19.644634
[1] 28.332636  6.302832 27.753751  8.924850
[1] 23.03130  7.69414 24.93891  7.11164
[1] 24.95310 10.08974 27.45136 11.38703
[1] 26.356610  6.431466 24.773805  6.381141
[1] 22.523799  8.240245 25.450646  9.032097
[1] 24.29757 11.90592 25.39037 19.15898
[1] 25.836419  6.544485 26.358082 15.882755
[1] 20.707588  8.922115 22.955067 11.869457
[1] 25.54565  6.65375 23.90254  6.22642
[1] 25.054722  6.385640 24.330644  7.890179
[1] 23.690542  7.476344 23.844678 12.789155
[1] 19.576099  5.768177 19.420317  5.138272
[1] 24.476420  7.726182 25.839485  7.232027
[1] 23.081677  9.282038 23.941853 18.856962
[1] 27.429745  8.066286 25.668470 38.098500
[1] 21.669861  5.941024 19.980648 10.427863
[1] 27.128190  8.718226 29.055084  9.956959
[1] 20.807802  7.141289 21.245177  6.675849
[1] 29.244804  9.958956 31.496398 11.269148
[1] 21.326504  6.849655 20.826349  8.565185
[1] 26.56050 12.76091 31.21643 12.92593
[1] 22.293403  7.861711 21.481583  6.625735
[1] 19.918978  6.970102 20.001793  7.286810
[1] 26.899716  7.259526 28.139691  6.591204
[1]  24.143454   6.480103  23.037814 122.112550
[1] 26.863231  8.860347 26.753316  8.637655
[1] 23.97751  6.58975 22.29464  6.40314
[1] 21.348027  6.983015 21.885900  6.181896
[1] 22.606795  6.877310 22.477486  7.888945
[1] 22.476398  5.943235 22.401793  7.622072
[1] 2
[1] 25.711600  6.543139 25.303951  6.289845
[1] 23.319925  6.288179 21.683520  9.296463
[1] 24.773440  8.092138 25.866679  9.751019
[1] 25.707464  6.386818 26.524060  7.089775
[1] 27.455460  9.526743 26.826607 13.514510
[1] 22.078117  7.227626 22.890798  6.966191
[1] 24.905703  8.640776 25.189091 10.848942
[1] 27.438290  8.664111 29.839041  9.364006
[1] 24.386329  5.568350 24.103187  6.540857
[1] 27.738326  7.743861 27.326682  8.555211
[1] 27.52547 11.79896 30.39342 17.55546
[1] 23.780467  8.328619 26.544618  9.823757
[1] 26.422701  7.507307 26.021985  9.717718
[1] 26.16135  7.53220 28.79560 17.40344
[1] 27.169291  8.860742 27.568012  8.828915
[1] 27.033780  7.242010 28.227728  5.784735
[1] 24.069238  7.616077 26.598708  8.248841
[1] 28.42209  9.15041 30.64274 12.92472
[1] 23.282807  6.921995 22.220735 17.555136
[1] 24.65171  7.21664 27.60324  8.72965
[1] 23.698147  7.045200 24.575073  7.677383
[1] 28.770198  9.860025 28.959171 10.248011
[1] 21.407568  5.743342 22.182991 11.347523
[1] 24.800617  7.383177 23.637917  7.743903
[1] 27.267741  8.591646 29.792965 12.499092
[1] 23.69051  5.66585 23.63432 36.59765
[1] 22.661179  8.129217 21.917608  8.233952
[1] 23.713020  7.501924 23.527236  7.468215
[1] 28.618689  8.078842 27.132043 11.724244
[1] 25.355246  5.430084 25.137950  5.233374
[1] 26.585944  6.099685 26.839322  5.664876
[1] 24.262599  6.256294 23.152305  5.636807
[1] 22.789384  9.323097 25.875974  7.756047
[1] 24.524704  7.710432 25.534131 14.617101
[1] 28.19156  9.50485 28.28515 11.31741
[1] 25.385860  7.952738 25.587725 10.323006
[1] 24.836062  5.952943 25.159306  7.704986
[1] 26.101081  6.750853 26.301157  7.323351
[1] 24.879654  6.336908 25.426622 28.348966
[1] 25.378996  7.455029 27.125456 13.243268
[1] 26.588858  8.454472 29.155477  7.738883
[1] 23.221865  6.735793 24.427063  8.138279
[1] 25.833702  7.519509 24.840594 13.452264
[1] 24.166844  6.435607 23.350198  6.705887
[1] 24.896937  9.766042 26.040944 10.031135
[1] 23.037102  7.134082 22.989417  5.642470
[1] 28.72101 14.56205 35.38879 18.19122
[1] 24.175813  6.258342 24.415935  5.823227
[1] 28.450774  7.783522 29.956690  9.778628
[1] 19.336871  7.781072 18.821084 14.218745
[1] 2.1
[1] 25.641562  7.495899 25.347911  7.391203
[1] 28.716302  8.820774 29.020308 82.166815
[1] 28.804087  8.157191 28.759629 12.204963
[1] 28.755168  7.158923 30.680907 25.708741
[1] 28.170729  7.003064 28.791056 18.506651
[1] 25.807689  7.275177 25.730183 13.772633
[1] 25.706326  7.917323 26.325889  9.593118
[1] 27.924491  7.047395 27.482084  9.901438
[1] 23.606701  6.919587 23.906547 19.490543
[1] 25.168757  6.433601 26.378669  8.006719
[1] 28.462437  7.426187 27.036175  7.914743
[1] 25.664601  6.828387 26.536218  6.661252
[1] 22.387556  8.471633 24.988766  7.721950
[1] 24.241743  7.525355 24.780543  9.241151
[1] 32.230435  8.245473 31.449553  9.612162
[1] 25.895314  6.409921 26.254231  8.996750
[1] 29.180400  7.777747 29.851318 12.267120
[1] 26.534825  7.063220 26.897780  7.919414
[1] 26.946864  6.282314 24.579395  8.051422
[1] 37.19285 15.69087 42.99468 40.98670
[1] 24.806515  7.222229 26.629788  8.353237
[1] 29.213808  8.168335 31.073972  7.989366
[1] 22.543509  7.722013 24.314040 11.804515
[1] 27.965705  6.544195 27.539550  6.165485
[1] 27.731731  6.619156 28.021579 27.070878
[1] 30.741441  7.291965 30.437954 14.114434
[1] 28.370208  7.653972 30.836884 72.751823
[1] 26.96289 10.93699 31.68996 15.21331
[1] 26.318649  7.066578 25.321116  7.633705
[1] 26.169697  7.972062 27.251446  9.215902
[1] 29.569543  6.934484 29.000933 10.509110
[1] 30.625048  9.530143 30.025117  9.007613
[1] 28.03643 10.99570 29.61547 14.19962
[1] 26.630002  6.765296 27.300646 11.569650
[1] 25.919960  9.006927 28.468465 10.125881
[1] 26.009609  6.238934 26.819977  8.269626
[1] 33.596494  7.313618 31.105302 16.072036
[1] 29.85906 22.02897 47.23079 22.03369
[1] 26.997320  6.198527 24.894731  7.266726
[1] 25.244181  7.829918 26.610470 14.600804
[1] 24.248360  7.508082 23.953068 11.009543
[1] 25.720328  9.220154 27.264302 10.976710
[1] 33.441594  7.423977 34.144627 28.631708
[1] 35.04842 11.60258 36.14552 20.82025
[1] 27.787161  8.801474 30.360891 10.995114
[1] 33.09252 10.34842 30.70538 12.47804
[1] 26.182390  8.394397 27.577934  9.894098
[1] 23.771770  6.976366 23.720415 30.847985
[1] 30.54421 10.14082 32.09090 16.66608
[1] 30.07444 12.01938 30.06049 11.01328
[1] 2.2
[1] 33.38483 11.96544 37.53016 12.15649
[1] 27.05374  7.23369 28.40410  9.45547
[1] 27.283168  9.219255 29.242306 10.039612
[1] 31.005769  9.804921 31.428366 15.327975
[1] 31.92238 11.52152 36.22111 22.18713
[1] 35.119519  7.953061 34.781314 25.723423
[1] 27.084600  6.126648 27.996455  7.135792
[1] 31.992735  7.345551 30.893023 19.780886
[1] 26.042661  6.635351 25.253691  6.125216
[1] 27.648843  8.361683 28.300306 11.462916
[1] 27.88757 14.19805 35.02703 15.68825
[1] 26.574499  6.649867 26.392863  8.932880
[1] 30.196810  5.768203 29.843159  6.960038
[1] 28.771783  6.791609 28.502837  6.306436
[1] 30.637300  5.521796 30.926340 18.229959
[1] 32.322529  7.295745 32.643870 10.321242
[1] 29.798509  6.015875 30.354587  5.845286
[1] 29.075034  7.440614 28.063027 13.381340
[1] 28.772152  8.137672 27.111099  7.762706
[1] 30.814615  5.750467 31.584192  5.575130
[1] 29.915802  5.540628 30.041787  7.632602
[1] 25.008079  5.630695 25.298837 15.636392
[1] 32.637169  6.399941 31.423245  5.517271
[1] 26.648480  6.289167 27.596602 15.759695
[1] 28.300135  6.128673 28.385316  9.820438
[1] 32.142557  7.728942 31.671037  9.236917
[1] 34.70456 11.94287 34.65989 13.43553
[1] 27.864917  6.236061 27.436382  9.008634
[1] 29.56238  7.38017 30.08791 10.16046
[1] 29.33601 11.56892 32.69340 11.35811
[1] 31.036156  6.896651 32.259813 11.115657
[1] 30.89124 10.58976 32.28774 17.60805
[1] 31.169217  8.956748 32.397458 12.034128
[1] 24.746798  8.893593 25.269592 12.926806
[1] 29.145933  8.901667 30.841093  8.628710
[1] 28.886633  7.904039 28.136832 43.321544
[1] 30.200272  9.354588 31.449205 13.624138
[1] 31.187119  7.161082 30.259934 22.197769
[1] 32.097278  7.287956 32.828650 10.474962
[1] 30.147290  8.354339 30.750543 10.418118
[1] 32.555877  7.715394 33.869266 12.490336
[1] 29.310854  9.801765 30.121218  9.892751
[1] 27.629067  6.134262 28.868924  8.727180
[1] 29.366951  9.528898 29.630579 11.060499
[1] 27.717981  6.836069 27.337352  9.387278
[1] 33.393343  6.825558 33.044591  8.133665
[1] 32.357039  8.782244 31.157743  8.152238
[1] 31.586333  7.500811 33.226009 13.514229
[1] 29.456508  5.926465 25.938744  8.002299
[1] 27.893492  8.419939 28.294169  9.495984
[1] 2.3
[1] 27.964885  9.871626 30.963607 13.634007
[1] 34.15847 11.73032 39.12970 12.90171
[1] 37.318261  9.773624 34.139417  8.725738
[1] 33.412764  7.275716 34.500947 10.031398
[1] 30.16930 13.04508 36.47790 39.08569
[1] 34.24013 11.73176 38.11705 10.63086
[1] 36.49231 11.86349 37.97935 11.67354
[1] 34.50855 12.54976 38.38190 15.15232
[1] 29.579674  5.194433 29.349451  7.684577
[1] 30.71387 10.02002 36.07104 25.46567
[1] 30.412812  8.711212 31.083907 13.478451
[1] 31.352558  6.521497 33.292944 13.936977
[1] 36.07129 10.95658 36.24394 14.03465
[1] 30.470983  5.751633 30.772447 13.274025
[1] 33.456390  8.271474 34.340283 10.095758
[1] 37.72924 12.10142 39.60082 21.90354
[1] 36.92461 16.43203 38.97712 16.80073
[1] 32.016941  7.597135 34.352447  7.300571
[1] 34.02671 10.58686 38.01622 18.32466
[1] 35.236143  9.290677 38.305795 26.218113
[1] 33.07275 10.31156 35.50846 17.08282
[1] 36.627569  6.792454 34.650594 13.003204
[1] 28.122712  8.172412 29.355788 11.034968
[1] 37.108938  8.115475 35.925731 15.198587
[1] 29.608567  7.607232 32.860248 18.570906
[1] 32.961217  6.573783 34.209256  7.919167
[1] 30.765553  7.192802 31.042302 23.390172
[1] 27.671057  8.096016 29.494326 16.256189
[1] 29.642256  7.022350 30.283512  6.493651
[1] 34.824931  8.749487 37.716314 11.418831
[1] 32.276438  7.605205 33.734236  6.758523
[1] 34.918933  9.750108 38.486232 15.557292
[1] 37.96102 22.26234 48.67303 22.39007
[1] 27.802138  6.520102 28.758361  6.152674
[1] 24.669820  6.752189 24.850956 14.020720
[1] 36.76037 14.64884 42.20543 19.97781
[1] 31.941920  7.548279 32.751619 15.586587
[1] 28.49161 15.62016 38.28332 17.27982
[1] 31.09368 11.29551 33.85314 23.05362
[1] 30.596962  8.974228 32.303172  9.085051
[1] 28.44103 11.73567 32.71059 14.84108
[1] 32.366036  9.640623 36.890242  8.690530
[1] 28.647738  8.100290 29.645977  9.432899
[1] 30.315490  7.943342 34.407602  8.066871
[1] 31.148588  6.498743 31.292922 10.435133
[1] 33.639145  6.879823 31.327192  8.039720
[1] 34.731727  9.713473 33.392245 16.993214
[1] 30.83863  8.30794 32.64362 13.79972
[1] 33.37656 10.93763 34.06997 11.28046
[1] 33.352458  7.995966 35.031387 17.374432
[1] 2.4
[1] 32.725499  6.634831 32.044276  8.013201
[1] 33.42409 10.42461 38.79657 13.71021
[1] 33.572196  6.509657 31.769275  7.807255
[1] 37.26903 13.65483 42.33378 13.69951
[1] 28.910480  8.604833 31.993417 10.324739
[1] 32.660619  8.394901 34.408327  9.550410
[1] 40.76739 12.70799 43.02389 12.24249
[1] 29.407351  6.777802 30.719160  6.422716
[1] 38.059321  8.136970 37.247788  8.512237
[1] 37.38196 11.08484 37.62912 16.90314
[1] 34.941067  7.298811 36.975861 12.694661
[1] 29.751776  6.318085 30.325477  7.546080
[1] 32.57783 10.95647 32.62707 12.36354
[1] 32.76435 11.01990 33.88855 25.86653
[1] 26.835189  6.349413 26.891485  8.841801
[1] 34.747168  9.261022 36.724828 13.465701
[1] 37.045832  9.197576 38.472432 10.282645
[1] 32.391920  6.560552 32.556409  9.698727
[1] 32.476657  7.707680 32.318285  8.224504
[1] 31.937243  7.214748 31.807622 11.631778
[1] 35.146005  7.248263 34.924407  6.651053
[1] 32.014774  7.989718 32.935479 11.533385
[1] 34.861864  6.304676 37.422277 15.033164
[1] 32.644349  9.552698 35.508970 13.995199
[1] 35.98068 10.72083 37.39888 56.97916
[1] 33.313494  9.823139 35.978891  9.228901
[1] 30.345788  6.390305 32.079016 10.466721
[1] 33.728415  9.681777 36.393446  8.444569
[1] 39.400513  7.878125 38.202381 11.717502
[1] 31.029158  9.290572 32.506359 11.002198
[1] 37.522356  8.210460 37.485387  8.663157
[1] 31.525292  8.040773 32.964813 32.016307
[1] 33.87247  7.26421 32.89081 14.17491
[1] 35.68155 11.71171 38.44899 14.39631
[1] 31.76053 10.35037 33.92326 22.49549
[1] 40.81305 10.49766 45.16238 19.86202
[1] 39.318909  8.820252 40.297088 21.804893
[1] 38.207644  7.395447 37.194310 30.609341
[1] 34.139893  8.063631 34.497216 14.296582
[1] 40.430169  6.100414 40.408681  7.672204
[1] 37.348433  6.146033 35.944708 10.136193
[1] 37.285638  9.414256 38.244818  9.329952
[1] 33.121300  9.121299 35.266174 10.466866
[1] 30.868171  7.514078 31.565336  7.717534
[1] 35.434878  9.039417 35.420093  9.604208
[1] 35.507819  7.152927 34.725385 10.086652
[1] 29.836855  8.101651 32.118892 10.818777
[1] 30.336775  9.547023 31.707801 36.994840
[1] 39.34646 10.71132 41.94369 23.43024
[1] 31.652141  8.173273 33.486551 32.179025
[1] 2.5
[1] 35.53760 16.91065 44.25055 33.57755
[1] 38.90315 15.21593 49.32527 18.87802
[1] 35.246544  8.355528 37.465816 13.118350
[1] 31.031336  9.356844 31.429268 14.088852
[1] 37.291344  7.001756 38.478760 16.193114
[1] 36.600595  6.515399 36.335214  6.571616
[1] 41.656209  8.739434 43.977764 14.834406
[1] 39.78278 13.53661 42.48385 15.46366
[1] 32.108784  7.094541 33.654387  8.283848
[1] 35.277990  6.355884 33.838121 19.356544
[1] 33.17290  9.61167 36.07762 21.27326
[1] 37.441676  7.609226 37.370308 20.167778
[1] 36.355769  8.904158 34.413125 12.141793
[1] 34.239242  5.976562 34.168478  7.797766
[1] 36.01959 10.47918 39.04856 14.67965
[1] 36.208695  6.650136 35.814317 45.933535
[1] 33.472448  6.640743 34.084000 11.207757
[1] 34.430441  7.015532 34.742074 11.722073
[1] 39.976272  7.475905 43.210175 15.257859
[1] 33.702481  7.392401 34.633012 38.804586
[1] 37.399270  8.192989 37.957761 12.356556
[1] 32.110415  7.409511 34.023195  7.289842
[1] 42.00625 10.26006 44.67893 15.33713
[1] 30.584170  8.376497 31.886767 10.136760
[1] 32.897492  8.650478 34.998919  8.298445
[1] 38.77725 10.69780 40.94971 14.52467
[1] 40.40336 10.73280 43.00481 14.73298
[1] 33.54873 15.03541 39.88772 15.35158
[1] 38.126216  8.539754 41.329217  8.572580
[1] 35.950553  7.265657 38.782476  8.461372
[1] 35.694297  7.943483 36.440299 25.193337
[1] 34.23845 10.03655 34.11312 20.45112
[1] 37.371811  6.675967 38.479948  7.915199
[1] 36.17862 12.76585 40.08899 13.60137
[1] 48.97913 19.01439 53.22977 23.22801
[1] 37.130452  8.983234 37.923657 15.718040
[1] 38.00762 13.96216 38.62113 17.70846
[1] 32.31254 10.16832 32.48621 11.96626
[1] 37.654461  8.281371 41.046960 29.798345
[1] 38.404903  9.215259 39.828329 10.976283
[1] 39.479814  7.037614 40.559905  7.073659
[1] 36.465810  7.928617 36.722216  8.431976
[1] 39.539652  7.511767 42.061962 19.485469
[1] 38.12049 10.99727 41.07974 14.58340
[1] 40.349293  7.205316 39.496112  8.519636
[1] 32.815592  5.988347 32.563597 13.365497
[1] 35.794297  8.365483 38.338669 35.805889
[1] 36.108600  7.254322 37.705473  9.518056
[1] 45.21402 13.10281 45.56659 12.64467
[1] 38.505156  9.487374 41.618811 22.812628
