Loading required package: Matrix
Loading required package: foreach
Loaded glmnet 2.0-10

Loading required package: methods

Attaching package: ‘pracma’

The following objects are masked from ‘package:kernlab’:

    cross, eig, size

The following objects are masked from ‘package:Matrix’:

    expm, lu, tril, triu

[1] 0
[1] 10.849368 22.589183  9.407762  9.424967
[1] 11.541045 21.829452  9.894599 13.652944
[1] 12.61544 22.79342 11.41970 11.19438
[1]  8.553389 23.110666  8.207366  8.095225
[1] 12.890901 24.061567  9.950414  9.806469
[1] 10.295033 22.735008  9.889855  9.818436
[1] 10.843551 23.364530  9.638569  9.408740
[1] 15.07152 28.16693 10.51062 10.74249
[1]  8.848691 19.225430  8.408002  8.540919
[1] 10.416419 22.041569  9.148284  8.834425
[1] 10.909125 21.206821  9.879202 11.437999
[1] 10.203928 18.829059  9.163654  9.594389
[1] 12.69877 24.09086 11.59543 11.69864
[1]  9.593452 20.028121  7.602065  7.634800
[1]  7.468248 17.107901  7.118164  8.905784
[1] 11.44404 22.68852 10.76153 10.59322
[1]  9.205464 22.213657  8.579720  8.188804
[1] 11.92290 22.21133 10.43237 10.59761
[1] 10.55925 22.31543  8.49173  8.54267
[1] 12.413689 22.250701  9.501487  9.979266
[1] 10.171493 20.084837  9.014309  8.951668
[1]  9.581742 23.907762  8.779204  8.938210
[1] 10.160552 21.058845  7.703661 10.589703
[1] 11.19793 23.74521 11.18486 10.89533
[1]  8.581589 21.780476  7.635825  7.678657
[1]  9.133579 19.700664  8.161255  7.713661
[1] 12.20449 28.52283 11.62127 11.28961
[1] 11.46823 26.44435 10.29421 10.46814
[1] 10.212264 24.072576  8.959258  8.865400
[1]  9.547395 21.629409  8.990898  8.908970
[1] 10.073640 21.599068 10.041003  9.893886
[1] 10.661562 21.786090  9.913755  9.806923
[1]  9.734739 22.977986  9.565466  9.914547
[1] 11.710285 24.122384  9.946056 10.007867
[1] 11.328397 22.748287  9.809331  9.649501
[1] 10.357665 21.852947  9.491797  9.627018
[1] 12.045344 24.445520  9.117653  9.270759
[1]  8.813464 22.679544  7.940874  8.154524
[1]  9.035914 21.175565  8.645292 10.828436
[1] 11.260782 24.036701 10.101995  9.848063
[1]  7.392885 16.019948  6.732091  7.238452
[1]  9.493074 22.689446  8.446136  8.363126
[1] 10.602689 22.579119  9.806602 10.070254
[1] 10.61205 20.51526 10.02395 10.45087
[1]  9.318691 22.159428  8.810000  9.024266
[1] 10.985497 21.582018  9.841159  9.497158
[1] 10.570526 22.113297  9.508237  9.611864
[1]  9.128614 21.546587  8.002357  8.265622
[1] 11.962137 20.302057 10.117054  9.383178
[1] 10.649903 19.890079  8.830337  8.934921
[1] 0.1
[1]  9.819337 21.442226  8.549013  8.107038
[1] 13.96801 25.97043 12.76192 12.90843
[1] 12.31298 22.52224 11.39144 10.75611
[1] 11.939628 21.305643 10.239851  9.349539
[1] 10.043959 20.240827  9.384066  9.854241
[1] 11.398031 22.217416  9.169469  9.605275
[1] 11.82958 21.44967 11.14069 10.92793
[1] 10.368393 20.916565  9.678618 10.507503
[1]  9.826740 22.202935  9.810459  9.805927
[1]  9.279291 22.244109  8.479164  7.911332
[1] 11.808618 22.748630  9.507917  9.741628
[1] 12.04465 23.86487 10.19335 10.02459
[1] 11.29464 21.13787 10.27069 10.58397
[1] 10.914600 17.245587  9.409748  9.370377
[1]  9.127427 18.311878  8.606147  7.970742
[1] 11.368823 23.898362 10.224499  9.869229
[1] 10.16559 19.51479 10.13887 10.20129
[1] 10.915037 20.734280 11.100162  9.329532
[1] 13.06366 21.08763 12.74272 12.73303
[1] 10.913073 19.733112  8.937233  8.487563
[1] 11.161902 21.307138  9.647457  8.853909
[1] 10.581073 22.494873  9.918588  9.865112
[1] 10.042626 19.253180  9.566032 10.877363
[1] 14.90105 27.22526 12.35532 12.01596
[1] 10.22682 24.01390 10.18374 10.16850
[1]  8.793225 20.141161  7.776679  7.359543
[1] 11.12877 22.49583 10.46205 10.37347
[1] 12.12972 23.15147 11.81336 11.73977
[1] 11.59453 25.07135 10.88640 10.53547
[1]  8.902865 21.544586  8.180127  8.333897
[1] 12.64910 20.70128 11.15745 10.11873
[1] 11.94358 23.01084 10.55766 11.02356
[1] 10.145728 22.273143  9.362992  8.777927
[1] 11.755032 20.364808  9.312930  9.019736
[1] 15.29942 23.45406 12.63407 12.14805
[1] 12.99476 25.94067 11.07415 10.27014
[1] 11.29891 19.84617 10.68841 10.37237
[1] 10.766093 18.621071  8.941574  8.413280
[1] 10.864827 23.157948  9.296603 10.605248
[1] 12.198558 22.084216  9.888689 10.173740
[1]  9.920137 21.081321  9.293765  9.123135
[1] 12.92898 21.23170 12.01442 11.71181
[1] 11.09522 22.03655 10.10437 11.68992
[1] 15.68917 21.80663 14.80875 16.35606
[1] 11.31218 22.10913 10.68095 10.20181
[1] 11.98155 20.86118 10.80747 10.23036
[1] 11.951460 20.360378 10.180324  9.860369
[1] 10.95955 25.09796 10.22811 10.86505
[1] 13.91416 24.10395 11.00969 14.28678
[1] 10.544458 21.441807  9.650084  9.807761
[1] 0.2
[1] 13.61914 27.03595 13.54770 12.40246
[1] 11.73989 23.38780 10.97925 11.33786
[1] 11.829390 21.091668 10.341798  9.330211
[1] 12.240324 20.598423 10.816181  9.706461
[1] 11.38076 20.18618 10.80204 11.67070
[1]  9.555629 19.730149  8.546313  8.250407
[1] 13.41416 21.56500 12.21169 12.39256
[1] 13.06316 24.67876 11.35126 10.49906
[1] 13.457828 23.635063 12.105800  9.845405
[1] 11.23211 23.77588 10.19204 12.84066
[1] 10.376453 22.637320  8.790573  7.949385
[1] 11.203709 23.729249 10.748291  8.891074
[1] 11.46527 23.68565 11.69764 10.91361
[1] 11.12403 21.57656 11.47808  9.39030
[1] 12.95224 21.27535 12.95909 11.45309
[1] 11.10426 22.49529 10.16990 10.02186
[1] 11.35325 23.02156 10.98209 10.88517
[1] 14.03957 20.19357 11.52552 19.28691
[1] 15.81600 24.08953 13.38966 10.46441
[1] 10.375218 21.972445 10.206403  9.521561
[1] 11.71101 21.33930 11.79942 10.26587
[1] 10.461866 22.397379 10.040447  9.092116
[1] 14.05639 23.47154 12.42680 11.36578
[1] 12.07993 21.51286 11.81615 10.73001
[1] 16.17926 24.52007 13.61301 12.95934
[1] 11.93242 26.17606 11.93442 11.05714
[1] 10.874080 22.099382  9.837869  9.469881
[1] 12.815811 21.079673 11.248751  9.947534
[1] 12.44059 20.82651 11.00265  9.05010
[1] 10.577211 19.885187  9.127075  9.020793
[1] 10.063746 19.942020  8.726776  7.716162
[1] 11.03358 22.85858 10.57765  9.68834
[1] 12.30232 21.40392 11.73034 10.08797
[1] 13.175750 22.898100 11.817848  9.778225
[1] 11.64992 24.04929 11.78936 13.30939
[1] 11.50079 20.44781 10.92211 10.12221
[1] 11.292481 22.030328 10.348710  9.722325
[1] 14.63520 22.75014 12.02700 10.42110
[1] 11.55690 23.14154 11.28389 10.32181
[1] 11.10683 20.89055 11.42956 10.13697
[1] 10.85560 20.97975 11.09815 10.47987
[1] 11.271410 18.592423 10.012770  9.698428
[1] 12.514783 24.141643 10.289666  9.579613
[1] 11.64915 19.74514 11.76184 10.92752
[1] 11.288646 18.897378 10.786012  9.754438
[1] 11.35546 20.78660 11.03465 10.16744
[1] 14.35153 26.87344 11.84447 10.07876
[1] 10.356656 19.772170  9.854008  9.750144
[1] 13.52575 21.03848 11.64536 10.18635
[1] 12.494232 27.580537 12.441571  9.959684
[1] 0.3
[1] 13.77376 23.62513 13.95933 10.97768
[1] 12.99546 19.50097 12.68584 11.55751
[1] 13.367538 20.222582 12.578780  9.675543
[1] 13.759217 23.814186 10.845101  8.358437
[1] 12.639548 19.769302 11.235581  8.338788
[1] 14.28470 19.99357 14.24066 10.78377
[1] 11.349230 19.504003 10.895967  8.024012
[1] 13.120683 23.477883 12.548928  9.769054
[1] 12.846781 21.509760 12.184946  7.583503
[1] 14.28175 26.11130 13.92205 11.40323
[1] 15.29196 25.12943 14.50292 12.19849
[1] 14.88865 24.96064 14.55316 11.27772
[1] 13.340685 22.498034 11.467941  9.735715
[1] 11.599755 19.086952 11.324383  8.489475
[1] 15.67254 23.23470 14.59843 11.79418
[1] 11.939770 21.428430 11.046118  9.371571
[1] 14.01921 21.77087 13.33891 12.90659
[1] 17.32102 24.48697 14.72621 10.52606
[1] 15.54190 27.60022 14.41793 12.60420
[1] 12.324556 20.734369 11.796839  9.772825
[1] 12.394711 19.271147 11.411658  9.568664
[1] 15.51638 23.35490 13.77234 10.67241
[1] 12.666168 19.298383 12.760380  9.020909
[1] 12.21922 18.63147 11.78655  8.34646
[1] 12.620556 22.362109 11.751300  8.731351
[1] 12.47510 23.43560 11.70933 10.26246
[1] 11.78880 21.07002 10.54101  9.47957
[1] 13.597619 20.628445 12.160150  9.488995
[1] 15.72143 23.36092 14.31028 11.03189
[1] 13.48996 22.90336 12.93127 10.96989
[1] 11.111749 21.516418 10.911040  9.573513
[1] 14.82518 23.44665 14.65566 10.93495
[1] 13.79153 22.04816 12.66043 10.52784
[1] 14.238753 22.663020 11.903820  9.878054
[1] 14.06164 21.76867 13.91624 10.64440
[1] 13.58482 21.28625 12.27994 10.07829
[1] 14.91964 23.21494 13.24853 10.80447
[1] 12.89155 22.56898 12.70969 12.62270
[1] 11.51730 20.72693 11.13004 11.22329
[1] 13.72613 22.03836 13.42792 11.59850
[1] 13.956290 24.106401 12.090092  8.828533
[1] 11.354398 23.970323 11.591665  9.768704
[1] 13.90038 21.10208 12.66849 11.14235
[1] 11.46680 23.89171 11.00962  8.82285
[1] 11.688209 19.974639  9.921058  7.701280
[1] 14.31711 22.44979 12.30062 10.82934
[1] 13.53792 22.43557 12.63070 10.29160
[1] 16.29103 23.39566 13.77412 10.45988
[1] 14.346516 19.085798 12.577020  9.345334
[1] 12.093091 22.860089 11.518297  9.237953
[1] 0.4
[1] 17.42216 25.58639 15.60984 12.22198
[1] 15.09554 23.89714 14.16442 10.58549
[1] 13.58108 22.50747 12.34641 10.00492
[1] 15.88218 19.20598 14.01431 10.44880
[1] 14.788529 18.689941 13.640503  9.671038
[1] 14.772870 21.643675 12.714457  9.100278
[1] 16.11303 24.80885 15.48218 10.83014
[1] 16.34281 20.08283 16.16022 10.08660
[1] 16.09756 20.66135 17.21633 10.69482
[1] 14.89147 17.26190 14.06383 11.23227
[1] 14.97640 19.98361 13.88406 11.43910
[1] 18.73827 22.54315 16.98297 12.85706
[1] 16.719201 22.924564 15.422062  9.400478
[1] 16.890336 22.469241 15.665282  9.994513
[1] 15.50535 21.31402 15.38606 15.23137
[1] 16.89649 23.67092 15.09604 10.32341
[1] 18.31117 28.73045 16.29112 12.38125
[1] 17.34913 25.72798 16.52965 11.29028
[1] 14.226100 21.929836 13.844189  9.267239
[1] 14.31975 23.75743 13.91043 10.41809
[1] 13.04511 17.47643 12.55316  8.84250
[1] 15.83415 24.96780 14.26608 10.90024
[1] 13.893678 21.586421 12.945958  8.795346
[1] 15.38732 19.13210 15.32234 10.71198
[1] 13.38245 21.24023 13.32841 11.07098
[1] 14.36205 21.42784 13.59727 10.30072
[1] 14.23801 22.59893 13.31051 10.79483
[1] 16.55724 20.54331 15.81746 11.66622
[1] 17.39557 25.34645 16.75258 12.26700
[1] 14.30413 19.24260 14.19992 11.30029
[1] 16.89199 23.09426 16.20959 11.65806
[1] 13.51571 21.28540 12.02086 10.97860
[1] 16.47196 24.92481 14.35883 11.90305
[1] 17.68303 23.15168 15.74300 10.61651
[1] 14.817047 21.779894 13.922681  8.931602
[1] 17.91815 24.66843 16.90148 12.26943
[1] 13.90162 20.95063 13.17631 11.15626
[1] 17.81871 22.10268 17.82996 11.65898
[1] 14.454781 23.056008 14.525650  9.688891
[1] 14.816198 23.433772 14.666895  9.237361
[1] 17.17770 23.69181 15.13959 10.39657
[1] 17.17681 27.21324 15.36964 11.14917
[1] 16.18420 23.71340 15.25945 10.00157
[1] 18.85219 22.39135 16.30570 11.73209
[1] 12.80757 23.92814 12.41450 11.23524
[1] 15.383289 24.320930 14.103696  9.636922
[1] 16.93236 22.65037 15.38820 14.22048
[1] 14.14557 20.27094 14.81415 10.70824
[1] 15.74154 21.09306 14.28513 10.81829
[1] 15.252139 21.682154 13.916321  8.990944
[1] 0.5
[1] 16.89007 20.99115 16.66686 12.59530
[1] 17.15719 23.42153 16.15760 10.27674
[1] 15.302987 22.407230 14.621801  8.294115
[1] 17.83053 24.75500 17.32681 10.90834
[1] 17.73254 20.19490 18.67263 11.49507
[1] 20.73240 25.03233 18.59728 12.50026
[1] 16.699769 19.173994 15.535275  9.326057
[1] 15.71218 22.45890 15.32581  8.73949
[1] 19.92965 23.44645 18.84961 11.73854
[1] 19.93405 24.48753 19.69416 12.66132
[1] 19.19985 21.88981 18.46437 10.83994
[1] 20.070638 23.588645 18.382434  9.832648
[1] 19.544018 25.634585 18.963542  9.845726
[1] 16.28331 24.20661 16.21549 12.52744
[1] 17.22125 21.16816 17.33074 11.41245
[1] 21.53881 25.86609 19.48711 11.34179
[1] 19.94209 25.15316 19.07032 13.41597
[1] 17.55199 27.45416 17.03460 10.91508
[1] 16.03002 23.88203 15.60588 10.39725
[1] 15.84500 22.03006 14.99588 10.30250
[1] 15.19812 20.47958 14.76767 10.71346
[1] 20.66560 23.54191 19.45658 10.68235
[1] 17.549517 25.766062 16.488027  8.975117
[1] 21.49687 28.23885 20.65427 12.50407
[1] 16.057812 18.509589 14.625618  9.990368
[1] 16.70506 22.37745 16.51784 10.10052
[1] 15.51848 22.54514 13.80769  9.72302
[1] 18.78461 23.47787 17.57515 10.76096
[1] 16.682871 25.342511 14.893158  9.760087
[1] 18.44173 23.12135 17.31111 12.64982
[1] 17.38284 24.02055 15.84286 12.87680
[1] 20.29283 25.70960 19.73995 10.58863
[1] 16.87044 22.83531 16.27422 11.11149
[1] 20.09561 23.25122 19.78963 14.96188
[1] 20.35526 23.59258 19.55916 12.92667
[1] 16.04271 20.93485 15.09936 13.10897
[1] 22.47099 24.34657 20.30531 10.57038
[1] 15.850033 20.531766 15.180985  9.277989
[1] 19.205357 23.660539 18.387158  9.459277
[1] 16.145419 21.995467 16.063183  9.982148
[1] 17.97463 22.56870 17.72851 11.39548
[1] 19.77242 23.72825 18.74186 12.69312
[1] 16.410903 18.907957 15.921717  8.960729
[1] 17.08838 24.96732 16.65214 11.24909
[1] 16.79945 20.26215 17.72615 10.44341
[1] 22.32900 28.80539 18.28017 11.27686
[1] 18.61357 20.48675 16.59030 11.96118
[1] 18.10981 24.35925 17.44066 11.32628
[1] 15.546957 18.503495 14.748970  9.130183
[1] 15.260174 19.346204 14.354459  9.677971
[1] 0.6
[1] 18.04000 19.18435 17.71921 10.99169
[1] 23.93127 24.24776 22.52363 14.22801
[1] 16.70615 24.83351 15.95220 10.13138
[1] 18.77790 20.36231 18.77590 11.54291
[1] 16.40981 21.34874 16.19811 14.04058
[1] 18.95595 21.96721 17.67295 11.46987
[1] 18.11901 19.97525 18.93612  9.74196
[1] 23.84780 25.82542 23.06203 11.51915
[1] 18.79124 22.50639 17.80608 10.93382
[1] 18.58344 21.18897 18.31092 13.51997
[1] 17.49655 20.31216 17.19743 11.45963
[1] 19.923610 22.613216 19.516340  9.997217
[1] 20.28470 23.25205 19.66441 14.75483
[1] 21.57183 22.35281 21.23100 11.37879
[1] 21.29243 22.20517 20.93221 10.72418
[1] 18.88638 23.31596 18.32261 11.46303
[1] 22.24444 22.61168 21.76443 12.32109
[1] 17.424151 19.469127 17.203267  8.230302
[1] 19.11820 24.00382 19.58338 12.65155
[1] 18.593185 22.616668 17.867005  9.587341
[1] 16.80345 20.76649 16.86390 13.43932
[1] 21.875874 24.946015 20.320677  9.634271
[1] 20.47797 23.96482 20.19931 11.69377
[1] 22.15333 27.58636 22.10657 12.32991
[1] 19.70437 20.66852 18.71094 11.71582
[1] 19.61592 23.66236 18.58312 11.36628
[1] 21.84994 23.02723 19.82572 14.30271
[1] 24.60338 27.34034 24.01749 10.40520
[1] 20.70021 24.97495 18.65582  9.73603
[1] 21.47935 24.68951 20.09575 10.00207
[1] 20.61171 23.49759 20.57960 10.81382
[1] 17.83865 23.93371 17.18787 10.13676
[1] 18.62494 21.07902 18.45258 18.43720
[1] 21.11503 21.59687 22.29798 12.79891
[1] 17.356990 21.873379 16.531924  9.132011
[1] 21.14813 22.01764 20.45523 11.65781
[1] 19.73758 22.70758 18.84268 11.55786
[1] 15.15407 23.20940 13.97231 17.44629
[1] 17.40656 22.27003 16.37770  9.05745
[1] 20.664406 22.396756 19.694030  9.005317
[1] 19.87368 22.59295 19.65210 10.10166
[1] 16.96506 22.67524 17.06159 10.91587
[1] 22.51356 21.50757 21.80618 12.53380
[1] 25.01039 22.48575 24.63570 12.58844
[1] 22.86804 23.96580 22.94507 10.49690
[1] 21.24023 22.02237 20.70654 10.04494
[1] 20.91890 21.88140 20.28999 11.00278
[1] 21.04759 22.85920 20.58154 12.59347
[1] 20.258336 20.974876 19.537691  8.419585
[1] 20.05773 22.33384 19.38411 10.64340
[1] 0.7
[1] 22.81480 21.73053 21.41752 22.39307
[1] 21.82770 21.09444 21.56859 13.48776
[1] 20.519942 20.448908 19.756478  9.888061
[1] 21.96235 21.66548 21.16845 22.84022
[1] 25.56847 21.86605 24.65175 11.89147
[1] 22.904505 22.643619 21.927861  9.528559
[1] 21.57948 25.77302 21.51286 16.34573
[1] 25.32713 22.84705 24.04884 11.46669
[1] 20.96935 24.31888 20.14878 11.77086
[1] 23.20246 23.81023 23.07417 12.45852
[1] 23.01205 22.85003 20.69429 11.13700
[1] 21.97689 22.69037 22.16639 11.02843
[1] 21.54042 25.54512 21.19902 11.49416
[1] 20.63014 22.43158 20.68449 12.07481
[1] 26.45939 20.83345 25.49195 10.38717
[1] 21.76991 19.03984 21.90112 13.79334
[1] 22.91343 21.57780 21.59860 16.05532
[1] 18.60480 17.33809 17.40027 11.25649
[1] 24.62369 25.18800 21.65565 11.00066
[1] 26.40635 22.92358 25.14642 13.32210
[1] 24.18268 22.43609 22.21401 10.42031
[1] 26.53116 24.30560 25.73165 12.42369
[1] 25.55082 24.56317 24.65571 11.76868
[1] 21.60610 21.83767 21.92685 10.44275
[1] 24.273832 24.055211 22.878569  9.805782
[1] 27.33455 21.02471 25.66295 15.13451
[1] 22.04322 22.30483 21.70321 11.63880
[1] 23.15450 25.46578 22.24468 12.20288
[1] 26.20107 24.96375 25.03241 10.72871
[1] 21.83455 21.03543 21.50702 10.65445
[1] 23.44092 24.93581 23.23027 14.75999
[1] 21.90824 21.08963 21.05019 13.50718
[1] 24.38198 25.85381 24.19737 16.93222
[1] 21.40428 21.41895 20.86580 10.65455
[1] 21.315172 22.587453 20.429843  9.796747
[1] 22.24672 24.24253 21.09953 12.41119
[1] 23.22409 22.48055 22.59364 10.78393
[1] 30.12015 24.57145 28.39831 14.92234
[1] 28.52669 24.86332 28.15662 12.19287
[1] 22.17573 20.92275 22.26934 10.92823
[1] 26.04150 24.88851 26.07093 15.93845
[1] 25.36247 24.46719 24.26344 12.12410
[1] 23.411647 20.371525 23.017240  9.312416
[1] 24.27992 20.42115 24.15586 12.07987
[1] 20.15365 22.80470 20.13428 12.50824
[1] 27.15486 22.33021 26.26209 13.93866
[1] 18.72292 19.56176 18.58723 11.16623
[1] 20.92087 21.39371 20.06435 12.26398
[1] 21.56022 22.92436 20.39889 14.12942
[1] 24.74059 20.78793 25.19906 13.37009
[1] 0.8
[1] 26.36449 23.36241 26.82098 16.40984
[1] 29.12619 22.90491 29.42268 12.13315
[1] 26.16385 21.71799 24.93073 13.29732
[1] 29.32058 21.64791 28.15761 10.87900
[1] 24.56635 21.20720 23.03936 13.94629
[1] 26.19877 25.25802 22.92864 16.04120
[1] 28.91938 19.34920 27.44507 12.26410
[1] 23.411743 22.911873 22.415357  9.566011
[1] 24.03649 20.32826 23.46805 12.32193
[1] 26.622997 22.642641 25.593682  9.755206
[1] 25.29756 22.77816 25.07398 11.27129
[1] 29.92819 22.19506 27.25370 10.35249
[1] 30.92337 23.97620 30.13148 12.98349
[1] 25.61139 18.33370 26.25972 12.76732
[1] 29.66898 22.19233 28.99849 10.34940
[1] 23.47773 22.82642 23.54606 10.14415
[1] 30.79220 28.97988 30.31611 14.88601
[1] 28.62034 23.49453 26.92859 11.56427
[1] 26.92388 22.90363 27.30229 14.06927
[1] 27.57822 22.87654 26.80901 11.83889
[1] 26.32248 23.26301 25.85114 14.40784
[1] 25.51495 21.14617 25.55869 17.17836
[1] 24.08712 26.83727 24.68743 15.75952
[1] 30.10655 22.64426 28.78870 15.60040
[1] 27.76451 23.16190 26.93545 10.89383
[1] 25.42223 22.13028 25.07504 11.89991
[1] 25.85799 23.17396 25.41233 11.32027
[1] 28.33222 25.01954 27.32168 13.47399
[1] 27.75786 19.98175 26.55633 10.93170
[1] 26.95146 23.91576 27.02332 11.79692
[1] 25.61754 19.72654 24.80922 13.14860
[1] 28.46273 22.03561 27.77493 13.38577
[1] 27.61658 21.65847 27.89219 12.42991
[1] 26.60907 28.11967 26.52256 11.02390
[1] 27.45390 21.18545 26.66280 11.04619
[1] 26.60282 23.94710 25.77058 12.60125
[1] 29.559821 26.786909 28.613041  9.858924
[1] 27.20884 19.48565 27.09228 10.26410
[1] 26.57080 21.99296 25.01300 12.12741
[1] 26.53986 24.15937 24.25024 13.53267
[1] 26.20843 24.97060 25.89127 16.53370
[1] 28.18168 22.29226 28.58148 13.62783
[1] 21.36552 21.06524 20.44503 11.37845
[1] 28.00904 23.21314 25.84444 11.23679
[1] 26.07689 23.16800 25.08126 13.08757
[1] 23.50429 25.42967 24.03358 12.42208
[1] 26.92793 19.84754 27.09636 12.24729
[1] 31.49573 25.75826 30.91498 16.51241
[1] 25.83441 21.13271 24.66569 11.34088
[1] 33.36412 23.64994 29.23373 11.75516
[1] 0.9
[1] 30.81677 24.66160 29.52241 13.06229
[1] 28.00407 20.04975 26.88301 14.74242
[1] 35.56289 22.51844 33.51146 13.16556
[1] 28.43365 24.17756 28.92209 14.86329
[1] 32.01846 23.62156 31.43221 13.37451
[1] 33.78941 24.61320 30.72520 11.69399
[1] 33.67065 22.53178 33.65944 15.20278
[1] 35.62002 24.17567 34.59760 13.43219
[1] 27.93265 20.13227 28.04773 13.88665
[1] 29.73211 18.45006 29.42226 12.13060
[1] 31.86405 25.82867 31.36429 12.75650
[1] 28.93876 22.41074 28.80496 11.55606
[1] 25.66393 20.05337 25.93399 10.44326
[1] 30.00017 20.16602 29.68935 12.81061
[1] 30.29292 19.57886 28.60514 12.20278
[1] 29.89641 22.48222 29.16298 12.24151
[1] 30.04996 23.79356 29.73625 11.91557
[1] 26.74653 22.88741 26.14566 14.88468
[1] 26.76012 22.60078 27.85831 11.77927
[1] 31.25047 23.67651 31.02301 10.70662
[1] 30.08964 20.51840 29.76318 17.79731
[1] 32.50124 26.11894 32.64233 11.16341
[1] 29.35192 20.62202 30.37087 15.06806
[1] 32.76660 22.97864 31.93150 13.87930
[1] 28.67295 19.94459 28.06279 14.39754
[1] 29.63595 25.18984 28.95964 11.28423
[1] 38.31563 24.94611 37.21926 12.95066
[1] 24.66901 16.41527 24.57431 15.52040
[1] 31.90648 22.16843 32.12805 13.24481
[1] 33.03962 20.46010 32.18212 12.58112
[1] 29.79757 21.73748 28.99440 15.90773
[1] 32.671488 22.746771 30.833691  9.987746
[1] 29.05698 21.94541 28.46613 15.30048
[1] 31.21840 21.51361 30.72735 12.17548
[1] 28.24902 24.18602 27.05329 14.75307
[1] 26.932668 21.842713 26.960734  9.708328
[1] 36.38283 24.66119 36.73218 10.20699
[1] 33.71820 21.82698 33.42087 16.31943
[1] 31.85060 23.58013 31.31461 15.61145
[1] 30.69739 23.34095 29.78320 10.45551
[1] 31.71460 20.58461 29.28411 11.09233
[1] 27.68031 20.60256 26.18650 15.94662
[1] 32.61794 24.18673 30.23810 13.06003
[1] 26.49816 19.81489 24.95526 12.67943
[1] 29.16371 21.04568 30.24280 16.71172
[1] 33.10014 24.98201 33.07475 11.84510
[1] 28.89256 19.82951 28.81349 15.36301
[1] 24.93664 20.62810 23.76404 12.72423
[1] 24.96993 21.91811 25.88346 12.73618
[1] 29.08885 23.41099 28.03759 11.82216
[1] 1
[1] 33.64019 22.65937 33.06173 11.95517
[1] 35.17839 19.64019 35.01120 16.28055
[1] 29.85451 24.27155 32.46656 11.40277
[1] 31.42615 21.18812 30.99160 15.57466
[1] 33.92431 24.75360 32.73570 11.30330
[1] 38.92526 24.27909 38.81746 12.10084
[1] 32.57202 23.33293 31.45357 12.91880
[1] 29.79412 20.30332 29.02808  8.51856
[1] 30.50590 21.99819 29.75037 16.82917
[1] 32.70986 22.54257 32.08411 18.91745
[1] 31.98390 21.19669 30.93522 16.52181
[1] 29.91209 19.59444 29.88967 15.03848
[1] 32.82397 24.81529 32.67737 15.89278
[1] 33.48619 22.15911 32.76812 14.25005
[1] 39.46226 22.99297 36.12012 13.20678
[1] 31.602015 23.661690 31.451860  9.037198
[1] 34.27812 19.70872 33.95047 19.32818
[1] 36.47982 23.63977 34.80109 16.00709
[1] 32.19924 24.10858 33.09105 18.25751
[1] 35.56541 23.45576 35.23070 12.37180
[1] 33.25376 22.76752 31.74944 12.00446
[1] 32.650755 20.648701 32.032007  9.912002
[1] 30.38844 22.15142 30.49102 13.40701
[1] 33.76755 22.27766 32.51300 16.33142
[1] 31.11354 17.86848 30.09819 13.06084
[1] 30.19955 23.25426 30.11443  9.48925
[1] 37.52690 18.57051 35.30715 10.76101
[1] 38.11414 24.37053 36.14855 16.42288
[1] 34.14342 24.35027 35.21317 12.77776
[1] 32.47570 20.63157 32.06506 12.02614
[1] 37.61318 22.75485 36.91124 10.12861
[1] 31.69003 20.52158 32.23528 18.97026
[1] 27.00661 21.98768 26.62012 10.31143
[1] 34.343866 21.390252 31.134509  9.382219
[1] 34.53678 25.38025 34.31145 11.55905
[1] 34.98949 22.89347 34.28641 12.64868
[1] 35.57169 23.79410 35.17290 23.07959
[1] 30.26689 24.62186 31.41114 14.12135
[1] 36.26910 26.49001 36.09041 14.71155
[1] 34.80444 25.04856 38.07626 17.32459
[1] 37.52967 28.23337 35.70400 15.53052
[1] 35.71825 22.90175 34.18985 13.97682
[1] 33.50767 26.67221 31.25018 67.04754
[1] 32.33396 20.18007 33.00400 14.48905
[1] 31.07879 20.30732 29.90568 18.02202
[1] 36.15279 26.72194 35.77998 20.11189
[1] 38.71759 22.73946 37.12064 13.13782
[1] 33.86892 26.04506 33.45686 12.19263
[1] 37.28798 24.31493 35.49799 13.41815
[1] 38.62838 23.39755 39.45336 12.59387
[1] 1.1
[1] 41.53000 23.84442 42.03958 15.70833
[1] 35.92924 22.79054 35.88091 12.26245
[1] 43.16179 25.04538 42.39209 12.04894
[1] 38.52508 18.47156 37.02663 10.42996
[1] 41.39620 24.62940 42.94501 17.71853
[1] 35.07442 21.78694 35.20388 12.44798
[1] 34.59588 17.20802 34.58197 10.06035
[1] 36.38224 23.33863 36.00629 14.93884
[1] 42.25217 24.58526 41.21297 16.48608
[1] 36.54849 22.19099 37.56695 13.09036
[1] 40.23544 21.15738 39.94972 17.44897
[1] 37.98888 22.09819 36.94333 14.80742
[1] 40.58458 24.42839 38.24180 13.45417
[1] 35.96779 24.28424 36.52626 13.84197
[1] 35.52018 25.41346 35.32130 16.41566
[1] 38.43337 22.49634 36.05569 18.76512
[1] 45.00295 28.44032 44.04110 18.89037
[1] 36.16898 19.17725 34.08455 10.85796
[1] 40.53732 20.85055 39.66877 14.00056
[1] 39.61157 21.53989 38.54870 13.21854
[1] 34.78835 21.46774 35.17632 15.52991
[1] 35.00532 23.43525 35.81581 14.84844
[1] 34.58340 24.36127 34.62936 22.38523
[1] 39.19620 19.02595 38.61968 21.35454
[1] 34.37458 23.30953 34.44641 16.08179
[1] 36.15525 23.24793 34.52242 12.46898
[1] 37.11293 23.86010 38.20448 14.11884
[1] 33.52147 18.86406 33.22972 14.95596
[1] 39.96025 24.68947 38.54819 12.77675
[1] 33.77545 21.93839 30.81285 12.38389
[1] 40.11813 22.60384 39.15939 19.83321
[1] 37.26198 22.97910 36.88035 15.56169
[1] 38.28423 22.32807 37.70687 12.10864
[1] 37.97981 23.14834 37.58506 16.99778
[1] 37.42829 22.36002 36.22521 18.70695
[1] 37.48464 23.48127 36.15540 19.75727
[1] 37.26526 24.72908 36.54957 18.64246
[1] 37.60276 21.61419 36.17127 12.31756
[1] 40.43973 20.85516 40.33476 11.21621
[1] 40.44550 25.80096 39.48999 15.56858
[1] 38.22799 20.33829 36.95115 12.20106
[1] 37.56222 23.31788 35.18947 13.25479
[1] 29.58997 19.86372 30.00349 21.59008
[1] 38.42325 24.08047 36.90191 11.87065
[1] 40.38649 22.84339 40.39142 13.87797
[1] 45.27198 23.47612 45.85385 18.69004
[1] 37.27539 24.12153 36.23520 14.06586
[1] 33.16701 21.90801 30.99095 15.52587
[1] 40.24437 22.92688 40.07095 14.36901
[1] 37.61171 21.53057 37.00102 14.20696
[1] 1.2
[1] 42.59858 23.17985 42.04586 17.07204
[1] 46.97668 24.29089 47.31917 14.71704
[1] 44.74358 22.47519 44.95095 17.30642
[1] 36.68274 21.11546 36.63181 17.25008
[1] 36.14945 22.25743 34.83496 13.24982
[1] 43.31756 25.36257 43.41675 12.68867
[1] 46.30924 21.35758 44.54688 21.28446
[1] 46.54960 24.01614 45.94297 14.16988
[1] 37.78004 23.69790 37.51439 15.65908
[1] 46.92776 23.45406 46.79975 16.75488
[1] 43.53163 21.65575 43.07116 13.91088
[1] 37.69561 21.88340 36.98910 10.00718
[1] 36.69177 20.53999 36.42447 12.84552
[1] 41.92701 25.00623 41.96276 12.98928
[1] 42.96269 20.97157 41.87676 12.27704
[1] 32.826327 20.039976 32.620827  9.166625
[1] 41.33377 23.78804 41.81075 14.62050
[1] 30.78693 19.97656 30.34154 15.25419
[1] 46.58593 23.73669 45.69016 28.22425
[1] 42.72181 21.15012 40.72436 14.83461
[1] 40.75956 26.60094 41.01551 24.88088
[1] 41.96332 24.44941 42.52802 14.58927
[1] 43.79941 24.99281 42.63597 16.10643
[1] 43.12078 23.83465 43.52477 17.26239
[1] 38.69434 22.65934 38.02640 15.24155
[1] 38.56731 21.68321 38.20500 14.95380
[1] 39.68891 23.28649 41.32871 17.76464
[1] 46.04767 25.24034 45.31931 13.88381
[1] 40.90097 19.69173 40.94669 25.55072
[1] 44.30350 23.76088 42.39269 14.27654
[1] 46.25350 21.92749 46.05740 24.58992
[1] 41.45300 21.71950 40.73572 14.82994
[1] 40.67925 23.62663 39.72537 24.64708
[1] 41.95798 24.13624 41.23214 12.55226
[1] 40.17181 18.41143 39.61112 15.26796
[1] 40.77402 25.89772 40.58276 13.15081
[1] 36.99440 22.18221 33.68647 12.85844
[1] 35.25360 22.64028 34.90340 21.95403
[1] 41.17660 20.87350 40.65479 22.42501
[1] 39.28636 23.50959 39.51136 11.14618
[1] 39.10667 27.78733 38.97423 19.04432
[1] 47.72196 25.43934 47.47079 14.67336
[1] 45.10230 23.16844 46.35600 12.90955
[1] 42.92620 21.45977 42.45785 19.02170
[1] 41.90302 21.86266 41.26200 12.75932
[1] 42.61502 24.79689 40.91114 16.28220
[1] 36.64813 22.97915 36.50847 13.26225
[1] 50.48814 28.62920 50.63381 22.22177
[1] 39.42220 24.21016 40.10937 16.81320
[1] 42.97742 24.85429 40.83484 18.34491
[1] 1.3
[1] 52.25900 21.10205 51.59144 12.91295
[1] 47.37516 24.05085 48.21279 13.39852
[1] 55.47931 23.65932 53.78714 20.33912
[1] 44.23912 20.02651 43.20593 10.59866
[1] 49.37994 22.28403 50.63543 13.85590
[1] 45.74670 24.23700 45.21986 16.50830
[1] 44.32946 23.95806 44.05431 19.86288
[1] 43.15533 20.77010 42.81253 20.95226
[1] 52.70209 23.92019 50.65336 18.20050
[1] 45.71977 20.08125 48.74674 10.97521
[1] 49.85678 20.40228 47.06847 21.07395
[1] 47.00931 24.61758 46.56624 10.63816
[1] 44.08682 25.16128 43.16616 15.41168
[1] 47.55838 22.88572 49.42655 21.66967
[1] 46.95019 22.72129 46.75148 18.42951
[1] 37.19336 24.15653 38.00677 14.32302
[1] 50.57177 26.72303 48.27480 21.87052
[1] 39.82959 18.65104 39.62779 13.05050
[1] 44.46393 23.02020 44.09549 32.54382
[1] 39.47182 18.82779 39.17630 16.07128
[1] 40.93709 22.16261 40.30962 16.53917
[1] 47.10323 21.43478 46.50497 11.77123
[1] 43.11173 20.60129 42.53750 28.97708
[1] 48.09868 19.29954 47.67410 26.66143
[1] 47.20729 23.34476 47.05868 22.03224
[1] 48.31297 20.54358 47.24232 15.08697
[1] 43.90013 23.64839 44.06276 15.84421
[1] 50.87961 25.00518 50.40994 11.10638
[1] 45.88455 23.97088 46.13518 22.48421
[1] 51.44400 21.56285 50.98683 24.89251
[1] 45.71710 24.52204 45.76034 14.38741
[1] 36.27369 20.70346 35.06530 12.37441
[1] 56.33520 25.05331 52.14087 15.59403
[1] 46.72659 19.98651 46.67308 15.04722
[1] 52.60972 24.37189 52.57126 14.46997
[1] 42.95084 22.46889 44.41998 21.81856
[1] 46.68052 21.89199 45.87509 16.64377
[1] 48.42460 23.57369 48.93148 14.03820
[1] 38.76996 19.74282 37.77434 12.87950
[1] 48.25115 23.25409 47.77728 16.23992
[1] 44.17499 20.32898 43.46880 13.80567
[1] 52.24769 22.71786 53.75891 17.60068
[1] 47.00373 24.46985 46.10125 13.17035
[1] 44.44477 22.45928 47.43464 12.10041
[1] 50.46784 21.44184 50.26681 16.37987
[1] 45.96410 21.95255 45.39717 25.38886
[1] 52.00338 23.32912 52.96487 12.60392
[1] 40.31553 21.65393 39.58616 11.94496
[1] 56.41426 27.91672 57.17683 19.33281
[1] 44.09768 20.68152 44.90667 12.69489
[1] 1.4
[1] 56.05839 23.32815 55.04909 20.95153
[1] 58.60974 23.79964 59.09182 14.80401
[1] 52.12223 25.18904 52.83310 22.82764
[1] 64.44024 24.14165 64.13472 17.93716
[1] 53.28569 22.43440 52.04387 18.12540
[1] 54.34952 21.46115 53.93229 20.65322
[1] 46.47686 21.37595 46.22864 17.75617
[1] 53.10619 22.43232 51.53870 23.50075
[1] 45.27740 19.07508 45.11733 16.50310
[1] 58.79311 27.05164 55.79780 13.97682
[1] 45.38656 22.92021 45.03655 15.48790
[1] 56.86777 23.27422 56.48232 16.78105
[1] 59.57151 24.24969 58.99590 20.87270
[1] 56.95217 28.69147 55.42272 15.25594
[1] 47.38222 26.10920 47.91584 12.82790
[1] 53.01099 24.51461 50.19098 15.78722
[1] 59.16694 22.40678 59.80039 13.45834
[1] 53.45931 22.33103 53.20640 14.01931
[1] 57.09266 22.55390 56.99882 20.60302
[1] 55.85104 25.66348 56.43448 17.33065
[1] 46.98894 19.56969 47.14045 13.34018
[1] 55.44498 21.69078 55.37428 21.55623
[1] 52.62227 24.05457 52.58985 15.66967
[1] 50.38352 23.86743 49.24790 17.41507
[1] 48.69694 23.35733 47.26942 15.07573
[1] 53.12775 26.69617 51.85220 17.08329
[1] 56.78314 25.71481 54.09911 22.61408
[1] 52.65838 24.52411 52.57839 16.07504
[1] 59.36235 25.68059 59.40727 22.68108
[1] 53.62068 29.09307 53.19590 13.68410
[1] 42.80867 20.99100 45.73404 14.42212
[1] 61.29049 29.52869 63.22260 16.81181
[1] 65.80622 25.59290 63.55019 12.26793
[1] 54.67430 25.69430 55.79817 26.72044
[1] 54.25518 24.65739 54.49084 28.01124
[1] 57.21123 26.68338 55.84185 18.21574
[1] 57.77826 22.36510 57.26141 14.93975
[1] 50.91692 23.61003 50.46311 14.22004
[1] 53.66006 23.98735 52.16202 14.11996
[1] 55.80907 23.55218 56.37347 15.03399
[1] 50.10464 24.61334 53.24258 29.88406
[1] 50.87589 21.66076 52.35702 14.25731
[1] 49.32985 22.81376 49.83537 35.89895
[1] 55.74375 23.30036 52.30431 16.22526
[1] 65.77559 25.01970 64.53265 13.31993
[1] 45.91320 22.68702 45.46352 12.92953
[1] 49.10732 25.93083 46.74073 14.97672
[1] 43.74095 24.36487 43.31605 17.41451
[1] 50.05458 25.38408 50.44073 23.73219
[1] 44.17620 21.40283 43.72349 14.12065
[1] 1.5
[1] 59.22552 23.35891 57.73252 34.08166
[1] 59.32939 25.72329 60.35105 27.75595
[1] 62.96377 27.26277 63.29731 13.51994
[1] 49.46639 19.77235 50.30110 44.63549
[1] 61.57181 23.36696 60.32014 18.88543
[1] 65.49594 24.37777 64.94756 17.33001
[1] 59.41610 23.39055 57.62164 23.99473
[1] 51.56715 23.13299 52.05090 13.49098
[1] 61.60941 27.99629 62.19273 14.80437
[1] 57.72841 22.19036 57.77552 14.83079
[1] 52.55740 24.32977 52.05898 15.50590
[1] 64.89938 26.02824 65.56648 25.44455
[1] 64.59965 22.43044 66.46015 19.56097
[1] 58.27403 22.90321 56.57827 24.80830
[1] 63.37365 22.25006 63.52952 28.85881
[1] 59.98603 25.27315 57.58656 16.76470
[1] 59.00814 20.98779 59.53347 17.89216
[1] 59.10217 22.13999 58.58085 22.75713
[1] 58.49571 24.44855 56.03255 16.82610
[1] 50.61981 20.97061 50.08321 12.23743
[1] 53.70366 23.12721 50.48986 12.69333
[1] 69.17999 21.93901 67.46808 15.77489
[1] 68.26707 26.74887 66.52418 18.38399
[1] 56.72883 21.00373 55.53258 15.06622
[1] 65.01079 22.44866 64.96159 17.88163
[1] 61.76445 23.20428 61.79724 12.45171
[1] 59.89481 22.42277 62.61962 14.82661
[1] 51.98828 23.26281 55.37911 27.54734
[1] 59.13034 23.01416 57.79964 22.58718
[1] 60.48872 23.76158 59.28832 22.90385
[1] 62.83277 24.14863 63.17473 29.71227
[1] 60.54507 25.83961 60.21141 14.68556
[1] 65.04815 25.34279 63.91354 16.52164
[1] 55.67412 21.34821 54.15000 14.02155
[1] 58.90003 22.11457 58.76773 14.12019
[1] 58.76614 22.32616 58.85186 26.58146
[1] 56.70153 23.33183 56.91280 26.09709
[1] 57.85200 25.48707 57.89434 25.63170
[1] 56.86277 20.91167 57.54509 14.37897
[1] 57.76343 22.63740 57.44024 37.68228
[1] 52.85209 23.80613 53.26856 11.77396
[1] 52.05723 23.51572 52.27035 13.26030
[1] 51.36578 21.21811 52.06616 19.70355
[1] 64.53145 22.36008 63.27480 31.15095
[1] 56.93017 20.72796 54.98189 29.31204
[1] 56.03363 22.70588 57.50280 17.69630
[1] 62.12045 24.04629 61.89725 27.43107
[1] 54.61832 25.96331 56.84137 24.22921
[1] 49.15877 21.94437 50.53935 20.43108
[1] 59.03927 23.57357 58.54915 14.82858
[1] 1.6
[1] 60.49911 21.87580 60.75400 25.28629
[1] 69.91346 23.38127 66.24531 16.39238
[1] 62.74960 27.66182 61.67814 22.76692
[1] 60.72924 23.50580 57.27902 19.54032
[1] 60.90025 23.97826 58.67604 19.73397
[1] 67.51690 26.30526 67.33529 24.50422
[1] 67.12687 25.18269 65.36897 24.32052
[1] 68.64091 25.50270 68.67482 19.23083
[1] 62.67987 26.24165 60.12583 15.30118
[1] 70.97342 24.21135 70.37171 20.83419
[1] 57.13270 25.35511 56.37804 17.83473
[1] 59.09744 22.40469 60.00793 12.33443
[1] 66.60262 21.53905 66.23279 16.86673
[1] 60.75187 25.73074 61.41506 20.96340
[1] 63.90837 25.02596 64.08375 19.41987
[1] 58.20845 26.04555 58.95694 18.72786
[1] 70.01465 29.76355 68.55627 21.24535
[1] 65.98241 26.39683 66.18045 39.80249
[1] 71.58422 24.11868 70.78330 30.68098
[1] 61.34625 24.75511 61.43291 32.47652
[1] 70.44303 25.24145 69.85438 18.35952
[1] 64.97454 23.75606 63.63760 22.32368
[1] 58.74005 23.74830 58.20768 21.79172
[1] 62.45526 22.96073 60.38228 12.45455
[1] 60.21660 22.65805 57.66717 17.64837
[1] 67.22537 23.93936 67.53657 20.17811
[1] 71.93808 26.03608 71.89722 14.86632
[1] 63.58099 19.13556 65.07601 17.99548
[1] 70.07723 23.89786 71.43686 29.64163
[1] 68.78191 21.32951 68.88779 16.82694
[1] 69.96500 24.66442 69.64053 33.23772
[1] 61.92608 21.75629 62.33401 17.56535
[1] 64.94026 22.89470 66.15597 29.50160
[1] 53.89037 23.42367 56.21064 16.13837
[1] 64.27012 25.93582 61.16186 16.45435
[1] 64.64420 23.35395 64.79002 18.78971
[1] 66.21428 23.82074 66.72532 17.20882
[1] 59.92101 25.84784 61.07070 23.07732
[1] 62.90598 24.52597 64.72230 18.08890
[1] 66.52395 29.89736 64.53680 25.63807
[1] 56.93072 24.12313 56.81986 14.62235
[1] 63.72384 25.65743 63.69866 18.51118
[1] 55.93876 26.94961 57.06626 14.91877
[1] 64.37377 27.54163 64.57985 27.13282
[1] 62.23215 21.89392 60.31686 15.79227
[1] 54.23670 21.74536 55.33277 16.14461
[1] 61.33103 21.64237 61.82072 24.38610
[1] 67.86779 24.38089 68.04587 17.43282
[1] 57.25593 24.45441 59.63119 13.40042
[1] 62.44770 24.37528 63.11104 29.58626
[1] 1.7
[1] 73.58462 24.88290 71.66389 21.11219
[1] 71.86145 23.16020 70.79592 14.82346
[1] 68.32278 21.45319 68.81841 29.08155
[1] 62.66685 20.95016 58.77134 17.62392
[1] 68.73554 24.09721 71.96013 22.22618
[1] 61.98184 23.03663 61.56323 25.30517
[1] 54.83245 18.85666 54.86789 19.09161
[1] 66.40387 22.65918 66.32909 17.32899
[1] 76.07289 25.12765 73.49181 20.67599
[1] 63.70900 24.32074 63.31045 18.25234
[1] 74.12902 23.81881 76.18102 19.97280
[1] 75.12530 22.17348 74.99507 25.29443
[1] 75.69080 24.12704 75.29396 19.61360
[1] 72.18598 23.30425 70.96443 22.25435
[1] 67.71125 24.64289 71.83293 16.02926
[1] 82.71375 25.13654 82.29900 31.91370
[1] 72.23491 24.11678 69.83475 34.15503
[1] 66.48890 23.82710 64.54651 31.11984
[1] 71.77373 26.70027 71.24469 37.20294
[1] 68.15132 28.45191 69.74630 54.72282
[1] 72.90763 20.31347 72.05183 20.38887
[1] 77.27879 24.93991 75.51927 33.44568
[1] 72.41421 25.91502 72.45832 17.84778
[1] 65.79514 25.77176 65.25017 21.32937
[1] 73.45634 24.14266 72.46191 20.19553
[1] 80.72531 31.95454 80.84051 34.35068
[1] 67.95641 25.01561 67.27634 31.32540
[1] 77.16430 25.92649 75.92697 35.39332
[1] 70.67067 26.86050 69.40549 34.37732
[1] 73.63678 28.89589 70.38656 43.41252
[1] 68.85313 26.23795 66.68612 23.63896
[1] 76.77047 23.27520 78.97903 29.06995
[1] 70.32780 23.84905 69.39189 22.17080
[1] 60.29265 22.18326 58.73513 12.86709
[1] 68.27175 19.53017 67.73389 13.58922
[1] 75.26494 27.81867 75.53799 27.61579
[1] 65.82227 22.96756 64.93916 13.48308
[1] 69.47197 25.52316 68.03459 14.83280
[1] 67.55063 28.49183 69.04759 25.14450
[1] 61.38036 21.59093 59.45767 13.21537
[1] 75.93321 25.67173 74.27213 17.39556
[1] 61.41521 25.48725 61.08538 12.61007
[1] 75.30860 28.06342 74.07075 23.63304
[1] 70.70551 23.63979 69.67533 15.11690
[1] 74.58400 25.97137 74.40826 17.98990
[1] 79.35682 22.10522 78.59264 16.42029
[1] 62.38174 21.87967 61.51296 34.72094
[1] 60.84291 22.95670 62.77505 17.43509
[1] 68.22941 26.67540 68.05860 12.89138
[1] 74.32939 27.98431 74.40853 15.09280
[1] 1.8
[1] 77.52356 26.66502 77.17191 22.06046
[1] 64.71610 22.64454 64.39821 13.28304
[1] 90.73365 27.72604 90.38045 31.94852
[1] 72.26159 22.86075 73.35937 17.45605
[1] 73.99643 25.12713 75.64489 34.70165
[1] 81.37557 30.28395 80.77836 27.34708
[1] 70.44915 21.04102 70.08766 13.54125
[1] 72.26053 24.28043 72.12924 20.68997
[1] 81.98232 23.76379 79.65873 12.79777
[1] 76.27076 27.44380 76.83077 49.10141
[1] 76.09020 25.36647 78.85844 39.97585
[1] 72.33162 23.73114 70.98950 22.41646
[1] 70.68426 21.23810 69.77335 58.45758
[1] 76.22417 28.05298 77.23628 16.65310
[1] 77.01251 23.26295 76.94764 24.47819
[1] 77.58641 24.18533 77.26204 18.57810
[1] 69.55871 24.78294 68.77238 19.38074
[1] 80.18997 22.89561 77.88480 21.87079
[1] 80.47986 24.43767 82.13975 15.37939
[1] 71.20300 23.22273 71.02077 52.36304
[1] 67.19770 21.15492 67.70766 26.04707
[1] 74.29436 23.67585 73.26962 20.51367
[1] 82.27588 24.74755 80.42987 33.84563
[1] 67.74948 28.56893 67.81025 22.89764
[1] 65.75357 24.51861 66.53604 34.33268
[1] 82.46229 24.55270 80.88419 37.88678
[1] 83.73765 23.40105 82.93907 17.14878
[1] 71.25030 23.04285 69.24440 15.42536
[1] 74.63559 22.35838 76.07431 25.62614
[1] 83.60298 21.70888 81.04962 20.13841
[1] 75.41947 28.87709 73.12118 21.64277
[1] 87.80916 26.49249 86.11657 25.92104
[1] 66.41615 24.72085 66.15631 21.03830
[1] 79.48960 24.04053 77.92788 22.12425
[1] 80.03365 22.27737 80.69313 22.07785
[1] 82.41995 23.40254 81.43220 13.37381
[1] 85.35675 24.62737 80.81946 23.25713
[1] 73.79439 22.26909 73.31269 39.87389
[1] 66.39833 25.41198 66.33135 15.77727
[1] 77.62090 26.67326 77.23182 16.13765
[1] 78.78351 24.05875 79.48229 21.55889
[1] 63.23793 27.05518 63.43350 18.41246
[1] 78.99376 24.03596 78.31514 55.83109
[1] 81.21353 23.62504 80.41961 24.58628
[1] 73.78498 23.65654 70.45182 32.86758
[1] 72.96814 23.49444 72.86578 20.01825
[1] 75.24647 22.71936 74.54579 16.70015
[1] 85.55254 21.02501 85.46336 19.36796
[1] 93.41143 25.59015 93.75540 20.69080
[1] 80.23556 28.45411 78.99882 20.66105
[1] 1.9
[1] 76.48937 22.53216 76.39707 28.45230
[1] 79.01381 22.16861 81.95009 20.52772
[1] 86.40479 27.65459 84.64567 16.92258
[1]  72.25588  24.24373  72.39364 247.83977
[1] 84.05592 24.53285 84.22989 40.27281
[1] 79.82781 26.35703 79.47637 26.77750
[1] 94.93656 24.64770 93.78778 22.44939
[1] 94.72602 28.53413 92.71525 23.42313
[1] 89.97838 24.66461 88.36581 18.35929
[1] 73.23933 23.42775 74.96794 15.17582
[1] 82.77613 23.45071 82.37175 18.58794
[1] 87.96538 28.67638 87.10577 26.28678
[1] 82.40167 21.70605 80.24648 35.77628
[1] 89.59721 30.35576 86.94584 20.20747
[1] 79.07667 27.81829 79.26944 15.11056
[1] 81.30822 21.95114 80.70239 14.53270
[1] 78.64911 25.60240 80.50299 59.01094
[1] 88.58089 22.06128 87.73637 37.55716
[1] 71.54217 24.69541 73.69666 21.93486
[1] 86.98985 24.80220 86.93274 34.20207
[1] 82.95017 23.04726 82.56852 14.24311
[1] 84.26663 26.38904 85.76490 21.51486
[1] 84.37809 27.20121 82.73615 20.41880
[1] 84.88186 19.97810 83.39599 13.55663
[1] 91.77816 24.98022 91.25421 12.28449
[1] 75.41468 23.84802 73.89062 49.56363
[1] 80.09371 24.37309 78.50150 41.49994
[1] 76.90927 26.70506 76.95307 21.15648
[1] 81.52298 25.09599 81.04142 15.65642
[1] 85.25724 25.96591 85.39690 25.64346
[1] 80.16739 21.85086 79.27939 35.17668
[1] 87.22864 22.32911 85.38024 16.92388
[1] 96.60936 27.21954 96.85870 18.01251
[1] 81.47466 23.53959 82.00890 40.15260
[1] 73.50769 24.04252 77.67569 41.84684
[1] 85.70263 26.45315 85.45102 23.36480
[1] 87.92659 24.96731 86.85393 24.29284
[1] 80.89154 27.05083 81.39546 16.04199
[1] 81.39506 28.54365 83.35111 20.85139
[1] 75.01009 24.18459 72.33464 32.16704
[1] 89.76969 25.28339 86.95972 24.13944
[1] 73.16027 22.86804 73.98768 14.43087
[1] 78.97127 26.97390 80.03069 17.22487
[1] 81.28221 27.16745 83.12734 20.51202
[1] 87.42110 26.96606 87.69730 42.55207
[1] 92.19587 26.46508 93.24984 18.26226
[1] 92.13298 28.70257 92.66768 22.71434
[1] 67.99068 23.55401 67.81354 18.10034
[1] 84.32558 29.67685 85.71147 18.01320
[1] 71.56871 22.25269 72.85048 20.08490
[1] 2
[1] 89.36302 21.72075 89.77154 14.58423
[1] 86.51052 25.21537 84.28911 35.36332
[1] 80.86468 21.34168 79.95685 11.56595
[1] 73.04444 23.24596 72.28195 18.35489
[1] 79.97809 24.23091 84.56637 25.86491
[1] 93.09957 22.49213 89.84231 12.80566
[1] 106.57716  27.35888 103.67214  24.91941
[1] 85.87938 27.19020 85.69360 26.63940
[1] 87.15511 23.77541 86.58506 17.09939
[1] 105.56752  25.51392 104.63732  26.48269
[1] 87.53486 22.64974 83.94777 40.23943
[1] 101.90189  23.61620 105.13858  22.35809
[1] 87.68589 25.84759 90.46290 20.45194
[1] 94.50889 25.46541 94.59675 45.04185
[1] 97.95465 25.59780 97.93977 42.61211
[1] 99.07904 27.12202 99.79021 21.51138
[1] 87.91327 23.98253 89.77067 12.66114
[1] 89.07147 24.61472 90.12879 22.29325
[1] 90.42097 21.36346 91.75418 37.68793
[1] 94.62516 31.89418 93.50702 21.35661
[1] 92.96013 22.77533 92.45382 20.84656
[1] 92.32561 23.40585 90.75625 16.28229
[1] 98.17492 28.07909 98.04201 22.16984
[1] 88.72691 22.83312 87.17520 17.91107
[1] 107.53051  29.69483 106.73623  24.79561
[1] 82.79397 27.43860 85.63983 24.83739
[1] 96.71381 29.54594 93.74742 31.13070
[1] 93.18687 26.75815 94.17319 28.20135
[1] 91.83222 26.35652 93.16189 22.62300
[1] 75.97492 22.27392 75.97243 15.23475
[1] 109.91464  22.02955 110.76700  17.87616
[1] 80.49111 23.55268 79.62836 18.19414
[1] 94.54314 30.84018 96.83325 20.92670
[1] 87.91482 26.18403 88.03434 18.05604
[1] 90.08028 23.07544 89.37149 21.72477
[1] 80.70605 28.13227 80.20401 18.38053
[1] 102.32723  26.74604 101.69003  30.76160
[1] 89.62048 25.06084 91.78964 17.81642
[1] 95.53216 23.51802 93.37351 37.22409
[1] 87.24351 27.17461 85.45165 48.32165
[1] 94.53341 24.30253 92.88044 22.19132
[1] 90.78298 24.79136 90.21058 36.83258
[1] 107.3220  26.5696 108.2715  24.6248
[1] 84.27141 22.95776 82.59636 14.67948
[1] 93.93896 29.91416 94.53132 19.18812
[1] 88.27968 21.71474 86.56632 15.74734
[1] 90.30478 24.15040 89.69260 26.08069
[1] 85.42982 25.74010 82.70764 13.79959
[1] 104.58148  26.31525 103.86873  27.35560
[1] 78.08801 26.84514 78.34724 20.90984
[1] 2.1
[1] 96.26960 26.64226 97.07749 14.45143
[1]  88.54824  23.21108  87.97722 110.34991
[1] 114.24967  29.30529 114.00232  36.54486
[1] 100.74366  21.77349 101.21452  55.60971
[1] 109.40406  28.72504 113.01231  44.32835
[1] 104.09465  26.33944 102.89136  43.12662
[1] 93.89994 23.88742 93.86776 22.81424
[1] 99.39194 26.43584 99.68324 24.50126
[1] 92.40404 23.03658 87.20975 38.85044
[1] 88.38081 26.61625 86.75102 41.45952
[1] 95.81146 26.98724 96.80737 21.01703
[1] 97.81820 24.06929 98.82388 19.23909
[1] 84.75990 25.52378 85.00311 17.71122
[1] 84.85156 28.50658 85.17575 25.08096
[1] 101.34627  28.56006 107.00211  30.11672
[1] 92.58625 24.80968 92.40647 23.15410
[1] 92.83464 21.52248 92.55239 37.60025
[1] 105.01202  26.00677 105.64586  20.04683
[1] 89.58574 28.25739 94.60800 31.29287
[1] 128.68423  26.60542 129.51549  35.98783
[1] 113.36538  25.83507 112.13521  26.72628
[1] 103.39103  28.54900 102.94465  22.36777
[1] 94.08876 24.46081 92.78077 28.70762
[1] 86.41793 22.37701 88.94291 14.23753
[1] 111.15833  27.12248 109.19099  41.67880
[1] 103.60205  28.58927 105.50846  36.32105
[1] 107.57944  31.48997 108.82739  71.12334
[1] 89.81018 27.67880 90.42156 26.07590
[1] 106.25505  25.16790 106.03084  15.99319
[1] 96.02378 23.99572 96.53165 38.66494
[1] 108.12359  26.12113 107.32117  27.03397
[1] 105.12760  28.98947 103.48356  15.32957
[1] 104.12742  27.16380 104.56310  30.55193
[1] 95.11750 27.01800 94.64072 37.10901
[1] 90.72936 25.91457 89.21715 18.02108
[1] 104.01104  27.87902 102.76251  30.67501
[1] 100.60039  23.24023 101.35206  31.76249
[1] 102.37646  24.43452 102.53979  18.37669
[1] 101.04250  22.53089 101.05709  24.60460
[1] 107.31079  23.90956 106.91871  35.40730
[1] 92.42838 25.23930 93.83531 25.38073
[1] 100.27061  29.35836  99.46494  18.33866
[1] 101.54617  24.68091 101.56695  85.77807
[1] 84.37844 23.13934 84.44394 23.59378
[1] 84.60368 23.29473 84.18587 21.20398
[1] 94.77649 22.66093 94.65977 17.81876
[1] 93.40619 23.89256 91.17842 26.61884
[1] 91.70836 28.95144 94.42594 50.73937
[1] 100.32529  26.60875  97.32785  44.44161
[1] 93.79148 27.07330 93.31741 17.13956
[1] 2.2
[1] 118.37200  24.20186 119.36898  26.85284
[1] 104.70962  26.33013 104.45042  34.42832
[1] 99.49700 23.10725 98.23357 24.24838
[1] 117.88808  25.02503 113.93239  26.98018
[1] 108.09003  28.74117 109.10499  55.62795
[1] 131.99485  29.51996 132.66516  53.76438
[1] 86.90004 22.14193 93.87584 26.25777
[1] 102.73950  24.45761 104.10757  70.97540
[1] 100.19974  26.63544  99.41149  15.71422
[1] 97.09173 26.81807 96.83948 32.05801
[1] 117.99060  24.67643 116.10235  27.60970
[1] 111.28186  25.78268 109.89637  27.13534
[1] 106.38608  25.09807 105.94693  17.35116
[1] 110.67696  28.06065 110.56053  16.14306
[1] 106.07974  24.34949 105.75792  38.89165
[1] 110.83815  32.08277 110.82441  30.95839
[1] 107.11846  24.47138 106.33878  16.34735
[1] 100.33940  28.22093 103.46183  46.31666
[1]  98.95627  29.40585 100.75750  24.71416
[1] 109.28470  24.15850 108.53928  17.87367
[1] 108.35945  27.54540 108.83365  23.51529
[1] 92.67321 28.87942 93.12322 42.08765
[1] 117.91899  29.72976 115.13629  25.65332
[1] 120.14099  28.96087 115.81015  44.95010
[1] 118.59324  31.05549 117.38537  27.59647
[1] 97.62602 26.97392 98.75271 14.58869
[1] 109.36829  31.92209 114.23827  34.80873
[1] 103.12355  25.69308 104.34412  43.86914
[1] 120.36046  25.30078 122.11474  17.45118
[1] 107.06651  24.47392 107.38845  18.22535
[1] 99.65297 26.82525 99.97459 24.19431
[1] 106.96625  26.85600 105.53541  45.01102
[1] 101.06704  26.53076  99.23022  39.43414
[1] 100.47714  31.03405  99.87495  24.97831
[1] 89.52545 22.95422 89.92513 16.07368
[1] 117.53426  28.45876 118.97161  30.21763
[1] 131.56107  27.37357 129.39836  33.24106
[1] 112.92355  27.06168 113.12004  17.32207
[1] 110.06739  25.09136 109.16514  24.83598
[1] 103.58989  27.86026 103.53837  20.89431
[1] 107.65429  31.88911 107.88431  30.78017
[1] 106.61627  25.50373 106.25196  32.20839
[1] 92.37258 22.10476 92.74357 27.19584
[1] 93.22723 27.01809 95.76390 23.25666
[1] 103.94321  28.47547 105.21403  32.35548
[1] 115.65851  25.21278 115.50650  17.90893
[1] 97.06598 30.37345 97.37771 20.85170
[1] 118.04449  23.83240 114.41594  28.68765
[1] 105.28044  28.59062 105.58583  26.67672
[1] 114.10422  29.02085 113.53049  32.13882
[1] 2.3
[1] 112.54928  29.40204 114.20113  75.79220
[1] 115.07210  25.01490 111.87522  21.91894
[1] 111.87896  28.14609 112.60149  18.31195
[1] 134.36398  31.82832 135.24493  25.73110
[1] 108.53146  29.58247 107.09025  69.85958
[1] 113.54931  31.98163 113.71906  25.24034
[1] 114.67909  27.35830 114.93010  18.05143
[1] 124.49544  28.02014 126.21213  33.30328
[1] 116.44412  26.40519 114.93000  28.33004
[1] 129.68960  33.41985 130.28496  33.42867
[1] 94.40051 24.92959 96.22654 43.08752
[1] 125.28090  29.01470 123.35671  38.64158
[1] 126.55310  28.44169 123.36223  34.08569
[1] 102.55185  26.77112 104.07020  40.60086
[1] 107.15748  26.42750 107.91653  33.21446
[1] 115.64781  27.88403 113.37525  30.04009
[1] 121.29503  29.05002 121.43885  20.59886
[1] 113.89228  28.07413 114.97975  24.07532
[1] 121.35485  25.34983 119.11867  79.98477
[1] 116.84609  24.80789 116.46445  21.43113
[1] 107.65453  23.97657 108.01841  30.54298
[1] 119.86127  27.67181 119.56031  32.93980
[1] 105.34567  28.13608 105.14270  24.71679
[1] 129.15409  22.54271 130.89417  33.16258
[1] 101.94449  24.57215 103.88057  23.60187
[1] 133.03650  25.51623 132.43134  24.95403
[1] 107.14406  27.49659 106.56711  66.38293
[1] 100.17974  29.02614 100.07779  51.22425
[1] 109.93343  26.40966 106.89094  17.76584
[1] 106.77875  23.01432 108.12096  25.44333
[1] 102.09463  22.71646 102.47695  16.48826
[1] 113.05247  27.09844 113.19154  24.01292
[1] 122.89286  27.24258 122.57044  24.32149
[1] 100.21436  24.50429 103.52941  19.66079
[1] 104.47887  27.52928 106.48128  34.28660
[1] 98.75244 29.74121 98.60773 46.15289
[1] 123.32899  25.18156 123.99822  46.93521
[1] 123.63152  25.50496 123.93063  28.11965
[1] 119.33219  25.12638 119.34848  40.32278
[1] 114.18027  23.64353 113.08522  16.75661
[1] 106.62207  23.70395 105.60494  29.11472
[1]  99.33658  25.45629 100.65416  21.27836
[1] 114.72287  24.68624 112.79510  15.63977
[1] 110.20442  26.90424 112.56912  22.22304
[1] 110.57541  26.20322 110.73448  23.49251
[1] 120.77348  18.76677 117.69548  12.89720
[1] 121.74374  23.87151 124.25076  52.20546
[1] 118.54869  31.49649 119.90920  36.04142
[1] 107.61477  25.07409 107.76988  18.11360
[1] 121.36986  25.86629 122.48131  46.58723
[1] 2.4
[1] 133.65481  30.39039 132.57067  31.29582
[1] 125.85715  29.87526 129.38802  30.81076
[1] 122.61094  30.30597 122.88545  24.65888
[1] 131.77746  29.03842 130.06292  22.39642
[1] 116.81966  29.88712 116.41820  22.03854
[1] 111.92293  20.14827 111.20367  16.29564
[1] 139.66439  30.56240 140.40993  23.30935
[1] 113.30354  28.05710 111.95500  21.83492
[1] 123.43010  26.81966 124.56131  29.83954
[1] 141.93211  26.33723 133.18996  39.22671
[1] 105.38182  24.57790 104.29723  29.99552
[1] 116.18950  25.59733 114.49527  24.20739
[1] 118.9370  28.5457 117.2548  21.8649
[1] 111.03843  27.26197 113.23818  62.39637
[1]  98.34638  22.67972 101.86006  45.35530
[1] 135.67830  36.10469 132.55681  30.03011
[1] 127.45262  28.00122 127.33670  29.86213
[1] 111.26560  25.44049 109.67669  27.73969
[1] 121.75136  23.44769 121.46281  15.95443
[1] 121.77675  24.24944 117.39448  30.59923
[1] 137.19890  27.37251 134.88132  19.31512
[1] 119.18714  26.54767 117.97177  26.81937
[1] 114.57027  25.95885 115.58631  63.15572
[1] 124.57379  26.51505 124.74828  29.64007
[1] 110.89526  25.26277 112.59040  46.30226
[1] 143.92479  27.83377 144.11791  23.76691
[1] 109.81810  24.74792 113.71547  36.91475
[1] 125.56074  21.57028 125.77464  15.60769
[1] 129.20642  27.17509 125.71303  33.19966
[1] 111.23542  24.17121 110.67089  27.47750
[1] 127.53839  25.51636 125.49598  18.47606
[1] 127.51403  29.07931 127.19076  38.88396
[1] 141.24384  30.48457 145.71980  38.14515
[1] 126.58767  25.71400 123.65368  27.59559
[1] 115.85531  29.45961 112.80068  25.11761
[1] 127.87441  29.21336 133.01161  63.46579
[1] 116.34683  31.23679 118.70241  59.89207
[1] 136.69129  27.02426 136.42576  29.64407
[1] 127.23392  29.26462 128.55357  31.62944
[1] 145.35041  25.79023 141.87937  34.12860
[1] 144.62265  25.46886 144.36558  27.70159
[1] 124.23584  30.76240 126.83397  23.94305
[1] 117.97629  30.50271 120.00076  20.48983
[1] 122.13547  23.87131 121.55834  16.40278
[1] 118.11692  27.34430 118.88871  28.00116
[1] 115.52890  28.91678 116.12853  30.84737
[1] 115.3664  27.0530 115.9989  49.7317
[1] 102.25324  32.14189 104.00298  67.79749
[1] 110.08873  25.81712 111.07615  41.24039
[1] 108.34871  26.11721 107.41809  48.42757
[1] 2.5
[1] 126.73985  24.23544 125.93795  29.14053
[1] 153.38114  28.27715 152.59904  33.51225
[1] 131.69357  30.38201 131.62827  27.86544
[1] 129.42715  26.19748 124.44515  43.13048
[1] 127.56821  24.48064 126.73481  45.57065
[1] 128.88859  24.66856 128.33216  27.59609
[1] 141.97997  27.06282 142.33499  31.69637
[1] 144.15889  27.41343 142.87601  27.63830
[1] 128.32762  25.01350 128.16170  20.95039
[1] 125.44608  26.92479 126.02214  50.02284
[1] 137.13158  24.30789 137.35554  47.45313
[1] 133.89933  23.35539 134.88730  57.26533
[1] 129.73423  24.58584 128.68771  23.86228
[1] 117.73550  28.63616 118.67734  29.15731
[1] 126.89371  27.49007 127.96090  29.72832
[1] 125.80824  25.79548 125.62337  49.92488
[1] 133.00630  26.49662 130.66104  44.03172
[1] 130.63590  30.90717 128.44396  35.73809
[1] 152.54527  26.15972 153.31880  47.44139
[1] 131.11484  27.36830 132.38314  47.79065
[1] 121.24434  32.56562 122.26128  24.50913
[1] 133.38183  27.94834 131.08134  29.90478
[1] 132.29079  26.69682 132.70057  31.40974
[1] 118.04091  23.91761 118.29308  29.20902
[1] 135.16706  30.08912 131.93625  23.34950
[1] 153.07344  30.20679 154.90439  30.88576
[1] 131.32481  29.18443 130.77998  38.26286
[1] 124.63975  25.11250 123.21554  24.75431
[1] 136.58932  22.91355 136.43069  18.76844
[1] 146.58195  29.26237 148.80477  20.21192
[1] 147.50881  24.98138 147.99290  55.06566
[1] 124.41115  29.13740 126.63899  36.71569
[1] 136.95029  25.26641 136.04548  26.11273
[1] 114.05484  27.29967 116.34866  23.99497
[1] 127.46892  25.02211 128.43861  27.85257
[1] 117.14893  29.58705 115.58710  48.42948
[1] 121.53757  29.51457 122.90043  23.51616
[1] 122.42649  29.51441 122.26965  20.71184
[1] 116.82742  30.78785 123.94729  59.65346
[1] 133.99817  27.63375 135.33114  28.11009
[1] 141.89886  24.85421 141.06358  20.89286
[1] 143.16646  23.59699 137.73071  20.15135
[1] 147.56727  28.32750 148.91576  42.42786
[1] 129.45552  28.14040 129.93683  20.65179
[1] 139.25427  27.88712 138.89155  21.62237
[1] 112.35801  20.64990 112.11267  34.17893
[1] 135.20019  26.23069 138.88367  86.11158
[1] 133.75271  28.54286 135.27626  16.84082
[1] 133.54382  25.98790 136.97172  22.97446
[1] 111.54100  28.93003 112.73335  30.46861
[1] 2.6
[1] 142.52332  28.75239 145.47554  48.03352
[1] 148.23061  25.92426 146.82809  50.59044
[1] 129.29248  24.00684 129.65675  23.25360
[1] 128.34867  27.95778 128.21728  36.67741
[1] 117.40075  24.88554 115.51953  25.56933
[1] 149.89011  31.99373 149.85097  39.44807
[1] 131.17593  25.58840 131.75334  21.33826
[1] 135.88718  31.47113 132.64297  25.69378
[1] 144.08243  30.84320 139.18168  41.13874
[1] 128.06185  29.19865 129.25852  42.89234
[1] 144.00968  25.88292 143.39374  41.15678
[1] 143.31771  25.99733 142.57688  21.34247
[1] 145.10119  26.38893 144.77191  54.02831
[1] 139.2045  26.7999 134.2691 124.2604
[1] 157.73807  25.55074 157.51042  39.10064
[1] 132.93685  33.39546 132.93557  42.67108
[1] 101.61655  23.70156 103.77935  94.16104
[1] 144.41819  28.81679 147.04498  33.96113
[1] 133.23677  25.76781 132.62489  28.21338
[1] 136.80326  30.83800 136.43582  39.09938
[1] 129.14853  26.10990 128.49427  30.14777
[1] 127.01214  30.38419 126.82356  19.58318
[1] 153.92529  28.35207 153.46620  22.32311
[1] 121.29355  29.37460 121.31538  21.09782
[1] 135.73961  27.58746 137.75335  24.71489
[1] 130.44216  29.75362 135.07470  26.68076
[1] 119.05629  26.41686 118.40416  32.65758
[1] 151.71621  26.00992 156.10363  42.67201
[1] 140.24377  25.15835 141.54882  23.62793
[1] 141.30494  30.59186 143.39556  38.45762
[1] 154.68095  24.61117 151.72413  34.12250
[1] 134.93172  28.02541 135.97933  27.57361
[1] 132.41665  32.04737 134.43502  53.53798
[1] 146.27233  32.40044 147.40861  25.50878
[1] 132.67261  28.84876 132.55580  67.88392
[1] 148.05228  27.40994 152.43477 231.93260
[1] 136.90854  25.58240 137.28857  26.61601
[1] 162.04051  26.65875 158.96534  24.56349
[1] 118.86900  26.28194 117.31300  15.83464
[1] 156.09842  26.65406 157.29046  15.68872
[1] 141.71371  25.82104 141.63582  22.69550
[1] 134.46184  25.48569 132.45129  35.41976
[1] 122.54589  28.27124 122.37992  20.16138
[1] 125.81676  26.14663 128.36137  44.98152
[1] 141.40935  31.22792 139.29659  26.09484
[1] 162.21579  26.54800 158.27465  27.36383
[1] 148.68812  25.45995 148.81538  17.46155
[1] 134.85089  20.76301 132.64293  39.78288
[1] 129.04081  27.17303 128.18071  33.47604
[1] 125.87510  27.71633 130.35663  28.05435
[1] 2.7
[1] 169.05982  29.03370 169.55143  78.37092
[1] 143.43712  30.34412 145.10057  43.44618
[1] 150.23417  25.50955 147.41887  16.96342
[1] 168.01814  35.04716 172.50318  30.29838
[1] 160.98007  25.32774 160.23712  71.55742
[1] 163.26904  29.14700 163.19116  33.00392
[1] 144.57849  31.39723 144.37619 109.38601
[1] 132.28123  27.24370 128.12600  20.13582
[1] 150.09812  27.80188 149.49434  24.76236
[1] 122.95319  27.22774 122.10454  24.00722
[1] 158.34985  33.20796 157.79442  37.72362
[1] 125.18924  27.65221 125.29063  21.40475
[1] 136.62535  28.86979 134.58987  58.18630
[1] 167.15633  27.60989 167.27559  68.65277
[1] 146.39673  29.81359 147.81356  34.74538
[1] 140.25377  29.34488 142.24007  36.51750
[1] 170.65464  28.24974 173.85735  22.26393
[1] 191.77669  36.12722 192.63610  37.13036
[1] 134.17307  28.62987 134.17419  58.04212
[1] 130.40659  28.02207 132.88807  22.36861
[1] 152.04757  33.63226 156.93589  41.22704
[1] 145.82528  26.65040 149.68779  25.98616
[1] 155.29487  26.86572 153.42359  38.61183
[1] 142.81227  29.61978 142.85595  69.76520
[1] 121.97687  30.49713 123.06248  29.07560
[1] 154.05091  30.77428 154.32025  62.69088
[1] 157.31077  27.05169 157.08247  24.64967
[1] 139.43778  28.06470 137.98413  25.92448
[1] 161.95349  30.31893 163.51947  28.29061
[1] 154.76143  29.30255 158.51382  23.80426
[1] 130.23960  21.23953 129.12557  16.40023
[1] 131.66389  26.18916 131.45453  25.31047
[1] 145.48991  25.11499 144.01550  36.83191
[1] 167.26385  29.41773 167.67967  27.64221
[1] 187.81457  25.80733 182.67697  95.88279
[1] 155.58174  25.51223 155.21241  61.00587
[1] 154.06948  24.48963 153.64065  31.00234
[1] 144.99863  24.47683 143.14647  36.09473
[1] 146.30939  25.91119 147.52098  32.99937
[1] 153.58552  30.87017 152.78734  39.84250
[1] 163.94761  22.95914 160.19336  53.70938
[1] 142.70152  29.87497 141.24484  38.14142
[1] 152.63457  28.57683 157.59156  39.34699
[1] 141.94918  25.58774 138.82291  34.41801
[1] 131.60671  24.83477 128.74709  46.87988
[1] 131.90814  32.97445 149.60260  27.37499
[1] 158.46124  27.35439 158.59569  20.37153
[1] 144.31007  33.10535 147.23355  92.83828
[1] 121.09014  30.39877 122.11435  37.76892
[1] 153.16940  32.09208 151.97216  29.10025
[1] 2.8
[1] 163.89314  25.56687 164.57844  29.86655
[1] 170.94841  25.02066 169.33825  28.82251
[1] 149.28533  31.41517 150.77269  72.51666
[1] 173.64203  28.63299 169.93682  30.64419
[1] 172.28464  31.93489 173.17612  28.68928
[1] 175.16710  28.38687 177.20026  29.31102
[1] 166.18578  29.60060 162.95582  28.27891
[1] 154.48076  25.09943 156.40656  40.82780
[1] 148.76564  28.41881 149.24926  48.29505
[1] 151.02647  30.44693 151.91198  57.62717
[1] 172.95626  27.77685 173.84989  28.92199
[1] 153.40828  29.50516 152.82321  39.12849
[1] 147.78835  27.84337 149.36368 155.46806
[1] 143.38029  23.18035 141.74037  30.79284
[1] 170.35540  32.09870 169.76575  29.77824
[1] 209.07787  34.84489 212.62978  73.11448
[1] 166.24850  32.55515 168.55449  23.62025
[1] 166.84576  29.14517 169.97067  30.44126
[1] 171.23207  29.74477 170.73866  25.57690
[1] 166.87360  25.00184 166.33012  36.18497
[1] 161.58940  29.24797 160.45480  25.91229
[1] 157.85971  29.54119 158.37957  23.63088
[1] 152.01375  29.19569 148.46206  25.60246
[1] 186.27339  30.41416 185.26440  35.27102
[1] 173.29586  30.47904 172.68695  65.00496
[1] 165.03109  25.57763 163.40644  47.84819
[1] 152.20341  24.88723 151.30587  19.80313
[1] 161.94067  32.95527 159.09538  38.90484
[1] 167.55645  28.14485 168.98004  37.86058
[1] 170.96845  29.30475 169.73119  21.41359
[1] 153.52869  30.43224 150.79671  39.85458
[1] 157.07021  27.53458 157.11835  20.68706
[1] 162.97363  30.15895 166.57014  36.07511
[1] 157.17030  30.09886 159.70039  43.64295
[1] 160.35031  31.33300 163.38836  30.79761
[1] 161.50405  28.81064 162.53038  37.29941
[1] 175.65998  25.17601 176.66473  33.47093
[1] 165.81998  24.33309 164.03421  51.47621
[1] 154.56561  25.13282 156.20734  49.91866
[1] 170.95954  29.48415 173.81969  27.48028
[1] 164.12241  28.29004 168.15283  96.11561
[1] 159.39670  29.31611 160.72388  49.86293
[1] 158.58089  25.72464 158.23856  27.85473
[1] 143.93810  27.24443 147.30395  77.14737
[1] 182.58811  26.50263 186.56328  21.95796
[1] 155.70094  28.63084 153.13400  22.54526
[1] 167.44694  32.63513 170.95363  69.41501
[1] 163.69817  29.61956 165.91082  50.03566
[1] 172.63556  28.25740 171.20186  29.51766
[1] 168.73626  30.61959 169.28109  20.84199
[1] 2.9
[1] 155.98273  28.36884 158.12872  84.03717
[1] 179.65591  30.66011 179.18147  27.48491
[1] 158.77563  31.84642 157.88480  54.34577
[1] 177.45615  31.93457 178.79187  43.62041
[1] 185.07772  27.37296 184.53847  34.13848
[1] 180.71541  27.07079 180.13359  39.77814
[1] 179.17534  32.26841 177.66912  19.34460
[1] 178.86712  23.23300 178.59042  24.39945
[1] 167.90020  26.56928 169.75542  51.81737
[1] 181.69260  27.88778 181.28848  27.74428
[1] 155.14671  23.88119 154.12910  25.94818
[1] 167.51537  25.77796 164.49618  63.05267
[1] 155.84025  28.72447 157.72428  38.55447
[1] 162.74559  30.61258 163.65849  79.19248
[1] 171.21393  27.97750 166.79331  91.06266
[1] 171.26142  28.47028 170.97200  31.58111
[1] 156.34079  31.79228 158.08833  45.69604
[1] 166.49439  30.71167 166.76485  64.97594
[1] 181.69935  28.03564 181.82530  25.68478
[1] 150.03680  33.44854 153.55670  33.15797
[1] 171.00972  27.73205 168.58959  31.19029
[1] 185.49524  28.73588 185.79706  22.32703
[1] 158.31998  34.02064 160.34230  44.34956
[1] 172.34121  26.08909 173.54489  79.80110
[1] 166.19871  26.72760 171.15859  19.98968
[1] 168.13073  27.43697 168.29598  23.43450
[1] 170.79836  26.53132 169.13034  65.94556
[1] 172.13297  22.97560 169.69687  17.72243
[1] 161.0483  27.2227 159.3286  29.3045
[1] 148.16333  24.04830 148.95055  53.57139
[1] 198.38448  31.37695 196.87833  25.37288
[1] 147.31231  26.07105 148.49433  54.66083
[1] 162.17391  24.99394 158.00858  20.29876
[1] 165.26711  29.54918 165.42077  28.99050
[1] 173.62238  29.52095 169.29754  22.22209
[1] 150.87871  32.50491 152.42543  55.06380
[1] 161.05303  26.57081 158.83133  38.25140
[1] 183.25142  26.42313 183.20297  26.37719
[1] 148.32311  31.88898 155.72136  58.96498
[1] 168.25850  28.81819 168.90051  68.81462
[1] 164.32960  33.04821 166.08138  39.63900
[1] 162.74611  23.30161 165.62346  33.56666
[1] 170.10372  28.71979 171.15555 113.50452
[1] 186.13248  30.39753 189.02473  65.02224
[1] 169.04314  24.41086 166.77349  30.00278
[1] 153.33670  24.25047 152.37128  20.35891
[1] 181.20638  30.23374 181.22885  40.80453
[1] 184.69815  37.00202 186.11706  42.62563
[1] 140.26990  30.12379 140.31087  32.55813
[1] 179.93524  32.58576 182.70004  42.10246
[1] 3
[1] 197.60247  31.97106 196.78021  24.97739
[1] 192.76876  33.25448 191.22843  27.92512
[1] 196.47949  30.37475 191.32063  22.28043
[1] 213.46202  28.89703 213.64616  61.45053
[1] 173.50929  24.83916 169.49707  21.95305
[1] 212.06898  31.55382 217.59490  38.75316
[1] 181.81866  29.70228 184.37080  49.12791
[1] 196.56012  27.29891 196.13188  30.19807
[1] 173.77023  28.60740 175.47373  69.41345
[1] 179.81795  30.73064 183.21181  26.78817
[1] 153.04729  22.71973 151.36544  27.28434
[1] 200.03341  28.74144 198.69017  68.62571
[1] 186.40341  28.47199 189.33333  76.65044
[1] 175.75763  31.24264 175.36879  54.48029
[1] 196.18132  31.82820 195.54533  23.76944
[1] 177.44711  30.08161 177.10660  52.32930
[1] 195.78958  35.19929 201.42454  90.04348
[1] 180.90261  28.01548 184.67980  26.36116
[1] 170.81643  33.74583 173.69942  35.57568
[1] 163.00032  33.24090 165.39733  88.68768
[1] 182.17193  30.19406 183.03501  87.39569
[1] 192.57486  25.53383 190.63673  27.84434
[1] 179.44497  27.89013 188.24213  84.30784
[1] 192.81498  28.39613 186.14203  24.74806
[1] 194.18689  31.77274 196.05834  25.73953
[1] 187.85020  31.84875 185.43807  36.19255
[1] 158.21419  25.22621 155.00170  24.58184
[1] 203.92277  32.13465 202.59648  45.67972
[1] 176.80271  36.50405 181.62076  44.80017
[1] 162.96516  27.62135 162.89491  39.19433
[1] 179.08535  30.50318 181.22404  28.49517
[1] 206.83446  26.43474 207.48083  91.61013
[1] 164.40304  31.38137 166.77090  36.82197
[1] 204.21295  28.28321 204.62732  22.97639
[1] 192.24132  29.54534 193.77625  45.79223
[1] 189.27856  40.36182 194.41725  52.35527
[1] 201.98351  34.22771 201.72290  35.17005
[1] 160.93517  26.04256 159.11897  24.94788
[1] 167.39135  29.39766 166.51729  39.11872
[1] 172.20083  31.24964 173.10487  43.25544
[1] 160.46320  26.65856 161.23729  26.85174
[1] 177.77810  28.80671 176.22208  79.13060
[1] 179.7775  27.5698 174.9405  61.6342
[1] 195.61844  24.91392 195.02438  20.32265
[1] 191.59972  28.66594 190.49277  55.14878
[1] 183.24670  30.83074 186.52629  39.22146
[1] 185.99994  34.84928 186.13182  41.94308
[1] 179.36384  32.23356 176.62412  24.98534
[1] 173.42544  34.24111 173.04683  56.06998
[1] 186.57185  31.47012 187.27803  26.73809
