Loading required package: Matrix
Loading required package: foreach
Loaded glmnet 2.0-10

Loading required package: methods

Attaching package: ‘pracma’

The following objects are masked from ‘package:kernlab’:

    cross, eig, size

The following objects are masked from ‘package:Matrix’:

    expm, lu, tril, triu

[1] 0
[1]  9.310329 23.557034  9.302790
[1]  8.832621 22.014829  9.305353
[1] 11.182005 20.847205  9.470587
[1]  9.318383 19.731204  8.719292
[1] 10.43163 23.28461 11.08463
[1] 10.914107 22.802444  9.984499
[1] 11.19905 24.64450 11.35905
[1] 11.440762 22.790009  9.681709
[1] 11.74556 23.58580 12.24132
[1]  8.386908 20.417282  8.445391
[1] 10.15893 20.11336 10.58415
[1] 10.169194 19.176529  9.807097
[1] 11.70340 21.08191 16.08481
[1] 11.35166 23.85471 11.35850
[1] 13.00670 28.75021 17.10846
[1] 10.38394 20.27869 10.59189
[1] 10.92601 25.36739 11.16257
[1]  9.543692 24.654545  9.799919
[1] 10.24103 24.65144 10.76932
[1] 12.20561 23.78009 10.10159
[1]  9.270215 19.638939  9.165046
[1]  9.436606 20.817916  9.072494
[1] 10.17285 22.02075 10.25542
[1] 12.62832 24.17407 12.00276
[1]  9.310026 19.945090  9.009709
[1] 11.67410 24.75577 11.88239
[1] 11.04588 21.68503 10.55106
[1]  9.577134 24.311231 11.233003
[1] 11.52221 23.19823 11.91961
[1]  9.674003 23.743483 11.058245
[1] 11.10199 25.55273 10.74004
[1] 11.61112 24.55936 12.03385
[1] 10.39853 20.86569 10.19954
[1]  9.419276 21.872608 10.240309
[1]  9.919472 22.102222 10.113983
[1]  9.612216 22.129644  9.960778
[1] 11.16822 25.20534 11.67762
[1]  9.259479 22.603936  9.733348
[1]  8.197283 22.435200  9.938923
[1] 10.14163 21.23781 11.46265
[1] 12.03161 21.70823 12.55494
[1]  9.822579 24.607179  9.253884
[1] 10.16986 24.46024 10.43012
[1]  9.962064 21.011224 11.187313
[1] 10.84522 18.99492  9.23318
[1]  9.55149 20.88613 10.16090
[1] 10.33684 23.51484 13.02302
[1] 10.20049 25.04032 10.73230
[1] 11.09971 21.55526 12.95177
[1]  9.523775 20.233246 10.439936
[1] 10.76891 19.98957 10.15359
[1] 10.66075 21.71328 11.48332
[1] 11.00480 23.67775 10.68248
[1] 10.515036 22.060251  9.660125
[1]  9.420684 21.711263 10.077019
[1] 10.54130 21.24320 10.54147
[1] 11.74699 25.54230 12.52863
[1]  9.026218 26.595379 10.668047
[1]  9.320778 22.929586 10.425991
[1]  9.525436 21.062649  9.660657
[1] 11.56096 27.47811 10.66366
[1]  8.720846 20.324467 10.049931
[1] 10.70719 21.76083 10.80397
[1]  9.889912 20.023763 10.776170
[1] 10.17497 22.11978 10.64778
[1] 10.69713 22.36449 10.30664
[1]  8.569643 19.229824  9.457118
[1]  9.547329 22.976563 11.146432
[1] 10.694666 26.059256  9.910672
[1] 12.08151 22.44316 11.61405
[1]  8.494647 22.219944  9.843243
[1]  9.416806 20.298232  9.579366
[1] 10.16591 22.60777 10.30543
[1] 10.41627 21.29997 10.65855
[1] 11.45744 26.39911 11.62502
[1] 10.86379 19.11877 11.06613
[1]  8.831268 23.927539  9.324271
[1] 10.12057 21.87749 10.19817
[1]  9.373115 21.011081  9.341896
[1]  9.810889 24.477384  9.244982
[1] 1.666667
[1] 11.64058 23.07453 11.00521
[1]  9.859761 21.856288  9.724389
[1]  9.79263 21.70206 10.37909
[1] 12.86470 24.39931 12.81002
[1] 12.73123 23.04609 11.83443
[1] 11.41593 22.36931 11.08908
[1] 12.02835 23.36741 10.36077
[1] 11.35277 21.09943 12.29656
[1] 11.407031 25.698419  9.856209
[1] 12.57337 22.65423 10.21689
[1] 12.35892 23.75821 14.88885
[1]  9.891896 26.533157  9.195710
[1] 12.06787 23.41911 11.29967
[1] 10.18694 23.58939  9.85391
[1] 10.859558 22.234120  9.586332
[1] 14.60127 25.23093 13.83479
[1] 12.51933 25.28414 12.01452
[1] 12.20341 26.97462 11.54591
[1]  9.935875 25.055202 11.658543
[1]  9.403662 20.565417  9.905685
[1] 12.00859 24.42831 12.74497
[1] 12.37326 21.41513 12.10046
[1] 11.26172 21.46348 10.85815
[1] 13.89992 24.30155 12.45223
[1] 10.06851 21.74987 10.44870
[1]  9.358024 22.098596 10.705944
[1]  9.400075 19.636092  8.384772
[1] 10.265300 20.815626  7.971145
[1] 12.33044 25.51943 11.41389
[1] 11.85967 22.28045 11.77151
[1] 11.81530 22.80212 11.47032
[1] 12.45519 27.93375 12.93653
[1] 10.564518 21.295432  9.583426
[1] 10.54994 23.83885 12.25273
[1] 10.32795 25.14680 10.14441
[1]  9.741097 21.033804  9.595011
[1] 10.88878 22.69333 11.02649
[1] 10.39128 19.77899 10.55533
[1]  8.256023 20.240789  8.438563
[1] 12.97427 27.36268 14.22335
[1] 11.02874 21.94651 11.44189
[1] 11.34556 22.88315 10.45115
[1]  9.158288 24.887096  9.040824
[1] 12.60119 27.52267 11.87370
[1] 12.16542 25.23042 11.09187
[1] 11.94503 21.35126 10.21755
[1]  9.81980 21.16966 10.60767
[1] 11.82012 24.34209 11.40600
[1] 10.44189 20.84819 10.16451
[1]  9.705199 20.334385  9.680617
[1] 10.50852 21.81079 11.09889
[1] 11.22558 19.69512 10.62670
[1] 10.070927 22.075311  9.845572
[1] 13.07054 22.37632 12.30789
[1]  9.814793 23.209037 12.427346
[1] 10.91381 23.06949 10.47361
[1] 11.56548 19.08742 15.84189
[1] 11.73816 21.58078 12.11756
[1] 11.09173 20.06514 11.28873
[1] 12.92794 23.70591 13.51633
[1]  9.292449 21.813046  9.612597
[1] 10.88329 22.63145 10.46546
[1] 11.95021 23.71910 17.22715
[1] 11.44793 20.49492 10.59220
[1] 11.96330 24.80166 11.64670
[1] 13.23776 25.36372 13.47635
[1] 13.77324 24.09936 11.03469
[1] 12.78584 24.34731 12.01185
[1] 11.66333 23.05006 12.50886
[1] 10.46716 21.79696 10.77117
[1] 11.74616 23.16069 10.72379
[1] 10.82967 22.05049 10.91282
[1] 10.95026 22.93839 10.18493
[1] 10.28162 23.20581 15.59655
[1] 11.87000 21.88767 11.94549
[1] 10.51627 21.84609 11.88591
[1] 11.35689 24.28276 11.98670
[1] 10.80045 21.25787 11.81345
[1] 10.611942 22.945488  9.050715
[1] 12.95481 21.41653 10.72591
[1] 3.333333
[1] 12.798633 23.930649  8.966173
[1] 11.23549 23.20718 10.04574
[1] 12.24537 20.24058 10.29404
[1] 10.94657 19.43797 11.49043
[1] 10.901548 21.543967  9.921951
[1] 11.46849 21.82497 10.29655
[1] 13.22317 22.78284 11.79498
[1] 12.42332 23.43484 10.80681
[1] 12.12414 22.34154 11.41797
[1] 11.27330 22.53695 10.64105
[1] 11.80209 21.47129 10.18978
[1] 11.59431 21.88574 10.28916
[1] 13.20502 21.36014 10.25598
[1] 11.45906 24.99872 12.24460
[1] 13.27256 19.30104 12.13191
[1] 11.50985 21.97760 10.49432
[1] 11.41809 21.62968 10.54642
[1] 14.10105 25.97890 13.27507
[1] 13.14821 21.10467 16.02377
[1] 11.552104 20.316368  9.954007
[1] 12.42420 22.88320 10.17586
[1] 13.00693 21.40935 11.29086
[1] 10.984430 19.414668  8.857541
[1] 13.811215 24.231646  9.976691
[1]  9.589851 20.669162  7.902839
[1] 11.73177 21.85722 10.15575
[1] 12.53298 20.40265 11.11255
[1] 11.269128 21.545019  9.981812
[1] 12.73643 21.26412 11.18474
[1] 13.398991 23.335959  9.630964
[1]  9.524431 20.374526  8.230044
[1] 10.07584 21.87290 11.56061
[1] 14.20191 25.69443 12.55998
[1] 12.160979 21.245200  9.478936
[1] 14.48702 25.88979 11.33105
[1] 13.21221 29.00321 13.95909
[1] 14.69242 26.54429 11.77059
[1]  9.380485 20.666641  7.732353
[1] 12.28702 21.08999 11.67562
[1] 11.98985 21.78730 14.27731
[1] 12.63297 21.45207 10.92286
[1] 11.630738 20.549408  9.540381
[1] 11.94605 25.47799 12.33375
[1] 11.702429 20.983085  8.832028
[1] 11.034525 21.326448  9.790764
[1] 11.02199 22.20516 10.11450
[1] 12.99816 22.24000 12.24318
[1]  9.871664 21.990484  9.271680
[1] 13.37292 21.99283 11.78310
[1] 12.67348 20.92519 11.63614
[1] 12.52665 23.20956 11.46039
[1] 11.70495 18.71036 10.01551
[1] 12.166865 21.220101  9.382984
[1] 10.999043 19.026010  9.477641
[1] 11.90280 20.67208  9.50017
[1]  9.968291 20.082897  9.259093
[1] 11.83201 20.55617 10.62970
[1] 11.33549 25.67186 11.01386
[1] 11.78663 19.31953  8.82023
[1] 13.41063 21.76552 11.58929
[1] 11.65365 23.42889 10.46321
[1] 13.11703 24.54019 12.56673
[1] 13.312310 22.640247  9.992811
[1] 11.06954 21.74438 10.27459
[1] 10.60359 18.05291 15.83432
[1] 12.60346 22.45450 11.52422
[1] 15.27429 25.45618 12.32531
[1] 13.44492 21.89682 10.73430
[1] 12.28686 21.31987 10.84877
[1] 13.36031 24.95334 11.75693
[1] 10.859807 24.398418  8.554872
[1] 11.97684 24.79407 12.81803
[1] 13.05660 19.95889 11.51043
[1] 12.46542 23.66278 11.29752
[1] 11.496209 20.942494  9.644964
[1] 13.38194 23.00540 10.79992
[1] 11.34033 19.25132 10.60689
[1] 11.83315 18.94939 10.05230
[1] 10.21077 24.17532  9.36982
[1] 11.212759 22.654939  9.100453
[1] 5
[1] 15.89851 24.09295 11.84712
[1] 11.615984 23.643649  9.781756
[1] 12.99898 22.95821 11.49091
[1] 13.00321 22.52895 10.38206
[1] 11.48867 21.60553 10.61083
[1] 15.53373 22.83318 12.64834
[1] 14.85184 25.11660 11.99682
[1] 14.76770 24.18644 12.19605
[1] 12.056675 19.759894  8.929814
[1] 13.747660 20.016935  9.443432
[1] 13.14257 19.84508 10.33652
[1] 14.358498 23.472991  9.347802
[1] 16.25571 28.46359 10.93431
[1] 16.06383 25.24015 13.32381
[1] 12.085732 21.661997  9.267347
[1] 13.13940 23.54184  9.91205
[1] 14.57797 22.59952 10.08130
[1] 17.71201 24.92650 13.23622
[1] 13.38288 22.84286 11.55985
[1] 14.37304 22.85788 11.51048
[1] 13.47067 24.98978 10.30087
[1] 14.59643 22.45390 11.60738
[1] 11.67989 20.58822 10.09128
[1] 12.96864 21.00044 10.30744
[1] 14.90858 23.12153 11.27098
[1] 13.24453 20.01482 11.10147
[1] 14.643548 22.140814  9.641886
[1] 11.427617 20.644228  9.415988
[1] 13.74172 24.68148 11.37141
[1] 14.24394 24.96256 12.35258
[1]  9.986549 18.848080  7.895323
[1] 12.86377 22.61914 10.95191
[1] 13.47001 22.09840 11.70415
[1] 15.58418 24.50491 11.19874
[1] 15.08598 28.04790 12.23384
[1] 15.88439 20.63675 12.54758
[1] 13.565969 21.277980  9.785418
[1] 16.11488 23.19864 11.38930
[1] 16.33166 28.74979 13.47419
[1] 19.35463 30.74281 14.39645
[1] 14.68916 24.09522 12.00850
[1] 14.75597 23.76830 11.29004
[1] 15.06644 23.44434 11.57950
[1] 11.978463 18.822756  9.638733
[1] 14.06334 25.03122 12.78374
[1] 12.73049 21.24562 11.80181
[1] 13.573794 22.230221  9.644012
[1] 15.92090 25.78454 11.59298
[1] 15.89490 24.08313 11.97652
[1] 12.96249 22.93863 10.60170
[1] 15.80606 20.74694 10.82083
[1] 14.165709 23.838151  9.843203
[1] 14.19690 20.08125 10.61904
[1] 12.96212 21.59545 11.32134
[1] 14.468759 21.757339  9.132855
[1] 14.099682 26.515192  9.878577
[1] 13.19882 22.22529 10.58426
[1] 14.29446 23.22597 11.78982
[1] 15.781063 27.151510  9.977687
[1] 13.93819 23.36130 12.29399
[1] 14.77183 23.22749 11.68775
[1] 13.34267 19.41470 10.84212
[1] 13.738213 22.880811  9.913908
[1] 15.37442 22.95392 12.99192
[1] 13.42778 19.80437 11.27484
[1] 15.90939 27.73770 13.03239
[1] 14.69104 20.85513 10.42034
[1] 13.80566 23.44061 10.99215
[1] 13.88448 23.40960 12.49527
[1] 11.041240 19.010292  8.856242
[1] 13.33326 23.12720 11.30996
[1] 13.11773 24.50910 12.06116
[1] 12.39676 24.29897 11.54149
[1] 14.42242 22.60451 12.42289
[1] 15.583135 22.951681  9.516788
[1] 14.339532 23.082582  9.733093
[1] 15.59306 22.66939 10.39594
[1] 12.546781 22.176819  9.521012
[1] 12.72216 21.16116 10.34728
[1] 12.84144 20.77197 11.29403
[1] 6.666667
[1] 17.75645 24.93312 12.16178
[1] 19.01414 25.58853 12.22888
[1] 16.62938 22.27445 11.46047
[1] 15.761923 19.926174  9.886113
[1] 16.65381 22.22823 11.21698
[1] 16.73698 20.58962 11.26406
[1] 15.60883 21.78555 10.90908
[1] 14.91132 18.65635 10.06055
[1] 17.84266 26.73731 12.49260
[1] 15.76225 23.24537 10.89431
[1] 18.01977 23.25002 13.52828
[1] 14.91388 21.86160 10.86054
[1] 14.31043 18.47382  9.86792
[1] 15.79914 22.98699 12.34082
[1] 16.82371 25.00602 12.96045
[1] 15.40287 21.51890 11.45510
[1] 15.243177 24.350675  9.332811
[1] 14.08205 24.41006 10.60969
[1] 15.54591 24.76751 20.19331
[1] 18.76621 21.97607 11.24555
[1] 17.74108 23.95302 17.72838
[1] 14.88004 21.54740 12.31420
[1] 15.39444 21.00466 10.69375
[1] 17.82032 21.59065 10.05533
[1] 14.928597 22.318831  9.853537
[1] 14.77820 22.95185 10.52408
[1] 16.14275 21.29470 14.46511
[1] 15.83781 19.49781  9.93578
[1] 14.84221 18.30194 16.81842
[1] 15.76720 22.38956 11.40178
[1] 15.491563 24.483769  9.830031
[1] 13.40580 19.76850 10.47505
[1] 16.04095 23.24374 12.13569
[1] 16.72826 23.48379 11.77958
[1] 16.53475 21.62698 11.80504
[1] 16.051098 22.310187  9.977756
[1] 14.908414 20.609681  9.438949
[1] 15.240488 20.233403  9.500902
[1] 16.91452 23.03847 10.92411
[1] 16.428703 24.277977  9.878549
[1] 15.69277 22.80749 11.36703
[1] 16.41247 25.59650 12.35784
[1] 15.23323 23.39178 11.20364
[1] 18.48472 23.26951 14.23785
[1] 15.65594 22.90422 11.33752
[1] 17.39942 21.92628 11.92956
[1] 18.33605 23.57163 12.95031
[1] 17.40890 24.15883 12.02497
[1] 16.63661 19.97815 12.21315
[1] 14.49935 23.28161 11.56067
[1] 15.338755 23.114645  9.915805
[1] 17.90187 23.89216 11.23099
[1] 14.73680 20.16437 10.68963
[1] 16.00183 23.48358 10.40476
[1] 17.00080 21.63980 11.22918
[1] 15.54074 25.33253 10.38893
[1] 15.66385 21.10526 13.27623
[1] 16.10397 25.36085 11.45826
[1] 13.924849 23.135197  9.917184
[1] 16.61202 25.95697 10.33374
[1] 16.94607 23.03237 10.70051
[1] 16.07339 20.16020 10.54450
[1] 14.795516 23.115308  9.674081
[1] 14.18607 18.76525 10.65200
[1] 15.73782 24.91605 10.93294
[1] 15.33247 20.55351 11.21338
[1] 16.97538 27.49666 12.95618
[1] 16.04245 21.52751 11.10142
[1] 17.77230 24.03668 10.75382
[1] 16.69682 23.55929 11.17814
[1] 15.906474 21.828115  9.338136
[1] 17.02609 21.35787 14.16763
[1] 15.27659 26.74789 10.47706
[1] 16.051321 20.616924  9.418417
[1] 18.53123 24.02605 14.71421
[1] 15.06497 21.17976 10.12570
[1] 19.37285 24.13127 13.88283
[1] 17.18859 19.48780 11.39990
[1] 13.914620 21.605467  9.174409
[1] 14.75142 23.78624 12.67703
[1] 8.333333
[1] 22.68186 25.57983 12.84319
[1] 20.84558 24.01426 11.36274
[1] 20.01516 24.95366 11.74205
[1] 17.68198 21.56901 10.58476
[1] 21.73382 25.15479 13.20703
[1] 19.51852 18.74701 11.51250
[1] 23.60620 24.01697 12.96742
[1] 19.04090 21.31059 11.02391
[1] 16.90947 21.50434 10.31532
[1] 22.95193 25.97884 14.98476
[1] 19.54791 23.04766 10.70266
[1] 19.35313 24.65929 12.90816
[1] 18.548282 21.347991  9.615665
[1] 16.88892 20.04735  9.66803
[1] 21.35763 24.75432 11.39625
[1] 20.31273 23.00180 10.67152
[1] 16.532044 19.646093  9.429609
[1] 20.02418 23.67018 12.40715
[1] 21.89762 25.38100 12.46618
[1] 19.37579 18.61117 14.54862
[1] 20.78472 21.20992 12.49581
[1] 18.55619 22.46809 12.73565
[1] 18.93418 23.43451 11.35541
[1] 19.11146 23.39939 11.76234
[1] 17.86527 19.82080 10.24171
[1] 18.63442 22.68712 14.12570
[1] 20.10941 23.43588 10.50933
[1] 20.01882 20.32029 11.13921
[1] 19.19860 22.33377 11.10409
[1] 18.60771 23.83566 11.40924
[1] 20.75102 23.58703 14.44788
[1] 19.35431 22.35692 11.99863
[1] 20.42326 21.20370 11.69576
[1] 22.33206 23.18179 12.33483
[1] 24.36097 25.64458 12.20027
[1] 19.47127 21.85463 10.55294
[1] 18.15826 19.77617 10.38473
[1] 19.65499 22.95561 10.25033
[1] 18.32405 21.32738 17.44562
[1] 20.34437 23.53451 10.33890
[1] 22.62691 26.11375 16.07918
[1] 20.21802 21.13757 10.64200
[1] 18.96076 22.71822 13.08239
[1] 19.17831 22.11336 12.11618
[1] 17.83853 24.54490 12.75044
[1] 16.54505 20.59759 12.49466
[1] 23.02899 24.94987 11.95359
[1] 21.85253 24.30721 12.04426
[1] 17.53452 23.01530 11.05151
[1] 19.01709 22.83595 11.39790
[1] 20.39559 22.90211 14.59768
[1] 22.85970 27.08968 13.05256
[1] 20.80601 24.28766 13.88628
[1] 17.60244 22.11158 11.70814
[1] 22.67026 26.78724 10.45324
[1] 19.71040 23.33559 11.54999
[1] 18.70289 22.36517 11.33018
[1] 22.07934 23.48931 14.09330
[1] 17.951771 18.311430  9.708578
[1] 18.77016 19.54774 12.44059
[1] 17.31717 24.27689 10.93485
[1] 17.36985 21.04663 10.55745
[1] 17.85985 22.89587 13.33128
[1] 18.36174 23.45665 12.23886
[1] 22.57337 22.41485 10.76693
[1] 22.03996 25.57894 15.14584
[1] 21.07887 23.02599 11.12167
[1] 16.068920 19.509897  9.337462
[1] 19.78533 23.85078 12.70462
[1] 22.80395 25.61693 12.54629
[1] 19.69169 23.12782 13.38941
[1] 18.49984 21.87642 12.83627
[1] 18.522446 20.451517  9.201536
[1] 21.84805 23.93934 12.92818
[1] 19.11119 19.70865 13.56601
[1] 22.30479 24.49549 12.20091
[1] 19.57191 25.55316 16.13425
[1] 17.48206 18.63547 10.77845
[1] 19.97788 26.85040 14.19424
[1] 18.09073 25.70262 12.19087
[1] 10
[1] 24.90809 23.37303 14.19900
[1] 22.07387 24.09381 11.37194
[1] 23.40225 19.24434 12.71879
[1] 25.58940 26.43790 12.74299
[1] 20.46708 23.86755 12.68715
[1] 23.38509 22.23776 12.72142
[1] 21.53465 24.02039 16.82637
[1] 26.80919 24.06021 13.22834
[1] 20.70249 23.43258 13.13080
[1] 22.388360 24.530107  9.995705
[1] 22.30722 23.75094 11.42257
[1] 24.17505 22.74177 11.96906
[1] 23.39061 27.25585 13.18843
[1] 21.14218 24.03166 11.94191
[1] 22.87396 22.25712 18.96576
[1] 22.91925 22.05571 12.95073
[1] 24.94273 22.10333 14.30084
[1] 23.09377 20.45012 12.93545
[1] 27.501815 19.965848  9.684201
[1] 23.38800 23.96130 13.45415
[1] 22.07268 20.11777 10.02917
[1] 27.29493 21.79137 12.71858
[1] 25.03239 24.95486 12.68314
[1] 26.09731 25.21366 17.06017
[1] 17.999247 23.169466  9.717239
[1] 22.14559 22.04144 13.67897
[1] 25.16837 24.84096 14.60985
[1] 22.00858 21.86715 11.76627
[1] 20.22271 22.18214 12.29287
[1] 23.08070 19.10552 13.18092
[1] 22.24497 24.70914 13.59870
[1] 23.70787 25.30369 20.39340
[1] 23.82523 21.45347 13.53078
[1] 20.68891 20.60545 10.93763
[1] 20.93463 22.35637 13.95482
[1] 24.04454 26.30840 11.77764
[1] 23.21523 22.32378 19.01223
[1] 19.44400 20.83790 10.38815
[1] 21.28738 23.10001 12.95902
[1] 24.83699 22.74616 17.41329
[1] 24.320682 20.986195  9.781924
[1] 21.70112 25.60296 10.36356
[1] 22.30823 19.18354 10.11565
[1] 21.07061 26.02988 12.16311
[1] 23.57108 22.56160 11.28561
[1] 21.88005 21.03204 11.13323
[1] 25.31961 25.87219 12.69186
[1] 22.78796 23.38571 12.28334
[1] 25.12546 21.10289 13.36657
[1] 23.710496 23.636301  9.992283
[1] 22.15006 23.52660 10.75755
[1] 21.60368 22.52159 11.80049
[1] 21.71429 21.51323 11.61615
[1] 24.79763 22.42108 12.12008
[1] 20.76644 20.90339 12.51935
[1] 21.46525 21.77687 15.09842
[1] 19.88833 20.76097 12.58829
[1] 24.39935 21.57714 11.42853
[1] 24.59933 21.88667 12.43815
[1] 22.19753 21.71761 12.18685
[1] 19.29736 17.67318 18.14145
[1] 25.55738 21.78171 15.96177
[1] 20.84706 25.99960 12.57551
[1] 21.33389 23.75344 19.23901
[1] 21.30708 22.32382 11.62902
[1] 20.23443 23.15067 15.76882
[1] 20.84361 20.58626 10.23086
[1] 25.52996 22.04126 16.36996
[1] 23.06579 21.03820 11.41659
[1] 28.08167 24.38407 15.31893
[1] 24.72579 24.06913 11.49290
[1] 19.37554 24.26404 12.28218
[1] 23.18516 23.85065 13.74434
[1] 21.84325 22.46540 12.11450
[1] 23.32879 25.56181 15.62222
[1] 19.71902 19.48073 10.07301
[1] 24.11166 25.45427 15.98556
[1] 21.48194 20.16074 11.90883
[1] 25.48457 25.10508 14.41969
[1] 19.51616 20.10794 10.63385
[1] 11.66667
[1] 27.14963 21.01240 17.20014
[1] 27.39713 25.51701 10.77646
[1] 27.33586 22.15190 11.39773
[1] 25.99695 24.41615 10.93456
[1] 25.42058 24.17345 12.25188
[1] 25.81358 24.33130 17.82159
[1] 30.29451 23.75712 16.47559
[1] 25.99138 19.08898 10.97970
[1] 27.69589 24.99748 12.03206
[1] 28.81182 23.87643 16.73046
[1] 26.29233 25.02529 14.19499
[1] 28.94707 25.42497  9.27795
[1] 28.30081 23.78164 11.15413
[1] 28.22599 23.68026 14.60426
[1] 23.62289 23.16257 25.40321
[1] 29.94121 21.38673 20.30784
[1] 26.18640 23.36086 14.36611
[1] 29.20299 26.87332 16.29741
[1] 27.00045 20.81927 11.79670
[1] 27.88013 22.04439 11.53776
[1] 24.45667 20.90642 27.91552
[1] 27.84500 26.15310 10.59022
[1] 25.70853 23.66782 12.65897
[1] 29.47730 25.77869 13.75622
[1] 29.98039 20.98025 13.51418
[1] 26.33457 21.52228 10.69955
[1] 29.01122 19.08435 12.45447
[1] 28.94512 25.38841 15.61673
[1] 29.44180 25.94154 15.16327
[1] 26.40716 22.47627 13.67507
[1] 28.41149 25.25138 14.03952
[1] 29.72966 26.01616 14.00451
[1] 26.66437 20.57019 13.20581
[1] 26.51057 21.41811 10.41179
[1] 25.95981 22.48238 14.31800
[1] 25.16565 22.22102 12.97912
[1] 27.23479 20.08257 12.21406
[1] 25.88139 18.78309 13.29025
[1] 27.55380 26.43395 15.25571
[1] 31.426231 26.783836  9.700883
[1] 24.73494 28.68534 11.31519
[1] 29.88907 22.81717 17.45578
[1] 28.30178 26.28864 19.22825
[1] 27.17396 23.51582 13.43540
[1] 23.97752 24.03260 10.39926
[1] 28.95477 22.22008 15.07983
[1] 25.08108 18.80346 13.27707
[1] 28.56546 24.89443 18.29555
[1] 24.43616 20.08318 15.21516
[1] 22.11327 20.47576 10.31954
[1] 30.82697 23.63504 19.00496
[1] 26.30908 25.17103 15.34265
[1] 30.23189 24.37043 15.16308
[1] 26.39543 25.86293 13.21623
[1] 27.76607 25.64438 10.37064
[1] 28.25336 28.49872 12.10746
[1] 27.63860 22.27401 11.94370
[1] 25.44645 20.68817 12.36180
[1] 25.61600 20.54605 12.75899
[1] 26.90665 21.70581 10.45866
[1] 24.15484 24.01843 12.74671
[1] 25.41291 20.46600 13.31889
[1] 28.00709 24.11102 14.08189
[1] 24.84818 25.71435 15.20369
[1] 26.14766 23.70640 19.76058
[1] 25.35887 21.48757 16.18302
[1] 30.15164 25.09396 19.99257
[1] 24.02718 23.20159 14.90383
[1] 29.48687 24.95679 18.39546
[1] 30.28275 21.97419 15.30875
[1] 34.56817 24.82206 13.08111
[1] 27.91098 25.51225 13.09201
[1] 24.49492 23.46416 12.27741
[1] 25.03703 19.55230 16.48151
[1] 27.99621 25.68955 13.01084
[1] 26.24803 24.22236 12.37951
[1] 23.93169 23.52729 12.02673
[1] 30.39876 22.50082 12.39271
[1] 30.99367 25.00195 13.98887
[1] 31.50915 26.95427 17.89951
[1] 13.33333
[1] 37.39208 22.78065 15.17432
[1] 31.30782 20.88971 10.47415
[1] 37.56190 25.14877 14.81598
[1] 31.39696 21.90815 25.75977
[1] 28.94768 22.68783 11.80838
[1] 31.51944 23.32583 11.07410
[1] 33.71399 22.91465 13.56063
[1] 30.59603 20.30135 12.66868
[1] 38.00632 21.84107 11.67955
[1] 31.77224 24.19124 13.25856
[1] 29.47998 22.62170 10.43602
[1] 28.80003 20.52312 12.42041
[1] 31.20085 28.60938 25.17766
[1] 34.13821 26.23381 15.33474
[1] 27.48115 21.03415 26.84694
[1] 32.13429 26.37944 12.14734
[1] 28.30993 20.83396 11.13195
[1] 29.12239 23.17115 12.54255
[1] 29.10836 21.78634 13.17108
[1] 31.98346 26.16510 17.16163
[1] 29.25987 22.68232 15.57492
[1] 30.938930 23.146317  9.820539
[1] 29.39868 23.47680 15.98590
[1] 27.52163 22.10296 12.57397
[1] 31.65437 21.39866 13.28771
[1] 26.930269 23.122218  9.490813
[1] 31.50613 21.38632 11.46550
[1] 31.93267 26.07380 19.51765
[1] 35.58113 24.58195 23.89017
[1] 31.88802 23.35628 13.74818
[1] 27.65477 20.23849 17.94003
[1] 29.92152 22.12520 19.22122
[1] 29.63671 24.93688 19.65256
[1] 28.83551 19.29661 11.18807
[1] 28.62727 21.30868 11.27444
[1] 30.22115 21.54467 11.82654
[1] 32.77801 21.70205 12.30542
[1] 31.17651 23.52110 12.62245
[1] 29.86911 23.40953 14.76133
[1] 35.09241 22.20322 16.12950
[1] 35.59645 24.42948 13.81568
[1] 28.31550 24.19557 12.56932
[1] 40.76505 25.58208 10.91917
[1] 37.31574 23.83425 17.09731
[1] 29.65871 26.43332 11.12915
[1] 28.30943 21.48299 18.36193
[1] 35.18866 25.91433 17.45024
[1] 33.91775 24.83320 13.48704
[1] 32.34523 22.93337 15.32890
[1] 29.95832 25.55290 11.50166
[1] 32.26788 23.59711 45.49518
[1] 37.26318 30.17853 19.50855
[1] 36.42349 23.28801 12.38629
[1] 29.52080 23.34349 19.95329
[1] 31.56665 24.10602 17.98690
[1] 32.86519 26.01739 15.66151
[1] 25.21965 20.15708 13.33807
[1] 38.10122 28.10667 12.63033
[1] 30.38011 21.09503 14.75274
[1] 32.09794 25.18588 11.28997
[1] 33.30242 23.02375 18.37438
[1] 32.97877 22.51854 11.89132
[1] 24.99169 18.42070 11.84021
[1] 29.88039 23.98116 12.49426
[1] 27.70684 19.88699 11.80505
[1] 32.15240 21.85514 12.80741
[1] 34.16258 23.51553 14.41534
[1] 29.03363 22.26372 16.35196
[1] 30.06954 21.89599 12.04431
[1] 25.224147 19.498293  9.693919
[1] 34.28210 20.64646 12.83335
[1] 33.02658 19.90656 18.06916
[1] 32.49338 21.26603 13.09391
[1] 37.41217 24.48272 15.54203
[1] 30.51461 20.63176 11.73380
[1] 29.42193 22.29099 10.35563
[1] 28.21152 26.01466 13.45875
[1] 34.23573 24.16737 12.27721
[1] 30.12209 26.03771 11.54788
[1] 31.73532 22.73258 12.40503
[1] 15
[1] 45.87614 26.23165 13.89599
[1] 35.25591 23.94284 13.46175
[1] 35.53120 24.81193 15.06893
[1] 46.50009 31.08826 15.69756
[1] 35.16267 27.14929 12.81311
[1] 37.56661 20.53265 11.60045
[1] 44.58737 26.02275 18.25668
[1] 41.51744 21.48282 11.80836
[1] 37.90258 23.75650 16.29671
[1] 41.27693 25.97811 15.63324
[1] 34.62837 23.33002 19.39997
[1] 39.30339 22.19207 16.45625
[1] 36.76950 22.04750 15.29917
[1] 35.00235 25.24386 16.44011
[1] 34.07050 22.86769 15.16045
[1] 37.11928 22.13510 14.60857
[1] 40.31670 25.76555 18.00108
[1] 30.47853 24.10280 12.98901
[1] 37.33425 26.12917 14.33723
[1] 36.02227 26.53635 15.55623
[1] 40.06310 26.96098 15.02081
[1] 34.07484 26.11780 12.31517
[1] 39.48385 23.58607 11.82009
[1] 33.94497 25.14953 19.65798
[1] 32.34607 19.75723 13.43299
[1] 38.54554 23.81504 21.20178
[1] 31.21436 19.31475 11.71392
[1] 35.54413 23.61784 16.76925
[1] 37.48467 25.85140 16.81948
[1] 37.04948 20.33726 13.56297
[1] 36.16969 23.10735 15.32713
[1] 41.90238 25.93857 13.05498
[1] 31.91908 20.38264 17.56644
[1] 35.01857 19.52645 18.93046
[1] 36.63702 23.07637 18.80633
[1] 39.14209 29.21914 27.89668
[1] 35.98901 23.93961 11.68002
[1] 39.33400 24.76621 15.78812
[1] 33.66444 22.42354 17.04213
[1] 41.27569 23.84373 13.61345
[1] 38.35206 20.69790 12.55500
[1] 40.62420 23.69560 16.28419
[1] 34.90728 23.96069 38.95355
[1] 34.95425 23.46582 15.94276
[1] 38.36620 22.61492 14.96211
[1] 37.98415 22.45341 15.15270
[1] 29.21232 21.55742 13.49065
[1] 34.64105 21.72171 17.01804
[1] 33.33526 21.13825 11.96892
[1] 32.53465 25.14167 14.86001
[1] 34.43413 21.90258 12.72160
[1] 34.02849 22.25279 11.34039
[1] 29.97235 22.15502 14.79408
[1] 39.77394 23.44114 15.08667
[1] 37.96516 21.77680 17.81833
[1] 38.66780 24.84284 18.51393
[1] 36.03892 19.98288 15.09885
[1] 32.63474 20.17172 15.22715
[1] 32.94959 23.71382 11.50623
[1] 31.74902 22.93197 15.15281
[1] 36.22122 22.72510 12.29440
[1] 35.59744 27.09868 14.55679
[1] 30.91678 21.05126 14.68581
[1] 35.04966 26.08960 14.96682
[1] 37.172179 20.086708  9.802039
[1] 42.43219 27.31465 26.74011
[1] 35.11238 19.50769 16.11254
[1] 32.88572 20.93336 13.54748
[1] 33.64622 22.17508 25.12986
[1] 37.94711 23.96845 18.59600
[1] 40.192952 23.720180  9.118091
[1] 31.49811 23.04675 12.66511
[1] 31.36866 18.59603 11.59916
[1] 31.18876 22.69794 19.82077
[1] 35.93005 23.08632 18.08267
[1] 38.10536 24.46754 21.99679
[1] 36.36226 22.72931 15.86275
[1] 34.33911 22.24158 19.29649
[1] 37.47718 23.61998 12.62447
[1] 33.16103 23.99179 11.70594
[1] 16.66667
[1] 45.41390 22.69617 14.22579
[1] 39.86414 22.95243 14.53906
[1] 43.25615 24.74295 18.82455
[1] 35.80788 21.30098 17.26578
[1] 42.26039 22.06857 11.94630
[1] 40.15671 22.91239 19.86279
[1] 47.73064 20.95235 13.68096
[1] 46.48311 23.94850 26.29232
[1] 36.16749 22.31733 12.64012
[1] 39.39736 21.97397 17.79208
[1] 44.73799 25.97210 12.14394
[1] 35.41111 20.01844 10.83355
[1] 40.57596 21.09901 12.90835
[1] 41.71336 24.38233 11.02470
[1] 45.80814 27.94738 22.97817
[1] 48.71278 25.69504 12.55764
[1] 43.29919 22.18107 19.29980
[1] 35.51681 20.10431 21.43575
[1] 38.25129 23.34569 19.14084
[1] 38.38611 20.58557 11.38383
[1] 41.69425 22.53808 14.46841
[1] 35.41071 22.77612 10.39336
[1] 42.80669 21.31886 11.01869
[1] 39.80082 24.97984 12.89549
[1] 40.54957 23.66545 18.77941
[1] 44.24186 24.83011 16.36748
[1] 38.92586 24.02923 22.32815
[1] 46.13707 22.69338 16.69193
[1] 41.58856 18.81552 21.05631
[1] 43.50442 24.89192 18.11136
[1] 44.29851 20.72308 12.68244
[1] 46.42569 23.89211 16.65700
[1] 46.41032 22.79928 24.55318
[1] 40.82508 23.44630 10.88790
[1] 32.56689 21.48618 10.12791
[1] 42.43574 24.76091 10.53121
[1] 46.41017 22.94482 16.08565
[1] 43.14229 20.23945 24.78492
[1] 42.75837 20.75136 13.61647
[1] 36.0714 24.8157 15.3084
[1] 38.97654 24.76853 14.83421
[1] 41.24572 24.56089 12.81920
[1] 36.08559 23.53760 24.19820
[1] 41.10715 19.44585 11.85600
[1] 40.08370 23.11058 12.41032
[1] 43.27996 28.14683 17.83793
[1] 41.21541 24.28144 10.75536
[1] 42.96685 25.56602 15.33015
[1] 33.73302 20.95928 16.24243
[1] 48.79038 23.95884 18.36072
[1] 44.35090 25.03776 23.86064
[1] 37.19361 19.66999 17.35369
[1] 40.39653 24.63749 13.33831
[1] 39.69034 21.08842 13.64095
[1] 41.68880 20.95841 15.03103
[1] 35.83036 25.05982 30.92013
[1] 42.94607 23.34562 11.79315
[1] 42.18936 24.38775 17.28488
[1] 38.12577 20.76892 18.36135
[1] 44.19564 20.92119 20.92083
[1] 38.22856 26.08196 20.63164
[1] 38.78307 21.38644 40.55575
[1] 40.56035 24.77446 11.46816
[1] 43.95812 21.76745 12.27134
[1] 36.58739 20.53248 16.26263
[1] 44.87272 22.41745 15.99433
[1] 38.92561 27.08387 14.53558
[1] 36.60709 28.08544 22.58154
[1] 40.56974 21.45366 16.28805
[1] 42.16600 23.55219 14.09607
[1] 40.56107 23.68395 13.38801
[1] 49.53710 22.08484 16.49131
[1] 36.47043 22.48687 16.40069
[1] 38.61449 20.64039 14.23838
[1] 38.59513 24.82874 23.38502
[1] 43.73426 21.51509 16.72503
[1] 37.50080 20.25242 15.71662
[1] 39.43165 22.40342 14.70507
[1] 50.03794 24.62215 24.31960
[1] 43.70271 26.43941 26.65804
[1] 18.33333
[1] 47.18155 25.06012 14.30900
[1] 48.43279 22.08702 21.01241
[1] 51.31412 26.44948 20.71732
[1] 44.55042 21.54624 12.04708
[1] 46.35140 27.73151 12.60666
[1] 47.15198 25.47739 32.43825
[1] 50.19242 22.46752 14.84158
[1] 47.770743 24.162012  9.776689
[1] 47.66240 24.29692 24.00710
[1] 44.66783 25.04961 12.62063
[1] 44.43956 20.21466 20.04830
[1] 47.97716 24.38956 14.79720
[1] 46.38073 25.28307 14.58824
[1] 49.21701 24.58663 16.69039
[1] 47.57801 19.45393 15.43981
[1] 52.71647 24.25654 16.10210
[1] 44.54824 22.98060 14.13320
[1] 48.32071 24.82358 16.05507
[1] 44.99970 26.02452 14.71518
[1] 51.98440 25.14151 22.19944
[1] 45.23230 23.65952 13.71843
[1] 45.12404 24.00952 19.41146
[1] 43.62974 24.23719 14.03260
[1] 43.02006 21.48643 16.40851
[1] 41.90186 20.51405 22.46481
[1] 49.16937 24.75771 18.91612
[1] 51.88567 24.60653 17.48507
[1] 49.30226 25.49547 13.73907
[1] 48.29349 20.91365 12.04633
[1] 41.53110 19.66789 12.80344
[1] 52.23618 29.59097 24.16797
[1] 50.47400 25.75408 15.39367
[1] 46.96908 20.85666 13.51127
[1] 47.65854 18.48983 10.99691
[1] 45.81642 23.50875 15.17415
[1] 45.19710 21.88505 17.25663
[1] 39.98419 21.45995 12.98868
[1] 40.700199 19.462947  9.318406
[1] 41.48740 27.06210 14.51444
[1] 54.63710 21.50218 20.29976
[1] 50.98455 27.72680 18.91764
[1] 47.19436 20.02866 16.95742
[1] 44.40604 25.94682 19.15660
[1] 45.64982 24.12338 23.61988
[1] 46.46194 24.58358 13.53878
[1] 43.22838 19.58791 12.54085
[1] 43.21887 23.47668 20.89636
[1] 43.53550 25.09859 13.71343
[1] 43.22239 22.59193 30.52334
[1] 50.92854 25.40982 13.81953
[1] 51.63025 22.46472 13.51109
[1] 55.75229 23.58584 24.58090
[1] 44.16584 20.90004 12.72074
[1] 44.45205 20.50997 20.30433
[1] 49.42319 22.19672 12.40979
[1] 46.07206 24.33845 15.30734
[1] 48.16785 22.22288 58.75151
[1] 41.90277 24.12060 18.53039
[1] 57.59823 27.12758 18.78787
[1] 41.66223 26.39658 21.08337
[1] 52.62475 24.80782 26.91769
[1] 51.24541 20.39788 11.32482
[1] 49.19019 24.93214 20.15623
[1] 56.57754 29.92271 18.49358
[1] 46.37431 20.96251 20.50472
[1] 52.98586 25.93048 12.10512
[1] 43.38532 24.96105 17.05457
[1] 41.17953 24.11481 13.71318
[1] 47.82565 23.45327 14.45331
[1] 47.60602 23.54750 24.76389
[1] 43.42773 23.09595 15.15259
[1] 52.53026 26.33162 32.96705
[1] 46.73889 25.18140 16.74273
[1] 48.29610 18.18226 14.35479
[1] 52.41470 24.11874 26.94932
[1] 51.75781 23.57483 23.47276
[1] 45.85900 21.72263 15.75381
[1] 43.55099 24.30292 13.72197
[1] 52.72732 23.49061 17.59083
[1] 43.29675 23.22733 15.81409
[1] 20
[1] 59.12244 21.34874 14.56495
[1] 56.42523 22.06478 18.91336
[1] 57.62230 23.73965 21.99079
[1] 60.17063 28.02443 17.65407
[1] 51.03029 24.88251 26.10021
[1] 54.08925 23.97020 25.12564
[1] 57.45076 21.27745 11.73115
[1] 53.29476 19.14465 11.45149
[1] 43.75266 21.18209 14.48490
[1] 59.01129 25.18641 26.01147
[1] 55.07867 27.76871 16.50910
[1] 56.53107 24.46752 16.98231
[1] 48.95185 20.31485 13.68279
[1] 47.03979 19.02038 22.79308
[1] 57.91676 23.41651 28.72074
[1] 62.6453 26.1398 16.3310
[1] 48.84906 23.61183 11.24524
[1] 50.99447 23.18254 22.71100
[1] 61.04010 27.56365 19.25023
[1] 48.99525 18.61265 31.02896
[1] 56.16604 27.48474 19.82958
[1] 59.30355 24.34026 17.74091
[1] 53.57287 24.85626 25.31915
[1] 49.85234 21.18199 16.49308
[1] 56.78185 26.69485 21.11220
[1] 53.98990 23.35669 12.85451
[1] 53.04440 21.89309 12.26930
[1] 47.85695 21.06503 14.89767
[1] 46.74263 22.13627 15.07321
[1] 60.80357 25.07516 19.22954
[1] 52.41061 20.81418 19.44235
[1] 57.68874 24.58510 19.84070
[1] 51.99348 22.73856 31.00729
[1] 46.39443 24.53793 31.43666
[1] 46.08534 22.85002 17.85887
[1] 57.61793 21.40550 28.79677
[1] 55.22814 26.42949 18.61403
[1] 50.94071 20.92216 16.18569
[1] 57.24773 24.93970 22.31789
[1] 51.84836 23.34435 22.48037
[1] 62.28294 28.63113 15.77203
[1] 54.45783 19.94236 16.15816
[1] 54.75071 22.53212 22.35484
[1] 52.50453 23.88783 16.17923
[1] 56.76795 26.13906 23.38437
[1] 45.66636 18.85830 12.72433
[1] 48.67446 21.28982 25.67645
[1] 52.68898 25.11215 13.21151
[1] 56.07248 27.73705 22.66348
[1] 55.42027 23.99074 10.55708
[1] 56.96774 22.89696 21.08638
[1] 47.80112 21.99302 13.57548
[1] 60.12409 21.76683 18.53381
[1] 44.05606 19.41610 14.66086
[1] 54.46733 22.77225 12.42947
[1] 48.28557 20.83501 12.75303
[1] 50.32427 22.55846 39.94648
[1] 48.36535 23.07818 14.63276
[1] 55.77874 27.11047 21.28785
[1] 53.73009 16.63855 29.93254
[1] 56.35727 24.41450 19.03241
[1] 52.80894 19.72888 24.39986
[1] 51.42284 23.85380 15.11344
[1] 62.37412 26.00402 13.51242
[1] 48.53536 24.41292 23.62709
[1] 50.26888 23.64784 22.31278
[1] 51.77080 27.46236 14.12576
[1] 54.92522 22.06782 19.66192
[1] 52.88826 25.42082 16.12399
[1] 47.81560 27.76641 24.86106
[1] 50.97656 19.96864 22.22331
[1] 57.64368 25.34635 12.91333
[1] 51.18460 24.42387 21.94177
[1] 53.84411 26.30959 14.02252
[1] 49.66488 23.53561 23.91524
[1] 55.73486 26.45364 13.80205
[1] 54.90697 28.46251 15.00292
[1] 53.67883 22.04469 26.20677
[1] 65.32984 29.99766 21.05190
[1] 56.73246 25.25997 15.43361
[1] 21.66667
[1] 56.05441 26.57138 19.40087
[1] 57.00571 24.78875 12.91768
[1] 53.12208 24.25361 13.18385
[1] 63.2038 26.7641 23.3785
[1] 50.68905 22.27692 15.87841
[1] 60.57816 25.67965 17.17185
[1] 74.99674 24.83853 16.44864
[1] 59.93279 25.63707 21.18967
[1] 52.89246 20.52756 15.13359
[1] 55.44326 25.48129 14.02364
[1] 47.45902 25.58846 12.60754
[1] 64.28465 27.31593 22.08601
[1] 64.48128 23.72554 53.72170
[1] 68.65872 25.29539 14.35142
[1] 63.90105 24.34298 17.86269
[1] 56.07455 25.58693 21.72052
[1] 59.34317 27.60571 22.17379
[1] 57.90542 23.75526 19.35809
[1] 66.13153 23.62023 24.62923
[1] 65.95254 26.07383 19.18465
[1] 53.50157 25.17110 11.49773
[1] 51.50994 21.57864 25.61953
[1] 61.29495 22.78741 19.49714
[1] 51.74256 21.95855 13.84785
[1] 57.61350 23.19143 21.38442
[1] 66.35387 25.14846 19.75948
[1] 57.67346 27.34730 16.99923
[1] 64.65369 23.04472 16.24490
[1] 62.88076 20.43510 20.03216
[1] 70.51225 24.38367 33.36503
[1] 57.69871 20.52856 14.68593
[1] 62.73139 26.12706 17.24662
[1] 58.21575 24.81116 13.78399
[1] 60.47538 22.92986 16.61614
[1] 63.36162 20.51013 13.30388
[1] 54.89233 23.86636 19.68965
[1] 61.13936 23.93262 24.49421
[1] 57.66062 21.11671 50.78886
[1] 64.85182 23.14407 16.19038
[1] 53.76592 25.85327 18.56487
[1] 54.84800 20.38324 16.95845
[1] 65.00499 24.81089 15.58883
[1] 58.53998 21.25050 18.92000
[1] 55.96423 22.27007 15.82336
[1] 53.71991 23.70685 16.20568
[1] 63.60111 23.35340 18.49007
[1] 62.72675 25.78815 14.27791
[1] 49.12026 25.04294 18.98343
[1] 66.27690 23.81459 12.88452
[1] 62.59713 22.20284 14.35788
[1] 59.32450 26.78706 15.93215
[1] 58.67939 20.47164 16.54021
[1] 55.03019 24.37409 24.38428
[1] 54.01614 23.18294 20.54950
[1] 66.34670 26.79661 12.06279
[1] 63.49942 26.38151 28.25392
[1] 56.67638 26.83071 16.52617
[1] 56.45505 19.71486 21.83927
[1] 55.54984 21.81128 11.96157
[1] 54.48363 23.59534 16.76552
[1] 63.40262 21.01642 17.56629
[1] 56.31437 24.35017 14.63280
[1] 57.74015 25.42421 23.07565
[1] 56.26565 19.83916 11.87254
[1] 59.77457 23.68950 13.64800
[1] 57.54915 21.08515 22.28693
[1] 55.49099 23.97075 17.14251
[1] 66.21603 22.78278 32.61658
[1] 62.96294 21.23081 25.62395
[1] 60.72673 23.67975 28.84147
[1] 61.28539 21.92347 19.49100
[1] 54.20629 23.76523 26.46249
[1] 63.18422 25.92449 15.86097
[1] 63.44233 24.19924 19.70401
[1] 58.62300 22.20944 11.00687
[1] 60.49119 23.07421 16.62943
[1] 59.22194 23.27420 17.61068
[1] 60.63596 23.23817 23.18840
[1] 62.07045 23.50702 19.25129
[1] 59.70690 20.94686 26.91234
[1] 23.33333
[1] 73.44362 24.18863 14.44498
[1] 70.87082 23.67794 21.20434
[1] 80.53420 22.98549 15.05697
[1] 73.11317 24.49813 13.28569
[1] 67.83624 18.53736 13.30311
[1] 61.04458 20.57857 16.32652
[1] 65.22124 25.21509 16.04578
[1] 63.22814 21.74122 24.10780
[1] 77.18145 25.82449 19.16220
[1] 58.12824 22.41280 17.28533
[1] 62.51864 22.02874 17.60678
[1] 76.88447 27.07188 15.54448
[1] 58.40237 21.98595 25.76496
[1] 66.14744 21.39453 19.00383
[1] 67.11762 24.39771 19.95339
[1] 76.35924 27.71161 18.22265
[1] 67.66172 23.09369 14.99943
[1] 76.68623 28.43640 21.94930
[1] 70.07086 23.33820 21.73349
[1] 65.54978 25.42061 27.69097
[1] 62.25806 23.70043 23.25764
[1] 68.02246 21.04649 19.76346
[1] 62.98400 21.54610 20.34225
[1] 66.12769 23.50912 27.61097
[1] 73.65974 23.66830 18.91736
[1] 66.57184 22.45644 19.03661
[1] 68.80227 26.20467 16.80214
[1] 75.17858 24.96204 35.17713
[1] 69.20378 22.61009 17.12450
[1] 60.24675 23.65472 12.36074
[1] 62.85714 30.47367 51.19580
[1] 65.54601 21.33579 18.86308
[1] 68.06201 22.88344 15.63958
[1] 83.45590 22.73397 36.91741
[1] 61.55834 24.99888 41.20072
[1] 66.39594 22.85516 49.13301
[1] 79.39198 22.06849 19.56015
[1] 76.85245 24.39902 13.96234
[1] 65.51335 22.42845 31.33157
[1] 64.42153 23.62992 22.94042
[1] 69.78128 20.60089 18.04742
[1] 62.89528 24.16182 25.56221
[1] 63.37706 26.08314 18.30878
[1] 65.14025 28.00486 23.53567
[1] 66.42715 21.39892 15.86643
[1] 73.68660 26.39204 17.25178
[1] 63.83202 27.41238 23.96456
[1] 67.19894 21.80765 24.51760
[1] 70.05991 21.82966 16.43357
[1] 66.64911 23.42408 21.71609
[1] 60.49739 22.82294 13.00269
[1] 65.79398 25.74546 11.55091
[1] 61.86540 20.59938 19.66226
[1] 65.75068 31.03333 26.32277
[1] 57.47316 24.87853 15.64688
[1] 63.65907 27.81070 24.66585
[1] 67.09718 20.52452 19.58488
[1] 69.99051 26.32187 21.01247
[1] 73.31343 26.88963 30.96459
[1] 63.14576 22.68547 14.20561
[1] 65.47991 22.25294 18.97625
[1] 55.52873 24.26688 11.60103
[1] 73.19092 25.90209 18.28614
[1] 66.71747 26.75196 15.10347
[1] 70.03494 24.51387 20.84318
[1] 79.58187 20.20875 18.30510
[1] 63.05347 26.24565 18.80864
[1] 69.45415 26.22100 37.86743
[1] 70.63522 28.38082 15.29387
[1] 64.03361 24.47876 67.73204
[1] 62.85244 25.06717 22.42451
[1] 67.84231 20.73498 32.90165
[1] 66.28884 23.10308 23.26143
[1] 66.35048 22.86554 27.04802
[1] 66.13231 23.30948 24.10024
[1] 69.59991 27.51940 15.12844
[1] 78.51123 23.66996 21.77077
[1] 78.79554 28.06461 32.59748
[1] 73.39261 26.99627 20.56453
[1] 62.85516 24.96405 14.50203
[1] 25
[1] 63.14333 22.16968 19.57549
[1] 78.99706 21.64496 31.45751
[1] 70.28077 25.13878 29.04496
[1] 64.50536 23.62647 30.23447
[1] 77.35911 22.74020 24.52154
[1] 79.79781 24.69963 26.47419
[1] 79.21741 25.51490 14.83619
[1] 80.97110 23.12380 30.93675
[1] 74.95206 31.68231 22.56939
[1] 77.32586 26.17708 21.59409
[1] 78.61660 29.61330 17.33755
[1] 77.60896 21.55524 19.96950
[1] 69.95649 20.94095 26.07765
[1] 80.53987 30.17158 18.75298
[1] 78.57415 20.66046 14.01509
[1] 70.97479 24.35474 18.21717
[1] 70.24891 24.49921 20.30569
[1] 85.60843 23.83093 35.44993
[1] 86.42958 27.48289 22.67720
[1] 77.36136 24.43687 22.10481
[1] 78.10011 24.74980 13.10358
[1] 64.13708 22.71867 33.43427
[1] 83.30860 21.96765 12.76334
[1] 71.11986 25.00013 20.83571
[1] 73.11508 32.41096 22.83763
[1] 62.52697 27.50369 18.87836
[1] 72.29667 22.11654 27.39209
[1] 63.31483 22.92226 35.25130
[1] 82.23811 22.48240 20.46101
[1] 60.32045 24.41890 16.01133
[1] 83.99518 24.98010 18.56941
[1] 63.42350 21.04511 17.56519
[1] 77.08041 28.62928 23.14627
[1] 74.08323 25.08784 12.70505
[1] 86.72329 21.60208 24.43567
[1] 77.12578 23.50034 23.96324
[1] 76.83340 18.00284 16.89754
[1] 79.79412 24.64120 31.40916
[1] 73.49781 23.89104 17.76762
[1] 72.11845 23.85267 30.85948
[1] 69.45593 23.17115 23.65572
[1] 79.21495 24.20523 19.05581
[1] 61.67667 23.09571 20.48274
[1] 74.86404 23.98090 24.01180
[1] 74.52277 23.62886 15.75003
[1] 66.49792 22.67758 22.24470
[1] 78.47151 23.42874 16.52625
[1] 79.66976 26.98943 29.56400
[1] 86.44192 23.18859 29.54029
[1] 74.58869 24.72841 15.43878
[1] 64.06509 23.87335 11.77545
[1] 73.94411 21.88769 15.07132
[1] 76.43314 23.27031 15.89954
[1] 67.94767 23.79290 13.04788
[1] 80.54768 22.01339 23.66124
[1] 69.86894 24.05720 15.53735
[1] 75.71832 23.40832 33.40494
[1] 93.14748 23.49522 30.46509
[1] 75.98759 25.19045 24.93519
[1] 70.39967 28.43967 22.60509
[1] 74.61203 23.63403 15.31276
[1] 81.43898 24.69702 15.60084
[1] 70.48017 25.85106 29.76004
[1] 79.11021 24.79952 19.97622
[1] 69.62176 20.53506 28.37670
[1] 72.47006 25.84761 20.44894
[1] 74.07932 20.70071 13.01845
[1] 67.45709 20.92223 33.54765
[1] 81.28767 23.12487 27.51819
[1] 75.67865 22.41125 14.75561
[1] 69.93154 18.04191 19.74716
[1] 83.49179 26.52860 22.54510
[1] 74.73378 26.53741 23.64125
[1] 70.42303 24.01071 22.83428
[1] 71.43857 23.56802 17.76549
[1] 71.58796 23.20511 53.00862
[1] 84.18101 23.97914 21.35466
[1] 69.81304 22.08461 14.85628
[1] 79.96652 28.38637 23.80170
[1] 70.16904 22.96057 13.70133
[1] 26.66667
[1] 87.37651 26.27407 15.73014
[1] 80.00288 23.64079 21.74636
[1] 67.52622 22.31020 15.05312
[1] 90.25312 23.37011 35.05972
[1] 84.31151 24.39693 13.89642
[1] 63.58725 23.94410 24.73892
[1] 88.54913 29.57727 22.21647
[1] 71.41488 22.55183 15.37218
[1] 82.88525 25.70679 22.44741
[1] 91.31465 25.91176 35.58802
[1] 78.75678 23.46558 18.29714
[1] 92.58408 25.49801 14.62075
[1] 101.8931  30.4321  21.6067
[1] 76.20800 25.63380 21.34914
[1] 80.97962 20.20233 14.49658
[1] 91.65285 26.31129 22.90993
[1] 75.19923 22.93777 90.17071
[1] 86.43657 27.05147 15.11650
[1] 86.46477 26.27738 41.24826
[1] 82.06586 23.08986 34.79266
[1] 87.56281 24.09470 27.09989
[1] 96.15819 28.13795 21.80563
[1] 72.89609 23.49822 39.16149
[1] 86.36643 24.78926 34.15364
[1] 82.19150 24.47973 28.14122
[1] 81.48697 23.80679 18.81011
[1] 80.95344 24.32144 44.66422
[1] 91.60913 22.82985 38.49088
[1] 79.68422 26.07207 21.82595
[1] 82.99314 21.13860 17.94494
[1] 85.85844 27.57596 28.83795
[1] 84.21056 24.27919 23.13569
[1] 96.09082 29.51688 38.63647
[1] 84.28415 25.06743 32.04631
[1] 89.80929 26.13752 37.39095
[1] 86.03365 26.88926 17.27577
[1] 83.99170 22.20802 14.79506
[1] 74.39275 21.71351 14.42907
[1] 81.58733 21.33155 25.62256
[1] 76.79582 27.08215 18.77484
[1] 78.89417 21.50580 14.95859
[1] 76.44350 29.25227 23.06632
[1] 88.06856 27.59876 24.69584
[1] 80.49339 24.28668 23.51353
[1] 85.58180 29.86880 25.75211
[1] 90.21867 24.85159 37.31671
[1] 86.12319 29.61068 25.87063
[1] 75.36649 22.67960 23.60059
[1] 98.03677 25.40282 22.74342
[1] 81.48871 28.53061 17.94173
[1] 84.70240 22.12727 23.25177
[1] 67.23290 19.58103 31.92670
[1] 82.91796 22.30087 28.26820
[1] 82.43017 27.17477 21.18584
[1] 75.44998 25.97971 27.74429
[1] 65.71541 26.12140 31.18474
[1] 76.15007 23.09954 15.80564
[1] 82.51229 25.71501 20.43879
[1] 77.83336 21.63021 16.29391
[1] 68.82205 23.35393 25.65375
[1] 79.55531 24.13541 14.00573
[1] 67.65510 24.22573 19.77212
[1] 83.04875 23.47307 19.59492
[1] 83.08175 19.76763 21.59847
[1] 84.90787 25.64101 54.66643
[1] 78.37726 23.84555 22.88472
[1] 80.77368 23.70082 18.32291
[1] 71.51236 28.30198 26.12970
[1] 92.33121 24.80684 14.74099
[1] 67.04166 22.36366 31.62705
[1] 86.80158 23.02250 18.92486
[1] 83.84917 18.60999 25.75081
[1] 72.53063 23.27690 17.00837
[1] 76.70630 22.33086 18.81735
[1] 81.60924 22.31921 35.85898
[1] 90.70804 23.80102 37.20269
[1] 85.42935 25.59756 21.93894
[1] 78.40550 24.48148 34.16982
[1] 84.98757 27.02000 20.02238
[1] 78.52769 27.83006 35.75472
[1] 28.33333
[1] 100.67593  29.72566  27.26432
[1] 100.78834  23.01262  22.79405
[1] 91.80739 22.21259 23.19267
[1] 90.54773 25.21371 32.83326
[1] 89.44477 24.03619 16.66723
[1] 93.26166 25.44192 40.79490
[1] 82.07991 28.10283 15.48371
[1] 84.47894 24.50497 16.65672
[1] 90.26588 30.06185 29.38776
[1] 86.15575 24.83782 18.43819
[1] 96.78009 26.98835 26.76496
[1] 98.41701 24.66904 18.41886
[1] 86.69642 28.30279 30.98485
[1] 91.14357 25.84028 48.04133
[1] 92.57227 26.65921 23.64923
[1] 109.39305  32.02696  30.99413
[1] 93.30855 29.35005 46.41464
[1] 98.49079 23.83989 49.96717
[1] 93.88911 23.63541 28.22026
[1] 79.13825 21.78381 30.96479
[1] 90.11920 28.42698 23.11455
[1] 91.40448 23.60487 22.34240
[1] 105.09272  26.36625  18.58518
[1] 97.70506 24.83096 23.26307
[1] 101.52921  26.28485  29.96887
[1] 80.56744 23.08900 36.43870
[1] 90.43328 26.03328 28.71552
[1] 86.98640 25.03600 20.57147
[1] 86.25614 23.35669 25.25588
[1] 107.01825  23.75989  13.82355
[1] 95.03788 23.99962 25.82861
[1] 85.86296 23.34279 24.03360
[1] 90.75572 24.80154 18.10683
[1] 80.18889 27.80843 16.60204
[1] 85.00852 25.03336 24.33189
[1] 82.55826 23.38677 26.76451
[1] 95.08575 25.92359 23.51574
[1] 97.39545 25.14059 25.16279
[1] 93.79066 25.44504 24.28390
[1] 80.94636 27.02070 27.89247
[1] 89.72205 23.04217 32.54237
[1] 92.59944 24.51629 16.39327
[1] 101.92281  24.04428  35.79598
[1] 78.24580 22.56899 20.21668
[1] 97.11254 25.94102 18.28787
[1] 90.90916 24.88102 19.72122
[1] 97.24711 26.22059 36.45048
[1] 74.64128 26.50375 18.00891
[1] 90.66475 24.87223 24.18551
[1] 92.14765 26.78063 30.67788
[1] 94.30002 22.86234 15.72506
[1] 101.53943  24.64531  20.61054
[1] 105.64610  26.61564  16.65538
[1] 82.39236 24.91172 14.69614
[1] 87.59577 32.90763 28.24616
[1] 100.34971  25.93098  25.70745
[1] 92.78529 25.05173 21.59689
[1] 91.96682 26.47889 26.62243
[1] 80.80374 23.05702 15.33544
[1] 95.04185 24.53748 50.12182
[1] 82.35098 28.20756 21.46515
[1] 81.93596 23.08128 45.31654
[1] 96.24415 25.55176 66.55253
[1] 87.19643 24.23398 30.60447
[1] 93.37606 23.76313 35.77350
[1] 91.30847 26.97551 29.34543
[1] 86.84100 25.90524 32.16423
slurmstepd: error: *** JOB 40938203 ON c0838 CANCELLED AT 2019-11-17T02:59:20 DUE TO TIME LIMIT ***
