Loading required package: Matrix
Loading required package: foreach
Loaded glmnet 2.0-10

Loading required package: methods

Attaching package: ‘pracma’

The following objects are masked from ‘package:kernlab’:

    cross, eig, size

The following objects are masked from ‘package:Matrix’:

    expm, lu, tril, triu

[1] 0
[1]  9.889890 23.375863  9.371112  9.327314
[1] 12.27360 22.32168 10.83221 13.53246
[1] 12.63146 22.45950 11.22921 11.31650
[1]  9.159920 24.378086  8.979605  8.994373
[1] 12.98655 24.65124 10.23082 10.11300
[1] 13.19226 23.01812 11.34011 11.16351
[1] 10.871037 23.875994  9.571440  9.435296
[1] 15.71267 28.45760 11.68890 11.89877
[1]  9.739746 20.386338  9.202050  9.457842
[1] 10.650936 21.325331  9.760464  9.569705
[1] 11.80929 21.40399 10.29509 11.91075
[1] 11.24450 19.96165 10.25127 10.46192
[1] 13.04054 24.59104 13.02279 12.99795
[1] 10.226765 20.615457  8.667553  8.726347
[1]  8.416204 17.324229  7.839991  8.869381
[1] 12.14472 23.23960 11.85060 11.28145
[1]  9.841499 22.405047  9.243506  8.954016
[1] 12.33212 22.59017 11.25016 11.33317
[1] 10.948623 23.180029  9.370947  9.649595
[1] 13.17907 22.86675 10.67071 11.28901
[1] 10.809926 20.793439  9.788897  9.677393
[1] 12.179281 25.275672  9.651623  9.792901
[1] 10.080463 21.239267  8.444474 11.501942
[1] 13.53216 24.11234 12.35850 11.96059
[1]  9.594211 21.779208  8.720580  8.918065
[1]  9.420648 19.250893  8.679337  8.159206
[1] 12.73529 27.12676 12.47885 11.77079
[1] 13.33626 28.11884 12.52637 12.70640
[1] 12.059506 24.186215  9.060489  9.057123
[1]  9.850324 22.349261  9.292680  9.275882
[1] 11.42455 22.48087 11.42224 11.20203
[1] 11.55621 22.23354 10.73854 10.78863
[1] 10.38226 23.52806 10.26514 10.37217
[1] 12.55632 24.47443 11.25384 11.54957
[1] 11.531341 23.379909 10.085387  9.801459
[1] 10.68213 21.67361 10.39937 10.42109
[1] 10.842649 25.603021  9.414893  9.448567
[1]  8.797666 22.851096  7.976796  8.096759
[1] 10.815406 22.480861  9.456378 11.592606
[1] 12.50450 24.19825 11.64695 11.22526
[1]  8.174653 16.692798  7.653479  8.164993
[1] 10.860245 23.094661  9.938828  9.914221
[1] 12.27804 25.58632 11.77338 12.22630
[1] 11.72515 20.23328 11.25152 11.99501
[1]  9.360793 21.117352  8.854182  8.947792
[1] 11.217577 21.999442 10.204924  9.913009
[1] 10.91521 22.38079 10.02394 10.00477
[1]  9.516911 22.175307  8.292431  8.815688
[1] 12.43336 20.74099 10.79909 10.30653
[1] 10.233112 20.471033  9.647264  9.591523
[1] 0.1
[1] 11.628952 22.478947  9.306100  9.460377
[1] 15.03037 26.77331 14.11279 14.34533
[1] 14.30432 24.74322 11.97470 11.26018
[1] 14.62926 22.41917 11.80133 11.13442
[1] 11.02883 20.42138 10.31203 10.85547
[1] 11.95102 22.28192 10.01149 10.61363
[1] 12.65625 22.68717 12.03759 11.85618
[1] 10.96468 21.01452 10.72348 11.29474
[1]  9.714435 22.401074  9.764362  9.628478
[1] 10.689615 21.815848  8.721329  8.015203
[1] 10.92534 22.98590 10.35086 10.36376
[1] 11.25327 23.41635 10.72010 10.56348
[1] 11.92712 21.20923 11.05040 11.16435
[1] 11.52722 18.62261 10.35819 10.37047
[1]  9.823465 18.893207  9.436401  8.949476
[1] 12.87122 24.43087 11.76732 11.18631
[1] 11.14100 20.10198 10.73062 10.99271
[1] 11.176572 22.462563 11.479614  9.602072
[1] 13.76672 21.81668 13.46473 13.37665
[1] 11.366435 19.498900  9.567981  9.138540
[1] 11.768004 21.609635 10.245709  9.394815
[1] 12.98907 23.73994 11.08925 11.28194
[1] 10.56160 19.44482 10.11822 10.63354
[1] 14.77573 26.28894 12.31015 11.77839
[1] 12.58336 24.93321 11.45948 11.43890
[1] 10.786837 21.030774  8.446414  7.963602
[1] 11.77718 23.16358 11.17897 11.04166
[1] 12.36999 23.48466 12.10957 12.11467
[1] 12.90419 25.05294 12.50993 12.32114
[1]  9.801437 22.965728  8.949029  9.574143
[1] 12.580477 20.870347 10.246232  9.640024
[1] 12.24735 23.37798 10.97395 11.33844
[1] 11.051236 22.861901 10.268446  9.695949
[1] 10.830940 20.984882  9.624519  9.275957
[1] 15.81054 23.30038 13.27904 13.51746
[1] 13.45856 26.75602 11.91759 11.05260
[1] 11.21934 19.83596 10.80689 10.49573
[1] 10.550084 19.923548  9.652688  9.133330
[1] 11.155345 23.133025  9.724926 10.156927
[1] 13.28932 22.06856 11.35036 11.86276
[1] 11.06470 21.61048 10.47040 10.50617
[1] 13.16336 21.21062 12.22623 12.30787
[1] 11.92273 23.80450 10.67339 12.06036
[1] 16.47631 22.64741 15.42321 17.17897
[1] 11.85932 21.12473 11.33601 10.79383
[1] 12.18665 20.39011 10.88907 10.61279
[1] 11.488250 21.080376  9.984652  9.546354
[1] 11.43524 24.55271 10.87756 11.35314
[1] 11.80340 23.57140 10.85179 13.53704
[1] 10.95305 20.38316 10.08717 10.23836
[1] 0.2
[1] 13.88268 27.30610 14.07985 12.91852
[1] 13.96896 23.78763 11.82878 12.42233
[1] 12.367735 21.807484 10.861475  9.873563
[1] 12.23609 21.32083 10.91304 10.02336
[1] 12.40410 20.71429 12.17895 12.64028
[1]  9.592783 19.564355  9.249885  9.214542
[1] 14.08729 22.46791 13.19544 13.30686
[1] 15.09113 24.99759 12.22425 10.87222
[1] 14.13228 24.55113 12.99541 10.46958
[1] 11.61575 24.60907 10.76671 12.64579
[1] 10.100877 23.017345  8.669617  8.061003
[1] 11.90397 23.13217 11.61670 10.20798
[1] 12.40686 24.01315 12.85952 12.20164
[1] 11.265562 21.901651 11.281744  9.239961
[1] 13.72586 21.70595 13.70957 12.83522
[1] 11.44168 22.46876 10.41226  9.30991
[1] 11.72979 23.26187 11.56865 11.69863
[1] 13.73615 20.00937 11.40656 15.85732
[1] 16.48627 24.76555 14.11651 10.54103
[1] 10.876804 23.323253 10.662396  9.939785
[1] 12.27837 22.17940 12.41778 10.91532
[1] 10.829854 22.824791 10.698785  9.139741
[1] 14.60000 23.74030 13.46527 13.25647
[1] 13.87331 22.37901 13.11691 11.49329
[1] 15.95235 24.78006 13.96239 13.22931
[1] 12.89808 26.22989 12.92474 12.06206
[1] 11.351213 23.234599 10.452815  9.782533
[1] 12.74022 21.38011 11.61854 10.08567
[1] 12.985767 21.749102 11.475672  9.874428
[1] 11.079941 20.444530  9.867662  9.768253
[1] 10.585224 20.534771  9.244491  8.318699
[1] 11.276922 22.572157 10.772581  9.700343
[1] 13.91639 22.78287 13.41500 11.72385
[1] 13.58753 23.58455 12.99331 11.33928
[1] 13.50741 24.59615 12.30617 14.03662
[1] 12.34917 22.49908 12.01832 10.97983
[1] 13.81075 22.49149 11.04087  9.99948
[1] 15.34394 23.26360 12.64926 10.98149
[1] 11.84887 23.22861 11.55434 10.31320
[1] 11.28195 21.32697 11.77814 10.57930
[1] 11.07214 21.40155 11.32704 10.87917
[1] 11.337070 18.923373 10.341927  9.549348
[1] 12.95457 25.00994 11.02329 10.47674
[1] 12.97222 20.29136 12.91581 11.90602
[1] 11.36801 19.15553 10.93814 10.09866
[1] 13.11726 21.34581 11.98303 11.38079
[1] 16.45344 26.50548 12.36899 10.20276
[1] 10.75745 20.76887 10.55312 10.01678
[1] 13.77209 21.40507 12.74845 11.45392
[1] 12.90609 27.56698 12.79879 10.59839
[1] 0.3
[1] 14.05526 23.67454 14.25459 11.51895
[1] 14.38832 19.90023 13.72332 12.81283
[1] 13.77282 19.61554 13.04012 10.22575
[1] 14.533693 24.399043 11.649702  9.275677
[1] 13.695723 20.813479 11.160689  8.614209
[1] 14.75864 20.82961 14.81282 11.05912
[1] 11.401972 19.658262 10.963378  7.967153
[1] 13.73273 23.84439 13.20182 10.58438
[1] 13.154417 21.939848 12.573072  8.211243
[1] 16.67723 26.63239 14.90696 12.52768
[1] 16.14402 25.54204 15.58826 13.02357
[1] 15.57892 25.84976 15.25688 11.65297
[1] 13.77479 26.79196 11.87416 10.05984
[1] 12.669223 19.904122 12.256007  9.137552
[1] 16.36879 23.64327 15.49543 12.17032
[1] 12.209581 22.226927 11.329157  9.803927
[1] 14.53041 21.45089 13.81535 12.13596
[1] 17.64113 24.14101 14.94415 10.83406
[1] 15.19648 27.54894 14.14120 12.55082
[1] 13.48752 20.09729 12.13412 10.30839
[1] 13.09637 19.82955 12.05321 10.11173
[1] 16.15888 23.86797 14.80894 11.37479
[1] 12.603348 18.929628 12.733264  9.096347
[1] 13.331553 19.567956 12.886170  9.631426
[1] 12.663943 21.951834 12.234408  9.133723
[1] 14.43651 25.14722 12.77221 11.33829
[1] 11.87571 21.15007 10.83190 10.28044
[1] 14.02377 20.81924 12.75875 10.28880
[1] 15.89536 24.54407 14.36291 11.06429
[1] 14.89502 24.06174 13.74417 11.74271
[1] 12.00171 21.39912 11.34819 10.38074
[1] 15.14328 24.17911 15.02589 11.24132
[1] 13.69247 22.15337 13.17232 11.12898
[1] 15.25114 22.62435 13.06687 10.77340
[1] 13.99303 21.19205 13.80628 10.81938
[1] 14.73126 20.74216 12.74080 10.65189
[1] 15.62377 24.00795 13.96795 11.47825
[1] 13.64269 23.08479 12.71503 12.47263
[1] 12.37509 21.60666 11.97177 11.15019
[1] 14.59955 23.34885 14.42735 12.04980
[1] 14.84661 26.65180 12.77759  9.72517
[1] 12.38430 24.21361 12.48100 10.60285
[1] 14.44663 21.63291 13.37769 11.75970
[1] 11.131116 24.401157 10.729358  8.949478
[1] 12.070545 19.470735 10.295045  8.372036
[1] 15.38668 23.35651 13.40327 11.61092
[1] 13.47643 22.66548 12.53077 10.66540
[1] 16.59231 23.85696 14.47323 11.51249
[1] 15.094602 20.028890 13.236551  9.996323
[1] 12.764913 22.285534 12.526608  9.807614
[1] 0.4
[1] 18.11652 26.98069 17.20737 13.99543
[1] 15.70848 24.25247 15.06324 12.42987
[1] 14.57562 23.17261 13.44123 10.59692
[1] 16.32740 19.56793 14.59077 11.33076
[1] 15.66215 19.70550 14.58016 10.45028
[1] 15.392265 23.407508 13.414277  9.643297
[1] 16.29287 25.81213 15.69187 11.40978
[1] 17.27082 20.62501 16.70337 10.70424
[1] 17.58541 21.21470 18.44108 12.15038
[1] 15.07726 18.53339 14.51137 11.46207
[1] 15.42368 20.51990 14.24649 11.61752
[1] 19.67096 23.41481 17.99304 13.74002
[1] 17.13014 22.34230 16.01434 10.03156
[1] 17.23783 22.97987 16.10056 10.17810
[1] 15.74882 21.67615 15.51859 14.34295
[1] 17.74223 23.81666 15.92731 11.21547
[1] 18.73841 29.34991 16.45742 12.97023
[1] 17.53857 27.11574 16.93900 12.06946
[1] 15.300036 22.074010 14.424700  9.514132
[1] 14.01687 21.68014 13.79299 10.02601
[1] 13.482095 17.672157 12.903611  8.694374
[1] 15.34254 25.97723 15.00537 11.56470
[1] 14.543183 22.607751 13.709673  9.149146
[1] 16.09956 19.99345 16.06277 11.24371
[1] 13.88053 21.94896 14.11337 12.66156
[1] 14.37440 23.32528 13.49778 10.68861
[1] 14.83971 22.89876 13.73009 10.54417
[1] 16.65195 21.35109 16.07291 11.55575
[1] 17.40569 26.25767 16.81180 11.53916
[1] 14.85954 19.92311 14.36369 11.79059
[1] 17.07074 23.64998 16.83588 12.48580
[1] 15.53712 22.79838 13.43416 11.79832
[1] 17.07740 25.73779 15.04323 12.19593
[1] 18.48281 22.90510 16.79933 11.40805
[1] 15.231779 21.575847 14.207863  9.138504
[1] 18.76427 24.05634 17.61839 12.96229
[1] 14.28274 21.00014 13.67318 11.11313
[1] 18.32005 22.49767 18.46937 12.37027
[1] 14.41753 23.01184 14.29490 10.11060
[1] 16.46232 23.47682 15.39034 10.97794
[1] 17.75922 23.55888 16.10620 11.27016
[1] 17.06898 26.52645 15.72342 11.23012
[1] 17.17328 23.79640 16.50540 10.89390
[1] 19.71128 22.50125 16.80623 12.02628
[1] 13.37250 24.67596 13.28007 12.73096
[1] 16.35136 23.79018 15.18663 10.26209
[1] 17.94957 23.74555 16.50384 15.22880
[1] 14.83874 20.28092 15.41288 11.06496
[1] 15.24614 20.55692 13.87138 10.46895
[1] 15.747023 22.323252 14.528766  9.737237
[1] 0.5
[1] 17.39909 21.35141 17.23923 13.13366
[1] 17.52465 24.01252 16.58448 11.13583
[1] 15.174598 21.389108 14.581206  8.445744
[1] 19.38811 23.34176 17.41025 11.77716
[1] 18.36867 20.40930 19.41133 11.73292
[1] 21.10950 24.90166 18.83325 13.21777
[1] 17.126471 19.284325 16.066958  9.941846
[1] 17.30435 24.18789 17.06113 10.21438
[1] 20.18812 24.59795 19.47603 12.09671
[1] 20.34505 25.54803 20.12823 13.18912
[1] 20.23133 23.49636 19.66147 11.69304
[1] 20.492194 23.597916 18.762694  9.891958
[1] 18.97047 25.62417 18.79262 10.55858
[1] 16.89501 24.51095 16.85197 12.35862
[1] 17.27702 21.09592 17.07423 12.58618
[1] 21.63654 26.66174 19.69674 11.86588
[1] 19.60005 23.54490 18.84958 13.81682
[1] 18.01064 26.80140 17.65489 10.82379
[1] 16.82696 23.57169 16.54087 11.47480
[1] 16.58918 22.64369 14.98350 10.95152
[1] 15.15366 19.48645 14.88901 10.65297
[1] 21.82120 24.76244 20.67667 12.70376
[1] 17.57068 26.80952 16.76213  9.45641
[1] 22.50086 29.18571 21.68704 13.51498
[1] 16.96183 18.58847 15.61720 10.46355
[1] 17.54257 22.00312 17.21739 11.14530
[1] 16.41290 23.12331 14.71570 10.77961
[1] 18.23261 23.12213 17.25381 11.50402
[1] 16.36878 25.30053 14.74698 10.05578
[1] 18.75314 22.99718 17.64104 13.03806
[1] 17.77757 23.74519 16.70969 13.03860
[1] 20.64033 25.36303 20.09927 10.95669
[1] 17.62905 23.27481 16.83676 11.19846
[1] 20.73026 23.19898 20.52362 15.15148
[1] 21.16657 24.00015 20.23282 13.61304
[1] 16.66582 21.45699 15.68620 13.67232
[1] 21.53193 25.52830 20.80903 10.71556
[1] 17.035665 20.740830 15.603333  9.354565
[1] 19.05360 24.18051 19.19910 10.03250
[1] 16.09016 21.80495 15.95862 10.37163
[1] 18.71616 23.62378 18.50173 12.42936
[1] 19.91227 23.45832 18.82085 12.18509
[1] 16.323553 19.674291 15.844915  9.187041
[1] 18.36256 24.33201 17.66916 12.32387
[1] 17.79183 21.31981 18.76487 11.63673
[1] 22.59502 29.83824 19.00091 12.68709
[1] 19.24584 20.42843 17.69870 12.82934
[1] 17.70667 23.99044 16.86616 11.40007
[1] 15.436343 18.501871 14.679048  9.382869
[1] 15.67837 20.47240 14.77229 10.43788
[1] 0.6
[1] 18.04360 19.51703 17.60513 11.32819
[1] 24.41595 25.18161 22.95848 14.70059
[1] 17.24118 25.54473 16.19147 10.82538
[1] 19.70161 22.14222 20.09774 13.07735
[1] 16.38120 20.89708 16.06908 16.28466
[1] 19.52408 21.66773 18.43432 11.99753
[1] 18.92029 20.35860 19.42896 10.10344
[1] 24.09304 26.16097 23.28998 11.52397
[1] 19.63350 23.44888 18.93692 12.30009
[1] 19.99174 22.45774 19.80014 14.97895
[1] 17.59156 20.86620 17.10893 10.97744
[1] 20.821017 22.319635 20.177333  9.832977
[1] 21.25012 23.04726 20.06001 14.76708
[1] 21.88021 22.19869 21.59155 11.70212
[1] 22.44069 23.32287 21.50985 11.96053
[1] 20.00475 24.42744 19.42307 12.04287
[1] 22.67382 22.48879 22.15617 12.35263
[1] 18.935439 19.901941 18.544905  8.910691
[1] 19.68027 24.30370 20.21274 12.13399
[1] 18.52467 22.50152 17.85634 10.24817
[1] 17.19549 20.72423 17.14388 12.89151
[1] 22.79931 25.98096 21.19732 10.27077
[1] 20.34502 22.74559 20.05012 11.61995
[1] 22.54835 26.72321 22.49702 13.04373
[1] 20.89183 21.69766 20.00003 13.11647
[1] 19.74898 23.30787 19.12475 11.46495
[1] 23.07412 23.96520 21.04007 14.70811
[1] 24.28254 26.97752 23.97381 10.07555
[1] 20.650445 25.349374 18.843250  9.581288
[1] 22.26852 25.43085 21.13441 10.69850
[1] 21.53862 24.96290 21.32291 11.52848
[1] 18.99663 24.68146 17.63264 10.27033
[1] 19.11786 21.12198 19.01027 18.23564
[1] 21.47579 20.86171 22.56071 12.40426
[1] 18.380952 22.209379 17.546054  9.796233
[1] 21.73847 22.75200 21.52310 12.54232
[1] 19.99284 22.95054 19.15082 11.64798
[1] 16.60500 23.49187 14.88552 15.63677
[1] 17.62475 21.53072 16.87188 10.01071
[1] 21.076065 22.453746 20.102144  9.748983
[1] 20.15003 23.79944 20.15722 10.64966
[1] 17.63138 22.78410 17.62354 11.78814
[1] 23.26498 22.30965 22.74787 13.16449
[1] 25.31808 23.32947 24.98900 12.97207
[1] 22.77532 24.17426 23.11182 10.50289
[1] 21.61106 21.91294 20.77927 10.70450
[1] 21.17852 21.70875 20.70468 11.35778
[1] 21.78237 22.69215 21.38068 12.58710
[1] 21.208270 21.954714 20.391707  9.670274
[1] 20.56460 23.13147 20.42542 11.80070
[1] 0.7
[1] 22.89890 21.14203 21.15188 24.01531
[1] 22.24987 21.14480 21.27846 12.84677
[1] 22.47542 20.67942 20.71998 10.20661
[1] 22.55810 20.99964 22.01149 22.72826
[1] 26.09134 22.24082 25.13446 12.83025
[1] 22.998264 22.211923 21.929307  9.760331
[1] 21.76658 25.30630 21.60413 16.51101
[1] 26.75637 22.90776 25.45567 12.38298
[1] 21.85819 24.26584 21.16319 12.34025
[1] 22.70235 23.19477 22.58943 12.31050
[1] 21.90639 23.33222 21.00930 11.90786
[1] 22.24298 22.15017 22.23652 11.44754
[1] 21.63507 25.56456 21.91916 12.08292
[1] 21.06855 21.78492 21.10160 11.70358
[1] 26.49411 21.45698 25.55762 11.09881
[1] 22.35629 19.82545 22.40710 14.68840
[1] 23.37333 21.98318 22.33648 16.14763
[1] 18.98000 17.92058 17.82224 11.61469
[1] 24.61784 24.97630 22.01179 11.07146
[1] 26.51057 23.53797 25.31408 13.55713
[1] 24.19728 22.09774 22.10641 10.54433
[1] 26.39239 23.61447 25.34566 12.21444
[1] 27.01764 25.08346 26.37045 13.00381
[1] 22.80335 22.36692 23.13262 11.01862
[1] 23.30446 24.36512 22.78033 10.44711
[1] 28.24073 21.61328 26.30821 15.64799
[1] 21.75361 22.90708 21.75410 12.09547
[1] 23.73417 26.13658 23.06565 13.38378
[1] 26.39157 25.39554 25.44902 11.12584
[1] 22.71124 22.11871 22.36433 11.68107
[1] 23.67170 24.80810 23.57296 15.17353
[1] 22.72289 22.14258 21.98263 14.99454
[1] 25.27532 25.02362 25.17904 17.84955
[1] 21.02443 20.80933 20.23458 10.74570
[1] 22.03429 24.27902 21.29913 10.51778
[1] 21.81477 24.72839 21.70008 12.69111
[1] 22.92225 22.05458 22.30184 10.63556
[1] 31.01099 25.69065 29.30678 15.94107
[1] 28.90230 25.18777 28.55235 12.26703
[1] 22.62176 22.31711 22.46361 11.38905
[1] 26.12512 24.86853 26.34187 16.57339
[1] 25.44345 25.17016 24.41468 12.81293
[1] 23.43147 19.72956 23.16522 10.37717
[1] 23.70969 20.48327 23.29317 12.10188
[1] 20.37806 22.26211 20.67487 10.86372
[1] 27.28539 23.41050 26.94893 14.10674
[1] 18.80812 19.93030 18.55944 10.75018
[1] 21.62821 22.10158 20.46811 13.16264
[1] 22.53715 23.28749 21.45715 16.70225
[1] 24.51441 20.89221 25.02067 13.93946
[1] 0.8
[1] 27.23559 25.18907 27.75268 17.38803
[1] 30.43665 24.11075 31.01784 13.07378
[1] 27.21169 22.75201 26.04080 14.07975
[1] 29.49235 21.71883 28.23595 11.06856
[1] 25.47096 22.59340 23.90036 14.70490
[1] 26.82780 26.62427 24.31046 16.33912
[1] 29.37848 17.98671 27.91792 12.79036
[1] 24.60785 23.32308 23.63642 10.57438
[1] 24.29046 19.29070 23.87691 12.44176
[1] 27.101532 22.638062 26.037570  9.591791
[1] 25.31153 22.70759 24.99676 10.89307
[1] 31.01851 22.81254 28.27958 11.38355
[1] 31.29164 24.49731 30.63159 13.92448
[1] 25.94742 18.61950 26.71588 12.78378
[1] 29.97045 22.61168 29.06819 11.01406
[1] 23.65720 23.03673 23.64844 10.93000
[1] 30.44828 28.98703 29.92561 15.57797
[1] 29.34255 23.17102 27.79007 11.41353
[1] 26.91085 23.18465 27.49286 13.83351
[1] 27.94016 23.24500 27.24981 12.38223
[1] 26.66113 23.81089 26.22925 14.44865
[1] 27.17635 21.32694 26.29871 17.05557
[1] 24.19928 26.18997 24.79602 16.06213
[1] 29.48457 23.21460 28.45457 15.24859
[1] 28.22365 24.03326 27.22853 11.25785
[1] 25.71997 22.17877 25.30703 11.85089
[1] 26.12897 23.76393 25.62870 10.94221
[1] 28.03756 25.06911 27.02395 13.60903
[1] 27.94225 19.28046 26.97898 10.77431
[1] 28.34519 25.18821 28.51242 13.27101
[1] 26.57869 19.94290 25.74546 13.87344
[1] 29.20731 22.36575 28.58011 14.10783
[1] 27.45255 21.86190 28.05834 12.47845
[1] 27.23969 28.07784 27.14104 11.27949
[1] 27.66273 21.26260 26.74200 11.03626
[1] 26.78025 23.59200 26.23999 12.19956
[1] 30.23396 26.67363 29.17659 10.79275
[1] 27.76309 20.11852 27.47872 10.57770
[1] 26.92501 22.81389 25.22928 11.71922
[1] 26.54891 23.73130 24.37387 13.27245
[1] 26.67678 24.57221 26.28928 16.61940
[1] 28.33600 22.52309 28.62647 13.95011
[1] 21.58254 20.60626 20.66265 12.38946
[1] 28.33511 23.46232 25.96987 11.74063
[1] 26.57687 24.12794 25.74672 13.69856
[1] 24.12575 25.95021 24.78807 13.00786
[1] 27.72132 20.47818 27.87611 12.43885
[1] 32.22292 25.50149 31.63667 17.19360
[1] 26.02208 21.58481 24.98663 11.14391
[1] 33.63111 25.02207 29.46325 12.03723
[1] 0.9
[1] 31.26297 24.52831 30.31355 13.08837
[1] 28.86818 21.00995 28.24283 16.13786
[1] 35.83297 22.20034 33.73291 16.28110
[1] 28.18373 24.48334 28.85588 17.56800
[1] 32.50343 24.84918 31.81808 14.21664
[1] 34.58305 23.96173 30.85647 11.39498
[1] 33.58168 22.65684 33.44301 15.05720
[1] 35.46010 24.43850 34.47805 13.71763
[1] 27.41590 20.37113 27.53765 12.84502
[1] 29.40105 18.65200 29.09440 11.90979
[1] 32.43476 25.50933 31.74645 13.82073
[1] 28.82388 22.33840 28.74511 11.18576
[1] 25.40330 19.90564 25.75113 10.19950
[1] 31.09950 21.15175 30.76806 13.75592
[1] 29.37894 19.86377 27.62125 12.21055
[1] 29.72706 21.39424 28.61929 11.97375
[1] 30.54614 23.93304 30.37002 12.57095
[1] 26.86178 21.90731 26.26153 15.48700
[1] 28.21409 23.47720 29.13626 11.99829
[1] 30.88569 24.19945 31.08222 11.08586
[1] 31.10549 20.00442 30.31717 16.80769
[1] 34.37019 26.44386 33.98324 12.33249
[1] 29.13324 20.55196 30.25723 15.18946
[1] 32.59014 22.19550 31.77274 13.61802
[1] 28.31560 20.41534 27.63274 13.31494
[1] 31.70466 23.99795 30.29861 12.33578
[1] 39.63784 25.46482 38.69382 13.64290
[1] 25.05908 16.93298 24.97392 15.91797
[1] 33.22446 21.81027 33.51087 14.47545
[1] 33.81710 20.51936 32.91592 13.15023
[1] 29.85943 21.40617 29.02678 16.26179
[1] 33.27608 24.20371 31.21725 10.08249
[1] 29.28124 22.40288 28.88967 15.86380
[1] 32.30950 21.90846 31.86602 13.18490
[1] 28.05156 24.32346 26.91483 14.82720
[1] 26.96441 22.79204 26.98491 10.32588
[1] 36.26675 24.95506 36.55733 10.57326
[1] 34.49931 22.26024 34.02548 17.00746
[1] 32.51451 23.90762 32.30574 15.75362
[1] 31.26873 22.81032 30.49521 11.22372
[1] 32.02665 20.97088 29.65683 11.75851
[1] 27.96346 20.66880 26.70357 16.43846
[1] 32.66351 24.44064 30.14386 12.82027
[1] 26.13285 19.72629 24.61508 12.18221
[1] 29.40904 21.47513 30.36246 16.53304
[1] 33.06999 25.43926 33.38708 11.60485
[1] 30.22175 20.50863 30.06680 15.36326
[1] 25.37596 21.25707 24.10243 12.83649
[1] 25.26541 21.96297 26.80025 13.93459
[1] 29.59576 23.78809 28.66410 13.19809
[1] 1
[1] 33.35473 22.85083 32.80303 11.64962
[1] 35.66343 19.17675 35.56100 17.32731
[1] 29.90776 24.97925 32.47621 12.17587
[1] 31.14751 20.94382 30.62462 16.78984
[1] 34.35193 25.20605 33.15702 11.41375
[1] 39.08433 23.76134 38.93055 12.03150
[1] 33.88253 24.14054 32.82629 13.60481
[1] 29.461655 21.118167 28.710778  9.311229
[1] 30.55591 22.06938 29.82118 17.25777
[1] 32.74803 24.18709 32.61193 19.30601
[1] 31.54992 20.55541 31.37774 16.85660
[1] 30.53384 19.88509 30.54447 15.69187
[1] 33.11420 25.13079 32.31358 16.25416
[1] 33.50175 22.02143 32.75682 13.70085
[1] 40.31838 23.34915 36.75533 12.98715
[1] 31.585107 22.990029 31.373865  9.018813
[1] 34.07093 20.41151 33.47583 19.80650
[1] 37.38017 23.58623 35.72616 15.98237
[1] 32.11086 24.41553 32.90421 17.69146
[1] 35.71324 23.84352 35.25713 12.26986
[1] 33.12982 22.54755 31.38015 12.07396
[1] 32.96023 20.11687 32.21347 10.41378
[1] 31.31212 22.70555 31.62078 14.54897
[1] 35.25964 23.08435 33.25035 17.12204
[1] 31.04789 17.38283 29.90464 13.11922
[1] 30.49337 23.17887 30.30792  9.18412
[1] 37.70405 18.23670 35.55314 11.69791
[1] 38.52882 24.85066 36.66270 17.28902
[1] 34.68206 24.10574 35.88528 12.70114
[1] 33.16768 21.03290 32.40980 12.01499
[1] 37.30719 21.64690 36.42015  9.86706
[1] 32.31714 20.46616 32.76026 18.08924
[1] 27.88664 21.85188 27.59533 11.12203
[1] 34.677674 22.077666 32.633810  9.760196
[1] 34.87659 25.97624 35.32057 11.69701
[1] 35.05767 22.56783 34.68520 13.10091
[1] 35.33559 22.10392 34.93848 21.37916
[1] 29.84525 26.07773 31.23361 14.20293
[1] 36.14983 26.73684 35.89923 13.07704
[1] 35.12743 25.01544 38.56867 16.48352
[1] 38.66273 29.34771 36.95756 16.48097
[1] 36.08214 23.21127 34.63905 14.81271
[1] 33.82049 26.14813 31.51594 68.12039
[1] 32.44903 20.16190 33.04991 14.49843
[1] 31.10571 20.96128 29.96853 19.59421
[1] 37.27025 28.90770 36.73279 20.86978
[1] 39.40918 23.65915 38.14166 13.22596
[1] 33.84809 26.47313 33.63476 12.27297
[1] 38.91619 24.25287 36.48782 13.60373
[1] 39.83258 23.70859 40.50128 12.64024
[1] 1.1
[1] 41.58167 23.67287 42.17133 15.94029
[1] 36.42734 22.91103 36.17031 12.56230
[1] 43.87174 24.87479 42.95335 12.99069
[1] 40.03932 19.36952 38.70684 11.22908
[1] 42.41385 23.61223 43.90777 17.90128
[1] 35.34051 21.74284 35.39089 12.54358
[1] 34.87736 18.12385 34.91348 10.18797
[1] 35.13623 23.32637 34.76800 14.37030
[1] 42.34257 24.26238 41.28259 16.10879
[1] 36.86367 21.95532 37.63648 11.91553
[1] 40.53297 21.29895 40.41050 17.86798
[1] 38.29815 22.66737 37.32977 15.98989
[1] 41.39275 24.33667 38.87997 14.20795
[1] 36.27864 23.87588 36.61323 13.73012
[1] 35.13082 25.54357 34.98898 15.84901
[1] 37.96641 21.15080 35.82282 18.19712
[1] 44.80500 27.30224 43.66288 18.35776
[1] 36.54066 19.76341 34.34507 11.55894
[1] 40.49502 21.03330 39.41515 13.19916
[1] 39.61324 21.05134 38.69401 13.44982
[1] 35.44820 21.42280 35.75288 16.15457
[1] 34.24863 24.14715 35.63048 16.78137
[1] 35.66131 24.45706 35.74829 22.25404
[1] 38.79260 18.91502 38.16671 19.48203
[1] 35.06212 24.34219 35.06681 16.54283
[1] 36.23667 23.65233 34.53339 12.43520
[1] 36.69043 23.86193 37.39695 13.80870
[1] 33.32025 18.82952 33.15454 15.13491
[1] 38.74850 25.29945 37.85652 12.73105
[1] 34.02037 21.98130 30.95237 12.82658
[1] 40.88303 21.30526 39.86260 20.38920
[1] 37.85109 23.38580 37.22724 14.66448
[1] 38.70995 22.58592 37.97289 12.37526
[1] 38.96252 23.28794 38.57383 18.05942
[1] 37.78928 22.26853 36.58913 16.51385
[1] 38.68829 23.27721 36.99060 20.76111
[1] 36.81109 24.55050 36.05464 18.18742
[1] 37.50494 22.09263 36.57463 13.27152
[1] 39.74490 21.52160 39.78715 11.57277
[1] 40.88615 25.84137 39.78771 15.57881
[1] 39.82282 20.77521 38.66547 13.64768
[1] 38.28429 23.50181 35.80197 13.93719
[1] 30.95555 20.72207 30.97077 22.15096
[1] 38.60749 25.43062 36.99621 11.39208
[1] 41.23144 23.05168 41.32069 14.09694
[1] 44.87777 23.89479 45.55628 18.35989
[1] 36.33649 23.78689 35.47566 15.40930
[1] 33.98229 21.71539 31.40625 15.42096
[1] 41.06989 24.08225 40.97053 15.52181
[1] 38.38718 21.08289 37.38693 14.72995
[1] 1.2
[1] 43.06222 23.21455 42.36009 17.38343
[1] 46.83339 22.99648 47.14440 14.49798
[1] 44.80114 22.34752 45.09636 17.51174
[1] 37.82706 20.97350 37.87889 17.78171
[1] 36.14181 22.76438 34.76767 13.48558
[1] 43.23512 24.37667 43.50232 12.06799
[1] 46.52862 22.89918 44.82431 21.32427
[1] 45.71972 24.13076 45.19595 14.48522
[1] 39.00924 24.67178 38.82680 16.35159
[1] 47.36376 23.58835 47.35228 17.73621
[1] 43.91619 21.66517 43.32831 15.45226
[1] 37.20733 21.86600 36.80128 10.74044
[1] 37.02557 20.88037 36.89913 13.55717
[1] 42.42898 25.58644 42.71457 13.06985
[1] 42.57950 20.31946 41.55860 11.91897
[1] 32.985916 20.290727 32.590746  9.355012
[1] 41.80326 23.81544 42.05532 13.94104
[1] 31.42377 20.46620 31.04337 15.48229
[1] 46.24828 24.50994 44.99602 27.77242
[1] 43.76628 20.59612 41.16331 13.82321
[1] 40.71455 26.57314 41.06004 22.84508
[1] 41.96966 24.16420 42.63157 14.81994
[1] 43.62232 24.21576 42.27954 16.13408
[1] 43.84189 24.43000 44.41391 16.98363
[1] 39.16426 23.35838 38.62321 15.39568
[1] 39.28138 21.72615 38.96307 14.64386
[1] 39.40154 23.57955 41.61386 18.19829
[1] 46.42801 25.58181 45.69049 14.19396
[1] 40.62362 20.26388 40.67063 24.92857
[1] 44.34826 23.52475 42.45089 14.93044
[1] 46.50264 22.00008 46.30867 25.50708
[1] 41.33152 21.59592 40.81284 15.08425
[1] 40.33349 22.63109 39.16655 21.36503
[1] 41.83293 23.38894 41.15970 12.58480
[1] 39.41664 18.25408 38.87607 14.40208
[1] 41.48322 25.52936 41.32710 12.88968
[1] 37.26539 22.80816 34.32484 12.55617
[1] 35.24352 22.14985 34.82803 21.28362
[1] 43.27266 20.97956 42.68353 23.71605
[1] 38.72935 23.31395 38.77849 10.48582
[1] 38.29815 27.32474 37.80210 18.34505
[1] 47.85835 25.20478 47.51458 14.29075
[1] 44.42818 22.46858 45.43653 12.48839
[1] 42.82744 20.64519 42.37225 18.18769
[1] 43.08061 22.32161 42.60450 13.55799
[1] 43.40335 25.44937 41.84223 16.76829
[1] 36.33391 23.53895 36.15972 13.60127
[1] 51.05705 28.87560 51.03143 23.19773
[1] 40.70401 24.22111 41.19612 16.85095
[1] 42.62852 24.14221 40.46089 14.89407
[1] 1.3
[1] 52.86785 22.22482 52.19537 12.63505
[1] 47.64152 25.04267 48.31078 13.54383
[1] 56.13541 23.94614 54.44952 20.86950
[1] 43.63253 19.57471 42.78757 10.26963
[1] 49.25805 22.56412 50.72117 13.42648
[1] 46.06099 25.10599 45.87704 17.63004
[1] 44.30576 23.71959 44.01783 19.81201
[1] 42.76254 20.97813 42.30904 20.57340
[1] 52.64000 24.17375 50.82501 18.64704
[1] 44.39296 19.52354 47.42847 11.09324
[1] 50.34250 21.03769 47.48612 19.78248
[1] 46.64236 24.35139 46.61810 10.98539
[1] 45.06920 25.34483 43.58434 15.11302
[1] 47.72627 22.43092 49.58384 20.18886
[1] 46.33345 22.72701 45.90723 18.64410
[1] 37.43451 24.49037 38.42291 14.81893
[1] 50.93070 25.65202 48.90685 22.14811
[1] 40.46450 19.37567 40.45733 13.63864
[1] 44.54896 22.88399 44.36734 31.44806
[1] 40.57089 18.73893 40.21976 17.24640
[1] 40.90867 21.61437 40.08917 16.44940
[1] 47.41206 22.34158 46.93955 12.07925
[1] 43.50487 21.28980 42.69927 30.72338
[1] 48.40828 19.38491 48.05952 24.45930
[1] 47.17646 22.72663 47.50172 21.43084
[1] 48.09345 21.01424 46.91418 14.54949
[1] 43.41602 24.89265 43.57192 15.13380
[1] 51.63712 24.34083 51.12099 11.42811
[1] 46.82473 24.91832 47.22870 25.24469
[1] 52.32567 21.65760 51.80347 26.01737
[1] 46.21311 24.41157 46.16805 15.02681
[1] 36.99821 21.32051 36.04941 12.39163
[1] 56.72336 24.93784 52.35977 16.50459
[1] 48.56480 20.77466 48.22383 15.67792
[1] 52.08160 24.29141 51.90019 14.78487
[1] 43.26604 22.61488 44.71202 21.91174
[1] 46.98293 21.95402 46.05719 16.26366
[1] 48.34065 23.00856 49.04147 14.31040
[1] 39.23643 19.96508 38.16023 13.63351
[1] 48.75139 23.62241 48.43834 15.12285
[1] 43.94224 20.32564 43.31686 14.10764
[1] 52.54150 23.50919 54.06306 17.43703
[1] 45.43783 24.47690 44.81860 13.23184
[1] 45.02339 23.34665 48.19508 12.07393
[1] 50.14131 21.44714 50.08889 16.67254
[1] 45.84617 22.56918 45.49969 25.14082
[1] 51.50273 22.98667 52.82808 12.60847
[1] 39.31164 22.24009 38.35227 12.00614
[1] 57.05807 27.96055 57.93283 19.30958
[1] 44.90988 21.39109 45.65240 13.76858
[1] 1.4
[1] 56.73343 23.90788 55.50342 20.83435
[1] 57.71682 23.61562 58.00195 16.13755
[1] 52.83851 24.65084 53.64750 24.81292
[1] 64.74775 24.68811 64.42573 18.00675
[1] 53.81433 22.59269 52.66202 17.89585
[1] 54.06786 21.20173 53.57690 20.07682
[1] 47.44187 22.96386 47.29255 17.83220
[1] 52.30117 21.99334 50.79703 23.21516
[1] 45.51193 18.96299 45.26452 16.87429
[1] 57.52153 26.37598 55.34993 14.11365
[1] 45.69829 22.56745 45.42669 15.65850
[1] 57.26273 23.99953 56.81521 17.31816
[1] 58.47486 23.28547 58.07841 20.54451
[1] 57.79892 29.40316 56.54991 15.44599
[1] 46.95736 25.62247 47.29274 12.24294
[1] 53.43242 24.98177 50.66438 16.20570
[1] 58.71989 21.86008 59.53006 13.92196
[1] 53.87820 22.56832 53.58258 14.19190
[1] 57.79452 23.15826 57.66495 21.32702
[1] 55.99180 25.88745 56.62538 17.38265
[1] 47.28862 20.14524 47.36233 13.87201
[1] 54.92901 21.23023 54.72360 21.82786
[1] 53.46057 24.44848 53.47522 16.35987
[1] 51.13799 24.18674 49.97534 17.91184
[1] 47.94534 23.17215 46.60573 15.73341
[1] 53.29218 25.84415 51.49108 16.61844
[1] 56.29920 25.57086 53.23114 22.79441
[1] 52.09037 23.41478 51.81600 15.68583
[1] 60.08897 27.20188 60.23702 24.50854
[1] 55.09298 29.46127 54.63026 13.22879
[1] 42.85473 20.32542 45.64644 13.91368
[1] 60.37372 29.00544 62.06361 16.23053
[1] 66.08021 25.35940 63.67064 12.54326
[1] 53.98918 25.62275 55.32225 25.16137
[1] 53.73531 24.74206 54.00381 26.33220
[1] 56.63507 25.00973 55.46637 17.60885
[1] 58.46758 23.12865 58.04298 14.99305
[1] 51.74334 22.76410 51.09259 14.37648
[1] 53.79613 24.00425 52.61694 14.33013
[1] 55.25876 22.82403 55.81283 14.95700
[1] 50.42102 25.04476 53.49413 29.89633
[1] 52.65282 22.03622 54.19748 15.02845
[1] 49.31598 22.20018 50.05092 36.80621
[1] 55.40771 22.26950 52.27293 15.26412
[1] 66.54197 25.43119 65.30459 11.91121
[1] 46.51717 21.74675 45.77602 12.52750
[1] 48.70968 26.19034 46.76735 14.51389
[1] 43.17980 24.05731 42.69392 17.67490
[1] 49.25536 25.45305 49.51734 24.14651
[1] 42.54630 21.61303 41.99832 13.93744
[1] 1.5
[1] 60.00318 22.54915 58.49177 34.75837
[1] 60.45482 24.14186 61.26592 28.47635
[1] 63.35082 27.42121 63.49805 13.56193
[1] 49.42385 18.92489 50.14108 40.36594
[1] 61.06258 23.10869 59.82063 18.10934
[1] 64.96275 24.38539 64.19226 16.66591
[1] 59.09141 23.69446 56.54463 23.50994
[1] 52.37941 23.90277 52.80879 13.90267
[1] 61.34239 27.48782 61.92615 14.22607
[1] 57.14378 21.87100 57.28501 14.24271
[1] 52.67380 25.21679 52.19163 15.83963
[1] 63.94668 25.12218 64.68838 24.72888
[1] 64.65508 22.61596 66.69407 19.53145
[1] 58.57431 22.67895 56.85336 25.89958
[1] 64.30439 22.20777 64.33947 30.67853
[1] 60.18266 25.16451 58.16115 15.73743
[1] 59.58572 20.33654 59.94925 17.68333
[1] 59.84286 22.48976 59.39358 22.77784
[1] 57.20186 23.40125 55.23849 17.09401
[1] 50.68649 21.31238 50.21185 12.18774
[1] 54.73045 22.85774 51.35835 12.08355
[1] 68.30595 21.23109 66.72114 17.48499
[1] 69.07349 27.58983 67.60953 18.43487
[1] 57.77743 21.18637 56.83955 14.39145
[1] 64.94887 22.29239 64.84205 17.21583
[1] 61.01963 22.67779 61.08320 11.59762
[1] 60.77430 22.52915 63.43960 16.38027
[1] 52.38094 23.53494 56.00239 28.30275
[1] 58.44984 22.75746 57.29255 22.59057
[1] 59.45225 22.88644 58.24461 21.74379
[1] 62.75397 23.13443 63.06256 28.55129
[1] 61.37878 25.98915 61.42548 14.79039
[1] 64.53362 25.65095 63.12071 16.04947
[1] 55.04474 20.71083 53.72654 13.60682
[1] 59.77914 22.82775 59.59626 13.10282
[1] 59.60399 21.58260 59.72476 26.67472
[1] 56.77129 23.41548 56.73121 26.16157
[1] 57.88415 26.06366 58.01293 26.08623
[1] 57.43266 21.50317 58.18894 14.72883
[1] 58.70643 22.55502 58.31659 39.91398
[1] 53.13963 23.87156 53.72894 12.02576
[1] 51.90230 23.35730 52.11591 12.14009
[1] 51.05060 21.94381 51.58476 19.66325
[1] 63.26453 21.84549 61.91752 30.22903
[1] 57.34686 21.05041 55.65200 29.52184
[1] 57.24046 23.68383 58.63492 18.58441
[1] 62.35179 24.28923 62.23342 27.69418
[1] 55.01866 26.04660 57.63971 23.65535
[1] 49.34889 22.36944 50.91244 20.38097
[1] 59.81798 24.86352 59.34060 13.55311
[1] 1.6
[1] 60.35655 21.44383 60.61626 25.37062
[1] 71.85094 22.14222 68.02471 16.11175
[1] 62.74313 26.32298 61.98798 22.34012
[1] 60.89320 23.62786 57.68704 20.03831
[1] 61.20429 23.38765 58.91146 19.17786
[1] 67.81417 25.16192 67.36497 23.49078
[1] 68.62466 26.12726 67.07626 25.00659
[1] 68.54147 24.86492 68.59026 17.76659
[1] 63.30121 26.17675 60.04297 15.69490
[1] 70.99452 24.31242 70.44118 20.71568
[1] 58.15327 26.10148 57.56279 18.08286
[1] 59.37442 21.02102 60.05595 12.06824
[1] 66.63835 21.39059 66.28288 16.50217
[1] 60.60430 25.14825 60.97117 21.12649
[1] 64.90017 24.16058 64.91978 18.05317
[1] 58.24587 24.60952 58.97406 18.71225
[1] 71.14800 30.37902 69.63476 21.87908
[1] 66.59851 28.26723 66.55317 39.56100
[1] 72.70466 24.17261 71.67366 30.94948
[1] 60.17007 23.75201 60.63027 31.77613
[1] 71.57323 25.97386 71.19645 18.51420
[1] 64.64164 23.86350 63.50160 24.70699
[1] 58.16619 23.29085 57.71918 21.12213
[1] 63.23265 22.42671 61.24117 12.16406
[1] 60.75544 23.31947 58.06367 18.15879
[1] 66.86203 22.77356 66.88986 19.25940
[1] 72.93763 26.02820 72.33880 14.79841
[1] 63.93200 18.46074 65.18384 18.16963
[1] 69.99784 23.91673 71.31776 29.75133
[1] 68.01222 21.32903 68.27053 16.71039
[1] 71.21641 24.88059 70.81383 33.83533
[1] 62.25319 21.82751 62.85003 17.81223
[1] 64.48442 22.95159 65.88374 30.86853
[1] 53.37762 22.87182 55.91408 15.03712
[1] 63.70491 25.78849 60.87701 16.40104
[1] 64.80247 23.37573 65.01649 19.34604
[1] 66.02345 24.12713 66.38049 17.65118
[1] 59.12617 25.09437 60.15259 25.38259
[1] 63.01303 24.46659 64.65476 19.64369
[1] 67.48897 30.09259 65.16474 25.85441
[1] 57.36205 24.09697 57.11991 14.89688
[1] 63.46614 25.00433 63.43388 17.51073
[1] 55.71885 26.84209 57.04962 14.09815
[1] 64.73097 26.98993 65.15692 24.57901
[1] 62.12712 20.97263 60.35830 14.58131
[1] 55.26282 21.25882 56.44358 15.51505
[1] 61.38213 21.31248 62.11794 24.18703
[1] 68.84848 24.51316 68.64345 16.40442
[1] 57.92265 24.88230 60.67745 12.90484
[1] 61.94512 24.22151 62.69455 29.23622
[1] 1.7
[1] 74.75370 25.15656 72.57082 21.30929
[1] 72.31970 23.10893 71.35257 14.49689
[1] 67.66189 21.30067 67.89158 28.48910
[1] 61.05005 20.73199 57.05165 17.37998
[1] 68.36289 24.68296 71.82717 22.29741
[1] 61.74549 22.16424 61.58292 26.42135
[1] 54.90084 19.06213 55.10984 19.68215
[1] 65.81653 22.59446 65.90831 16.61703
[1] 75.54282 24.82745 73.00669 20.38346
[1] 62.75080 24.08801 62.26808 17.17820
[1] 73.28200 23.12521 75.54330 19.57328
[1] 74.31198 21.80975 74.11686 23.08502
[1] 76.04159 23.17996 75.77541 18.06698
[1] 72.42099 23.83113 71.12573 22.82557
[1] 66.92564 24.16301 71.28251 14.99293
[1] 83.27966 25.24325 81.73455 29.98368
[1] 72.10894 24.31299 69.85598 34.99919
[1] 66.17511 23.25450 64.43456 32.77415
[1] 71.33229 25.69997 70.95742 35.46284
[1] 68.69038 28.61995 70.06931 49.07429
[1] 72.94184 20.72728 71.62824 21.10663
[1] 75.88734 24.18569 74.19628 32.40356
[1] 74.26105 25.69652 74.05314 17.34096
[1] 65.49666 25.57597 65.14262 21.81622
[1] 73.42534 24.42789 72.28574 19.79477
[1] 79.47072 31.41494 79.84971 34.08713
[1] 68.42881 25.04617 67.90074 30.89848
[1] 78.29652 25.84253 77.32410 38.06998
[1] 71.18713 26.50531 69.76684 33.22833
[1] 73.86020 27.83949 70.82299 41.25015
[1] 68.78942 25.63663 66.46994 22.91231
[1] 75.95031 22.49941 78.28148 30.98572
[1] 70.57938 24.40665 69.57382 22.78273
[1] 59.43537 21.18925 57.85608 11.85338
[1] 67.08320 19.04727 66.41987 13.49210
[1] 75.62527 28.12328 75.96278 27.49043
[1] 66.95273 24.44867 66.31432 13.68354
[1] 69.18636 25.13034 67.93088 14.53943
[1] 68.31691 28.33488 69.48331 25.69362
[1] 62.18014 21.55844 60.59750 12.80772
[1] 75.71258 25.56718 74.34772 16.49777
[1] 61.79707 26.30674 61.26532 12.23515
[1] 75.52177 28.16707 74.28920 23.78574
[1] 69.69803 22.47934 68.79457 15.17399
[1] 75.12340 25.71471 74.79062 18.60374
[1] 78.99034 21.25548 78.36599 15.36728
[1] 62.67150 22.35009 61.68394 34.67712
[1] 60.36811 23.49506 62.30349 17.92828
[1] 68.49447 26.27452 68.39552 12.46708
[1] 74.20723 28.06089 74.12598 15.45261
[1] 1.8
[1] 76.66291 26.06450 76.44979 21.89988
[1] 65.15359 22.29004 64.86318 12.06167
[1] 90.74664 27.12457 90.30227 34.67569
[1] 72.26920 23.04586 73.23277 17.30102
[1] 73.62974 25.31685 75.19286 30.48641
[1] 80.58865 29.44650 80.13312 26.01155
[1] 69.84731 19.81000 69.46960 12.94119
[1] 71.19613 24.41622 70.89060 20.20680
[1] 82.82091 23.36842 80.44370 12.27414
[1] 76.49708 27.40249 77.45795 44.71630
[1] 77.43403 25.45926 80.25383 40.64067
[1] 71.59006 24.66554 70.45382 23.51323
[1] 72.12421 21.25675 71.35593 63.75227
[1] 75.10119 27.25416 75.73028 15.39712
[1] 77.33651 23.03675 77.44765 24.25869
[1] 77.24470 23.36391 76.78854 17.58450
[1] 70.21417 25.25395 69.53432 19.99921
[1] 80.59849 23.29428 78.12397 22.35784
[1] 79.93396 24.28527 80.72378 14.27357
[1] 72.41234 23.31806 72.42936 53.92658
[1] 67.73022 22.16857 68.12752 26.12616
[1] 76.63604 23.22645 75.69345 20.69358
[1] 82.80470 24.39658 80.67514 33.57714
[1] 67.21162 27.79150 67.45327 22.56342
[1] 65.04462 24.66425 65.73594 34.52847
[1] 82.97091 24.28901 81.37520 38.56471
[1] 82.95476 23.19391 82.28122 16.92134
[1] 71.81854 23.40247 69.85997 14.98071
[1] 74.14095 22.41022 75.52265 25.36414
[1] 83.57351 21.21351 80.99682 20.05102
[1] 75.36987 29.26904 73.22824 22.04318
[1] 87.69022 25.98241 85.97310 25.09923
[1] 66.42324 23.97932 66.03652 19.98771
[1] 80.59105 24.14118 79.06790 22.33072
[1] 78.03510 21.14529 78.77374 21.85935
[1] 83.29079 22.36340 82.56011 12.63154
[1] 86.47975 24.58129 81.89936 23.31094
[1] 74.79181 22.63830 74.20454 39.59805
[1] 65.89377 25.54351 66.12234 15.60881
[1] 77.57796 26.42544 77.22761 16.64478
[1] 79.69943 24.45956 79.94608 21.99966
[1] 62.02933 26.93938 62.52546 18.33707
[1] 79.60894 23.78814 78.98349 58.02257
[1] 80.93504 23.92909 80.82349 25.00679
[1] 73.68769 23.70119 70.26631 31.30670
[1] 74.92005 23.82633 74.18652 20.45509
[1] 76.33191 22.52370 75.57137 16.83642
[1] 85.95122 20.54745 85.97679 18.63516
[1] 94.48121 26.09706 95.05323 21.00762
[1] 80.41545 28.03723 79.70443 20.86991
[1] 1.9
[1] 76.93096 22.91310 76.79682 26.55113
[1] 80.56102 21.91710 82.85196 20.54071
[1] 86.06892 28.01041 84.69616 15.46880
[1]  72.14217  23.68282  72.15996 240.51585
[1] 84.62243 24.91341 85.06462 40.71156
[1] 78.81698 25.87281 78.31808 26.50952
[1] 96.40942 24.35285 95.34412 21.88432
[1] 95.13024 28.02280 93.45430 24.22544
[1] 90.73268 23.89524 89.20865 16.89773
[1] 71.99854 23.45842 73.74721 15.13140
[1] 81.97105 22.65376 81.55551 17.60148
[1] 87.98779 28.09867 87.28337 25.69364
[1] 81.59320 20.65058 79.11979 34.48252
[1] 89.40057 29.30661 86.52768 19.75352
[1] 77.84049 27.40371 77.92727 14.79386
[1] 81.42410 21.32288 81.03233 14.18560
[1] 79.65763 25.05212 81.73297 56.13782
[1] 88.60883 21.43972 87.49550 37.29357
[1] 71.15480 24.13569 73.39297 21.66213
[1] 87.43308 24.62170 87.42593 34.55279
[1] 83.37929 22.19228 82.86845 13.87796
[1] 84.31342 25.73585 85.55523 21.54300
[1] 84.96784 28.06988 83.37681 19.88690
[1] 85.49911 19.82696 83.72891 13.28174
[1] 92.49813 25.40553 91.91137 13.11416
[1] 75.27775 23.52277 73.92620 51.11445
[1] 80.11285 24.03383 78.32315 41.15237
[1] 78.48479 26.74692 78.05408 21.13093
[1] 81.18206 25.26264 80.79749 15.86325
[1] 85.53192 24.07077 85.60928 25.52373
[1] 80.29880 21.31280 78.72269 35.08258
[1] 87.12553 22.13009 85.40502 16.18000
[1] 96.76192 27.18093 97.15983 18.24264
[1] 81.20091 23.83649 82.05965 40.57480
[1] 74.15058 23.57635 78.22911 40.83574
[1] 85.02304 25.20035 84.83585 22.76830
[1] 88.39717 24.21944 87.41314 24.76222
[1] 81.31988 27.38718 81.41289 16.63151
[1] 80.54623 27.75693 82.40363 20.48250
[1] 75.22108 23.47261 72.42896 33.03903
[1] 90.12015 24.82882 87.54395 25.95414
[1] 75.68625 22.50364 76.63336 14.16742
[1] 80.28910 27.34833 81.51557 17.54423
[1] 80.83743 27.63394 83.07071 20.12577
[1] 87.77968 25.91166 88.25793 42.70069
[1] 91.34111 26.92525 92.46820 18.07675
[1] 92.35155 27.99225 92.91533 21.86798
[1] 67.03678 23.24103 66.71544 17.92251
[1] 84.74625 29.88231 85.58173 18.05675
[1] 71.80288 22.19149 71.57395 19.01897
[1] 2
[1] 88.84555 21.52295 88.93458 14.37667
[1] 87.03213 25.41240 84.93777 35.53232
[1] 82.46510 21.12158 81.76469 11.47315
[1] 73.68032 22.94352 72.89799 19.19266
[1] 80.37980 23.27492 84.87194 25.60410
[1] 92.99617 22.70690 90.05824 13.58908
[1] 107.76874  27.58277 105.37163  24.47741
[1] 85.28849 26.87776 84.90611 26.83800
[1] 86.60306 23.44769 86.05332 16.94937
[1] 104.99648  24.77363 103.79181  25.18777
[1] 87.19732 22.31701 83.87229 39.84911
[1] 101.81938  23.69105 104.82165  23.05240
[1] 88.57327 26.14099 91.49385 19.90948
[1] 95.46533 24.90605 95.44418 47.53815
[1] 99.71310 25.42813 99.45777 43.13498
[1]  99.99573  27.23077 100.74549  20.07430
[1] 88.55611 23.64529 90.57009 11.68216
[1] 89.65079 23.83120 90.35918 23.84418
[1] 90.48546 21.35454 91.57167 37.69041
[1] 95.36727 31.65280 94.51427 21.15455
[1] 94.21370 23.31751 94.16115 20.97443
[1] 92.56788 23.00767 91.04914 15.68477
[1] 99.38400 27.65477 99.41619 22.40759
[1] 88.83103 22.66658 88.12911 17.45841
[1] 106.52561  28.85453 105.39990  24.41812
[1] 84.01569 28.08929 86.78453 25.59775
[1] 96.91166 29.45374 94.06473 30.46309
[1] 94.73666 27.65944 95.83460 28.61959
[1] 91.43478 26.17532 92.48752 21.71512
[1] 75.90204 21.59230 76.45488 15.02354
[1] 110.21680  21.69354 111.50423  17.53040
[1] 79.25627 23.12789 78.47047 17.70998
[1] 95.32231 30.45837 97.59603 20.97848
[1] 88.59777 26.31593 88.52034 17.60911
[1] 90.49313 22.79673 89.61854 22.00436
[1] 81.92001 29.17264 81.63021 19.13278
[1] 102.49272  27.07333 102.15917  30.66575
[1] 89.84258 24.71443 92.09040 17.36328
[1] 95.55768 22.58125 93.61890 36.90118
[1] 86.38112 26.82536 84.97544 51.38485
[1] 94.18397 23.66629 92.97194 21.18901
[1] 89.69079 24.07686 89.28762 38.19134
[1] 107.72258  26.48521 108.02729  23.91301
[1] 85.39739 23.30772 84.11978 14.70286
[1] 95.10012 30.16351 95.64239 19.58733
[1] 89.06484 21.71284 87.32032 15.58733
[1] 89.86927 23.56962 89.00753 25.82655
[1] 86.22078 24.96165 83.57860 13.00344
[1] 103.60625  25.19907 102.87894  25.84901
[1] 77.85794 26.16508 78.24199 21.24600
[1] 2.1
[1] 96.66349 26.58849 97.60859 14.32059
[1]  89.61618  22.07255  88.70783 111.75822
[1] 114.24025  28.52959 114.48982  36.09990
[1] 100.57704  22.22560 100.95290  58.84568
[1] 108.34065  27.41842 112.72976  44.05488
[1] 103.46486  26.92650 102.75563  43.79046
[1] 94.00363 24.07952 93.91922 22.73394
[1] 99.01909 26.54529 99.13613 24.79042
[1] 92.44609 22.92516 87.24126 39.17353
[1] 90.54871 26.46174 89.06484 43.29893
[1] 96.21325 26.39673 96.27884 20.32421
[1] 98.38468 24.54039 99.49355 19.90156
[1] 85.00467 25.84073 85.34513 18.04762
[1] 85.61409 28.61866 85.95862 25.23761
[1] 100.51829  28.01809 105.96539  28.90474
[1] 91.78732 24.86558 91.64874 22.25653
[1] 95.22675 22.33729 95.07078 36.95385
[1] 105.03942  26.40850 106.74171  20.90458
[1] 88.95760 28.19286 94.33438 30.26342
[1] 128.70651  27.15168 129.32432  35.53530
[1] 111.84143  25.95844 110.31201  26.42671
[1] 103.97186  28.34541 103.67742  22.97739
[1] 94.63991 25.25303 93.09973 29.66664
[1] 86.32146 21.99935 89.06114 14.48348
[1] 112.4180  26.9304 110.7350  41.9604
[1] 104.92878  27.41621 106.89443  36.00343
[1] 108.06142  32.27445 109.46926  75.63608
[1] 90.42307 27.16117 91.10310 25.83688
[1] 105.84806  24.35417 105.81302  15.29213
[1] 95.62474 23.59005 96.08767 38.85823
[1] 109.98959  27.01855 109.11475  27.59974
[1] 105.28935  28.31841 103.92875  15.09330
[1] 102.29190  26.70293 102.34855  28.49200
[1] 97.30181 27.64362 96.49488 36.85154
[1] 90.02341 25.86356 88.61350 17.77855
[1] 103.59886  27.08346 103.12851  29.47283
[1] 101.40982  22.91347 101.93689  31.18211
[1] 102.84370  23.08444 102.93125  17.48723
[1] 100.02916  21.93531  99.82498  23.20194
[1] 109.45656  24.05550 108.93683  36.80333
[1] 92.37402 25.21618 93.86521 25.36669
[1] 99.96241 28.81617 99.11728 18.01005
[1] 102.24259  24.27668 102.54204  83.25546
[1] 84.41156 22.48697 84.38847 22.82345
[1] 85.58088 23.26776 85.26152 20.39045
[1] 95.33007 22.50737 95.31800 18.49146
[1] 95.47256 24.48621 92.83429 26.85085
[1] 91.71700 28.71569 94.52642 50.32891
[1] 99.00908 25.51952 96.16934 43.23933
[1] 94.42608 26.68193 93.84775 16.58603
[1] 2.2
[1] 117.67356  24.80658 117.71834  26.80864
[1] 105.54197  25.83012 105.34304  34.25598
[1] 99.66471 22.23133 98.43288 24.14204
[1] 118.42419  24.75226 114.42082  28.00682
[1] 105.19352  28.09105 106.07459  54.06181
[1] 131.89016  28.74952 132.67130  51.85178
[1] 88.11161 22.14399 95.75738 26.61427
[1] 103.18117  24.15543 104.48361  68.89879
[1] 100.78262  26.50527 100.30882  16.08427
[1] 97.28088 27.28109 97.00768 32.36512
[1] 119.12086  25.08977 117.35721  28.29826
[1] 110.53361  24.29288 108.94722  26.59910
[1] 105.48023  24.64661 105.47726  17.28522
[1] 110.35736  27.38022 110.31847  15.95241
[1] 106.56797  23.95298 105.88728  38.60234
[1] 111.95319  31.55873 112.22225  31.50101
[1] 106.72155  23.20118 106.01880  15.10632
[1] 100.54291  29.25205 104.09879  46.56277
[1] 100.17095  29.03826 101.93959  24.11151
[1] 109.00441  23.96330 108.31562  17.11198
[1] 108.23828  27.17219 108.63910  24.48241
[1] 93.62067 28.90242 93.96313 42.40350
[1] 117.78451  29.35530 114.78207  24.43076
[1] 121.34555  29.18995 116.59645  44.88416
[1] 119.68957  30.65551 118.39563  27.17384
[1] 98.00329 27.15221 99.29780 15.67210
[1] 109.24277  31.09450 114.07096  34.39006
[1] 103.02651  24.86208 104.27141  44.42109
[1] 120.86487  25.52113 122.70505  17.63607
[1] 106.21553  22.95187 106.59921  17.78092
[1]  99.90363  26.76456 100.22317  23.92467
[1] 105.67984  25.64712 104.20587  44.35179
[1] 101.32419  24.76952  99.37954  39.57488
[1] 101.44382  30.76402 100.88416  25.24931
[1] 89.78456 23.37754 90.61993 15.81741
[1] 116.23408  28.79026 117.95404  30.20131
[1] 132.34675  26.92400 129.87819  32.43654
[1] 113.67539  26.13536 113.93869  16.41644
[1] 109.11263  24.72238 108.66174  24.40920
[1] 104.24567  27.88133 104.21605  20.80658
[1] 108.48831  31.51971 108.16467  30.46182
[1] 106.21142  25.87693 105.87147  32.99777
[1] 92.78239 22.37300 93.29528 27.13989
[1] 93.31982 26.53228 95.94561 21.60168
[1] 103.72047  27.72855 105.43265  33.19662
[1] 117.41188  24.68732 117.29780  17.17961
[1] 97.11938 30.32017 97.29072 22.61345
[1] 117.70831  23.27022 114.19097  27.96750
[1] 104.90502  28.08829 104.80542  25.73676
[1] 114.27491  27.92949 113.59943  31.90746
[1] 2.3
[1] 111.81092  29.46757 113.44174  79.80523
[1] 115.51745  25.38315 112.23747  22.08385
[1] 112.16828  27.70023 113.07112  18.33985
[1] 134.96847  32.19442 136.46035  26.22035
[1] 107.96295  29.29569 106.51824  71.32145
[1] 113.29079  31.90625 113.24448  24.77218
[1] 113.90948  26.88589 114.16255  17.95163
[1] 123.45357  27.83260 124.87535  32.62569
[1] 115.24727  26.38824 113.70157  27.17870
[1] 130.36003  32.63919 130.31082  30.65572
[1] 95.12036 25.45356 96.78720 44.27781
[1] 125.97846  29.19038 123.86972  38.40315
[1] 126.12819  27.29564 122.71319  33.64693
[1] 101.29403  26.42056 102.66499  39.67681
[1] 108.5219  26.7689 109.3657  34.5114
[1] 115.79643  26.75750 113.52908  29.66237
[1] 119.26369  28.04517 119.27789  20.43747
[1] 114.36410  27.26731 114.95256  22.85039
[1] 120.11875  24.88329 117.98332  77.66246
[1] 117.24280  23.45628 116.82063  20.75398
[1] 106.71642  23.75809 107.13728  29.34600
[1] 119.35002  26.62196 118.68965  31.79197
[1] 104.25435  27.67306 104.38444  24.47653
[1] 128.98373  22.01156 130.59588  32.61625
[1] 101.92643  24.00988 103.77110  23.07305
[1] 131.80695  24.41331 131.24125  23.71846
[1] 106.77554  27.08103 106.24950  66.36450
[1] 99.25418 28.54440 99.17245 50.31018
[1] 110.32257  26.33935 107.61520  17.10379
[1] 106.00553  22.38155 107.74183  24.90526
[1] 102.81259  22.76677 103.30466  16.25432
[1] 112.77107  26.58931 113.01193  24.50628
[1] 122.89964  26.37078 122.72325  23.95978
[1] 101.63820  24.11656 104.86561  18.85589
[1] 104.32498  27.53425 106.62309  30.96064
[1] 97.17778 29.59147 97.20596 46.11755
[1] 122.56946  24.98108 123.12617  46.97400
[1] 124.99386  25.32460 125.48566  27.76856
[1] 119.63458  25.18151 119.64023  43.83609
[1] 115.38477  23.85779 114.63248  19.55480
[1] 105.75831  23.64487 105.02022  30.28789
[1] 100.36926  25.73392 101.83860  20.63988
[1] 114.15211  23.57889 112.44450  15.20008
[1] 111.02879  26.23586 113.54854  21.39413
[1] 110.44565  26.28784 110.89451  23.17304
[1] 121.21785  18.13732 118.28628  11.75353
[1] 121.39778  23.58643 124.27864  52.34514
[1] 118.02131  31.70310 119.74404  36.24206
[1] 107.36514  24.14708 106.88138  16.76250
[1] 121.82645  25.70279 123.06905  46.78673
[1] 2.4
[1] 132.69479  28.49653 131.59284  30.18623
[1] 127.44806  29.07815 131.79353  31.01093
[1] 123.12957  29.60515 123.34428  24.44167
[1] 131.32941  28.48540 129.37043  21.45603
[1] 116.04644  29.18675 115.80782  20.50130
[1] 112.92788  20.56133 111.70239  16.78260
[1] 139.40799  30.07225 140.25426  23.72842
[1] 113.29863  28.23712 112.83298  20.93420
[1] 123.54919  26.90528 125.01938  26.68624
[1] 142.33250  26.99637 133.55554  38.16544
[1] 105.65414  25.06105 104.42016  30.22012
[1] 115.64534  23.94630 113.96170  25.20702
[1] 118.98573  27.88260 117.16591  21.39859
[1] 109.84819  25.69383 112.00646  61.19550
[1]  99.44195  22.34616 102.38975  45.00598
[1] 136.91149  35.76714 133.88286  30.71514
[1] 127.91937  27.53915 127.84102  29.23438
[1] 109.52835  24.89859 108.13584  27.31146
[1] 122.10757  23.01762 121.69690  16.31474
[1] 120.50540  23.62325 116.48107  32.52870
[1] 138.00135  27.26825 135.03194  19.07674
[1] 120.12988  26.56833 118.75671  27.96357
[1] 115.96391  26.30014 116.95594  61.42856
[1] 122.95042  25.34495 123.20078  28.68942
[1] 110.99594  24.44932 112.60921  46.80911
[1] 142.72086  26.86301 143.23629  23.34798
[1] 110.30772  24.20788 114.05161  37.42631
[1] 123.71120  21.44466 124.08353  15.24337
[1] 128.7007  26.4366 125.6819  32.2474
[1] 110.30071  24.61790 109.68588  27.10782
[1] 128.96838  25.91196 126.49194  18.18539
[1] 128.65087  29.31724 128.47019  39.79363
[1] 140.76020  29.77241 145.25959  37.01185
[1] 127.43222  24.27405 124.39386  27.15034
[1] 113.99443  28.74506 111.50107  24.52082
[1] 128.85375  29.79524 134.10280  80.59311
[1] 117.39642  30.61391 119.68991  60.09659
[1] 137.31580  26.41814 136.93352  29.08399
[1] 126.71774  28.95155 127.80548  30.83994
[1] 145.78861  26.06211 143.50354  30.01854
[1] 143.63717  24.83904 142.85381  26.84133
[1] 125.41860  30.33356 127.30467  23.71787
[1] 117.60554  29.36326 118.45270  18.63030
[1] 123.59321  23.43522 122.96842  16.13273
[1] 119.22146  27.84985 120.54250  28.93465
[1] 115.20250  28.62467 115.76897  29.93153
[1] 114.87643  27.63264 115.75507  53.00112
[1] 102.32202  30.65556 103.68823  65.13080
[1] 110.10467  25.64364 111.30316  40.69659
[1] 107.70316  25.06317 106.76763  46.79432
[1] 2.5
[1] 126.19503  24.22150 125.86699  27.49655
[1] 155.03552  27.73875 153.74378  32.85848
[1] 131.99253  29.65231 131.84936  27.06061
[1] 128.67160  25.61678 123.89796  43.03999
[1] 129.04547  24.37249 128.04435  45.51440
[1] 128.64398  24.56444 127.88275  27.99615
[1] 139.89464  26.17097 140.35673  30.94358
[1] 141.91350  26.70324 140.77423  26.98997
[1] 128.67694  24.51814 128.75572  20.28644
[1] 125.61389  26.65569 126.60922  49.96740
[1] 137.28527  24.67498 137.45691  46.86974
[1] 134.97693  23.04663 136.10893  58.22995
[1] 130.88173  24.47221 129.87778  24.07408
[1] 115.81596  28.54525 116.75130  28.92862
[1] 126.71981  27.25037 127.87628  28.53548
[1] 125.17504  24.33699 124.76791  49.97388
[1] 132.48115  25.06034 130.34801  40.62755
[1] 130.05433  30.64385 128.32734  35.69283
[1] 154.15031  27.58748 155.38270  48.79975
[1] 130.99281  26.29656 132.34595  47.31443
[1] 120.96010  30.81519 121.67783  22.84660
[1] 133.48584  26.86398 130.84078  28.47897
[1] 131.61461  25.85102 131.76438  31.30989
[1] 118.05362  23.16043 117.46526  29.93703
[1] 136.67804  30.03680 132.54915  23.03015
[1] 153.83228  30.56696 155.99560  30.94202
[1] 129.80469  28.39891 129.27313  37.52096
[1] 125.35206  26.12520 123.99463  25.17803
[1] 136.70817  22.74346 136.64024  16.41953
[1] 146.57839  28.78554 148.55609  19.58417
[1] 146.89989  23.96955 147.48980  55.14289
[1] 125.98216  29.22986 128.36060  37.19451
[1] 136.30352  25.20451 135.34261  26.09073
[1] 113.66125  26.86965 116.57715  24.33068
[1] 127.81297  23.69474 128.87748  27.19540
[1] 118.99033  29.73367 117.32556  49.13965
[1] 121.54142  28.99783 122.86685  25.69363
[1] 121.19088  29.22109 121.11205  18.66815
[1] 118.46751  30.57415 125.95087  61.94445
[1] 134.45788  26.39560 135.24238  28.49001
[1] 142.44493  24.55903 141.70408  21.43043
[1] 142.95797  24.04707 136.96796  19.34338
[1] 146.47973  27.76251 147.75670  41.78792
[1] 129.53803  27.94613 129.66822  19.95877
[1] 139.11695  27.20762 138.62809  20.66091
[1] 112.84170  20.42112 112.84422  34.36924
[1] 136.08157  26.01909 139.81400  87.47731
[1] 133.55487  28.06494 134.83173  17.09461
[1] 134.23464  25.14364 137.67189  21.37941
[1] 112.71334  28.82319 113.74981  31.03680
[1] 2.6
[1] 142.42934  27.77146 145.45307  46.87466
[1] 146.92535  25.90614 145.69572  50.08390
[1] 130.12750  23.05523 130.61850  21.60547
[1] 128.41127  27.71673 128.80683  35.96766
[1] 116.82308  24.16846 115.04114  24.65459
[1] 149.80517  30.19666 149.74398  39.09044
[1] 131.38209  24.61148 132.03313  20.85395
[1] 136.45018  31.78137 133.23789  26.18702
[1] 144.55235  30.81006 139.23485  40.68168
[1] 128.35486  29.32578 129.00603  43.18874
[1] 144.03375  24.79875 143.35332  39.65329
[1] 144.43026  25.65672 143.65095  21.99260
[1] 145.23145  26.29013 144.61605  54.65780
[1] 141.36628  27.34058 136.07924 126.95290
[1] 156.41210  24.34802 155.93338  36.34062
[1] 132.54709  32.44103 132.74959  40.95979
[1] 101.74303  24.25232 103.86153  91.76208
[1] 144.74374  28.62866 147.13447  34.53733
[1] 131.54285  24.27521 130.63202  26.98023
[1] 137.68315  30.95700 137.22442  39.65918
[1] 129.05109  26.05881 128.17292  26.81801
[1] 126.85989  29.72279 126.63806  18.98083
[1] 152.51498  26.59858 151.92965  21.12850
[1] 121.03060  28.16621 120.79921  20.24668
[1] 135.93060  27.32619 137.29631  24.34949
[1] 130.40427  29.10286 134.87991  26.33866
[1] 119.02297  26.83771 118.21251  33.31136
[1] 152.29002  25.71319 156.29360  42.25830
[1] 140.35066  24.86417 141.85370  21.96755
[1] 141.58579  29.64666 144.33531  38.01640
[1] 153.40756  24.66371 150.53995  33.73610
[1] 135.63388  28.10793 137.23113  27.63688
[1] 132.27077  32.56230 134.79023  55.88087
[1] 145.94173  31.40413 147.22674  24.81761
[1] 132.32136  27.29930 132.58211  67.40665
[1] 149.32120  27.77213 153.83022 227.76517
[1] 136.55659  25.18140 136.90993  26.19821
[1] 160.35575  25.90396 158.65003  22.50389
[1] 120.97705  25.81391 119.46099  14.68851
[1] 155.62023  26.81703 156.82739  15.54591
[1] 143.34380  24.91450 143.30005  21.55073
[1] 133.89543  25.09112 131.82325  33.96011
[1] 121.41794  27.92132 121.12186  19.48900
[1] 126.34079  25.14795 129.61193  48.95913
[1] 141.56342  31.12812 139.43436  26.25792
[1] 163.52779  26.80747 159.79558  29.18610
[1] 149.26747  24.63182 149.26559  17.83969
[1] 135.77233  21.01841 133.44961  39.50392
[1] 128.74615  26.70084 127.83740  35.06776
[1] 124.77782  28.23359 129.30754  26.84999
[1] 2.7
[1] 169.66916  28.84423 170.26679  75.57276
[1] 144.45516  29.54848 145.65698  43.32408
[1] 150.43864  25.06704 147.06990  16.62127
[1] 169.64477  35.33456 174.25566  29.64117
[1] 160.34999  24.22785 159.39721  70.75278
[1] 164.60888  28.79276 164.44557  34.05440
[1] 144.43617  30.55127 144.12878 113.46116
[1] 132.79050  27.34118 128.83037  20.46878
[1] 150.51028  27.95442 149.85091  24.56414
[1] 123.79844  26.99014 122.96561  24.66295
[1] 158.15770  32.59342 157.63157  36.80927
[1] 125.08892  26.55022 125.39154  19.77855
[1] 137.61869  27.45554 135.61131  61.45793
[1] 165.39273  26.65708 165.41487  69.51713
[1] 146.86347  27.76327 148.58197  33.30624
[1] 139.45764  28.98135 141.38086  35.86131
[1] 172.53867  28.83644 176.05353  21.83727
[1] 191.02207  34.57348 191.58721  35.56089
[1] 135.9747  27.7277 135.8392  58.7536
[1] 131.79213  27.31218 133.76411  21.32827
[1] 153.11581  33.55685 158.46680  40.26492
[1] 145.06046  25.87977 149.29457  25.43693
[1] 156.45840  26.63180 154.47620  36.59397
[1] 142.41275  29.02061 142.45704  70.16379
[1] 123.45116  30.10737 124.82671  28.48451
[1] 153.37488  30.20378 153.96800  62.84272
[1] 158.29617  26.57262 158.19023  23.35319
[1] 139.42490  27.30304 137.81950  24.11889
[1] 161.79078  30.47821 163.11387  27.51726
[1] 154.00005  29.22844 158.11869  23.56680
[1] 133.32488  21.94995 132.26235  16.38286
[1] 131.66118  25.91632 131.23493  21.90534
[1] 145.77335  25.67093 144.17743  36.04319
[1] 167.51152  28.42081 168.17813  23.29926
[1] 189.15822  25.03929 183.82095  91.46257
[1] 155.08563  24.74627 154.95857  59.79885
[1] 154.34266  24.25505 154.13924  30.76055
[1] 145.05995  23.47015 143.82504  35.12683
[1] 145.82614  25.60437 147.01905  34.89075
[1] 154.69908  30.75562 153.58895  38.71324
[1] 164.71918  22.89592 160.87493  53.79547
[1] 143.10373  30.44083 142.29526  38.62100
[1] 152.18460  28.02623 157.67225  37.72656
[1] 141.87107  25.15081 139.56668  34.13038
[1] 131.76055  24.16621 129.07859  48.29590
[1] 131.33179  32.86520 148.22557  27.88344
[1] 159.90605  27.01488 160.34645  19.25947
[1] 142.89368  32.46631 145.91212 100.31062
[1] 119.97808  28.65293 120.64237  36.34489
[1] 153.66160  32.13550 152.92058  28.90964
[1] 2.8
[1] 165.23140  25.59326 166.16963  30.30455
[1] 170.41945  24.15978 168.96691  28.23848
[1] 149.83137  29.63594 151.52688  74.01508
[1] 174.69356  29.03293 170.81088  30.26018
[1] 173.18932  32.40077 174.27417  29.30624
[1] 175.12210  27.25685 176.87284  27.75739
[1] 165.11985  28.28293 162.20728  27.55291
[1] 154.18728  24.66733 156.25030  40.60319
[1] 148.71406  27.68510 149.25317  47.23948
[1] 149.50559  29.45027 150.56725  56.24884
[1] 174.46687  27.09738 175.29582  26.69597
[1] 153.08546  29.09388 152.23598  38.62695
[1] 148.15718  27.38315 149.41027 150.08563
[1] 144.20639  23.41724 142.53901  31.76392
[1] 170.95248  31.27626 170.83572  29.47100
[1] 206.75237  33.87169 210.43401  72.04207
[1] 166.92128  31.52185 168.65615  22.59718
[1] 166.77726  28.42893 169.97791  30.54922
[1] 169.80074  28.78219 169.26859  24.55671
[1] 163.43624  23.42961 163.37464  36.45312
[1] 162.58712  28.56072 161.85971  26.25403
[1] 159.14963  28.74031 159.62361  22.48314
[1] 150.61146  29.03171 147.11957  26.00911
[1] 185.97553  30.02236 185.46991  35.24160
[1] 173.01110  29.26949 172.23315  63.86872
[1] 164.21377  24.87991 162.56724  46.92119
[1] 152.57454  24.61068 151.69623  19.20633
[1] 162.71488  32.68561 159.97892  37.35129
[1] 168.18016  28.24247 169.60306  36.56202
[1] 171.40239  29.02519 169.91495  20.49866
[1] 152.78341  29.58979 150.04292  40.04370
[1] 156.82866  26.07247 156.90483  20.53864
[1] 164.08554  31.32449 167.80330  35.94714
[1] 156.53371  28.87119 159.13509  43.55583
[1] 160.15591  31.11248 164.91987  30.72232
[1] 162.10766  29.11152 163.19919  36.35915
[1] 174.98083  25.05927 176.11359  31.18726
[1] 166.55129  23.35361 164.77295  50.21557
[1] 155.11048  24.44803 156.61570  49.60469
[1] 169.37877  28.46087 172.20296  26.36319
[1] 165.01844  27.87992 169.06922  95.61720
[1] 160.43833  29.42524 161.75621  49.56083
[1] 157.35774  24.42049 156.86983  26.89429
[1] 146.1103  27.1161 149.5971  79.1477
[1] 181.70826  26.11369 185.66877  20.83465
[1] 154.85215  27.02033 152.75911  20.95434
[1] 166.97614  32.01933 170.50149  68.40323
[1] 165.20769  28.54776 167.94651  50.10871
[1] 172.36400  28.24599 171.10013  28.94021
[1] 169.45400  31.37864 170.45173  22.17324
[1] 2.9
[1] 155.96553  27.50573 158.46643  82.74515
[1] 178.09111  30.16535 177.46093  24.39308
[1] 159.09817  31.13020 157.96370  54.33231
[1] 178.83977  31.94487 180.06190  44.19403
[1] 184.61672  27.80561 184.03018  33.34663
[1] 179.27116  25.92783 178.34139  39.47997
[1] 180.33381  31.67894 178.64590  17.55099
[1] 178.46597  22.21761 177.86936  23.75249
[1] 167.35249  26.22386 168.26798  54.68273
[1] 183.28377  26.80992 182.52459  26.59453
[1] 157.41096  24.06054 156.15842  25.06428
[1] 167.36609  25.20197 164.24794  62.83420
[1] 153.33102  28.30062 155.14482  38.46301
[1] 163.87196  29.13531 164.46872  79.26696
[1] 173.61005  27.35479 169.67983  92.92305
[1] 171.13249  28.57735 171.02171  31.21445
[1] 155.02945  31.80401 156.82082  47.41938
[1] 166.30406  30.66650 166.98396  66.36916
[1] 181.52880  27.16179 181.55373  24.92510
[1] 150.18302  32.45937 154.13265  32.80591
[1] 171.80363  26.77420 169.87203  29.52669
[1] 186.18249  28.42598 186.50229  23.73051
[1] 157.99387  33.55525 160.02932  44.59676
[1] 172.66469  25.08153 174.18782  79.32975
[1] 168.74944  26.33686 173.93129  19.85957
[1] 168.35484  26.76794 168.24027  24.21982
[1] 170.73905  26.22113 168.84883  64.99539
[1] 172.60211  22.26424 169.78623  16.79293
[1] 158.63404  26.01802 156.69141  28.51924
[1] 148.35598  23.39429 149.05648  52.15333
[1] 197.02326  29.87285 195.27198  24.42755
[1] 146.65705  25.00556 147.83707  53.87917
[1] 161.51321  23.86598 157.72777  18.89027
[1] 165.07558  27.98194 165.16567  28.17747
[1] 173.47095  29.26906 169.16094  20.88077
[1] 150.78389  32.02693 151.54341  52.89068
[1] 162.63750  25.95037 160.54114  38.21113
[1] 182.42706  26.46253 182.61190  24.69958
[1] 148.38126  31.64675 155.30819  56.75396
[1] 169.63169  28.98612 170.40539  69.25811
[1] 164.69299  32.38092 166.28772  39.74241
[1] 165.17206  24.06926 167.98228  33.46061
[1] 169.31424  27.88706 170.71623 111.10183
[1] 185.43814  29.47188 188.58821  64.29500
[1] 169.26258  23.94698 167.08632  30.46847
[1] 154.57986  22.99941 153.89654  20.47926
[1] 180.97986  29.54337 180.82918  40.00053
[1] 183.81406  35.14074 185.99837  41.64499
[1] 139.91929  29.23109 139.45718  32.92122
[1] 182.1677  31.1641 185.1476  42.4072
[1] 3
[1] 196.49376  31.57560 195.47189  24.58361
[1] 193.38478  31.77286 191.77493  27.09801
[1] 198.05116  29.41318 193.70468  21.45162
[1] 213.85478  28.16312 213.86217  58.94643
[1] 173.29472  24.94563 169.62061  21.28514
[1] 212.87410  31.67001 218.78771  39.12891
[1] 182.70857  28.66598 185.30939  48.12082
[1] 196.05682  26.70978 195.96788  30.61890
[1] 172.17274  27.39163 174.19552  66.88022
[1] 178.03150  29.78995 181.36368  25.37188
[1] 151.23907  21.94485 149.65306  26.56502
[1] 199.15560  28.97381 197.51397  67.12830
[1] 185.78688  28.12138 189.09666  75.52891
[1] 176.82329  31.16119 176.36911  53.13621
[1] 195.08547  31.15657 194.42819  23.17611
[1] 174.99621  28.70023 174.94807  52.59360
[1] 196.41005  34.48968 201.89124  90.70898
[1] 180.04801  27.29468 183.87409  26.57448
[1] 172.31310  34.23586 175.29324  36.26001
[1] 163.62018  32.04482 165.90120  89.08441
[1] 181.82088  28.83640 182.56454  86.03518
[1] 193.3127  25.3972 191.1919  27.2561
[1] 181.00698  26.56640 190.44123  84.57618
[1] 192.60383  28.26205 186.55309  24.02490
[1] 194.88205  30.58294 195.68347  24.52569
[1] 186.58217  30.42874 183.83695  35.38757
[1] 158.49864  25.32774 155.67211  23.35071
[1] 204.23495  30.58752 202.93665  44.20265
[1] 177.63622  35.87071 182.53735  44.15969
[1] 161.71319  27.18327 161.44040  37.83743
[1] 181.30223  31.09486 183.20309  27.14113
[1] 206.31391  25.87511 207.04338  94.46718
[1] 164.70814  29.75702 166.87737  33.55622
[1] 205.56262  28.38262 205.96533  21.85263
[1] 193.02714  28.66879 194.71041  45.12436
[1] 187.90137  39.00561 193.27339  51.63735
[1] 200.72584  32.63014 200.68910  32.85552
[1] 160.74174  25.82354 158.79830  24.92260
[1] 167.56242  28.90109 166.45864  38.42592
[1] 172.67732  30.85442 173.56881  42.87588
[1] 160.12860  25.18810 160.91808  22.75627
[1] 177.15795  27.85324 175.70448  79.40895
[1] 179.43383  27.81817 174.38346  59.91719
[1] 196.90968  25.19080 196.38244  20.58946
[1] 193.05536  28.16460 191.92794  54.97417
[1] 184.37162  30.45478 186.85969  39.07885
[1] 183.15989  34.16654 183.31323  40.32506
[1] 180.17242  31.58085 177.09298  24.31779
[1] 170.62983  33.78068 170.33001  56.38610
[1] 186.14338  30.52216 186.70002  25.56909
