Loading required package: lattice
myseed=7696Loading required package: ggplot2
 Loading required package: ggplot2

myseed=5634 
Loading required package: lattice
Loading required package: ggplot2
Loading required package: ggplot2
myseed=4966Loading required package: lattice
 
Loading required package: ggplot2
Loading required package: lattice
Loading required package: ggplot2
myseed=7987 
myseed=8065 
Loading required package: ggplot2
Loading required package: lattice
Loading required package: lattice
Loading required package: ggplot2
Loading required package: ggplot2
myseed=5306myseed=2254  

myseed=4961 
myseed=8240 
Loading required package: lattice
Loading required package: lattice
Loading required package: ggplot2
Loading required package: lattice
Loading required package: ggplot2
Loading required package: lattice
myseed=4713 
Loading required package: lattice
myseed=8857 
Loading required package: lattice
myseed=2263 
Loading required package: ggplot2
Loading required package: ggplot2
Loading required package: ggplot2
Loading required package: ggplot2
Loading required package: lattice
Loading required package: ggplot2
Loading required package: ggplot2
Loading required package: ggplot2
Loading required package: Matrix
Loading required package: foreach
Loaded glmnet 2.0-10

Loading required package: methods

Attaching package: ‘kernlab’

The following object is masked from ‘package:ggplot2’:

    alpha

Loading required package: Matrix
Loading required package: foreach
Loaded glmnet 2.0-10

Loading required package: methods

Attaching package: ‘kernlab’

The following object is masked from ‘package:ggplot2’:

    alpha

Loading required package: Matrix
Loading required package: Matrix
Loading required package: foreach
Loading required package: Matrix
Loading required package: foreach
Loading required package: foreach
Loaded glmnet 2.0-10

Loading required package: methods
Loaded glmnet 2.0-10

Loading required package: methods
Loaded glmnet 2.0-10

Loading required package: methods

Attaching package: ‘kernlab’

The following object is masked from ‘package:ggplot2’:

    alpha


Attaching package: ‘kernlab’

The following object is masked from ‘package:ggplot2’:

    alpha


Attaching package: ‘kernlab’

The following object is masked from ‘package:ggplot2’:

    alpha

Loading required package: Matrix
Loading required package: foreach
Loaded glmnet 2.0-10

Loading required package: methods

Attaching package: ‘kernlab’

The following object is masked from ‘package:ggplot2’:

    alpha

Loading required package: Matrix
Loading required package: Matrix
Loading required package: foreach
Loading required package: Matrix
Loading required package: foreach
Loading required package: foreach
Loaded glmnet 2.0-10

Loading required package: methods
Loaded glmnet 2.0-10

Loading required package: methods
Loaded glmnet 2.0-10

Loading required package: methods

Attaching package: ‘kernlab’

The following object is masked from ‘package:ggplot2’:

    alpha


Attaching package: ‘kernlab’

The following object is masked from ‘package:ggplot2’:

    alpha

Loading required package: Matrix

Attaching package: ‘kernlab’

Loading required package: Matrix
The following object is masked from ‘package:ggplot2’:

    alpha

Loading required package: foreach
Loading required package: foreach
Loaded glmnet 2.0-10

Loading required package: methods
Loading required package: Matrix
Loaded glmnet 2.0-10

Loading required package: methods
Loading required package: foreach

Attaching package: ‘kernlab’

The following object is masked from ‘package:ggplot2’:

    alpha


Attaching package: ‘kernlab’

Loading required package: Matrix
The following object is masked from ‘package:ggplot2’:

    alpha

Loading required package: Matrix
Loading required package: foreach
Loading required package: foreach
Loaded glmnet 2.0-10

Loading required package: Matrix
Loading required package: methods
Loading required package: Matrix
Loading required package: foreach
Loading required package: foreach
Loaded glmnet 2.0-10


Attaching package: ‘kernlab’

Loading required package: methods
The following object is masked from ‘package:ggplot2’:

    alpha

Loading required package: Matrix
Loaded glmnet 2.0-10

Loading required package: methods
Loading required package: foreach
Loading required package: Matrix
Loading required package: Matrix
Loaded glmnet 2.0-10


Attaching package: ‘kernlab’

Loading required package: methods
Loading required package: foreach
The following object is masked from ‘package:ggplot2’:

    alpha

Loading required package: Matrix
Loading required package: foreach

Attaching package: ‘kernlab’

Loading required package: Matrix
The following object is masked from ‘package:ggplot2’:

    alpha

Loaded glmnet 2.0-10

Loading required package: foreach
Loading required package: methods
Loading required package: Matrix
Loading required package: foreach

Attaching package: ‘kernlab’

The following object is masked from ‘package:ggplot2’:

    alpha

Loaded glmnet 2.0-10

Loading required package: foreach
Loading required package: Matrix
Loading required package: methods
Loading required package: Matrix
Loaded glmnet 2.0-10

Loading required package: Matrix
Loaded glmnet 2.0-10

Loading required package: methods

Attaching package: ‘kernlab’

Loading required package: foreach
Loading required package: methods
The following object is masked from ‘package:ggplot2’:

    alpha

Loading required package: foreach
Loading required package: foreach
Loaded glmnet 2.0-10

Loading required package: methods
Loaded glmnet 2.0-10


Attaching package: ‘kernlab’

Loading required package: methods
The following object is masked from ‘package:ggplot2’:

    alpha

Loaded glmnet 2.0-10

Loading required package: methods

Attaching package: ‘kernlab’


Attaching package: ‘kernlab’

Loading required package: Matrix
The following object is masked from ‘package:ggplot2’:

    alpha

Loaded glmnet 2.0-10

The following object is masked from ‘package:ggplot2’:

    alpha


Attaching package: ‘kernlab’

Loaded glmnet 2.0-10

Loading required package: methods

Attaching package: ‘kernlab’

The following object is masked from ‘package:ggplot2’:

    alpha

Loading required package: Matrix
Loading required package: foreach
The following object is masked from ‘package:ggplot2’:

    alpha

Loading required package: methods

Attaching package: ‘kernlab’

Loaded glmnet 2.0-10

The following object is masked from ‘package:ggplot2’:

    alpha

Loading required package: foreach
Loading required package: methods

Attaching package: ‘kernlab’

The following object is masked from ‘package:ggplot2’:

    alpha


Attaching package: ‘kernlab’

The following object is masked from ‘package:ggplot2’:

    alpha

Loaded glmnet 2.0-10


Attaching package: ‘kernlab’

Loading required package: methods
The following object is masked from ‘package:ggplot2’:

    alpha

Loaded glmnet 2.0-10

Loading required package: methods

Attaching package: ‘kernlab’

The following object is masked from ‘package:ggplot2’:

    alpha


Attaching package: ‘kernlab’

The following object is masked from ‘package:ggplot2’:

    alpha

Loading required package: Matrix
Loading required package: foreach
Loaded glmnet 2.0-10

Loading required package: methods

Attaching package: ‘kernlab’

The following object is masked from ‘package:ggplot2’:

    alpha

Loading required package: Matrix
Loading required package: foreach
Loaded glmnet 2.0-10

Loading required package: methods

Attaching package: ‘kernlab’

The following object is masked from ‘package:ggplot2’:

    alpha

[1] 15.21927 14.29125 13.96047
[1] 15.49048 15.19163 14.32496
[1] 15.59668 15.60877 14.31870
[1] 13.61439 13.23314 12.75543
[1] 13.83076 13.47214 13.23237
[1] 13.86352 13.93913 13.06729
[1] 14.21505 14.66846 14.68992
[1] 14.74923 15.40287 15.39652
[1] 14.99624 15.27092 15.44290
[1] 14.71480 14.91995 13.64997
[1] 15.48626 15.74759 13.89745
[1] 15.29818 16.20638 13.88653
[1] 16.58972 17.26238 15.80894
[1] 16.85619 18.77457 15.98872
[1] 16.92543 18.95950 15.96231
[1] 15.21986 15.75497 14.99071
[1] 15.68288 17.72678 14.86969
[1] 15.84984 17.43069 15.20163
[1] 17.82306 17.61191 17.09190
[1] 17.81143 17.93345 17.48012
[1] 17.77411 17.65491 17.29749
[1] 14.64430 14.33765 13.72907
[1] 15.05157 14.81345 14.54151
[1] 15.13020 13.92511 14.45704
[1] 15.67215 16.09085 15.29003
[1] 15.92450 16.99285 14.96503
[1] 15.96314 17.18322 14.99320
[1] 16.65375 17.09769 17.21098
[1] 16.77998 17.66106 17.42293
[1] 16.59431 17.78588 17.43451
[1] 13.98705 13.42702 13.15096
[1] 14.23870 14.56843 13.38042
[1] 14.43409 13.70758 13.43097
[1] 16.56412 15.70764 15.52266
[1] 15.92309 15.83857 15.51110
[1] 16.56802 15.90500 15.50536
[1] 16.16651 17.18282 15.69501
[1] 16.22838 18.14016 16.16658
[1] 16.33388 17.91821 16.14233
[1] 18.37821 18.75066 18.07602
[1] 18.74548 18.19590 18.45623
[1] 18.60803 19.55965 18.46200
[1] 15.52181 14.57261 15.08599
[1] 15.70602 14.59011 15.33099
[1] 15.72864 14.60661 15.36172
[1] 16.67100 17.73289 16.53204
[1] 17.57005 17.07148 16.43118
[1] 16.58187 17.17727 16.37221
[1] 12.69274 12.99600 11.93283
[1] 12.66246 13.16540 11.88032
[1] 12.68415 13.39928 11.86623
[1][1] 16.21001 16.23646 16.61762 16.83004 15.43441 14.89980

[1][1] 16.16531 16.42312 17.09709 17.57753 15.59144 15.37499

[1][1] 16.26812 16.46158 17.41448 17.32864 15.51421 15.42169

[1] 13.9925 13.8912 13.3279
[1] 14.22019 14.82886 13.68936
[1] 14.24458 15.53130 13.67218
[1] 14.10264 15.33165 13.81282
[1] 14.27752 15.37830 14.19290
[1] 14.23840 15.76073 14.23864
[1] 13.82440 13.54762 12.94113
[1] 13.91668 13.85742 12.78259
[1] 13.90824 13.71693 12.85006
[1] 14.20670 13.73496 13.29814
[1] 14.45896 14.28431 13.57829
[1] 14.48263 14.57584 13.61936
[1] 15.10159 15.46596 15.39107
[1] 15.27749 16.26332 15.78026
[1] 15.52764 16.53794 15.78703
[1] 14.08071 15.16490 13.24879
[1] 14.42144 15.25885 13.53380
[1] 14.48563 15.13394 13.48507
[1] 18.26813 17.06307 17.22827
[1] 18.24134 17.93439 17.58348
[1] 18.28680 17.68391 17.42725
[1] 12.39152 14.20887 14.79871
[1] 12.17969 14.57403 15.26150
[1] 12.19639 14.55494 15.36996
[1] 13.36498 13.90840 13.41237
[1] 13.34184 15.46889 13.48145
[1] 13.18954 15.35121 13.43249
[1] 13.83039 14.37320 13.26819
[1] 13.88289 15.34816 13.64192
[1] 13.89512 15.33313 13.59382
