Loading required package: Matrix
Loading required package: foreach
Loaded glmnet 2.0-10

Loading required package: methods

Attaching package: ‘pracma’

The following objects are masked from ‘package:kernlab’:

    cross, eig, size

The following objects are masked from ‘package:Matrix’:

    expm, lu, tril, triu

[1] 0
[1] 29.53712 28.21075 11.49337 11.73076
[1] 28.72846 27.54594 10.90936 15.99234
[1] 31.76580 31.25330 13.27266 12.12119
[1] 31.95689 30.79995 10.09659 10.22919
[1] 34.48691 28.57885 11.50337 11.21502
[1] 33.68220 29.51139 13.17885 13.12702
[1] 30.64477 29.00514 12.05232 12.36891
[1] 35.46894 35.96083 11.57861 12.09866
[1] 31.38442 25.52347 10.57242 11.03869
[1] 30.56106 28.31721 11.19034 12.24047
[1] 30.53194 29.79841 13.47117 15.29100
[1] 32.17238 26.62749 13.09266 13.25083
[1] 30.19946 32.30492 14.17655 14.06224
[1] 32.455750 29.206698  9.854120  9.927241
[1] 24.848380 26.763101  8.818559 10.173655
[1] 32.34415 30.61659 12.53603 12.25985
[1] 31.36964 29.76750 10.66617 10.39407
[1] 32.45445 32.36975 12.60513 12.64981
[1] 29.984617 30.890409  9.637456 10.489130
[1] 29.75103 26.51896 11.57545 12.84728
[1] 27.07560 26.23585 11.44574 11.47775
[1] 35.59811 32.51449 10.48396 10.34000
[1] 34.01367 30.82967 10.02290 15.94174
[1] 32.82174 31.16087 13.58372 13.29490
[1] 29.577681 27.760171  9.493920  9.735095
[1] 30.019905 27.656959  9.232583  9.317817
[1] 35.12153 34.39657 15.88241 15.12154
[1] 36.81475 33.26897 12.44127 12.25419
[1] 33.32464 34.16454 11.76661 12.82825
[1] 29.50021 31.39957 12.44130 12.78803
[1] 30.19816 27.70033 12.88215 12.36628
[1] 31.66737 30.20539 12.09527 11.81476
[1] 32.31109 32.34984 12.91074 12.47706
[1] 30.33424 28.36149 12.73650 13.01824
[1] 29.92634 30.90095 11.31128 11.54331
[1] 30.64776 28.07989 11.47384 11.26838
[1] 33.12002 32.25249 10.69293 10.92047
[1] 30.429119 31.961397  9.165987  9.382662
[1] 29.74436 30.62143 10.61020 12.51422
[1] 34.56499 35.45199 13.49641 12.95059
[1] 25.446359 24.649514  8.061608  9.633863
[1] 31.64482 30.34420 10.89172 10.26846
[1] 33.03022 30.50197 11.03351 11.73390
[1] 29.52110 27.66041 13.21114 14.06030
[1] 30.59460 30.47515 11.97434 12.03487
[1] 28.75722 28.88985 12.73306 12.28792
[1] 31.29923 30.41791 11.52313 11.58212
[1] 31.67936 29.22827 10.25220 10.14225
[1] 28.70826 30.16037 11.96958 10.98162
[1] 28.57635 28.07302 10.72087 10.33041
[1] 0.1
[1] 28.422629 28.726480 10.084245  8.909492
[1] 32.38750 32.77755 18.04207 19.42413
[1] 27.56673 29.40998 13.54680 12.91357
[1] 31.73007 27.91770 11.93049 11.02018
[1] 28.52180 27.92504 12.53273 13.28900
[1] 29.88390 29.30671 11.25648 12.47962
[1] 28.00596 29.80924 14.10984 14.16123
[1] 29.61097 30.46873 11.54687 12.24125
[1] 31.11978 30.45738 11.38649 12.39998
[1] 31.29919 29.63566 11.63690 10.80079
[1] 31.98255 34.68889 12.30825 12.12254
[1] 31.59441 28.96976 12.67949 13.37799
[1] 27.62975 28.29733 13.10762 13.63494
[1] 25.23430 23.81518 12.68669 14.30902
[1] 24.532251 25.142602  9.050941  8.827378
[1] 32.56615 31.25525 12.47701 11.74877
[1] 26.05168 27.88012 13.78110 14.06422
[1] 28.16068 27.45207 12.92441 10.56247
[1] 26.90083 26.87259 16.39397 15.93921
[1] 29.44076 28.25869 12.00318 10.89081
[1] 32.87261 29.17435 12.35734 10.82393
[1] 29.97672 29.95493 13.65375 12.98123
[1] 27.13106 27.57182 13.15652 12.16525
[1] 35.77793 29.38425 15.94737 15.34201
[1] 32.98632 34.57525 13.30080 13.22968
[1] 27.046539 27.013372  9.602940  9.159024
[1] 29.84813 29.31503 13.47536 12.67915
[1] 31.88485 27.25625 13.97552 13.95983
[1] 37.61057 36.98834 12.76179 12.37229
[1] 27.938926 28.535606  9.388652 11.041876
[1] 28.44964 27.90593 13.45365 12.32792
[1] 33.03363 31.42284 13.11364 14.04339
[1] 30.39087 27.81214 11.71951 10.98355
[1] 31.84785 29.02206 11.29269 10.64275
[1] 34.08177 31.99709 15.47974 12.88026
[1] 38.92975 35.53225 12.93326 12.47567
[1] 30.50672 29.54450 13.12754 12.48591
[1] 28.90223 28.48525 13.41199 11.40090
[1] 30.74426 31.56346 11.24777 16.07511
[1] 31.05418 28.44110 11.67552 13.46113
[1] 30.58763 29.24337 12.08254 12.23527
[1] 33.12209 31.80247 15.51456 15.81722
[1] 32.82185 35.20862 12.74911 14.61914
[1] 29.16921 30.09935 17.57711 21.42232
[1] 28.16309 27.50460 12.84310 12.52780
[1] 26.46627 29.43488 14.09228 14.16336
[1] 30.39962 31.53527 13.16419 12.61929
[1] 32.18144 33.46744 12.37620 13.68729
[1] 34.75561 34.78651 13.62406 15.83756
[1] 29.88937 31.54294 11.76807 11.77191
[1] 0.2
[1] 35.47006 40.33367 16.84264 15.47677
[1] 33.64444 31.82364 13.11020 13.84211
[1] 33.89659 28.71018 12.77561 12.13077
[1] 33.68061 30.61584 13.55576 12.02201
[1] 30.37856 29.70538 15.67422 14.18488
[1] 31.66869 29.22973 11.12384 11.51675
[1] 29.74023 27.06454 17.07714 16.78455
[1] 34.94626 31.93096 14.14390 12.12786
[1] 32.95223 28.50318 15.01210 11.99702
[1] 33.45599 28.61054 11.59817 15.80977
[1] 35.32243 32.18213 10.98191 10.82063
[1] 32.97665 32.66726 13.49067 10.99289
[1] 31.68985 31.82309 13.55824 13.48188
[1] 29.99185 30.23331 13.24182 10.98748
[1] 31.03871 28.53911 16.37208 14.90247
[1] 30.96518 30.18286 14.56205 12.65644
[1] 32.77791 32.35584 12.98140 12.33203
[1] 28.60479 24.91797 13.41402 28.43169
[1] 35.73201 29.96279 15.00423 11.39588
[1] 31.49478 33.98228 14.38219 13.30108
[1] 31.56631 27.59285 14.44960 13.21448
[1] 33.15125 31.28903 11.89692 10.05372
[1] 35.82672 35.56438 15.19633 11.92783
[1] 28.85995 27.91959 14.83805 12.65416
[1] 39.32165 32.01261 17.11415 16.11945
[1] 33.53561 36.23986 15.08844 14.21370
[1] 31.99587 30.75034 11.93655 12.00790
[1] 27.98983 27.80849 13.38546 11.87198
[1] 28.86974 28.81527 13.16489 11.54409
[1] 29.51044 29.54857 11.66411 11.16600
[1] 27.203405 26.427535 12.765169  9.679313
[1] 30.33605 28.22033 13.01401 11.65818
[1] 31.22215 28.12989 16.19176 12.94757
[1] 31.80304 30.26841 14.48896 12.28336
[1] 30.20687 27.63815 14.09496 20.60800
[1] 27.54536 26.98962 14.08170 13.08184
[1] 32.34069 28.79143 14.99722 12.49539
[1] 33.07455 32.37473 15.59662 13.30716
[1] 30.63650 29.61222 13.09144 11.85671
[1] 29.74832 28.74184 14.95957 13.16963
[1] 27.13177 30.29376 16.72080 14.48723
[1] 26.42840 27.30089 14.10561 15.12882
[1] 33.50119 32.80063 14.83255 11.48054
[1] 31.11216 29.36482 20.23758 15.45757
[1] 27.37198 25.02625 13.57312 12.23051
[1] 31.26082 30.86059 14.95197 14.29783
[1] 36.54524 33.14156 14.97927 11.73856
[1] 28.42694 26.11346 11.95049 11.51986
[1] 28.26149 28.13791 14.86723 11.58961
[1] 33.45776 34.17036 13.05125 11.12833
[1] 0.3
[1] 31.99499 31.31020 18.65280 15.44759
[1] 29.54161 27.95682 17.66245 15.84328
[1] 27.72708 26.30738 17.12460 12.27493
[1] 33.62861 30.88484 13.03369 12.08002
[1] 30.137314 25.930335 13.944623  9.324181
[1] 31.43424 29.93380 17.70641 13.37316
[1] 28.85336 27.63926 13.89278 11.39606
[1] 35.63157 33.72962 15.75671 12.43226
[1] 30.927327 29.958519 15.140815  9.846373
[1] 36.45177 33.40748 16.82752 14.29419
[1] 36.98081 31.91689 16.55264 12.67810
[1] 37.13905 31.60885 18.44970 14.56715
[1] 33.35118 32.42862 13.75303 12.71537
[1] 28.15880 26.52787 13.68205 11.64827
[1] 34.52809 29.23362 18.64540 14.04650
[1] 33.78551 26.97740 14.46619 12.46222
[1] 31.27024 28.22964 17.01864 16.17344
[1] 34.60289 32.39486 17.24394 13.49406
[1] 35.98212 33.67632 17.57402 15.56322
[1] 31.99911 28.94713 14.11657 12.13690
[1] 27.52848 27.77452 14.66395 12.65600
[1] 32.02413 29.46525 18.11464 13.91208
[1] 29.19669 25.34967 18.05576 12.43177
[1] 27.486923 25.361571 14.387084  9.167391
[1] 36.89135 30.34646 15.92196 11.38001
[1] 30.58759 31.33752 15.14607 14.01486
[1] 31.12851 28.34530 13.21590 11.78407
[1] 33.33633 31.51272 15.90273 12.29495
[1] 32.90293 29.49942 16.56323 17.55453
[1] 33.30264 32.76843 17.12351 14.74332
[1] 29.39352 26.76465 12.97663 12.04279
[1] 32.90096 31.45375 16.62904 16.00344
[1] 32.85921 33.19850 15.08353 13.04709
[1] 34.52980 27.43840 13.10800 11.69688
[1] 30.49659 28.82222 19.26033 13.44808
[1] 33.70946 28.02674 16.10778 13.20790
[1] 33.33858 30.48161 16.72770 12.63252
[1] 34.21426 31.07748 15.24639 16.76495
[1] 29.19531 24.96261 12.66240 14.00350
[1] 30.75405 30.10567 17.44692 13.56069
[1] 33.70794 32.66480 14.04471 10.99651
[1] 31.91426 32.73885 15.02383 12.74113
[1] 33.66132 28.88399 16.59822 13.66262
[1] 33.02445 32.10650 12.53105 10.88739
[1] 34.01291 28.65653 13.07077 11.49196
[1] 33.56669 31.41584 14.55596 12.73569
[1] 32.58187 30.60551 16.35740 13.98502
[1] 33.17740 28.54719 15.56534 15.40125
[1] 30.54764 25.86299 17.15708 11.85885
[1] 33.86547 31.24524 15.09521 11.34691
[1] 0.4
[1] 35.10655 32.59306 20.21607 15.34166
[1] 39.55901 32.16772 18.29870 13.78586
[1] 33.30789 30.23753 15.63613 13.69380
[1] 30.72056 25.23004 17.02816 13.37899
[1] 28.68748 26.24800 17.37258 12.33268
[1] 33.75757 29.28422 15.78622 11.31478
[1] 37.08036 33.27507 19.07389 13.32217
[1] 35.18170 27.17660 21.23282 13.90146
[1] 33.64873 30.38120 21.40280 16.21074
[1] 28.76286 23.55924 18.23996 15.70164
[1] 33.72281 29.31901 17.26867 14.67483
[1] 33.09439 28.50719 22.64813 15.84180
[1] 39.75057 33.31940 16.91197 10.67308
[1] 34.77262 28.05017 18.51854 12.53804
[1] 27.90588 28.23421 18.42264 23.46906
[1] 35.18544 29.78982 19.34664 13.00452
[1] 40.60134 36.86466 22.00008 15.63544
[1] 38.06704 33.29429 18.83901 12.45900
[1] 35.63039 31.76560 15.94618 11.16667
[1] 36.81590 33.66608 16.18933 12.14006
[1] 33.14198 28.54174 17.18744 12.31430
[1] 36.63278 33.16867 15.78777 12.83048
[1] 33.26021 31.36263 15.87249 10.59146
[1] 33.86526 25.36115 19.77395 15.12622
[1] 29.75313 27.53647 16.51902 15.60617
[1] 30.46513 28.42653 15.79633 15.11480
[1] 32.00015 29.09082 16.16942 11.84724
[1] 29.64169 29.44557 19.51277 16.32179
[1] 41.16958 32.79765 21.27537 14.62747
[1] 33.24498 28.64183 19.19754 17.03653
[1] 33.78515 31.35828 20.30453 14.78822
[1] 27.96610 24.34444 18.65615 13.76408
[1] 37.70352 30.20547 16.64887 14.77855
[1] 32.80343 30.48799 20.20601 13.62402
[1] 33.83628 29.95312 18.16829 12.65640
[1] 35.10461 31.60366 19.57994 14.83948
[1] 32.27861 28.11067 17.31055 23.35926
[1] 38.09932 29.57400 21.43565 17.29368
[1] 34.23309 30.87830 16.91909 12.81796
[1] 32.50832 30.40762 17.33515 11.99374
[1] 36.38916 33.95812 21.39166 15.17395
[1] 37.78611 35.66644 19.16823 13.25229
[1] 35.32464 31.88936 19.80510 12.60014
[1] 37.50352 28.53827 18.90564 14.39792
[1] 34.13837 32.57888 15.71538 13.04724
[1] 34.21695 32.39418 17.54112 13.09978
[1] 34.30330 34.70714 18.25357 19.52475
[1] 31.77809 29.30501 18.08006 14.16708
[1] 34.95870 30.62812 17.57058 13.86491
[1] 37.35749 29.62265 16.00576 10.68645
[1] 0.5
[1] 34.93452 30.11652 19.83898 17.95322
[1] 43.33976 33.63030 19.38720 13.79582
[1] 34.97963 32.48250 20.84080 14.03616
[1] 41.99393 35.19513 22.71897 15.13017
[1] 31.88430 29.02932 22.82383 17.29681
[1] 40.45762 32.40148 24.40026 15.14291
[1] 30.12635 24.08864 19.65933 11.88707
[1] 40.271840 31.379541 17.519860  9.999018
[1] 38.07766 34.04728 24.12303 14.54453
[1] 33.15047 30.48576 27.40970 17.58437
[1] 41.31747 30.51764 22.61154 13.56101
[1] 40.60727 31.02217 21.67768 13.31811
[1] 36.27629 33.87708 25.54738 11.75431
[1] 35.66352 34.10867 19.74167 14.60291
[1] 34.06997 29.31735 18.46825 14.15014
[1] 39.16791 30.46643 24.01117 15.70093
[1] 37.76579 35.25711 24.68215 17.43213
[1] 38.17332 33.12182 20.87530 12.73003
[1] 34.95658 32.50462 17.48831 13.56187
[1] 34.09826 30.97155 17.89427 20.35605
[1] 31.16571 27.91717 18.70650 14.54048
[1] 34.71060 29.20371 24.89524 13.53028
[1] 44.88681 34.64120 19.86951 11.44378
[1] 41.75950 35.86856 22.87864 15.54744
[1] 30.16331 25.98466 19.76707 14.85870
[1] 36.14231 31.03672 19.35302 12.38795
[1] 38.56007 28.74241 16.86812 11.36328
[1] 37.39840 31.10755 21.37832 13.35101
[1] 39.29508 37.68676 18.03056 12.07717
[1] 37.05004 30.60051 20.79106 15.71050
[1] 36.89215 31.24239 19.12635 19.52072
[1] 37.33233 32.87738 23.16012 12.12193
[1] 32.80575 30.12578 20.42106 14.71021
[1] 40.58863 32.79813 26.23367 17.21351
[1] 38.81226 30.24981 24.52755 15.92293
[1] 34.96699 28.51497 19.53812 17.27333
[1] 42.90872 35.17200 26.54816 13.43290
[1] 32.88203 26.81339 17.00846 12.09547
[1] 36.49905 31.80019 25.10798 12.10659
[1] 34.35148 31.23634 20.13217 12.86334
[1] 36.47913 32.84462 24.99685 17.34797
[1] 40.83258 31.48698 23.78174 16.10622
[1] 35.64214 32.65195 20.19923 11.90524
[1] 37.86764 31.16123 19.65147 15.05274
[1] 32.97818 27.47807 20.94929 12.81945
[1] 44.43907 37.16549 23.66954 15.00112
[1] 30.57051 26.38625 19.86685 15.35914
[1] 36.01709 32.50327 23.05011 14.72162
[1] 33.70715 26.31996 18.35802 11.57765
[1] 31.02575 27.92207 19.73685 11.93058
[1] 0.6
[1] 34.08231 24.52527 22.81181 13.77667
[1] 43.68927 33.82742 26.79879 16.67371
[1] 42.89745 33.44363 20.88523 13.15098
[1] 34.24487 29.95038 24.33866 14.92330
[1] 32.89421 28.22097 21.30853 17.99746
[1] 37.95249 29.53285 22.46800 14.90144
[1] 35.77951 30.36737 23.25304 11.76455
[1] 41.74232 30.43649 26.47213 15.73225
[1] 40.80270 29.90358 22.27964 12.51385
[1] 38.70426 30.21152 21.87310 16.49190
[1] 36.50158 31.17034 20.16369 14.08170
[1] 37.31979 31.42547 23.08922 14.26316
[1] 38.89210 34.01797 26.27590 19.69818
[1] 36.37913 30.15831 25.66121 13.10835
[1] 40.03965 32.31819 22.77050 13.96967
[1] 36.01931 27.60041 23.36515 14.87368
[1] 36.76424 30.28315 26.67235 16.07781
[1] 35.96445 25.11661 22.15443 10.08193
[1] 37.81519 31.42543 22.96603 16.38468
[1] 37.18365 30.68406 20.99779 11.42395
[1] 33.25308 27.47347 21.92587 21.15123
[1] 46.49834 35.91348 21.96949 11.94792
[1] 37.06546 33.40641 25.26716 13.87889
[1] 39.41371 33.73386 27.71742 16.36001
[1] 33.13628 27.83375 26.64573 13.52044
[1] 39.06763 30.49463 24.12007 13.33406
[1] 38.18535 31.35775 23.70400 17.90858
[1] 49.79738 37.66481 28.54971 13.01570
[1] 40.51615 30.51077 22.01398 12.02115
[1] 39.67678 32.46321 28.49572 11.49911
[1] 38.80687 29.60981 25.01256 14.22767
[1] 33.97607 32.10259 21.63555 12.51386
[1] 34.49813 30.90215 23.71406 32.22501
[1] 37.77191 25.36590 26.74913 16.95325
[1] 38.76030 31.15496 20.10424 12.08972
[1] 35.33082 30.04226 23.75176 13.55069
[1] 39.55912 31.59126 23.42549 13.52672
[1] 34.51698 30.46061 18.09476 28.59982
[1] 35.54728 29.12036 19.05010 11.17571
[1] 40.49589 34.59122 23.75522 10.69570
[1] 35.98852 29.50829 25.14333 11.92542
[1] 38.83809 28.28229 17.83027 13.29551
[1] 33.23467 28.80573 27.85216 16.06755
[1] 41.29106 32.19665 29.25561 15.13363
[1] 38.22547 32.20329 28.70902 12.81360
[1] 38.38861 26.28874 23.57828 13.39867
[1] 35.95702 29.99780 22.20427 12.76547
[1] 39.01941 27.59480 26.45509 16.06401
[1] 38.31567 30.87777 22.44087 10.16623
[1] 38.36222 28.50099 23.71286 13.38267
[1] 0.7
[1] 37.85593 28.10306 25.48173 31.93637
[1] 37.80629 29.10129 25.13816 16.74688
[1] 39.56059 27.62681 28.13796 12.62438
[1] 41.97402 29.58047 25.63719 34.57275
[1] 40.29930 29.25142 30.44053 16.24468
[1] 41.38004 34.58590 28.38021 11.50654
[1] 36.96142 32.97674 27.09314 20.01640
[1] 39.89764 29.98084 31.54473 12.80970
[1] 44.72818 35.15090 24.12583 13.69722
[1] 42.62922 32.82442 28.44695 15.37165
[1] 42.34653 31.97392 22.47711 13.97889
[1] 42.03432 33.17540 26.30030 14.10701
[1] 36.70012 29.64763 26.37145 15.84794
[1] 37.15929 28.77035 25.88760 16.04391
[1] 37.73683 27.70149 29.87442 12.87239
[1] 39.45378 29.21019 28.35874 17.34379
[1] 36.61405 32.15775 25.37368 17.34634
[1] 33.07380 26.23504 21.71201 15.56006
[1] 42.56970 32.64410 25.90546 13.42427
[1] 46.49102 30.59113 28.85304 17.51742
[1] 42.60288 32.47882 28.74083 14.62737
[1] 42.71921 30.40893 30.45582 14.78923
[1] 44.71861 31.46217 28.23244 14.56130
[1] 36.68394 30.28810 28.46082 12.98590
[1] 45.10342 36.56587 30.36686 12.78384
[1] 42.62871 29.00994 29.01915 18.76803
[1] 41.34023 30.90615 24.96052 11.78490
[1] 36.04362 33.34941 26.60017 15.76570
[1] 48.91553 33.79684 28.29435 12.70825
[1] 43.63248 31.50866 26.21003 14.51387
[1] 40.75737 32.56526 29.40303 23.83113
[1] 35.02064 30.19095 24.75767 18.28854
[1] 43.76851 35.89323 29.15330 22.44942
[1] 34.80964 30.44869 25.99474 14.97443
[1] 37.85463 31.71458 24.36479 13.24142
[1] 40.95874 36.36976 24.92399 16.78596
[1] 38.94878 30.80344 27.80835 16.27484
[1] 46.83620 33.63762 33.78946 19.00429
[1] 43.43645 33.86341 33.36028 13.63482
[1] 37.11861 29.61084 25.25085 12.17254
[1] 43.09498 31.18851 28.22352 19.28372
[1] 44.52041 32.42025 28.13339 17.02075
[1] 35.53764 27.03507 28.05036 13.73350
[1] 35.24073 25.32959 29.38032 16.33309
[1] 37.90146 27.84007 23.92904 17.90730
[1] 47.34377 31.61256 33.39743 15.63836
[1] 34.53092 28.46854 22.92004 16.14783
[1] 40.86637 31.34485 24.07288 21.04098
[1] 40.45727 31.99386 25.74522 15.94917
[1] 42.78358 30.77651 31.03993 17.98578
[1] 0.8
[1] 40.31199 30.98769 34.00930 18.11349
[1] 42.84912 30.37374 36.03724 13.27986
[1] 42.15374 27.35125 28.96190 14.75968
[1] 42.55205 30.26495 33.47455 12.14754
[1] 48.16089 30.67339 29.38681 17.81233
[1] 45.76958 34.44227 26.31683 18.92338
[1] 41.04190 25.23415 33.87275 15.45314
[1] 42.13286 30.78710 27.91821 12.00987
[1] 40.98170 29.09441 25.40176 16.99774
[1] 42.07062 32.41038 32.18065 11.30246
[1] 41.29980 34.07592 30.84021 15.11787
[1] 49.61479 30.08788 34.73711 31.44034
[1] 45.00575 32.51395 35.25355 20.75982
[1] 38.34952 27.07663 30.66931 15.76172
[1] 48.47417 31.11229 30.45750 12.65960
[1] 39.98181 31.03688 31.34599 11.73275
[1] 49.84784 39.62619 31.30163 18.58249
[1] 47.74273 31.55751 30.05066 12.95691
[1] 41.71958 29.14253 32.07836 17.35392
[1] 43.38361 28.90740 33.28535 15.08576
[1] 39.71473 29.08035 33.60956 16.61783
[1] 46.15275 30.09565 29.23991 22.51709
[1] 42.15903 37.31153 32.30685 22.76836
[1] 44.51273 30.69787 34.57823 17.66287
[1] 42.90100 32.31542 33.59620 13.90696
[1] 41.23751 31.14587 28.79065 13.05193
[1] 46.89314 31.34288 31.09058 13.94845
[1] 44.83083 35.76649 31.47415 15.84704
[1] 40.33316 26.51439 35.94695 14.17234
[1] 48.36273 33.66854 31.27664 14.09461
[1] 38.42724 27.09715 29.69280 15.39109
[1] 41.18102 28.62525 35.58824 17.78240
[1] 49.84045 30.43363 34.35785 15.26003
[1] 45.52931 33.26142 31.54764 13.05613
[1] 45.25715 29.89079 29.94430 11.66451
[1] 46.65997 33.02873 31.23042 18.73318
[1] 43.55167 34.33794 35.03812 13.22615
[1] 42.49373 25.10700 33.59414 11.20287
[1] 45.49797 34.08614 29.54670 15.51378
[1] 47.31436 32.98588 29.44806 20.70149
[1] 43.22250 32.42464 29.31270 20.44355
[1] 42.53448 28.80676 35.15844 16.39089
[1] 38.10852 27.36741 24.06509 13.47371
[1] 42.42306 30.92123 31.36846 13.81928
[1] 39.56916 29.11826 32.04806 15.14667
[1] 46.28128 33.61459 29.39367 15.02498
[1] 40.35124 27.94781 34.27460 15.64621
[1] 44.06089 31.58092 38.14796 22.43069
[1] 44.16179 29.14194 29.37530 14.23210
[1] 47.31941 30.47112 38.40249 13.80288
[1] 0.9
[1] 51.77620 32.47440 34.18096 20.38714
[1] 43.78429 28.07697 31.89767 17.63706
[1] 47.46048 30.23655 36.66252 16.78023
[1] 39.47846 32.83131 36.63389 18.82194
[1] 50.05914 27.04213 33.71441 15.76807
[1] 49.44655 30.56795 35.56750 14.13642
[1] 47.76883 31.84583 38.83380 15.78757
[1] 49.68982 30.49067 37.77528 16.04239
[1] 41.78801 25.90774 30.51568 17.51943
[1] 38.61793 23.26310 32.90531 15.73987
[1] 46.13674 33.74456 38.02338 15.83336
[1] 43.13449 28.75244 36.72301 13.71718
[1] 42.17129 27.48271 31.08468 12.94500
[1] 49.52710 30.42654 36.09839 16.66849
[1] 48.02743 26.84426 32.93518 16.08205
[1] 46.75260 31.61072 34.28200 24.83126
[1] 45.33542 32.96433 34.89687 15.28767
[1] 41.95496 30.14687 31.76613 21.33732
[1] 45.90783 29.39252 30.39035 17.10175
[1] 47.56168 31.71708 34.83700 12.41363
[1] 44.89103 27.55330 37.77885 31.41657
[1] 51.69673 33.33829 36.59019 11.95702
[1] 45.45511 31.93864 37.27308 18.68058
[1] 47.19402 30.28910 36.19416 15.82229
[1] 43.05949 28.95340 32.96663 19.84657
[1] 49.13948 35.72889 36.12065 16.29548
[1] 48.99589 30.51159 47.58941 15.61816
[1] 34.95355 23.73236 29.91896 21.42968
[1] 45.98562 33.16141 37.68467 15.17925
[1] 50.32322 31.68692 38.27449 17.14814
[1] 46.74465 33.18149 34.53380 18.11831
[1] 48.90414 32.56462 37.13142 12.76188
[1] 42.71949 30.09825 33.96525 19.67344
[1] 46.06544 28.69331 33.99378 15.97497
[1] 47.46945 32.20852 33.81163 18.33076
[1] 46.44237 32.07022 32.14942 12.06790
[1] 52.04169 33.83038 43.91686 16.27837
[1] 47.39500 30.64964 41.46589 20.79991
[1] 46.42305 29.91869 34.80183 16.27587
[1] 49.02260 31.66608 32.03457 12.28005
[1] 46.75361 29.89317 36.13624 15.36133
[1] 42.24662 27.46103 32.91551 20.28987
[1] 48.23597 32.56332 36.25388 17.12418
[1] 46.01459 26.47813 29.65461 15.58245
[1] 40.06543 26.88323 31.83119 22.59640
[1] 56.01044 35.43928 36.44213 16.10747
[1] 41.93399 30.52628 32.44795 18.58839
[1] 48.05098 31.44113 26.65667 15.59000
[1] 49.61722 36.49826 32.05274 17.20522
[1] 46.00629 34.96785 31.33269 14.65612
[1] 1
[1] 47.46986 30.60829 38.79164 13.50062
[1] 47.92699 26.04219 42.83494 20.95957
[1] 48.86616 32.05363 38.27592 15.67402
[1] 43.90490 28.17579 38.16456 17.33259
[1] 52.44131 33.92961 37.52355 14.52419
[1] 52.68071 34.16061 40.77445 14.46190
[1] 50.81456 30.78868 42.86731 15.76810
[1] 42.70796 29.06937 35.90660 10.75027
[1] 46.41163 30.22603 34.81931 19.20630
[1] 47.68490 32.81550 33.08533 20.64710
[1] 49.96908 29.25248 38.11399 23.09136
[1] 47.90060 29.56370 35.03009 19.81062
[1] 48.96761 31.23381 40.60905 20.50354
[1] 49.81500 28.95224 39.28431 19.06501
[1] 52.47527 29.90540 41.65652 16.50522
[1] 48.33820 32.04512 36.12657 12.18472
[1] 47.13102 24.54699 38.78051 37.92922
[1] 52.28509 32.20851 36.54775 17.83779
[1] 43.13503 30.88724 39.14284 22.51376
[1] 51.70573 33.94411 40.98707 15.20467
[1] 48.57086 29.88633 38.51542 13.93608
[1] 53.09725 31.34558 36.25701 13.14539
[1] 45.99868 29.21624 33.50896 16.90335
[1] 50.97698 31.37759 39.12907 21.44696
[1] 41.62555 24.97902 36.64389 16.23671
[1] 48.54038 32.84160 34.48803 11.86174
[1] 51.73603 28.67255 39.83031 15.74311
[1] 51.63631 31.24518 42.26840 19.42601
[1] 51.10997 32.98591 39.92719 16.52067
[1] 48.16493 30.19866 40.53969 14.86336
[1] 52.50402 30.24120 40.60819 12.41608
[1] 47.47334 32.56199 36.42232 25.75718
[1] 45.81569 32.14707 34.02630 16.64574
[1] 50.97922 30.86322 39.56082 11.45652
[1] 53.82438 34.15004 40.34247 11.83556
[1] 52.25298 30.94252 40.67094 16.07791
[1] 53.32619 35.51309 39.49511 44.55267
[1] 46.04987 31.99598 36.22142 16.22249
[1] 49.78139 32.72570 43.55922 15.82449
[1] 50.78556 31.19457 46.43572 17.67313
[1] 56.83841 35.62532 44.06221 20.90451
[1] 51.33274 29.88171 39.76140 21.23284
[1] 50.40711 32.18591 38.21631 91.26620
[1] 45.86016 29.10184 38.22423 21.01170
[1] 41.55527 27.26372 35.03325 18.08625
[1] 54.53026 35.38596 43.60624 28.32158
[1] 57.69876 31.32025 43.12205 16.72238
[1] 52.59452 33.38131 36.84731 15.74657
[1] 53.21182 33.29242 41.18766 16.03696
[1] 54.14702 31.10772 47.83018 15.71353
[1] 1.1
[1] 52.19249 31.03839 46.41133 19.72845
[1] 60.79762 35.01966 40.40081 19.85903
[1] 55.78608 33.51855 46.09774 15.71929
[1] 58.36638 28.28192 47.18292 13.63422
[1] 58.99660 31.30101 44.17756 23.28763
[1] 51.16690 29.35377 41.48780 16.83912
[1] 49.90958 23.65682 37.74035 12.64799
[1] 49.67812 30.76342 42.63408 18.31313
[1] 55.73971 31.65773 49.44293 18.74231
[1] 52.00720 32.38408 45.58925 14.26695
[1] 55.85183 27.75798 47.60907 24.15533
[1] 55.09789 31.23825 44.23532 17.82226
[1] 54.37338 32.52342 43.45928 16.07514
[1] 48.19946 31.06555 39.94533 16.71401
[1] 49.57682 30.93205 39.70780 17.39070
[1] 62.50689 34.11389 41.13626 25.17728
[1] 63.43604 34.69262 49.26681 23.49747
[1] 55.65014 28.77540 39.93838 13.51048
[1] 55.10438 29.36541 44.17764 17.02492
[1] 53.15675 29.42479 43.96259 14.95454
[1] 49.23532 29.21786 40.18454 18.23535
[1] 59.34332 35.41271 45.63544 21.19788
[1] 51.55724 30.53852 41.05551 37.70902
[1] 54.72122 25.86117 43.85360 27.03388
[1] 46.50615 31.98875 39.01694 18.11896
[1] 58.63031 30.22769 42.60530 14.88531
[1] 46.97686 28.93995 47.93183 20.47057
[1] 50.46915 27.87943 41.42986 22.90691
[1] 54.52358 29.98443 44.75872 14.19372
[1] 44.52586 28.36407 36.14468 15.31299
[1] 55.17021 33.00292 44.17090 24.45062
[1] 55.17659 30.14252 40.85952 18.06013
[1] 49.52727 29.10821 43.73546 15.08705
[1] 49.87289 29.54675 46.06159 22.86060
[1] 53.49052 30.90540 41.18908 21.63855
[1] 59.53572 32.42584 43.05541 28.58022
[1] 55.63103 34.99748 44.10442 27.84626
[1] 54.41799 31.90007 44.37781 15.41379
[1] 62.93213 27.28427 48.51355 15.15939
[1] 60.68046 34.14848 42.12266 24.27710
[1] 52.60502 28.26545 41.61580 16.10515
[1] 49.87962 30.50864 41.01844 16.55739
[1] 39.07224 26.03724 36.27223 21.01262
[1] 53.78723 33.47295 43.23806 14.72569
[1] 60.71512 30.42266 44.92196 18.97717
[1] 54.87083 30.04513 52.18176 23.60052
[1] 51.51844 32.38402 40.94898 13.53602
[1] 52.15282 29.76888 43.53479 21.05826
[1] 55.21875 30.51190 47.03129 17.62407
[1] 49.79134 33.77473 42.10047 17.33975
[1] 1.2
[1] 58.19159 33.11668 48.60049 21.60843
[1] 59.51233 32.16985 53.98375 25.56852
[1] 61.52765 29.78266 54.08922 27.92687
[1] 55.25144 30.19287 40.95491 21.34574
[1] 51.29192 27.92932 41.56830 15.54855
[1] 63.76650 34.27509 47.48768 13.38975
[1] 57.12560 30.98874 50.15798 27.36171
[1] 60.03559 32.84173 48.64554 16.54012
[1] 51.72002 33.27288 39.24875 23.01307
[1] 67.01064 31.05849 53.52262 20.63641
[1] 63.54395 27.80253 56.36800 15.74464
[1] 49.38720 28.47006 43.65300 12.30999
[1] 56.42632 27.27028 40.83245 17.03709
[1] 59.31506 30.99576 50.82371 15.27074
[1] 56.85507 26.68413 45.77442 14.33966
[1] 52.36973 29.12410 43.27314 15.00319
[1] 58.34120 33.61032 44.78243 19.52086
[1] 50.65221 27.49352 34.03555 17.84559
[1] 59.01244 32.54121 52.84669 37.22147
[1] 60.77593 28.91097 48.35777 14.22144
[1] 55.25300 34.63974 47.67936 38.17735
[1] 60.57551 31.60816 46.18028 18.80831
[1] 57.03169 33.08181 52.86277 18.25380
[1] 54.02919 31.07866 50.48513 21.38871
[1] 57.47103 30.66452 41.04114 22.30559
[1] 52.68553 33.53562 42.77668 17.37352
[1] 54.87470 27.86752 48.08617 20.42628
[1] 60.18680 38.41691 48.70425 16.98674
[1] 55.27825 28.29686 48.93826 38.37892
[1] 57.80686 31.62987 44.51231 17.73372
[1] 59.16528 30.70088 52.61173 30.13663
[1] 61.07457 31.34606 46.74890 17.97967
[1] 58.95713 34.22989 46.86257 32.92483
[1] 59.58902 31.95671 46.46805 15.23820
[1] 52.99785 26.62414 43.87961 20.77555
[1] 55.85045 33.38877 48.14525 14.20076
[1] 51.94659 31.50051 37.93554 15.49376
[1] 49.39168 28.84241 42.61089 26.26442
[1] 52.97554 30.34693 46.29644 27.44564
[1] 52.44699 29.16675 44.56792 13.19962
[1] 56.47404 32.55818 41.91149 24.24749
[1] 62.68536 34.44659 56.84288 18.11135
[1] 54.88851 31.34047 54.49828 18.74146
[1] 53.95977 28.52750 46.42156 20.21513
[1] 63.05555 31.35292 46.86163 18.60723
[1] 59.94100 30.35535 46.28852 20.75370
[1] 48.18145 30.98326 45.40208 14.73563
[1] 65.38333 38.68725 55.95882 46.85056
[1] 53.14331 32.42721 48.20355 20.25986
[1] 55.39938 33.37182 47.07504 22.89449
[1] 1.3
[1] 65.51628 28.15929 53.02912 14.00752
[1] 60.16874 30.36928 55.28362 14.63560
[1] 69.59058 31.44331 56.95590 22.70947
[1] 60.33673 30.22494 51.22538 11.86699
[1] 67.41762 29.51200 59.56519 16.89935
[1] 58.91592 34.37864 49.91487 24.50296
[1] 58.91318 34.81281 53.95617 23.71518
[1] 56.07921 27.45731 51.10838 21.92023
[1] 63.06613 33.66988 53.90223 24.30309
[1] 60.59214 26.16470 50.68195 14.45895
[1] 63.21964 27.64186 48.72555 21.69826
[1] 61.30692 33.89730 54.22798 13.16217
[1] 63.64140 35.08022 52.88494 17.89520
[1] 61.77589 36.23153 56.90392 23.60171
[1] 65.33181 31.89838 52.58104 23.46528
[1] 55.70912 33.59866 44.90733 16.36711
[1] 65.09909 37.37106 53.09510 26.48261
[1] 52.25965 26.78458 47.95767 24.97424
[1] 59.08810 30.71332 49.79047 52.66325
[1] 60.13076 27.24194 40.22225 23.96421
[1] 51.04481 33.26531 46.93388 24.74981
[1] 59.83989 29.76029 54.66134 13.52902
[1] 60.21541 28.62599 50.35553 38.10355
[1] 66.94327 26.12565 52.30320 31.29852
[1] 66.63818 33.48736 53.56855 29.45815
[1] 61.38609 32.41281 53.47410 17.60011
[1] 59.33696 32.15267 52.33508 20.94775
[1] 69.94667 30.91462 56.94767 13.65735
[1] 59.23960 30.94394 47.84118 56.43408
[1] 61.35791 28.68081 54.93687 30.81508
[1] 61.05621 32.89645 48.01772 18.63702
[1] 52.87703 25.18837 36.74607 16.09564
[1] 78.01361 35.55642 52.48538 14.66602
[1] 60.75802 27.05020 54.93653 16.06718
[1] 65.96775 34.21812 60.65361 19.39833
[1] 60.97924 35.97567 51.57954 34.99419
[1] 60.68877 28.64559 53.82697 20.18540
[1] 64.26804 34.58298 53.46280 20.57212
[1] 54.90681 25.36285 40.72680 17.20796
[1] 64.84074 31.05224 58.17195 18.37976
[1] 60.44415 28.85671 51.35968 18.29986
[1] 71.57198 30.97306 61.74866 20.95190
[1] 66.88513 36.26232 59.54084 15.30573
[1] 61.45896 31.28052 48.33708 15.75462
[1] 67.31620 29.26213 59.46554 15.55678
[1] 65.72065 30.26323 53.23405 30.64228
[1] 62.53060 32.27181 60.12661 16.97606
[1] 60.11008 31.54005 44.93982 15.74736
[1] 68.05612 32.75465 66.97086 22.79477
[1] 58.95056 31.07736 51.86045 15.37058
[1] 1.4
[1] 69.02128 29.29956 61.75953 26.74066
[1] 70.61038 29.38829 68.31313 17.90952
[1] 68.81732 37.04757 62.57133 33.42599
[1] 72.30754 32.14538 70.35902 20.30654
[1] 66.76954 29.48069 56.10011 21.88615
[1] 71.89419 28.26651 60.68587 23.18550
[1] 60.49288 31.50367 49.94134 20.75043
[1] 73.04491 29.48383 62.33139 32.88269
[1] 62.58408 27.23246 53.78999 17.83342
[1] 78.33124 37.16212 61.29421 13.12297
[1] 58.63412 31.33208 49.27003 18.79018
[1] 72.03766 33.78699 57.42856 20.34171
[1] 77.49035 33.26584 62.17539 26.54263
[1] 71.02019 31.69349 55.78926 17.74651
[1] 61.80045 34.21482 52.79557 13.70431
[1] 74.94349 35.87673 63.39815 18.02578
[1] 72.45795 30.46369 64.40687 15.73800
[1] 68.79913 29.32168 55.50628 15.22997
[1] 72.14948 34.72265 66.40272 23.84522
[1] 67.87647 32.97021 63.49554 22.48044
[1] 56.85864 29.10043 52.10295 17.19365
[1] 73.15219 29.91967 60.43675 25.37714
[1] 63.22770 32.58984 57.41048 22.34311
[1] 61.59488 34.58969 56.21511 19.17796
[1] 62.90443 31.31437 51.46048 19.06942
[1] 70.75677 38.56159 63.11136 22.59773
[1] 67.95039 34.21423 54.16510 29.04292
[1] 66.90039 35.17301 58.81544 21.27169
[1] 69.98250 34.24564 68.22324 26.10746
[1] 67.73229 37.78691 58.82202 18.20098
[1] 53.11868 29.40942 50.99106 18.89339
[1] 70.26967 38.91268 69.44358 17.46143
[1] 71.77587 32.82355 70.53782 15.65938
[1] 71.45380 31.64955 67.39370 47.11647
[1] 70.98308 38.37998 63.24800 38.37348
[1] 72.65480 36.18012 61.95966 19.51315
[1] 71.65606 33.68508 68.97607 20.66294
[1] 65.23925 30.08545 57.99890 15.67463
[1] 75.14979 34.71905 54.75672 17.08995
[1] 66.88122 31.47493 61.30688 16.82674
[1]  69.55797  32.09794  60.37387 155.62372
[1] 68.12299 32.45541 61.54231 16.79471
[1] 66.54615 34.61982 53.52705 54.23403
[1] 73.25624 37.83704 72.08287 25.26487
[1] 83.34811 34.44550 65.84135 13.65966
[1] 66.08710 30.09875 46.56748 14.86864
[1] 64.29013 31.89370 53.20823 18.07352
[1] 52.98873 32.88444 46.70243 21.29709
[1] 67.11826 33.87749 54.90676 34.47833
[1] 56.89402 28.31107 48.13116 20.82266
[1] 1.5
[1] 72.46523 30.82219 66.67406 36.72872
[1] 68.13707 34.71089 61.74597 40.14894
[1] 79.52486 38.30832 69.25337 13.92151
[1] 60.65630 27.32245 54.84575 70.17989
[1] 75.37326 32.35716 67.35494 25.61323
[1] 76.27946 32.58157 68.52552 22.85593
[1] 71.27562 30.44438 68.46038 36.61330
[1] 68.35955 32.20717 59.31802 14.81222
[1] 82.37475 37.70637 70.17311 18.29569
[1] 73.12814 30.48009 72.59347 36.76032
[1] 64.66414 34.19746 57.99414 18.22881
[1] 84.40800 32.65483 75.03385 31.35599
[1] 80.06827 32.34885 76.86223 19.04947
[1] 69.44636 29.43540 67.10941 35.98115
[1] 80.61491 32.28126 74.74819 26.74920
[1] 83.16700 32.31779 74.96728 21.30125
[1] 75.80034 30.13272 68.98547 29.36744
[1] 75.93028 32.76230 66.29962 29.71449
[1] 71.16863 31.33049 66.42857 17.96076
[1] 67.53057 29.58893 54.56631 15.74243
[1] 68.43054 31.44303 53.39471 18.92764
[1] 80.46060 28.83869 77.79283 18.74459
[1] 71.89493 37.47495 73.28079 23.72686
[1] 65.89886 29.77263 59.82935 19.37121
[1] 75.19997 29.94471 68.15335 24.00342
[1] 73.03800 32.10722 66.25559 16.11476
[1] 78.41529 30.66095 66.43617 22.75735
[1] 68.92732 30.33030 63.61031 35.19548
[1] 74.72204 32.78421 64.26096 24.48377
[1] 77.04760 33.59332 74.17907 25.95982
[1] 84.52029 32.45588 68.18681 45.61785
[1] 79.57214 34.94290 68.91884 16.76962
[1] 84.37262 33.99917 75.52721 21.69071
[1] 80.02156 30.46168 61.74070 17.07136
[1] 70.59285 31.48113 62.80437 16.06156
[1] 74.50737 30.57185 59.48411 33.26952
[1] 74.96555 33.52925 63.56415 64.68955
[1] 65.29266 33.75870 65.69203 35.93736
[1] 72.40688 28.65597 65.34392 15.89931
[1] 71.67779 30.84591 60.49988 72.78159
[1] 69.36493 35.53780 61.99201 13.06465
[1] 64.57240 29.02115 59.54636 18.73559
[1] 58.70678 28.03352 56.12161 17.87423
[1] 77.67457 32.48104 71.30777 40.22196
[1] 66.85196 26.25327 61.73239 51.66693
[1] 68.31900 32.93189 64.15870 21.82822
[1] 81.32831 32.54878 72.70750 38.47317
[1] 72.78146 35.65385 60.90845 40.58333
[1] 61.35220 28.66101 57.80427 21.96807
[1] 80.24508 32.49156 62.53385 22.16861
[1] 1.6
[1] 69.82151 33.07870 68.75772 23.36584
[1] 85.05939 32.37421 78.64659 17.94831
[1] 76.84147 35.21494 71.31006 22.09240
[1] 80.64380 34.00450 80.02228 21.60041
[1] 74.47835 33.20096 62.01728 18.31938
[1] 86.94144 33.61260 72.59060 32.96667
[1] 80.47181 35.61827 76.03456 28.01965
[1] 84.61596 35.24166 76.03926 22.77176
[1] 77.30335 33.62233 67.28964 19.79422
[1] 85.25360 33.28665 77.31549 23.52086
[1] 72.65155 32.89326 57.72293 26.24091
[1] 68.15075 33.04594 66.88207 15.25934
[1] 86.12448 35.23344 72.80522 29.34222
[1] 71.29056 34.54755 68.99979 32.98218
[1] 74.55045 30.58688 70.82818 23.25050
[1] 70.97525 34.20725 66.43361 24.83139
[1] 92.08963 35.64845 73.48592 24.65792
[1] 84.71647 36.03347 74.57641 55.12245
[1] 81.29875 32.50683 74.36949 37.64260
[1] 80.03005 34.46641 67.20674 39.33619
[1] 80.35778 32.96591 78.20678 26.18306
[1] 77.28316 33.16404 69.43542 32.76258
[1] 79.23597 31.51455 63.72420 24.95664
[1] 74.86795 34.14657 67.67810 14.33519
[1] 76.42434 31.92409 61.85202 23.35384
[1] 81.38074 30.02460 71.04926 26.79918
[1] 78.73051 33.92307 72.30203 17.65507
[1] 74.28344 27.69819 68.32677 16.14560
[1] 78.26746 34.19180 81.37031 42.68673
[1] 80.25446 31.99104 70.24521 25.85485
[1] 82.19596 32.83756 74.40511 87.80514
[1] 75.27751 29.81127 68.41170 36.95182
[1] 82.67602 29.28124 77.04752 40.37943
[1] 71.11856 34.11298 65.37735 16.98267
[1] 75.34589 37.61013 68.20281 19.94548
[1] 78.38949 32.54965 68.71080 21.71108
[1] 83.40988 32.60182 76.05636 23.90205
[1] 76.85352 32.73692 72.72238 40.49325
[1] 76.78322 34.06493 74.42698 32.36734
[1] 79.96000 36.04060 70.91147 34.02310
[1] 74.79814 33.68195 75.19082 19.77329
[1] 71.11029 30.85731 70.55602 21.48184
[1] 63.88396 35.24504 60.75592 15.36159
[1] 78.32993 37.99186 73.29813 30.40188
[1] 75.70239 30.83472 71.73385 13.79978
[1] 63.39533 29.13297 62.02987 16.90996
[1] 76.23798 31.05904 63.69759 29.68485
[1] 86.38803 35.46559 71.77591 19.77149
[1] 68.80959 31.66369 61.98908 16.82239
[1] 71.68029 30.70870 66.53227 46.79483
[1] 1.7
[1] 81.16926 30.96717 72.87411 23.61533
[1] 84.95758 35.20052 76.97188 19.38783
[1] 88.61013 27.67593 75.91839 39.59485
[1] 76.94213 28.34104 65.59323 17.38877
[1] 80.62371 32.71531 75.48298 26.73323
[1] 77.79648 34.33784 66.51227 16.59381
[1] 66.90459 25.90102 59.49619 19.14459
[1] 83.58585 32.02420 75.74927 15.08263
[1] 86.19410 31.58901 76.57850 21.80027
[1] 78.29773 31.54573 67.44662 25.23700
[1] 82.08477 33.61538 79.52007 22.45028
[1] 83.90593 30.62249 81.34536 25.96403
[1] 83.13043 34.12040 83.49475 18.62942
[1] 81.95678 30.21012 77.11405 26.22595
[1] 85.82116 33.80275 74.23990 19.11667
[1] 95.23502 34.61629 86.88752 41.96407
[1] 85.86838 34.10354 68.38422 42.63805
[1] 80.77928 31.44910 71.54248 38.77197
[1] 83.86689 33.48742 77.33495 70.50580
[1]  76.83018  36.10664  80.48259 122.78053
[1] 84.05331 28.40171 80.33346 31.73200
[1] 97.82318 31.97072 80.98765 44.16892
[1] 85.49503 34.95883 84.84914 19.82774
[1] 80.82963 35.27707 73.08076 20.55313
[1] 87.85970 33.45424 76.59394 26.56998
[1] 98.32822 39.81581 90.34590 66.77663
[1] 79.01257 34.43267 73.26752 42.65423
[1] 87.54777 34.33529 78.85837 47.48718
[1] 94.08679 30.13034 74.66771 63.98682
[1] 81.58726 36.08547 76.27802 56.15898
[1] 78.86673 35.23336 78.10139 29.23667
[1] 82.08435 30.77378 83.03600 22.59706
[1] 83.35223 28.60139 74.51270 23.10463
[1] 72.58689 30.95031 69.96072 17.33144
[1] 86.51395 29.30148 75.91898 16.46079
[1] 83.30937 33.59517 80.26402 35.73599
[1] 82.46533 33.48214 73.81257 15.73105
[1] 80.15845 33.52486 74.64118 17.12646
[1] 82.49956 31.89580 75.15214 29.90776
[1] 67.78356 29.36104 61.13243 16.13869
[1] 95.00195 34.93192 93.93974 15.75104
[1] 75.55609 32.84468 67.10560 18.38283
[1] 95.17921 38.11492 82.99879 26.60601
[1] 87.60592 32.69132 75.76728 19.73415
[1] 90.82390 32.65111 87.34118 20.44941
[1] 90.84739 27.28702 81.82048 20.45300
[1] 71.92061 32.20819 67.29697 40.90354
[1] 68.04040 33.71869 65.54636 40.80119
[1] 84.78448 36.84859 74.53845 14.76640
[1] 80.16735 34.51843 79.69535 17.93858
[1] 1.8
[1] 96.24289 35.67090 84.82517 45.69720
[1] 74.19354 32.05113 70.25136 16.98572
[1] 101.92669  36.51291  99.53234  44.49764
[1] 89.22899 28.18909 84.61821 20.51649
[1] 85.60086 37.09528 86.63872 43.24710
[1] 100.58536  37.38168  87.35434  30.47986
[1] 82.41054 26.17688 76.04923 14.95341
[1] 84.07699 31.44640 77.35629 19.20683
[1] 93.54457 31.85589 90.71659 15.26300
[1]  83.60036  33.43162  81.19705 126.43502
[1] 87.88207 32.16826 88.37156 50.73527
[1] 85.36315 30.40791 81.04302 24.08095
[1] 91.60417 31.40011 83.01260 99.98817
[1] 91.84151 33.67751 79.75343 22.75353
[1] 87.48170 34.86518 86.20649 26.67017
[1] 96.04076 35.66918 85.71717 26.29670
[1] 88.58468 31.17100 74.63317 25.01262
[1] 94.66906 30.36003 86.23365 23.99131
[1] 95.02844 31.39095 90.71585 19.88909
[1] 85.74067 28.40444 85.55253 93.42467
[1] 71.03460 26.68567 69.25534 52.70451
[1] 84.62973 30.95395 82.76108 25.76943
[1] 103.84856  31.32638  96.90968  43.43763
[1] 84.20403 36.93716 81.26378 25.56024
[1] 79.17519 31.42939 72.58005 31.43088
[1] 108.80383  32.01912  84.69102  45.67089
[1] 96.47651 32.24755 89.56372 22.02739
[1] 101.56499  35.11341  75.25203  15.36305
[1] 98.45879 28.89728 80.39898 33.63394
[1] 102.38757  29.81939  89.62571  18.68661
[1] 93.77343 36.46699 78.95239 21.33114
[1] 96.79004 30.39546 89.34533 22.82459
[1] 79.42216 35.21269 66.70934 25.86905
[1] 91.16557 36.66638 88.61000 35.27239
[1] 100.34444  34.28582  95.55573  19.87950
[1] 92.77351 28.61615 86.37184 20.56342
[1] 101.38711  37.42391  85.38610  28.53462
[1] 86.41118 29.52131 80.91935 55.98607
[1] 79.11632 31.74166 76.40565 16.92482
[1] 91.54080 33.40933 80.24887 18.41885
[1] 80.40259 29.13901 81.26034 24.12183
[1] 78.70259 39.17731 69.36109 22.66301
[1] 91.80645 31.43024 91.49632 88.38570
[1]  92.70168  33.73621 104.03466  39.67329
[1] 90.14083 31.90631 84.55307 41.84276
[1] 84.03581 31.59024 82.12851 23.58244
[1] 84.36835 29.66850 81.44645 20.89901
[1] 98.68667 29.04865 93.96789 22.90778
[1] 104.18205  34.17622 100.54769  26.09813
[1] 89.39729 35.16232 82.12482 24.74220
[1] 1.9
[1] 88.08718 28.03695 82.48831 39.26008
[1] 82.68517 28.37189 82.67498 21.53933
[1] 95.80364 32.10545 90.10509 22.06006
[1]  95.92221  32.59960  80.52149 449.11866
[1] 96.06460 34.61258 91.26186 49.84249
[1] 96.28496 34.97055 95.62560 39.25690
[1] 106.55720  30.88133  99.96907  30.69965
[1] 105.19150  35.80622 108.46392  22.99507
[1] 103.42392  32.69672  96.30803  20.08667
[1] 88.88654 32.61287 83.48112 18.03693
[1] 98.22311 31.48153 91.00733 23.29642
[1] 96.89567 35.04115 86.60282 28.54634
[1]  95.53419  30.54623  90.24609 155.74135
[1] 106.65341  38.92033  96.15584  22.13946
[1] 99.30386 40.43040 91.93773 18.35483
[1] 98.49594 25.81938 88.01032 16.72524
[1] 84.63463 34.26070 87.01914 80.28762
[1] 101.51145  26.56709  93.26177  31.83165
[1] 83.61066 34.19875 79.37776 25.66764
[1] 99.41278 33.36154 91.02418 39.83275
[1] 92.02459 31.55966 88.86945 13.71831
[1] 103.15576  35.17929  96.78306  21.53384
[1] 91.26445 33.59473 87.90828 22.67022
[1] 100.86521  26.13534  89.02947  17.73205
[1] 101.80705  33.22836 101.24953  14.59125
[1]  94.79050  33.41494  78.27731 110.02742
[1] 90.34852 33.49725 87.02565 61.97461
[1] 88.32805 39.33223 80.24589 23.12058
[1] 90.71812 32.35460 87.87170 18.33009
[1] 97.82615 36.91493 93.08003 30.82412
[1] 87.61958 32.47732 86.04571 44.97935
[1] 99.68595 32.40724 89.03054 19.21419
[1] 111.55197  36.92418 104.26591  22.85847
[1] 95.25499 31.56980 88.07735 66.46059
[1] 85.06165 34.16851 84.20776 74.29555
[1] 101.34023  37.74097  94.84133  27.54573
[1] 100.13658  32.97652  89.81104  30.55448
[1] 98.70136 37.19890 97.13702 18.38938
[1] 98.38773 36.64647 94.22965 25.37892
[1] 91.39242 31.65689 82.91556 38.41240
[1] 105.29640  32.87863  95.97246  22.09865
[1] 82.45900 30.99031 79.29729 18.61047
[1] 84.03507 34.22337 78.82685 19.47246
[1] 101.04339  37.33188  92.66720  23.14338
[1]  96.37042  35.33841  92.41837 215.11303
[1] 103.86574  34.54110  98.54524  24.54506
[1] 104.48585  37.19569  95.39566  20.09688
[1] 86.87209 34.05621 74.90154 21.13334
[1] 96.53760 35.64498 90.49426 20.61913
[1] 80.43553 32.38987 78.62852 24.12353
[1] 2
[1] 107.33508  32.44815 103.44480  18.48153
[1] 97.43706 32.48251 88.56513 39.16100
[1] 93.63035 31.83329 88.20322 14.29652
[1] 81.91189 31.37573 75.89977 17.81568
[1] 104.89221  32.80378  88.90553  28.93893
[1] 105.28177  31.09844  96.07750  14.40124
[1] 129.11574  34.20389 112.89450  22.90030
[1] 100.92677  36.90258  93.95502  33.47181
[1] 90.71039 30.48278 87.19008 20.04055
[1] 123.83686  34.74091 123.06934  28.52716
[1] 103.37800  32.94350  93.91670  44.91004
[1] 106.12313  32.33234 108.14927  27.15371
[1] 96.37324 33.69609 97.35668 27.62004
[1] 103.45232  37.38813 105.74949  65.36889
[1] 109.85371  33.06661 107.38237  34.83606
[1] 109.19982  34.70837 109.06849  20.31380
[1]  99.79280  31.72368 102.85369  16.23547
[1] 99.94440 33.30058 93.98454 30.42124
[1] 106.64051  30.67177  97.29564  43.85568
[1] 110.63228  39.94149 113.08501  27.91093
[1] 106.92815  33.10749  97.85617  24.04147
[1] 123.67302  33.35086  95.10449  18.70843
[1] 100.70374  34.00145  97.57143  25.89594
[1] 89.50686 30.47292 90.21491 21.98217
[1] 114.63573  37.95401 111.56771  28.40240
[1] 95.87054 38.90169 95.49126 59.49460
[1] 111.33437  37.32987 102.76177  30.29853
[1] 108.18216  36.13812 106.73683  30.93407
[1] 109.11584  33.19609 105.05633  21.78997
[1] 82.74001 30.51827 82.85631 18.22370
[1] 109.61498  32.73340 114.18455  21.26803
[1] 87.33360 29.95037 83.80716 21.22142
[1] 106.11161  40.99316 115.69538  22.48091
[1] 109.24865  32.11219  94.02231  24.60880
[1] 98.60525 31.73642 97.69764 16.85903
[1] 98.60956 34.57701 81.50249 23.13794
[1] 117.11400  34.32122 117.87529  39.90819
[1] 99.87534 36.73857 96.84477 22.10712
[1] 105.83032  34.58713 103.13225  60.46441
[1] 96.61852 34.55925 95.27199 57.49549
[1] 113.15812  36.42664 111.67390  18.95215
[1] 102.86273  31.27379  89.48577  53.69649
[1] 122.07679  33.30307 106.73691  34.58394
[1] 95.75843 28.99286 89.63729 17.13770
[1] 109.94721  36.92548 107.63680  23.32685
[1] 106.72797  28.37441  89.05452  17.30724
[1] 108.31668  33.56847  95.32396  33.85026
[1] 104.61297  35.60718  89.08760  17.84741
[1] 114.73334  34.71905 108.43708  29.50617
[1] 100.36780  35.85193  84.53474  19.55163
[1] 2.1
[1] 113.23408  32.01141 105.84311  18.58851
[1]  95.87769  32.59519 101.79847 260.36157
[1] 131.24342  38.34513 132.86762  41.62933
[1] 113.99293  32.78222 108.43994  76.44374
[1] 115.32811  37.97636 115.94895  60.19799
[1] 122.00699  34.77318 120.41615  45.38092
[1] 101.87554  30.95677  99.60624  24.23398
[1] 123.43443  34.40310 108.96189  27.38796
[1] 104.11812  27.20561  94.41332  57.24036
[1] 104.50512  36.10546 104.71031 122.52526
[1] 118.36135  34.79308 109.24129  24.19075
[1] 103.93352  28.66733 103.09934  23.26903
[1] 96.69255 33.23477 94.06877 20.48746
[1] 88.96511 35.15452 87.99192 40.79104
[1] 121.40943  35.44999 114.41645  31.36373
[1]  98.63428  33.82328 102.80839  24.58508
[1] 106.27065  29.77442 101.86241  52.15771
[1] 108.02411  35.27411 124.39030  23.67904
[1] 109.64623  36.82941 104.00776  40.17424
[1] 139.42347  36.51486 127.43553  81.19766
[1] 138.68197  35.45108 135.71022  30.71936
[1] 115.23483  35.98724 113.05933  21.39460
[1] 118.29125  34.90406 104.22815  46.74388
[1] 101.10963  34.12264  98.22160  16.72588
[1] 123.03040  38.37816 123.96159  47.80500
[1] 123.71772  36.08869 116.97105  42.41263
[1] 119.93397  39.83235 118.51347 347.69920
[1] 103.00598  33.18363 100.19856  29.41755
[1] 117.80572  31.05259 115.15223  16.85805
[1] 100.42601  31.99704  99.82542  37.33739
[1] 127.72258  32.74546 116.10434  27.80674
[1] 122.35179  36.95430 114.91957  19.04166
[1] 123.59723  34.22306 121.56135  29.72129
[1] 111.85973  37.50447 108.80943  43.87314
[1] 105.23339  33.82475  94.50581  19.18795
[1] 108.43520  35.80343 108.67873  32.36280
[1] 113.57351  30.59744 112.01412  65.20457
[1] 112.02924  33.08249 116.45603  21.86805
[1] 115.78132  30.46564 117.40193  31.32887
[1] 121.28515  29.46122 121.57992  46.44601
[1] 104.35725  33.72994 100.94999  34.99353
[1] 112.79983  35.51596 101.36155  27.21212
[1] 102.62758  33.32754 106.02818 122.54566
[1] 90.71755 33.50468 90.37376 30.84407
[1] 98.54723 32.09008 91.86219 22.58406
[1] 113.74982  32.52799 106.54065  20.79765
[1] 107.12627  31.19164  96.12301  33.89072
[1] 108.14080  35.40215  99.97707 111.83662
[1] 113.60186  35.13347 110.00646  67.47841
[1] 107.61552  38.47511 100.53923  17.74426
[1] 2.2
[1] 121.21911  36.30572 123.81649  25.51423
[1] 121.12877  33.73677 112.53572  40.78908
[1] 114.03609  28.91973 109.75189  35.68571
[1] 128.70321  33.94068 121.12479  34.28970
[1] 136.32207  36.38836 120.68647  72.14788
[1] 147.18231  38.46395 138.74541  64.03016
[1]  99.28192  29.18420 105.32910  29.72269
[1] 133.81396  33.55992 111.92676 107.05501
[1] 114.02306  32.27624 105.40780  17.96980
[1] 106.64435  33.46940  96.31435  47.48978
[1] 138.89408  32.01478 124.96798  27.90181
[1] 133.92790  32.80757 121.76053  42.73099
[1] 116.42434  33.27317 108.44680  17.68998
[1] 126.42262  39.29155 125.14915  20.15215
[1] 113.13889  32.91564 112.06974  46.25272
[1] 134.55945  42.01486 121.32133  33.59731
[1] 121.60148  32.30284 112.66351  19.59187
[1] 109.39147  33.82006 111.29569  52.45509
[1] 116.57237  37.78240 112.86012  20.18346
[1] 119.75145  34.26760 120.55622  25.65825
[1] 118.98415  33.51675 112.63775  30.39295
[1] 106.50538  36.69859  97.33086  66.08015
[1] 115.73760  36.26423 123.31920  23.35451
[1] 133.99101  37.94834 127.83246  59.04202
[1] 130.46625  35.66457 130.07475  33.03309
[1] 111.85605  36.50531 106.99634  19.39642
[1] 125.48861  40.40795 120.42455  32.32468
[1] 117.17872  34.08290 115.17841  46.00487
[1] 141.00232  33.75957 143.69934  20.90350
[1] 119.18716  32.45911 118.20305  23.57924
[1] 114.36089  35.62185 114.77104  28.40616
[1] 132.51275  35.76819 116.02411  56.89018
[1] 110.38693  33.66865 102.43432  43.13381
[1] 111.46413  40.64370 110.54582  25.87458
[1]  97.28280  31.68573 101.03951  17.86228
[1] 127.14126  35.91650 120.60871  40.24513
[1] 150.15319  33.06044 131.88715  31.17028
[1] 121.06332  36.04460 119.93521  21.54773
[1] 131.14388  29.90688 133.84360  27.68327
[1] 119.15938  35.45697 119.40016  22.46669
[1] 120.81186  43.62448 117.79492  38.92265
[1] 132.99888  33.82194 117.76908  31.53253
[1] 99.70391 30.34557 98.54295 29.75443
[1] 106.41515  33.73258 108.83465  21.15805
[1] 113.30972  37.29688 109.79692  36.68350
[1] 125.78317  35.91389 123.19744  21.51297
[1] 116.15716  39.14449 112.76453  26.96259
[1] 127.75388  33.75303 116.82305  30.68742
[1] 117.59443  39.28342 116.17640  31.09276
[1] 134.15192  39.17598 120.71295  39.17220
[1] 2.3
[1] 128.62402  39.38989 124.75491  87.63046
[1] 144.28896  35.51112 138.20349  28.91922
[1] 123.78813  33.20959 120.13226  19.36959
[1] 141.10278  40.83381 141.48634  33.28854
[1] 134.53386  36.56575 115.62266 119.56333
[1] 127.53409  39.61250 125.99891  23.88245
[1] 128.94263  34.00106 132.69286  23.97353
[1] 126.91049  37.78385 130.34550  32.72445
[1] 122.09430  36.67411 117.85291  32.33873
[1] 136.42600  39.88646 138.85269  67.81085
[1] 100.95408  31.87862 101.09717  45.22214
[1] 132.72456  40.31574 123.63256  40.72030
[1] 138.63157  34.57777 126.47948  52.03568
[1] 106.61923  33.14833 104.54138  49.33550
[1] 117.03709  33.58355 123.74006  49.78126
[1] 125.36021  34.61048 124.76166  46.74549
[1] 135.83385  39.27466 130.52721  22.89501
[1] 129.70318  38.64102 134.85115  25.71586
[1] 130.64521  32.93321 123.17570 151.05841
[1] 136.01389  33.71314 127.78654  19.32849
[1] 123.34004  32.10728 122.42912  41.22376
[1] 131.47354  33.56630 135.40253  32.75967
[1] 119.03974  36.54833 113.01498  27.48987
[1] 139.22334  32.51291 138.77174  40.53936
[1] 114.35148  34.70710 115.46625  35.72894
[1] 139.52624  36.91638 137.86928  21.88236
[1] 126.95182  38.81631 116.07607 115.42315
[1] 118.90369  36.11707 109.28001  57.68580
[1] 133.59233  35.50923 131.72322  20.99577
[1] 124.83040  32.33349 119.63799  28.64065
[1] 139.41077  33.49660 102.29223  18.56853
[1] 124.21662  32.55702 118.52246  27.44427
[1] 130.53750  36.34873 132.14113  23.04946
[1] 104.91776  33.45498 116.45701  24.87671
[1] 109.68971  36.27029 110.63668  22.40184
[1] 102.02909  36.53673 114.04383  52.22294
[1] 134.36843  32.12323 131.32219  51.75802
[1] 135.82447  32.33655 125.13173  31.09040
[1] 144.09761  33.71597 127.59628  59.82407
[1] 129.89048  32.97134 123.97456  20.46945
[1] 130.96861  33.27399 116.67470  31.18990
[1] 115.24346  33.47770 112.67264  23.90102
[1] 122.48362  30.49384 118.74100  17.01325
[1] 128.41182  35.97501 120.53094  23.77945
[1] 121.91466  36.69740 119.64831  26.72635
[1] 129.39693  31.47534 119.52241  14.45354
[1] 131.45395  33.78172 129.84936  61.76244
[1] 129.59872  41.90053 121.05740  64.15248
[1] 133.02883  33.36701 120.75778  20.77161
[1] 139.08212  34.27391 128.62546  54.48692
[1] 2.4
[1] 144.67625  38.33307 140.12204  30.76536
[1] 129.55217  35.29169 134.11131  39.19940
[1] 135.68798  37.95772 133.67931  27.61371
[1] 152.77375  36.37856 136.01853  24.80271
[1] 154.66680  41.68451 130.82101  24.75712
[1] 122.40973  24.96245 116.14842  19.80766
[1] 150.57643  40.83991 150.84366  27.82327
[1] 117.56967  35.51078 123.27347  23.60972
[1] 143.04852  34.80877 144.82972  23.06961
[1] 156.1770  32.7452 153.3797  22.9285
[1] 112.83402  34.08629 120.89359  27.81746
[1] 132.74265  34.11407 120.18862  27.89442
[1] 145.69247  38.04744 135.06344  24.22895
[1] 121.73039  34.83797 119.00125  96.36139
[1] 103.33579  29.12199 105.08059  23.28916
[1] 148.05664  42.02023 145.07365  38.41115
[1] 138.41644  35.68318 131.52248  32.95997
[1] 131.68241  34.06186 118.64538  39.94207
[1] 134.30842  30.01535 129.05101  20.53052
[1] 140.77953  32.54603 130.82400  43.45363
[1] 154.49704  35.13961 151.35716  22.79762
[1] 130.85247  38.57880 122.87312  27.97103
[1] 132.01325  29.23672 121.55675  85.26197
[1] 136.15111  37.46088 131.34613  38.14451
[1] 122.81341  34.86234 119.47222 196.26216
[1] 151.56473  35.02426 152.42551  28.52943
[1] 113.29030  34.80764 116.13788  50.82762
[1] 129.82574  29.67558 127.94558  20.51104
[1] 138.33219  32.33947 144.57338  39.82353
[1] 125.62705  32.85215 121.64933  27.02989
[1] 148.43843  34.03746 136.31894  22.54265
[1] 141.62406  35.24500 135.01129  35.54458
[1] 155.91487  37.52412 160.99784  45.52138
[1] 150.06973  35.46413 137.33023  34.29221
[1] 123.55325  40.18017 112.60331  26.71151
[1] 141.22191  41.59934 144.33400  86.60804
[1] 140.49715  44.43605 141.03591  36.57045
[1] 161.43406  38.60506 158.58693  56.13118
[1] 144.61097  37.26823 142.79499  26.91444
[1] 155.50049  32.97136 156.58620  80.12053
[1] 156.44938  35.07309 159.20325  42.10802
[1] 136.93613  39.83954 128.64388  26.05490
[1] 130.49390  38.35628 128.26414  21.66458
[1] 136.94133  29.80022 135.88430  20.14821
[1] 122.86299  34.67861 132.77270  34.50332
[1] 134.02310  40.99118 132.35098  34.11309
[1] 141.34054  34.77916 142.12864  31.43080
[1] 111.35266  44.84182 106.06388 129.25660
[1] 116.01500  37.37122 111.91078  45.31441
[1] 133.20918  33.85259 109.77606  93.19524
[1] 2.5
[1] 132.71240  30.48810 133.99196  37.68213
[1] 185.79421  42.65334 166.80328  32.40963
[1] 139.33538  36.07960 145.61057  31.92859
[1] 145.02773  34.76453 140.49187  61.34516
[1] 142.25902  30.43758 143.79599  49.12401
[1] 136.31832  34.30907 134.12743  28.69536
[1] 150.04844  32.69793 147.22990  29.09004
[1] 151.59996  31.99604 146.64133  30.90342
[1] 146.69741  30.38644 147.16643  28.87801
[1] 139.52870  36.67526 135.28592  73.89846
[1] 158.75006  35.41773 151.29065  64.46581
[1] 163.64015  31.82216 141.23534  64.76711
[1] 137.55037  30.98560 133.68861  28.96343
[1] 131.22412  39.83237 124.65667  31.61395
[1] 144.95552  35.29117 141.71688  34.16262
[1] 141.67158  34.99845 134.98211 153.96828
[1] 144.46633  36.71030 142.04277  46.17708
[1] 147.91486  37.55498 146.67555  49.98187
[1] 161.44438  35.60113 160.07716  54.28388
[1] 140.48591  36.66543 144.86361 119.18615
[1] 140.00342  41.81186 135.91976  26.80044
[1] 155.59529  32.52038 146.35942  26.79173
[1] 145.95327  35.82457 143.15049  24.42966
[1] 135.90515  31.94496 129.83932  27.86207
[1] 147.74524  35.56465 143.97330  21.93067
[1] 163.64985  36.33123 165.52420  42.68565
[1] 147.08552  36.48925 132.31541  38.39437
[1] 133.08368  34.45915 132.85066  29.74937
[1] 150.42452  31.70169 150.64740  24.34788
[1] 154.28775  36.21841 155.68938  25.71887
[1] 158.35586  36.06033 157.47400  62.89220
[1] 126.89117  40.06590 126.67835  56.54455
[1] 149.52385  30.92675 149.03610  24.78466
[1] 116.85290  36.76078 127.00441  32.04305
[1] 145.64084  36.57863 140.06377  29.78609
[1] 133.09905  38.42531 130.76506  59.33884
[1] 154.22285  40.38748 128.73963  24.36346
[1] 154.22772  36.47044 145.52293  23.57861
[1] 135.68348  36.89831 143.82571  72.12812
[1] 143.70652  35.73143 143.25663  33.11273
[1] 161.78152  35.06103 153.64396  19.68258
[1] 169.73518  33.32025 137.85292  22.31544
[1] 159.82497  39.37619 153.34430  67.45785
[1] 140.46717  37.29683 143.21486  23.05573
[1] 150.10352  37.58603 147.68764  24.48543
[1] 127.39344  28.65666 121.21301  39.99038
[1] 140.29792  34.02739 149.34337 124.71822
[1] 149.15624  39.22838 154.00182  20.20217
[1] 142.09928  32.90825 144.21234  23.20372
[1] 123.61254  36.03042 121.94228  41.13425
[1] 2.6
[1] 154.72444  38.21421 152.61703  59.32108
[1] 163.28725  34.71477 161.38778  60.06044
[1] 146.62415  34.73558 143.08923  29.44681
[1] 139.17775  35.76364 139.22816  38.02493
[1] 130.42831  31.04296 125.20711  27.62746
[1] 152.41907  42.25242 145.16086  39.24126
[1] 153.25362  35.43286 129.18746  30.60506
[1] 150.43853  37.67723 147.60536  24.22115
[1] 153.60504  37.76782 149.81727  67.63568
[1] 133.16684  36.85041 141.14179  37.50170
[1] 160.12719  33.26076 162.60759  28.10061
[1] 169.46906  32.17943 158.07473  21.66694
[1] 169.21042  33.44087 150.83253  56.50304
[1] 148.67689  30.25886 140.18849 311.01808
[1] 169.26578  34.85377 164.73487  29.44811
[1] 163.0939  38.1256 158.4645  40.2112
[1] 109.13393  32.39234 106.85515 202.91273
[1] 156.42395  40.13477 156.92769  42.70251
[1] 151.42077  33.78996 150.09894  50.51542
[1] 154.93514  39.49389 152.46271  36.40691
[1] 155.61263  36.70251 141.32923  31.90452
[1] 150.79215  40.12027 140.04664  21.94592
[1] 160.05475  36.91263 162.43563  23.97085
[1] 129.50208  39.42403 130.87268  28.24715
[1] 145.53955  37.32521 140.82879  25.83749
[1] 139.99117  36.42735 137.56004  29.63007
[1] 141.23106  34.19057 138.62828  34.02113
[1] 150.20456  34.03972 151.45778  60.15928
[1] 168.23939  36.48337 146.94360  26.69624
[1] 160.07302  36.53102 149.22315  34.41857
[1] 170.07120  32.62116 167.63353  32.51644
[1] 148.61993  37.31497 141.57621  25.17782
[1] 136.59314  39.28290 135.02611  78.44175
[1] 155.62180  42.18405 158.95502  22.33921
[1] 158.72289  34.98985 149.69647  74.35089
[1] 164.17025  30.81961 170.68663 399.64584
[1] 148.42404  32.78981 146.23797  26.67690
[1] 197.44261  34.78386 156.89765  21.89937
[1] 128.26337  31.78231 123.51345  20.39955
[1] 169.14737  35.47581 169.49358  19.49035
[1] 150.01830  31.54321 148.28501  25.25349
[1] 144.83705  30.66122 148.50337  20.45094
[1] 131.10438  39.02726 124.80839  24.49933
[1] 131.71762  34.09064 141.80839  64.27904
[1] 153.66732  40.38327 150.24599  31.66902
[1] 185.35822  37.11994 178.50372  30.67850
[1] 168.28569  33.90428 167.97501  22.22737
[1] 159.05065  28.33467 152.30437  33.60070
[1] 139.20977  31.88002 129.25936  52.56008
[1] 140.53137  35.96030 147.25098  32.68015
[1] 2.7
[1] 175.10294  36.83949 168.59757  72.44538
[1] 143.94408  36.84427 142.68668  26.20242
[1] 175.72865  31.42291 152.72624  21.25543
[1] 177.92500  44.45590 184.72578  28.82192
[1] 197.71991  33.85405 164.55119  86.23840
[1] 185.50525  36.68769 166.48082  44.57530
[1] 164.00166  38.88018 159.56790 152.16071
[1] 144.00917  39.81672 132.15664  24.41205
[1] 163.98209  33.51209 163.40451  24.80786
[1] 136.14888  37.91389 138.14460  26.79345
[1] 165.72303  41.95386 164.21719  38.13295
[1] 152.01477  35.38848 132.76937  21.80817
[1] 168.89766  38.84214 148.06553 118.14509
[1] 178.53937  35.16535 179.17036 122.05462
[1] 160.98825  35.77088 158.11989  30.31331
[1] 153.76334  35.57615 154.30115  42.75870
[1] 181.94249  35.99194 185.27826  24.30304
[1] 197.48042  45.64399 196.19256  28.34058
[1] 161.25182  36.64098 145.63219  99.68848
[1] 156.11257  36.57319 150.92812  26.35534
[1] 167.63680  41.46851 171.56440  34.03948
[1] 144.55556  35.66746 149.50605  26.22140
[1] 168.30340  34.71577 167.39028  65.58252
[1] 161.07752  38.70286 162.33072 130.77034
[1] 139.15566  45.00171 133.72335  36.87272
[1] 168.33991  39.30541 162.97554  85.50609
[1] 167.18260  35.41542 171.54248  25.45459
[1] 167.78285  36.30476 155.21313  29.40161
[1] 172.48867  38.53319 167.59556  34.58742
[1] 176.87490  39.98256 158.20309  25.60241
[1] 160.09756  28.31014 134.72621  17.38144
[1] 132.26335  31.41843 135.02238  24.24241
[1] 175.61865  33.13387 155.32569  27.56752
[1] 185.16373  42.13214 177.32313  24.16103
[1] 226.50658  35.83785 191.57507  94.73988
[1] 165.87305  31.68048 162.40647  81.97289
[1] 156.87346  31.75162 154.30934  31.32555
[1] 158.17074  31.59967 157.40550  39.15857
[1] 170.44679  32.80776 163.21047  31.76218
[1] 189.95396  37.86972 172.32187  46.32799
[1] 174.11780  32.28723 168.97176  40.71024
[1] 167.70662  34.05223 149.11434  44.99438
[1] 153.43173  37.16883 163.32301  71.74456
[1] 145.94572  33.80285 151.79476  48.87195
[1] 158.58727  36.17507 149.61462  91.90525
[1] 128.47116  41.24935 155.38815  34.87541
[1] 169.55876  34.75865 164.68783  24.05443
[1] 147.88396  41.66369 151.15120 103.19341
[1] 132.84684  36.09325 133.83003  41.65777
[1] 161.08614  39.67030 157.63476  37.40502
[1] 2.8
[1] 176.23625  36.81377 163.27950  37.44882
[1] 193.03108  29.28364 183.61825  31.03456
[1] 161.23681  39.54989 162.47480 103.82835
[1] 187.70538  37.71331 186.35062  35.65643
[1] 189.75314  38.44369 190.26385  30.79744
[1] 195.04633  36.08233 193.23735  32.65321
[1] 166.83438  38.71242 164.56418  23.85645
[1] 175.53070  31.43357 176.88823  67.03993
[1] 180.16710  35.02223 152.29864  59.20913
[1] 177.87536  35.18783 170.08517  61.69196
[1] 178.08664  35.76594 177.25781  25.02979
[1] 173.32847  37.73075 176.29446  40.34782
[1] 163.80141  33.36872 156.47142 256.39529
[1] 146.23089  28.68884 149.99643  45.51049
[1] 201.76858  39.80882 185.29383  33.98661
[1] 229.51744  43.47974 231.34612  56.83172
[1] 174.58139  41.21546 168.18474  23.50626
[1] 172.73261  36.99635 174.97913  36.52185
[1] 180.72920  39.48339 174.74199  31.60433
[1] 171.99834  29.98745 172.30710  42.01712
[1] 172.96226  41.36373 167.01596  24.36262
[1] 176.46871  35.21342 167.20122  22.42441
[1] 162.13172  36.80825 162.52303  26.20823
[1] 223.04993  35.14518 222.91117  34.59346
[1] 185.37470  39.81327 181.90316  91.83892
[1] 170.98067  35.61317 170.91726  84.47345
[1] 178.55162  32.67966 179.53510  19.60220
[1] 170.86969  39.06111 161.40280  32.24030
[1] 178.26203  37.33184 161.00579  34.01884
[1] 194.80754  38.64546 181.64749  22.05296
[1] 167.13798  38.96246 162.51677  42.01847
[1] 173.42190  34.48889 172.59254  23.52504
[1] 194.48112  39.07787 198.54952  34.97794
[1] 171.86864  40.10764 169.56489  42.26093
[1] 208.34177  37.92673 176.50630  34.35880
[1] 188.12033  33.69997 170.32391  37.79757
[1] 181.98024  34.99593 185.09865  22.45325
[1] 172.25319  31.46682 168.71267  55.24761
[1] 175.46217  34.55488 174.99269  48.85902
[1] 175.00342  31.71287 178.21131  28.53635
[1] 177.54117  38.42995 180.46435 152.60825
[1] 165.97334  38.94433 171.58791  61.27109
[1] 165.00292  34.92350 168.09054  30.59812
[1] 155.52951  34.92176 155.82715 131.09844
[1] 189.05499  35.56906 201.61693  23.21172
[1] 181.83899  36.74509 155.79260  25.73854
[1] 188.97435  43.07494 184.07774 151.45209
[1] 172.70793  38.35029 176.47518  40.89760
[1] 183.82419  35.42226 198.49253  31.53335
[1] 187.48900  39.55758 194.95923  23.34523
[1] 2.9
[1] 175.88780  38.23164 176.44743 121.24823
[1] 202.29319  37.12552 204.54425  28.64362
[1] 181.98532  38.66166 158.35033  39.39152
[1] 190.50148  40.33192 190.85460  76.79902
[1] 196.65983  36.87893 194.47612  48.97241
[1] 187.14369  35.57804 191.67421  34.13939
[1] 189.04413  39.67641 179.70169  24.22559
[1] 181.13632  31.19304 183.77979  23.35654
[1] 180.18010  35.07750 181.60965  64.44886
[1] 190.33702  35.22449 183.55987  29.28516
[1] 169.49751  32.10697 164.82211  33.49826
[1] 187.89566  37.69844 179.84371  69.45209
[1] 157.33386  37.48095 158.36785  61.93588
[1] 175.00180  41.98693 174.87563 107.90606
[1] 209.08698  33.64296 182.32893 167.42941
[1] 188.53315  37.14536 186.17444  24.78924
[1] 176.18112  40.98050 164.58879  46.76929
[1] 174.86455  36.78958 182.11652 117.74138
[1] 195.73342  38.85320 197.21412  27.91602
[1] 158.78188  43.31960 161.54775  42.88133
[1] 189.63989  33.01186 184.87673  33.75446
[1] 213.76675  33.41077 196.86989  22.93711
[1] 178.79489  43.44999 170.58070  63.53198
[1] 184.44859  39.45096 185.29526  93.02446
[1] 170.18454  36.49667 183.08016  24.41267
[1] 183.32607  35.57182 182.22990  21.34874
[1] 176.3378  34.0891 173.4184 107.6908
[1] 179.31270  30.61274 198.21710  21.34385
[1] 164.66656  38.02686 163.76663  24.23529
[1] 164.66852  31.13507 171.96088  65.86973
[1] 217.83949  44.71141 202.75595  29.30352
[1] 162.09296  35.48999 202.35660  84.07635
[1] 171.05542  30.53204 175.74641  23.71649
[1] 177.53656  35.19040 174.85823  33.75275
[1] 192.44169  37.32469 189.13636  22.83613
[1] 158.82854  41.92646 159.48442  49.45277
[1] 163.07758  34.83314 163.69781  33.71402
[1] 206.17865  37.56669 212.04235  31.46975
[1] 153.12578  36.72211 167.71411  45.42469
[1] 180.27644  37.71082 188.01532  75.96606
[1] 171.14385  40.91225 182.73324  47.55850
[1] 170.35635  34.21974 182.14204  28.42755
[1] 186.02023  34.61283 191.89317 200.84721
[1] 200.22634  33.60265 199.89178  86.67507
[1] 166.74556  32.52427 166.07422  52.74239
[1] 172.86138  37.95340 169.97573  21.87293
[1] 208.67658  38.41819 186.24671  44.36918
[1] 186.23113  42.70030 212.00328  40.65621
[1] 155.75570  43.26631 156.13167  37.83658
[1] 205.74947  38.81711 206.87266  45.61989
[1] 3
[1] 233.31591  38.82475 197.23841  27.35954
[1] 212.24854  43.18193 207.66919  24.57850
[1] 199.32368  33.30573 200.28726  25.18470
[1] 227.08823  37.25466 234.90540  64.88312
[1] 181.90788  35.85128 179.68663  24.99581
[1] 246.61350  41.29901 225.40549  46.98030
[1] 190.50722  33.44301 191.21313  46.16611
[1] 206.33526  32.68740 206.19180  31.21681
[1] 207.34994  37.77597 201.30418 156.88488
[1] 186.88794  36.76721 206.12373  27.21800
[1] 165.67177  31.27742 169.50013  21.04739
[1] 208.89901  39.43894 210.44312  56.55849
[1] 205.53849  34.75240 206.27536  89.98171
[1] 186.32581  36.78187 178.85859  89.54916
[1] 202.01012  42.61984 196.85917  30.33661
[1] 183.64815  36.33322 181.85893  49.60194
[1] 202.24512  45.66787 210.01398  93.77551
[1] 202.43440  34.29602 193.85167  28.47986
[1] 181.77208  41.94163 181.44817  42.73021
[1] 169.60763  42.11598 169.29531 108.43683
[1] 188.2130  38.3522 192.2874 311.0637
[1] 208.18459  33.63507 201.35997  28.82740
[1] 178.50367  38.04103 193.40408  99.51232
[1] 224.44098  32.72090 222.41981  26.85979
[1] 200.81436  37.53329 220.08140  26.39968
[1] 219.94159  36.21331 199.53791  51.92320
[1] 162.61566  31.37586 160.21454  26.39342
[1] 218.96008  41.53990 216.18585  41.24624
[1] 189.80103  47.64847 192.43277  51.32912
[1] 188.67708  38.04511 178.85316  77.50629
[1] 193.71377  38.00192 194.03045  35.57300
[1] 212.23299  35.85121 214.71649 139.47875
[1] 183.38715  40.53339 180.81597  38.41602
[1] 209.63200  40.20598 204.13135  24.65373
[1] 197.11374  38.40628 204.73285  47.76374
[1] 200.52587  49.26087 202.54211  58.99805
[1] 212.46352  41.26314 213.40339  23.86267
[1] 176.67604  35.89319 175.01762  22.66640
[1] 192.47683  37.27308 179.96164  40.64621
[1] 181.94297  38.49074 183.67448  43.38731
[1] 180.06337  35.72304 181.60049  27.04046
[1] 185.97943  35.02016 178.08810  79.81337
[1] 201.88732  37.60834 202.00845  56.10400
[1] 216.87153  30.46514 201.36591  25.77091
[1] 213.63884  37.24664 216.84336  71.70041
[1] 219.73466  42.47658 221.83848  51.47333
[1] 210.71871  41.53664 213.02818  41.45371
[1] 185.89691  36.89265 183.46600  29.21478
[1] 189.27369  39.94797 188.49470  81.39018
[1] 198.39546  43.19188 197.28878  32.93515
