
myseed=5634myseed=28 Loading required package: lattice
 

Loading required package: lattice
myseed=1575 
Loading required package: lattice
Loading required package: lattice
Loading required package: ggplot2
Loading required package: lattice
myseed=2263 
Loading required package: ggplot2
Loading required package: ggplot2
myseed=5306Loading required package: ggplot2
Loading required package: lattice
myseed=8857 Loading required package: ggplot2
 

Loading required package: ggplot2
Loading required package: lattice
myseed=2254Loading required package: lattice
Loading required package: ggplot2
myseed=8065 Loading required package: ggplot2
Loading required package: ggplot2
 myseed=7987
myseed=4713
  myseed=2357

 Loading required package: lattice
Loading required package: lattice

Loading required package: ggplot2
Loading required package: lattice
Loading required package: lattice
Loading required package: lattice
Loading required package: ggplot2
myseed=8240myseed=4924  

myseed=4961 
Loading required package: lattice
Loading required package: ggplot2
Loading required package: lattice
Loading required package: ggplot2
Loading required package: lattice
Loading required package: ggplot2
Loading required package: ggplot2
Loading required package: ggplot2
Loading required package: ggplot2
Loading required package: ggplot2
Loading required package: ggplot2
Loading required package: Matrix
Loading required package: foreach
Loaded glmnet 2.0-10

Loading required package: methods

Attaching package: ‘kernlab’

The following object is masked from ‘package:ggplot2’:

    alpha

Loading required package: Matrix
Loading required package: Matrix
Loading required package: foreach
Loading required package: foreach
Loading required package: Matrix
Loading required package: foreach
Loaded glmnet 2.0-10

Loaded glmnet 2.0-10

Loading required package: methods
Loading required package: methods
Loaded glmnet 2.0-10


Attaching package: ‘kernlab’

Loading required package: methods
The following object is masked from ‘package:ggplot2’:

    alpha


Attaching package: ‘kernlab’

The following object is masked from ‘package:ggplot2’:

    alpha


Attaching package: ‘kernlab’

The following object is masked from ‘package:ggplot2’:

    alpha

Loading required package: Matrix
Loading required package: foreach
Loaded glmnet 2.0-10

Loading required package: methods
Loading required package: Matrix
Loading required package: foreach
Loading required package: Matrix

Attaching package: ‘kernlab’

The following object is masked from ‘package:ggplot2’:

    alpha

Loading required package: Matrix
Loading required package: foreach
Loading required package: foreach
Loaded glmnet 2.0-10

Loading required package: methods
Loaded glmnet 2.0-10

Loading required package: methods

Attaching package: ‘kernlab’

Loaded glmnet 2.0-10

The following object is masked from ‘package:ggplot2’:

    alpha

Loading required package: methods

Attaching package: ‘kernlab’

The following object is masked from ‘package:ggplot2’:

    alpha


Attaching package: ‘kernlab’

The following object is masked from ‘package:ggplot2’:

    alpha

Loading required package: Matrix
Loading required package: Matrix
Loading required package: foreach
Loading required package: foreach
Loaded glmnet 2.0-10

Loading required package: methods
Loaded glmnet 2.0-10

Loading required package: methods
Loading required package: Matrix
Loading required package: Matrix

Attaching package: ‘kernlab’

The following object is masked from ‘package:ggplot2’:

    alpha

Loading required package: foreach
Loading required package: foreach

Attaching package: ‘kernlab’

The following object is masked from ‘package:ggplot2’:

    alpha

Loaded glmnet 2.0-10

Loading required package: methods
Loaded glmnet 2.0-10

Loading required package: methods
Loading required package: Matrix
Loading required package: foreach

Attaching package: ‘kernlab’


Attaching package: ‘kernlab’

The following object is masked from ‘package:ggplot2’:

    alpha

The following object is masked from ‘package:ggplot2’:

    alpha

Loading required package: Matrix
Loading required package: Matrix
Loading required package: foreach
Loading required package: foreach
Loading required package: Matrix
Loaded glmnet 2.0-10

Loading required package: Matrix
Loading required package: methods
Loading required package: foreach
Loading required package: foreach
Loaded glmnet 2.0-10

Loading required package: methods
Loaded glmnet 2.0-10


Attaching package: ‘kernlab’

The following object is masked from ‘package:ggplot2’:

    alpha

Loading required package: methods
Loaded glmnet 2.0-10


Attaching package: ‘kernlab’

Loaded glmnet 2.0-10

The following object is masked from ‘package:ggplot2’:

    alpha

Loading required package: methods
Loading required package: methods

Attaching package: ‘kernlab’

Loading required package: Matrix
The following object is masked from ‘package:ggplot2’:

    alpha

Loading required package: foreach

Attaching package: ‘kernlab’

The following object is masked from ‘package:ggplot2’:

    alpha

Loading required package: Matrix

Attaching package: ‘kernlab’

The following object is masked from ‘package:ggplot2’:

    alpha

Loading required package: foreach
Loaded glmnet 2.0-10

Loading required package: Matrix
Loading required package: methods
Loading required package: foreach
Loaded glmnet 2.0-10


Attaching package: ‘kernlab’

The following object is masked from ‘package:ggplot2’:

    alpha

Loading required package: methods
Loaded glmnet 2.0-10

Loading required package: methods

Attaching package: ‘kernlab’

Loading required package: Matrix
The following object is masked from ‘package:ggplot2’:

    alpha

Loading required package: foreach

Attaching package: ‘kernlab’

The following object is masked from ‘package:ggplot2’:

    alpha

Loading required package: Matrix
Loading required package: foreach
Loaded glmnet 2.0-10

Loading required package: methods
Loading required package: Matrix
Loaded glmnet 2.0-10


Attaching package: ‘kernlab’

Loading required package: methods
The following object is masked from ‘package:ggplot2’:

    alpha

Loading required package: foreach

Attaching package: ‘kernlab’

The following object is masked from ‘package:ggplot2’:

    alpha

Loaded glmnet 2.0-10

Loading required package: methods

Attaching package: ‘kernlab’

The following object is masked from ‘package:ggplot2’:

    alpha

Loading required package: Matrix
Loading required package: foreach
Loaded glmnet 2.0-10

Loading required package: methods
Loading required package: Matrix

Attaching package: ‘kernlab’

The following object is masked from ‘package:ggplot2’:

    alpha

Loading required package: foreach
Loaded glmnet 2.0-10

Loading required package: methods

Attaching package: ‘kernlab’

The following object is masked from ‘package:ggplot2’:

    alpha

[1] 16.51931 17.09769 16.96210
[1] 16.53766 17.66106 17.10669
[1] 16.58764 17.78588 16.91878
[1] 15.26199 16.09085 15.09047
[1] 15.69526 16.99285 15.64771
[1] 15.72984 17.18322 15.68866
[1] 13.80736 13.73496 13.05450
[1] 14.19420 14.28431 13.45790
[1] 14.24508 14.57584 13.45368
[1] 18.09370 18.75066 18.09217
[1] 18.41214 18.19590 18.52505
[1] 18.48210 19.55965 18.50377
[1] 13.92258 13.42702 12.99358
[1] 14.15019 14.56843 13.52381
[1] 13.50407[1] 13.23314 13.08852
 14.00887[1] 13.78365 13.70758 13.47214 13.45451
 13.26465[1] 13.83038
 13.93913 13.43836
[1] 17.78753 17.61191 17.18195
[1] 17.62018 17.93345 17.29505
[1] 17.59789 17.65491 17.28712
[1] 14.63546 14.29125 14.27149
[1] 15.17637 15.19163 14.37344
[1] 15.12641 15.60877 14.36382
[1] 12.67329 12.99600 12.17684
[1] 12.57814 13.16540 12.24441
[1] 12.58961 13.39928 12.24874
[1] 14.97954 15.75497 14.74697
[1] 15.51077 17.72678 15.00688
[1] 15.70296 17.43069 15.09455
[1] 13.86869 14.37320 13.40112
[1] 14.01979 15.34816 13.79803
[1] 14.01919 15.33313 13.69246
[1] 14.15880 14.33765 13.42884
[1] 14.40781 14.81345 14.15744
[1] 14.51618 13.92511 13.71324
[1] 16.19057 17.18282 15.70726
[1] 16.44880 18.14016 15.80141
[1] 16.48238 17.91821 15.83283
[1] 13.43516 13.90840 13.33036
[1] 13.76956 15.46889 13.56870
[1] 13.32202 15.35121 13.44579
[1][1] 13.72045 13.71284 13.54762 13.89120 12.95980 13.19482

[1][1] 13.57162 14.15165 13.85742 14.82886 13.13847 13.69791[1]

 14.14747[1][1] 15.33165 13.55374 14.18838 13.95182
 13.71693 15.53130[1] 13.15962 13.79313 14.09232

 15.37830 14.39210
[1] 14.13285 15.76073 14.55390
[1] 14.86992 14.91995 13.88968
[1] 15.58594 15.74759 14.49140
[1] 15.64789 16.20638 14.50679
[1] 15.56244 15.46596 15.78175
[1] 15.59366 16.26332 16.31462
[1] 16.64773 16.53794 15.75774
[1] 15.35873 14.57261 15.16911
[1] 15.71532 14.59011 15.40110
[1] 15.70680 14.60661 15.73469
[1] 15.88090 15.70764 15.24661
[1] 15.30209 15.83857 15.33330
[1] 15.29702 15.90500 15.22984
[1] 13.73175 15.16490 13.22542
[1] 14.35910 15.25885 13.38975
[1] 14.34944 15.13394 13.37810
[1] 17.71840 17.06307 17.11690
[1] 17.89815 17.93439 17.14539
[1] 17.81215 17.68391 17.63571
[1] 14.43576 14.66846 14.87100
[1] 14.95207 15.40287 15.25766
[1] 15.07236 15.27092 15.37415
[1] 16.28908 17.73289 16.59300
[1] 16.94476 17.07148 17.05907
[1] 17.05582 17.17727 17.37880
