Loading required package: Matrix
Loading required package: foreach
Loaded glmnet 2.0-10

Loading required package: methods

Attaching package: ‘pracma’

The following objects are masked from ‘package:kernlab’:

    cross, eig, size

The following objects are masked from ‘package:Matrix’:

    expm, lu, tril, triu

[1] 0
[1] 11.59215 24.36290 11.16790
[1]  9.340929 20.233270  8.733820
[1] 10.42585 22.89058 10.23233
[1]  9.140603 22.874048  9.786549
[1]  8.709632 21.471557 10.519663
[1]  9.986215 23.083756 10.413522
[1] 11.22297 24.26691 10.85467
[1] 10.16939 18.64432 10.48809
[1] 10.664542 20.461464  9.357247
[1]  9.650302 23.577361 10.475285
[1]  9.13184 21.46350 10.70445
[1] 10.541934 21.275103  9.985136
[1] 10.661828 23.145995  9.654537
[1]  8.766823 19.580330  9.469523
[1] 10.746689 20.644081  9.304995
[1]  9.031489 23.029417  8.945061
[1]  9.516312 18.968312 10.302705
[1]  9.634653 22.166597 10.549250
[1]  9.220138 20.954882  9.132656
[1]  8.151595 21.848681  8.387508
[1]  8.710910 22.419664  8.353011
[1]  8.161187 21.227022  9.144018
[1]  9.532186 20.417291 11.158193
[1] 10.51277 24.54556 10.94670
[1]  8.979734 21.463699 10.043450
[1] 11.22819 26.88326 10.94453
[1] 10.675524 23.425752  9.745553
[1] 10.17410 21.02994 10.39787
[1] 10.85736 24.01744 12.35748
[1] 11.19559 24.64926 10.68066
[1] 10.87379 23.16573 10.51915
[1]  9.081502 23.791428  9.476409
[1] 11.02577 25.70619 11.36660
[1] 11.402310 23.331084  9.724554
[1]  9.095965 23.084917  8.882660
[1]  9.872905 20.312161 10.786487
[1]  9.777691 23.716884  8.869990
[1] 12.58763 24.39419 10.91563
[1] 10.584641 22.147670  8.934202
[1] 11.17829 24.24440 10.78052
[1] 11.42154 23.15157 11.29999
[1]  9.839535 22.623428  9.785556
[1] 11.63011 22.04223 11.38971
[1] 10.314212 23.826603  8.911944
[1]  7.919326 20.382425  7.485741
[1] 12.13033 22.90057 12.86377
[1]  7.534596 19.882419  8.085654
[1]  8.867301 21.703353 15.448278
[1]  8.682961 19.418147 11.968273
[1] 11.61619 22.47035 11.60007
[1] 11.22089 22.41784 11.08853
[1]  9.874737 22.038625 10.216155
[1]  9.914008 23.753560  9.499953
[1] 10.81692 26.02342 10.79421
[1]  9.405509 20.071466  9.669208
[1] 10.55886 23.65164 11.06397
[1] 10.02965 27.28655 10.31495
[1]  9.588163 22.168008 11.928608
[1]  9.942516 24.381579  9.780070
[1] 10.71033 24.62458 10.10981
[1]  7.981922 19.493681  7.994560
[1]  9.122009 22.604957  8.575215
[1] 11.17302 20.19140 11.94711
[1] 10.92156 24.40227 11.17117
[1] 10.61126 23.45898 11.13894
[1]  9.437142 18.715539  9.685804
[1]  8.386518 21.089268  8.614135
[1]  9.591513 18.606558 10.115541
[1]  9.584950 21.976961  9.528451
[1] 10.77075 25.73656 10.92675
[1] 10.083782 20.970182  9.432023
[1] 11.92122 23.67409 11.89932
[1]  9.695093 22.638876  9.785698
[1]  7.952797 22.033576  8.407860
[1]  9.461341 19.489713  9.735282
[1]  9.234409 19.700277  9.333867
[1]  8.333462 18.582468  8.472997
[1]  7.029691 16.982456  7.146181
[1]  9.933424 23.087339 10.062487
[1]  8.549703 18.139263  8.929520
[1] 1.666667
[1] 10.21066 21.84484 10.28046
[1]  8.821225 20.422864  9.410463
[1] 10.187199 22.684735  9.478354
[1]  9.262320 21.265138  9.077805
[1] 10.722148 22.710180  9.600887
[1]  8.418577 19.522046  9.085507
[1] 11.79383 23.54183 11.40264
[1] 10.60243 22.99338  8.36761
[1]  9.136128 21.126352  9.351337
[1] 10.257922 21.119789  7.816864
[1] 10.99340 21.57087 11.44187
[1]  9.131395 20.522049  9.404200
[1]  9.399151 22.275341  8.982324
[1]  9.902347 22.969532  9.679425
[1] 10.50376 22.59197 10.32713
[1] 10.058533 21.415092  9.948077
[1]  8.425942 21.919322  8.223428
[1]  9.243868 20.240194  8.810086
[1] 12.24279 23.72829 10.00180
[1]  8.132624 21.300479  9.306870
[1]  9.863337 20.599414 10.008507
[1]  8.681333 19.214009  9.528575
[1] 11.12760 21.53051 11.01390
[1] 11.28812 23.37653 11.40744
[1] 11.38589 24.12221 11.00506
[1] 10.562272 24.938569  9.196915
[1] 11.40649 23.57849 12.41435
[1]  9.513765 22.926139  9.613146
[1] 10.260427 20.820467  9.757762
[1] 10.249490 20.330406  9.517941
[1] 13.29643 25.80521 11.71024
[1]  9.674777 21.096167 10.364213
[1]  9.480030 21.021528  9.523742
[1] 12.55704 29.15564 11.55860
[1] 11.68445 20.02187 10.34548
[1]  9.925864 26.046346  9.732846
[1]  8.669471 21.556500  9.874496
[1] 10.06154 20.57640 10.75968
[1] 11.43961 22.42676 10.78735
[1]  9.389154 18.588410  9.294663
[1]  8.162342 19.322353  8.970120
[1]  9.027311 23.993144  8.248513
[1] 10.26857 19.83865 10.14080
[1] 10.812548 25.777077  9.825583
[1] 10.18216 20.81792 10.04756
[1]  9.035412 22.205856  8.688763
[1] 10.14061 23.68251 12.70555
[1] 10.32036 22.71250 10.57104
[1] 11.02563 20.59680 11.87725
[1]  9.144109 19.065232 10.669339
[1]  8.988553 22.263756 10.916206
[1] 11.110177 23.579912  8.458767
[1] 10.39686 21.80273 10.05112
[1]  9.132571 21.927810  9.469460
[1]  7.393894 20.062533  6.718697
[1]  9.93830 22.30873  9.78757
[1]  9.961393 21.007039  9.241977
[1]  8.552822 20.901507  8.540929
[1]  9.537619 22.374682  8.625750
[1]  9.302122 21.866913  9.273255
[1] 10.77778 22.06431 12.44429
[1]  9.835514 22.627003  9.456488
[1] 13.58224 27.81245 12.35000
[1]  8.475504 18.094658 11.168354
[1] 11.66513 22.92128 10.91906
[1] 10.09106 20.96891 10.83552
[1]  9.354852 21.908642  9.142845
[1]  9.183163 21.251202  8.494509
[1] 10.67330 25.21073 10.13348
[1] 10.39614 22.61466 10.02691
[1]  8.672646 21.610700  9.558249
[1] 11.24183 24.81876 11.19400
[1]  9.678515 20.277356 10.202315
[1]  9.474195 20.672335  8.850081
[1] 11.17190 23.21664 11.75769
[1]  8.593135 21.507156  8.654064
[1]  9.995226 24.306730 10.510773
[1]  9.851042 22.455432  9.974041
[1] 11.65203 26.73359 11.54503
[1]  9.104678 21.804028  9.677883
[1] 3.333333
[1] 10.440084 22.708412  9.678378
[1] 10.90070 23.23620 10.31778
[1] 10.855690 22.834241  9.485733
[1]  9.476762 20.924669 10.448964
[1] 10.23519 23.57228 11.64694
[1]  9.891163 21.996859  8.609645
[1] 10.68097 22.43491 11.54178
[1] 12.385239 20.365692  9.968406
[1] 10.99693 24.19968 12.45455
[1]  9.691879 26.176639  9.025875
[1] 12.21619 20.97314 11.81131
[1] 11.52905 20.30811 10.71491
[1] 10.866618 19.705782  7.787801
[1] 11.36447 20.86862 12.83748
[1] 13.16736 24.53904 12.53943
[1] 10.320990 18.708297  9.547598
[1] 10.68933 25.18255 10.05144
[1]  9.880609 20.987746  9.147519
[1] 11.24021 22.47181 10.39645
[1] 13.65923 24.37646 12.13314
[1] 10.55985 16.84778 15.34030
[1] 13.00380 25.86571 11.04963
[1] 10.678133 22.039273  9.173641
[1] 11.83625 25.10628 10.98576
[1] 15.01391 24.09779 12.60725
[1]  9.775759 21.769745  9.821573
[1] 12.19122 21.30498 10.77097
[1] 10.87881 23.61163 10.69161
[1] 10.41042 22.80369 10.09560
[1] 10.261839 19.375123  9.825888
[1] 11.26420 24.00138 12.56583
[1] 11.71013 24.41825 12.01346
[1] 10.996693 21.604772  9.957614
[1] 11.13182 21.23473 11.51476
[1] 10.87338 19.76809 11.11801
[1] 10.961259 20.508634  9.839946
[1] 10.745565 22.662028  9.243949
[1] 10.996069 24.012415  8.997378
[1]  9.694952 20.215230 14.803357
[1]  9.999127 19.025458  8.436033
[1] 10.64403 20.40632  9.75429
[1]  8.541177 23.908371  7.633467
[1] 12.67915 26.56991 12.97945
[1] 10.51165 23.37144 10.44579
[1]  9.842990 19.472339  8.709058
[1] 11.14881 24.22859 12.23611
[1] 10.99975 22.68918  9.61999
[1] 10.67291 24.65184 12.75532
[1]  9.221567 25.632459  8.926202
[1]  9.948364 26.220140  9.890273
[1]  9.700728 21.130924  8.574654
[1] 10.72471 23.07366  9.25382
[1] 10.98642 23.13721 11.59905
[1] 13.24778 23.69049 11.97234
[1]  9.490289 19.780909  8.540591
[1] 11.42534 21.15011 14.14458
[1] 11.21777 22.27107 10.66324
[1] 11.13440 21.97426 12.09642
[1] 13.82813 22.72717 10.79969
[1] 11.97650 21.30334 10.52108
[1] 11.82614 23.16567 10.64996
[1] 11.482392 19.897799  9.370805
[1] 12.56790 24.69655 13.86659
[1]  8.709267 18.978093  9.727361
[1]  9.004684 19.617276  9.083724
[1] 11.22255 20.84283 12.61867
[1] 11.208621 24.419614  9.902858
[1]  9.345037 18.587152  9.346427
[1] 10.82268 19.45658 10.03180
[1] 10.655639 20.547145  9.931058
[1] 11.08362 24.22729 11.07102
[1] 12.51698 27.37963 10.85364
[1]  9.151700 21.718070  8.752966
[1] 10.471349 18.825796  9.341799
[1] 10.95387 20.04090  9.28852
[1] 11.19120 22.36890 12.03024
[1] 11.14561 22.48175 10.23210
[1]  9.057872 23.285708  8.802585
[1]  9.847484 20.949148  8.538104
[1] 10.497957 21.683772  9.503631
[1] 5
[1] 13.25134 25.74311 10.49405
[1] 14.512235 23.174721  9.469329
[1] 12.895677 23.298372  9.893616
[1] 12.03398 21.95562 21.33997
[1] 10.467366 22.349103  8.668414
[1] 13.76864 20.63851 11.05017
[1] 11.879433 19.437727  9.897596
[1] 14.72807 20.96940 10.74695
[1] 14.54363 25.10850 12.53072
[1] 13.94872 26.74358 14.16969
[1] 12.475662 20.495404  9.379233
[1] 13.06216 24.30348 11.69944
[1] 13.78351 21.55260 10.03200
[1] 17.63044 25.18684 12.80266
[1] 13.56401 22.13422 11.19533
[1] 12.347931 21.409318  9.646929
[1] 13.56498 21.34550 11.99868
[1] 12.96323 27.91621 12.31445
[1] 12.35505 23.58008 11.18688
[1] 15.80290 22.70433 12.18282
[1] 13.61388 20.95410 18.82141
[1] 16.15907 22.90574 11.65267
[1] 15.12541 23.84361 11.37955
[1] 10.848998 19.247167  9.532224
[1] 15.11991 21.56770 11.37235
[1] 12.82088 20.91666 12.13203
[1] 16.73393 25.88936 12.43636
[1] 13.52288 25.63397 10.76271
[1] 12.32228 21.97498 10.28774
[1] 12.33603 20.55827 10.10832
[1] 12.08696 25.02344 10.78465
[1] 11.28717 19.26005  8.45114
[1] 12.317313 20.534393  9.713202
[1] 13.50825 22.50754 11.41739
[1] 13.47616 21.84824 10.89200
[1] 16.49786 22.42694 13.13593
[1] 13.78677 25.40249 14.55716
[1] 12.40168 24.68303 11.48399
[1] 14.78254 23.34365 10.33646
[1] 13.51314 20.49989 11.45799
[1] 12.997921 18.993190  9.572992
[1] 12.14697 22.23595 10.70985
[1] 12.23045 23.21695 10.29174
[1] 13.219432 22.702101  9.299701
[1] 11.15269 20.51220 10.05116
[1] 11.396271 18.728013  9.617703
[1] 10.49935 23.13980 10.35860
[1] 13.54498 19.20528 10.65230
[1] 13.14038 22.83151 10.84130
[1] 12.78170 23.85005 10.14789
[1] 12.79166 21.73776 11.35470
[1] 13.58136 22.47407 11.48407
[1] 10.765983 21.571054  9.512369
[1] 13.30829 21.80851 11.03925
[1] 11.979291 20.998055  9.815195
[1] 15.04472 22.41580 21.11377
[1] 12.86724 23.18610 10.92677
[1] 12.58041 22.60517 11.86387
[1] 11.89878 20.53552 10.28576
[1] 13.57101 22.49289 11.53178
[1] 11.22877 20.14520  9.84940
[1] 13.34098 23.31033 11.64520
[1] 12.71119 24.78755 11.54634
[1] 12.72676 26.86971 14.08437
[1] 12.311480 22.646913  9.649577
[1] 11.942945 22.366454  9.512431
[1] 10.907189 22.242817  9.290686
[1] 15.40478 26.09997 11.35384
[1] 14.74030 25.70696 12.72267
[1] 11.45411 20.97128 11.05057
[1] 12.72692 23.17567 10.42930
[1] 14.04326 23.89383 10.84073
[1] 11.061290 20.167702  8.525737
[1] 13.75177 21.99681 10.61910
[1] 12.77376 21.83022 10.95735
[1] 12.03482 23.18490 10.57346
[1] 11.174122 21.457246  9.870749
[1] 11.08808 21.45847 11.57580
[1] 12.84458 21.53828  9.66686
[1] 13.37538 26.48572 11.59075
[1] 6.666667
[1] 15.12412 22.02284 12.55963
[1] 13.65440 21.33804 10.22217
[1] 13.74545 20.54474 10.41046
[1] 19.04578 24.65105 14.36788
[1] 15.72241 22.16186 10.23127
[1] 15.46094 20.50214 10.92570
[1] 14.15967 19.46711 11.20388
[1] 14.69702 21.33345 11.23891
[1] 15.97059 19.20093 11.28876
[1] 18.96590 24.95324 12.08128
[1] 14.74666 21.34029 11.88296
[1] 14.38783 20.37651 11.96762
[1] 16.51135 22.45671 12.45920
[1] 13.328640 22.495473  9.179613
[1] 15.42821 21.46248 11.33299
[1] 14.537180 22.191048  9.861013
[1] 13.261953 20.161727  8.934456
[1] 17.23855 23.81925 15.54699
[1] 17.86259 24.33802 13.86491
[1] 14.47705 22.67372  9.67464
[1] 18.38667 24.97395 12.47505
[1] 16.60334 21.95694 10.84689
[1] 13.02184 21.21414 10.24321
[1] 12.50916 19.59612 10.06741
[1] 13.085475 21.123826  8.239993
[1] 13.95725 20.04853 10.99679
[1] 13.71334 21.43059 10.90778
[1] 16.202029 25.538521  9.924379
[1] 15.85674 24.37060 12.43455
[1] 14.91712 21.96741 10.34309
[1] 17.237414 19.773053  8.994867
[1] 13.29315 20.50867 10.31444
[1] 14.91722 20.55654 12.42495
[1] 13.41858 20.65492 11.43221
[1] 14.10426 18.55719 10.14498
[1] 13.32292 23.39164 10.38320
[1] 23.06520 30.99328 12.24701
[1] 17.72341 24.88924 11.59537
[1] 16.62800 24.68848 11.35377
[1] 14.862893 22.111780  9.957874
[1] 16.85732 25.61121 10.56135
[1] 14.151676 23.727469  9.675995
[1] 14.31125 21.07751 17.26828
[1] 15.28769 23.15044 11.32951
[1] 16.37963 23.55989 10.76814
[1] 13.463188 24.425298  9.831537
[1] 13.88137 22.14575 18.11656
[1] 14.09091 21.74145 12.79531
[1] 15.72157 22.86052 10.65666
[1] 14.919031 23.229785  9.741816
[1] 16.18479 21.30488 11.17514
[1] 15.50793 22.56982 14.15328
[1] 16.97213 23.91069 12.50005
[1] 15.93365 26.32330 10.82917
[1] 14.81188 25.20622 10.68059
[1] 15.14745 23.21714 10.76575
[1] 14.49397 22.01297 10.01589
[1] 13.39582 22.42057 12.18143
[1] 17.87383 26.11491 13.50639
[1] 16.77049 25.60767 11.02323
[1] 15.64793 21.93866 12.49342
[1] 13.06935 22.09810 12.73282
[1] 13.55124 21.64424 10.35007
[1] 13.46065 22.75162 11.66527
[1] 14.47731 21.64380 11.13052
[1] 15.33887 23.11161 13.65608
[1] 17.05414 22.52589 11.53343
[1] 18.05560 23.34568 12.09274
[1] 15.27419 22.53206 10.33434
[1] 14.90451 18.71177 10.55429
[1] 18.52802 26.48697 12.22886
[1] 14.79381 23.85746 19.64137
[1] 13.01523 22.35962 10.82198
[1] 14.04127 22.47623 10.92512
[1] 12.00685 23.01018  9.66836
[1] 13.75476 20.40067 11.05683
[1] 17.35828 22.05852 12.16196
[1] 15.72210 21.65830 10.11766
[1] 15.314824 20.264899  9.412573
[1] 16.39523 21.05756 10.53247
[1] 8.333333
[1] 17.03620 21.27110 10.64112
[1] 17.67962 22.75726 13.99702
[1] 16.880793 22.919089  9.816594
[1] 17.36318 20.24519 14.68227
[1] 18.34457 22.40622 10.20371
[1] 16.89742 21.14198 11.23874
[1] 16.86440 24.05264 18.45418
[1] 14.350322 20.389539  9.108083
[1] 20.03082 21.97492 10.90770
[1] 18.65911 22.33426 12.12267
[1] 16.28051 22.00206 15.85514
[1] 19.03452 22.48897 12.13328
[1] 14.96481 19.50367 11.14187
[1] 16.93458 24.55990 12.03233
[1] 18.57129 22.68255 11.29853
[1] 17.489679 23.029387  9.775154
[1] 21.63104 26.49865 13.61575
[1] 17.81513 21.65472 10.61287
[1] 19.95797 25.49519 11.99584
[1] 18.24351 24.88094 11.73645
[1] 20.23555 21.81476 14.66857
[1] 15.567522 22.072099  9.667275
[1] 16.48303 20.71057 12.79769
[1] 17.620844 22.020880  9.629292
[1] 17.61091 24.54880 11.74566
[1] 16.137830 22.066557  9.687765
[1] 12.85018 19.02874 10.27982
[1] 19.59312 26.25718 12.96987
[1] 16.85653 23.58188 11.25080
[1] 15.71370 21.98909 10.53964
[1] 16.98119 21.51534 12.77544
[1] 16.07667 21.65171 11.05697
[1] 15.99582 19.88362 13.92856
[1] 18.84804 21.22891 11.36674
[1] 22.29644 24.74777 15.27118
[1] 17.42199 22.07488 12.69856
[1] 18.48097 19.49668 14.32715
[1] 18.59887 23.81097 14.09263
[1] 17.46092 22.19525 10.84057
[1] 17.11973 20.80137 10.42131
[1] 20.04255 21.23448 14.75939
[1] 20.191833 21.539732  9.779366
[1] 17.677487 20.772314  9.563406
[1] 18.67227 21.78829 14.23338
[1] 12.85822 20.38713 10.25773
[1] 20.79065 24.69016 11.93133
[1] 17.88808 20.99840 12.07022
[1] 16.41843 23.23412 10.00167
[1] 18.540773 25.505836  8.295166
[1] 20.15279 26.65373 11.40108
[1] 19.11523 22.58634 12.00235
[1] 15.860863 23.906297  9.387844
[1] 18.26034 24.93409 13.35007
[1] 18.55050 24.27568 13.02843
[1] 19.98403 25.64583 10.77056
[1] 14.44649 17.51950 11.77090
[1] 16.015301 21.236737  8.818763
[1] 16.69027 22.03949 15.57299
[1] 14.80171 23.40325 12.39490
[1] 17.005846 20.823897  8.949108
[1] 19.81773 24.18954 19.78564
[1] 17.44882 25.11561 13.87243
[1] 19.27300 20.78728 15.65025
[1] 17.07163 23.44869 10.52299
[1] 18.76747 23.81512 11.73046
[1] 17.97281 22.52898 11.90725
[1] 22.08524 23.87540 13.22151
[1] 17.85631 23.98504 10.73807
[1] 16.77877 23.66387 11.11093
[1] 21.24564 21.31999 10.48441
[1] 20.20440 24.46383 10.95356
[1] 14.97531 22.64027 11.40370
[1] 19.88821 22.35571 11.20553
[1] 19.98175 22.65275 11.99546
[1] 19.30405 22.04522 13.34021
[1] 16.12574 25.95983 13.08097
[1] 19.53529 22.40711 15.58712
[1] 20.53468 24.53726 12.14683
[1] 19.56350 23.12827 11.08997
[1] 20.36767 23.16302 11.72474
[1] 10
[1] 21.84768 21.47993 13.62665
[1] 20.61847 23.67065 13.32708
[1] 24.94206 26.20114 14.99775
[1] 21.67593 24.51413 21.04958
[1] 22.39425 25.22304 13.76936
[1] 22.51644 23.19446 14.31457
[1] 22.71438 26.36684 12.43769
[1] 21.98218 25.26781 16.50892
[1] 21.10119 23.89854 11.89781
[1] 15.34635 20.42710 12.49312
[1] 22.46136 21.90166 14.49978
[1] 23.16612 21.77581 10.56974
[1] 19.40937 19.98321 13.53000
[1] 20.86879 24.70646 11.63583
[1] 22.27835 22.05042 15.83334
[1] 19.18135 19.39263 12.42525
[1] 21.82261 20.19668 20.33927
[1] 23.82813 25.34012 13.49275
[1] 21.36114 22.15403 14.61786
[1] 23.13436 20.84710 13.90015
[1] 21.68015 23.01834 10.01859
[1] 24.16518 20.23970 16.25798
[1] 20.76828 23.01494 11.46407
[1] 20.85404 25.14504 10.42418
[1] 21.55167 21.57465 12.00894
[1] 21.09122 19.75857 12.71121
[1] 21.50715 22.27990 11.89450
[1] 26.00160 22.12203 19.32342
[1] 20.12144 22.53024 12.65467
[1] 21.343115 19.501660  9.693746
[1] 20.18087 23.03324 12.17288
[1] 25.45797 24.20821 15.64764
[1] 20.57765 20.04335 10.12593
[1] 22.84481 23.83901 14.99408
[1] 21.44721 22.93268 10.57979
[1] 19.59432 22.64154 11.81596
[1] 23.54494 24.37306 11.82697
[1] 24.11539 24.02547 12.60563
[1] 21.03884 24.51556 12.94527
[1] 18.92619 21.36304 11.18285
[1] 20.87905 22.62999 12.99255
[1] 19.934758 25.442540  9.485375
[1] 20.56047 22.22387 15.21985
[1] 19.42588 21.28833 12.74801
[1] 18.60013 19.91946 14.17595
[1] 17.809325 18.633082  7.281302
[1] 21.46438 22.66989 14.01898
[1] 20.07565 25.97337 12.23144
[1] 22.27317 23.66309 11.28724
[1] 26.20332 23.16581 13.62010
[1] 21.98079 24.03901 13.80722
[1] 23.90835 24.94143 10.83902
[1] 20.82488 20.78619 12.36256
[1] 16.10463 20.07582 10.28210
[1] 21.21500 21.70826 12.12981
[1] 24.14200 26.15672 14.17301
[1] 20.284042 21.285261  8.724571
[1] 21.93770 22.17763 13.59694
[1] 23.62118 23.41244 11.17495
[1] 20.29591 23.94227 12.55242
[1] 22.82368 26.68657 17.45862
[1] 21.09414 24.54373 11.27332
[1] 25.03930 23.95377 13.29047
[1] 16.93421 17.52069 11.34803
[1] 21.86729 23.17209 13.74583
[1] 20.861608 21.806919  8.099449
[1] 21.69053 21.36404 11.13136
[1] 20.22677 22.48135 11.55488
[1] 20.93453 24.00779 11.30573
[1] 22.32489 22.74768 12.09489
[1] 19.96103 22.17142 13.34613
[1] 23.00240 20.88636 12.28281
[1] 21.19753 20.78924 10.54705
[1] 20.12007 20.08002 11.97139
[1] 23.85720 23.89561 19.02682
[1] 25.04097 21.70136 14.59082
[1] 20.78752 20.13795 10.59956
[1] 21.98633 23.99569 15.36479
[1] 20.66321 24.79520 11.51245
[1] 20.58388 20.61123 14.31169
[1] 11.66667
[1] 25.97962 20.57861 14.76092
[1] 24.57735 21.24342  9.75509
[1] 23.58678 21.70747 14.08502
[1] 27.53881 22.02321 15.42816
[1] 20.72934 19.22872 10.18490
[1] 22.74238 22.02220 11.76570
[1] 23.75877 19.69961 11.95578
[1] 22.70941 21.03495 11.39615
[1] 32.44235 24.27745 18.23351
[1] 22.85166 19.86889 14.23743
[1] 22.46493 23.86536 14.08209
[1] 30.65264 24.03397 18.91469
[1] 19.70177 23.16735 12.02399
[1] 22.80674 21.12301 10.83729
[1] 25.28125 22.42164 12.91551
[1] 24.56892 22.39710 17.69606
[1] 23.60856 21.56615 16.56257
[1] 24.64227 23.49446 11.93829
[1] 23.22754 22.25998 13.08298
[1] 24.160951 18.121469  9.003921
[1] 24.34378 23.96555 12.02691
[1] 24.72465 20.01106 11.75963
[1] 26.53004 20.66362 15.23059
[1] 19.99664 21.63086 12.58857
[1] 26.81816 29.57819 10.77120
[1] 25.79305 24.64874 22.78122
[1] 23.15087 21.35075 11.95201
[1] 26.36494 22.80855 12.55913
[1] 27.89955 24.99645 13.22571
[1] 26.13767 24.48549 16.16014
[1] 26.46604 23.88854 11.85813
[1] 26.39773 23.49405 10.45909
[1] 27.95091 21.91725 14.76004
[1] 31.03299 25.76820 20.64160
[1] 29.58026 26.26553 12.56457
[1] 26.75327 24.11143 13.98483
[1] 25.336617 20.459812  9.758125
[1] 24.05619 22.22747 13.35654
[1] 27.08373 23.20112 12.55004
[1] 23.31958 22.13955 14.38884
[1] 22.65871 20.61257 10.90852
[1] 25.02824 21.05114 10.87806
[1] 23.441914 18.003480  9.507562
[1] 25.49410 22.55012 10.57367
[1] 24.24903 19.17434 17.82522
[1] 23.26730 21.70841 12.97352
[1] 26.95446 23.58183 13.34243
[1] 26.15310 21.76915 15.37800
[1] 27.21903 22.16550 13.33618
[1] 22.85268 21.42237 11.08740
[1] 25.71512 21.73579 10.23850
[1] 24.63090 24.85760 11.67305
[1] 26.55745 24.51926 12.03367
[1] 21.35953 19.70446 11.88148
[1] 26.17768 23.93644 11.17967
[1] 23.35457 24.83755 20.98375
[1] 24.08773 21.89613 11.56061
[1] 25.85255 23.74700 12.84229
[1] 24.46691 21.93214 15.38820
[1] 26.75002 25.91498 16.13854
[1] 25.26016 22.22602 10.70563
[1] 26.14266 20.62819 27.71775
[1] 21.50399 19.22779 13.62320
[1] 26.35688 21.94335 11.53497
[1] 25.60898 21.32037 13.95617
[1] 22.69046 24.15862 10.76675
[1] 24.01090 20.80980 14.52062
[1] 21.81622 21.28846 12.55142
[1] 25.85801 21.45116 12.63257
[1] 24.69805 18.12446 18.29619
[1] 21.63541 18.22224 11.00195
[1] 28.16408 22.04563 11.85897
[1] 22.77252 22.68786 10.84325
[1] 24.71323 24.06163 14.84749
[1] 23.11645 21.85459 11.75263
[1] 22.16146 22.46475 18.46203
[1] 23.34014 18.53865 12.30980
[1] 19.94943 21.74534 11.53017
[1] 26.60616 20.26080 13.26492
[1] 25.35034 23.12627 17.98995
[1] 13.33333
[1] 28.535726 23.478764  9.781819
[1] 29.34363 26.32228 15.55043
[1] 35.81081 27.82519 18.56780
[1] 27.328268 20.663955  9.273571
[1] 29.20079 20.01846 12.14852
[1] 31.39366 28.29878 14.42421
[1] 31.55570 24.58523 34.33711
[1] 32.22696 26.55584 13.86540
[1] 37.95776 21.96145 14.93405
[1] 29.18844 21.10691 13.20158
[1] 26.65739 20.22317 16.70570
[1] 29.08305 22.93962 12.62988
[1] 27.44334 22.80870 13.21805
[1] 29.77630 21.09161 13.43145
[1] 30.47209 22.86490 15.76176
[1] 28.63864 23.47367 18.64406
[1] 30.05003 24.10659 10.37803
[1] 27.09885 19.00901 12.59787
[1] 32.03265 19.44857 23.90661
[1] 28.52831 19.79509 12.46490
[1] 28.80474 25.55736 12.00130
[1] 33.26933 24.25675 12.86155
[1] 32.42949 24.26964 19.23895
[1] 26.81666 22.08916 13.03283
[1] 26.73669 20.79632 13.77136
[1] 31.11163 20.77776 13.22848
[1] 32.51360 24.36404 13.54892
[1] 30.47817 23.59651 16.04823
[1] 30.29832 20.51956 12.97699
[1] 32.62420 25.44075 13.66076
[1] 30.13023 23.87590 12.37799
[1] 31.85309 22.41096 16.60274
[1] 30.54516 19.04883 10.76133
[1] 32.08135 24.22030 18.17394
[1] 27.74443 26.15359 14.17814
[1] 28.61214 24.59962 20.11868
[1] 31.30746 23.19344 15.17007
[1] 31.68432 22.32521 17.36521
[1] 31.18758 25.39034 16.43547
[1] 28.50334 21.77654 15.18391
[1] 29.26856 23.56523 16.12739
[1] 31.65490 24.44519 11.10657
[1] 35.85293 22.75168 16.06974
[1] 27.97728 23.88883 11.08010
[1] 31.14887 25.64037 12.96218
[1] 28.09894 23.67506 21.56878
[1] 30.34447 26.97213 14.78178
[1] 27.55529 22.20131 12.51810
[1] 29.56158 24.04739 13.00415
[1] 26.67192 20.78194 12.67214
[1] 32.76768 24.72573 15.16628
[1] 27.96238 21.31333 12.06580
[1] 34.77563 26.29129 14.00168
[1] 32.03033 25.06806 14.69940
[1] 29.63409 22.57047 12.94456
[1] 30.06779 20.42055 11.85149
[1] 29.05349 23.31209 12.57588
[1] 31.48510 22.18202 14.26872
[1] 29.246882 22.238834  9.538652
[1] 34.60289 24.22654 13.75701
[1] 31.55955 25.72223 14.49403
[1] 27.35686 23.46288 16.45551
[1] 30.23753 20.97811 19.43081
[1] 27.15942 23.84762 20.10704
[1] 29.84824 21.10626 18.10729
[1] 26.46649 22.78604 14.24780
[1] 27.51930 21.23916 14.44168
[1] 30.10558 26.62279 13.42891
[1] 28.91909 22.07910 14.04960
[1] 28.34586 22.24168 15.98176
[1] 34.92659 24.20855 17.02932
[1] 27.60614 21.67384 18.78142
[1] 33.36724 23.50847 13.38561
[1] 32.33806 20.51576 18.44675
[1] 29.93375 24.54956 12.46334
[1] 29.48386 24.89535 21.08001
[1] 28.48605 22.59323 10.56956
[1] 28.27378 20.58398 13.00533
[1] 32.32286 24.35243 19.26423
[1] 32.63382 22.81734 13.00783
[1] 15
[1] 37.47300 22.45008 17.62474
[1] 33.533837 21.503851  9.582914
[1] 34.07862 20.71069 13.33976
[1] 36.54849 24.76925 15.54724
[1] 31.86645 23.71125 17.13468
[1] 31.586415 19.085503  9.861276
[1] 36.75827 24.89399 25.67343
[1] 35.46974 24.84577 19.00795
[1] 35.53683 20.87062 20.46873
[1] 32.61550 20.78576 19.54354
[1] 37.68948 22.39536 12.85738
[1] 32.85044 21.12277 11.97549
[1] 33.51808 24.54251 14.98155
[1] 36.42062 24.34836 16.47932
[1] 36.45097 20.55393 13.29333
[1] 35.00493 26.29953 23.31245
[1] 37.22546 22.61417 15.39875
[1] 29.580140 19.532192  9.000785
[1] 31.45390 20.67386 17.71072
[1] 35.93126 23.49240 15.69041
[1] 35.12871 19.73014 14.06568
[1] 33.51760 23.25336 13.71666
[1] 34.32609 25.36863 11.19142
[1] 29.03472 21.58911 12.18176
[1] 37.01612 22.66051 14.77553
[1] 35.92473 25.34340 15.05505
[1] 29.30263 22.13426 13.76454
[1] 30.83947 27.03367 13.59376
[1] 35.63853 22.59611 11.04945
[1] 37.85357 25.31513 11.34684
[1] 37.57208 21.96503 16.97106
[1] 37.59592 22.30193 13.88311
[1] 31.40474 24.99132 19.75474
[1] 28.80143 22.11184 16.28514
[1] 37.35784 25.54919 15.48515
[1] 35.14445 22.93878 12.94777
[1] 35.96449 20.60621 14.79789
[1] 35.07810 23.71214 23.29661
[1] 30.72562 21.95075 11.82490
[1] 37.16847 24.52368 11.50838
[1] 34.35003 19.40424 13.34303
[1] 35.02822 24.24109 17.24495
[1] 35.47265 25.74161 12.66906
[1] 31.65251 23.43110 11.07260
[1] 38.02223 22.04822 15.62252
[1] 35.31509 21.65437 11.09247
[1] 37.68240 20.94196 16.58600
[1] 37.78834 22.06408  9.36399
[1] 34.34065 19.82508 10.99045
[1] 28.06325 21.16412 19.58240
[1] 41.63030 25.20335 18.13762
[1] 32.65308 22.86514 12.30924
[1] 33.33278 26.15335 12.03320
[1] 35.71872 23.27941 14.55469
[1] 36.22133 23.04028 27.04514
[1] 30.72659 23.71545 20.77314
[1] 34.75153 24.78551 21.00077
[1] 32.49147 22.64314 13.84870
[1] 35.22078 25.13653 15.27011
[1] 32.38177 23.75497 12.48496
[1] 36.49687 22.24421 14.07652
[1] 27.37193 20.79266 18.32955
[1] 29.83215 20.59793 14.30168
[1] 34.49885 26.02660 21.36183
[1] 31.53925 21.50985 12.87523
[1] 38.17892 22.61422 22.61993
[1] 34.07657 22.52734 10.20072
[1] 36.46607 21.61534 14.61856
[1] 28.22543 21.54062 21.22304
[1] 32.65672 23.05154 16.53222
[1] 38.93608 23.43859 17.64661
[1] 32.61179 21.44757 13.21313
[1] 29.346700 23.423790  9.133505
[1] 39.31410 24.67371 17.81373
[1] 32.03581 26.50115 13.14607
[1] 36.92478 21.88710 11.43039
[1] 34.53784 23.20894 14.30219
[1] 42.28843 25.27714 13.74403
[1] 36.94368 22.02854 21.14008
[1] 30.06114 25.50698 18.81486
[1] 16.66667
[1] 38.35846 21.63710 12.58413
[1] 42.95382 26.34170 29.74054
[1] 36.69846 23.96388 20.64749
[1] 37.25969 23.93318 13.86562
[1] 43.45118 22.35123 11.45871
[1] 41.86702 26.49889 17.36041
[1] 45.92756 28.47758 15.98630
[1] 40.21122 24.37862 22.66945
[1] 41.69037 24.90747 17.66931
[1] 37.01546 21.69301 19.10137
[1] 36.84558 28.89580 18.71797
[1] 43.53960 27.45724 29.32294
[1] 39.73010 23.71070 19.54818
[1] 40.20259 19.03502 11.56253
[1] 45.95063 25.80349 25.33752
[1] 35.56085 22.02463 13.60752
[1] 37.23437 22.26806 11.93947
[1] 37.54392 21.68408 12.09844
[1] 36.85895 24.60047 16.38606
[1] 35.91022 21.60327 11.58372
[1] 39.31659 21.41544 12.65773
[1] 43.29066 22.77464 21.35857
[1] 36.59525 20.56913 12.57570
[1] 41.57146 26.04088 14.15988
[1] 38.90272 23.44502 35.66178
[1] 38.46005 21.30019 10.97980
[1] 42.96533 23.54771 11.58712
[1] 42.52422 21.91096 10.74875
[1] 46.04086 24.52191 27.27997
[1] 34.11280 20.55397 14.72777
[1] 34.63804 21.35305 20.67036
[1] 39.26779 20.90536 11.12840
[1] 40.42927 23.82323 13.64068
[1] 38.73565 19.86485 14.61091
[1] 41.22986 18.72996 21.83577
[1] 38.30832 21.87635 15.78818
[1] 43.62518 22.67299 15.22601
[1] 38.71812 21.69240 16.52301
[1] 45.84757 23.23328 18.39739
[1] 36.02689 22.26067 13.69422
[1] 37.18429 27.06014 14.98765
[1] 37.37370 25.97871 35.74426
[1] 38.16019 27.70692 28.83378
[1] 35.79638 22.96795 13.05753
[1] 41.97743 23.47248 16.06279
[1] 37.64130 20.77818 15.08620
[1] 43.47241 24.29230 17.69732
[1] 39.42044 20.71726 15.87210
[1] 36.61980 20.15525 16.41915
[1] 40.18563 25.67597 15.41692
[1] 39.68466 26.24865 11.00466
[1] 41.52305 23.49111 16.35622
[1] 34.21161 22.47926 21.86185
[1] 38.76612 24.38693 17.72989
[1] 39.70667 26.15917 15.56946
[1] 39.03115 25.76207 12.97094
[1] 34.34971 22.75658 15.68245
[1] 44.72328 20.89779 21.32161
[1] 38.69175 20.09984 12.58189
[1] 39.11604 24.56102 17.17370
[1] 42.49495 26.96239 14.12661
[1] 38.71329 25.69406 15.17773
[1] 36.21531 25.74672 11.18719
[1] 30.97376 23.44563 22.88929
[1] 37.91879 20.77384  9.76242
[1] 36.24193 24.07087 16.36956
[1] 38.10368 21.56080  9.90735
[1] 46.89820 23.22440 18.34212
[1] 37.66855 22.41390 15.23995
[1] 37.88132 21.84451 12.63051
[1] 44.11256 24.92031 25.52474
[1] 37.14024 22.44959 10.96685
[1] 38.42246 21.00137 28.72818
[1] 38.29881 24.76915 20.66803
[1] 45.35023 23.42249 17.40713
[1] 33.72690 23.13020 15.20747
[1] 41.88300 22.03752 13.61995
[1] 44.75297 22.38013 11.33905
[1] 43.96527 22.89241 26.46860
[1] 42.30621 28.37138 33.34045
[1] 18.33333
[1] 44.26461 22.58665 17.69570
[1] 49.89594 23.63299 15.25815
[1] 48.05008 23.77108 19.82263
[1] 51.27195 26.07700 17.59067
[1] 47.75156 23.10755 15.24781
[1] 48.12605 24.53904 19.99620
[1] 51.11253 21.93479 26.41682
[1] 51.11120 24.70449 20.79059
[1] 48.44022 26.10960 16.51421
[1] 44.83949 24.89205 25.01155
[1] 44.20448 24.97914 11.77950
[1] 47.47897 27.30385 25.97918
[1] 48.55550 23.38435 22.32972
[1] 43.50828 21.07936 14.92097
[1] 43.48193 20.97728 21.02879
[1] 40.90580 18.83658 18.42513
[1] 42.61454 19.53673 10.61483
[1] 42.50304 19.82655 15.54749
[1] 40.06232 21.62941 12.14388
[1] 39.87351 24.32539 26.01879
[1] 39.27332 23.17215 10.47576
[1] 43.60877 23.23800 13.44427
[1] 44.64149 25.73698 21.70827
[1] 53.66606 26.54859 18.94205
[1] 40.58938 23.74935 15.03731
[1] 46.66356 24.07328 13.28496
[1] 50.49928 25.38655 20.33659
[1] 44.21639 23.34217 14.97364
[1] 49.64150 23.91458 16.14080
[1] 43.28186 25.05637 29.43848
[1] 47.20636 29.26951 23.04951
[1] 53.54211 24.25100 15.17989
[1] 50.39963 28.03763 18.93436
[1] 42.60562 21.80122 10.74884
[1] 45.20443 22.81629 21.59371
[1] 47.03763 24.54653 14.19007
[1] 49.30855 24.32229 18.44625
[1] 47.81647 22.76218 26.20622
[1] 42.82598 21.81701 16.04285
[1] 42.61830 23.61632 15.43900
[1] 44.91503 29.48067 17.94561
[1] 42.58721 25.98014 17.67989
[1] 43.25060 23.21157 20.43629
[1] 45.71027 23.52414 25.68936
[1] 53.24195 24.71790 17.76031
[1] 48.76341 25.01862 20.34509
[1] 50.09806 26.58012 18.02252
[1] 45.42123 25.50290 21.47770
[1] 47.40857 21.20615 23.75594
[1] 39.61471 25.16915 12.02220
[1] 51.48574 23.94731 19.46653
[1] 48.65784 21.10199 22.61669
[1] 42.73299 24.97695 14.76285
[1] 42.38971 23.31086 10.58899
[1] 44.51559 21.83859 13.80266
[1] 46.91861 23.59122 27.45260
[1] 39.32203 21.99233 15.53626
[1] 46.19738 20.62343 12.49168
[1] 43.55996 21.86643 12.13247
[1] 47.08307 27.47155 18.80750
[1] 51.88433 23.84293 19.37999
[1] 46.43303 26.93447 16.98472
[1] 46.11958 24.91574 25.37498
[1] 45.21164 22.82516 18.71435
[1] 39.98184 23.58565 15.64685
[1] 49.97039 23.47779 31.26400
[1] 40.17257 22.84244 16.42435
[1] 40.42924 22.71933 11.97929
[1] 49.52104 22.40497 18.50750
[1] 42.47321 21.71837 25.37808
[1] 42.67192 25.99101 13.68428
[1] 42.36942 20.07826 17.31098
[1] 41.96377 23.41207 37.67929
[1] 43.55281 21.96774 13.00407
[1] 55.95973 23.28895 19.02531
[1] 42.73159 21.76432 11.67126
[1] 43.86755 24.09864 17.34384
[1] 43.40771 19.06992 17.53547
[1] 38.39111 19.02391 11.43217
[1] 42.22738 23.54168 16.71157
[1] 20
[1] 54.56303 22.40788 15.17580
[1] 41.80167 24.15379 14.19784
[1] 52.79898 23.30322 18.19593
[1] 49.65247 23.29350 29.17972
[1] 54.12582 25.78363 16.24264
[1] 49.16119 24.77082 13.69044
[1] 42.43052 22.48042 19.92020
[1] 50.70725 23.58328 11.46386
[1] 49.19046 20.69848 22.15829
[1] 49.89737 26.19855 18.09037
[1] 51.67498 23.33265 17.79642
[1] 53.89309 26.54967 20.50313
[1] 51.74563 21.56809 12.28209
[1] 55.15971 24.86624 16.72645
[1] 52.83718 24.75986 13.63764
[1] 45.82819 22.58615 18.87610
[1] 49.84236 25.52884 12.35245
[1] 49.96894 20.83301 24.85930
[1] 55.89401 24.20200 12.79847
[1] 44.50638 21.56272 13.03511
[1] 45.07587 24.16632 17.09052
[1] 42.50088 21.72851 17.44533
[1] 50.20709 22.12026 19.26346
[1] 46.91984 21.91485 28.65544
[1] 53.18905 25.20817 18.34210
[1] 55.64074 23.79291 12.37154
[1] 54.65773 25.70547 17.36920
[1] 48.35493 20.09975 23.95113
[1] 53.95328 19.16731 14.01161
[1] 54.20280 25.37561 60.19206
[1] 45.81442 22.50259 12.78619
[1] 49.40118 25.53099 27.45313
[1] 53.17902 22.66463 18.00847
[1] 52.49334 22.12794 11.72254
[1] 49.88944 27.38761 19.17050
[1] 54.63347 23.52664 19.49731
[1] 48.73195 24.74119 14.60900
[1] 53.24692 23.60625 14.00007
[1] 51.88443 19.87584 18.18437
[1] 54.41386 20.28209 29.39167
[1] 54.60530 23.89321 14.06373
[1] 47.97470 19.34051 31.82828
[1] 52.73862 23.24191 26.11749
[1] 56.18940 22.93963 14.87007
[1] 47.72701 23.60610 19.53774
[1] 44.60342 27.71304 21.01208
[1] 47.62673 22.30270 14.58152
[1] 50.33446 22.29166 13.47830
[1] 47.46340 21.04459 13.83080
[1] 55.23569 24.79295 15.48297
[1] 51.03495 24.42364 14.64586
[1] 53.65912 27.65748 41.04040
[1] 54.25549 19.92773 20.32874
[1] 55.94171 22.84570 21.18700
[1] 53.23254 21.74904 13.44025
[1] 51.09825 26.62246 16.65534
[1] 48.34152 20.38825 25.68637
[1] 55.73864 24.82729 17.16642
[1] 51.78012 24.19216 18.08431
[1] 50.74338 20.09439 26.43953
[1] 61.39814 22.40905 17.71508
[1] 53.34121 26.15598 24.41506
[1] 50.85967 22.78999 11.46812
[1] 41.46754 20.12087 24.64263
[1] 47.83910 24.67043 20.78619
[1] 43.53309 20.25563 24.19984
[1] 43.80650 22.21471 22.47810
[1] 51.04815 28.85601 32.87102
[1] 47.93228 26.23019 17.87346
[1] 49.82875 24.62150 17.74318
[1] 58.92833 24.23676 23.26523
[1] 51.59800 25.04189 23.65503
[1] 46.01565 26.89651 30.48460
[1] 54.52003 22.21366 19.90373
[1] 61.70316 30.51296 16.51327
[1] 48.61227 26.60326 18.19905
[1] 49.39501 30.59117 20.92037
[1] 51.74810 27.23849 21.65687
[1] 49.92702 21.73205 25.23508
[1] 44.57493 20.92334 41.06978
[1] 21.66667
[1] 53.06741 23.53266 18.06025
[1] 64.22675 21.23363 19.67834
[1] 68.15196 24.32777 18.73736
[1] 63.83807 23.99844 27.08071
[1] 51.64772 22.80371 11.59004
[1] 58.57791 26.62592 20.68484
[1] 53.11086 22.29736 19.05256
[1] 62.05448 21.32778 15.72166
[1] 59.27693 26.84772 19.04326
[1] 61.39593 20.24178 15.38777
[1] 54.73994 26.76592 22.36601
[1] 66.22314 22.55178 29.78577
[1] 55.40449 22.80869 17.93657
[1] 60.18952 25.70940 15.89750
[1] 62.33280 23.39729 19.17350
[1] 47.55169 21.20621 14.75881
[1] 57.63223 21.59125 11.82644
[1] 52.13131 20.29503 17.30963
[1] 53.63000 18.10633 12.57585
[1] 59.26734 24.51772 21.98958
[1] 57.97209 23.17875 10.71295
[1] 63.14507 25.45286 20.66507
[1] 58.40578 21.73045 13.89826
[1] 63.81130 23.84414 15.35648
[1] 57.97962 27.69207 15.61119
[1] 57.95641 24.66540 21.14061
[1] 63.74903 22.71490 24.94246
[1] 60.60860 22.98410 20.04102
[1] 54.28697 21.45657 17.86988
[1] 57.04051 23.26387 32.94726
[1] 51.62820 21.94928 29.07457
[1] 54.92105 25.99845 17.81536
[1] 57.01873 23.58761 25.97036
[1] 66.82195 22.75857 18.39653
[1] 58.90344 22.85860 15.48362
[1] 62.70312 23.88698 21.17410
[1] 60.68035 28.19545 24.46254
[1] 56.16278 20.27735 13.90974
[1] 55.95237 24.60690 41.23682
[1] 58.86670 23.86127 16.62852
[1] 54.47273 25.59306 15.42200
[1] 52.97457 21.83177 12.07026
[1] 57.31949 21.44318 32.78185
[1] 56.18865 21.55659 15.39529
[1] 58.71875 23.39738 26.81315
[1] 58.26521 22.92015 16.10496
[1] 69.31628 24.64831 31.49615
[1] 67.29858 24.29106 18.07272
[1] 59.05367 26.46388 33.45670
[1] 62.56989 21.98696 17.79618
[1] 58.00344 23.51007 14.47463
[1] 62.76751 22.86028 24.19472
[1] 63.32585 27.20131 14.44424
[1] 54.63421 23.52006 17.22389
[1] 58.28060 24.90186 21.72366
[1] 64.21215 21.44214 30.52029
[1] 60.53003 24.30590 25.03914
[1] 55.23950 19.37340 12.41109
[1] 58.44968 20.41315 44.49974
[1] 58.15218 25.02963 21.57989
[1] 55.37323 23.60795 24.91000
[1] 55.38026 21.26057 17.31818
[1] 53.06705 20.56825 14.50907
[1] 61.63134 28.80271 24.67282
[1] 60.49069 26.76364 16.00757
[1] 60.92245 26.24273 20.07619
[1] 48.78376 24.25251 23.45590
[1] 60.06570 22.51723 17.43658
[1] 58.39681 22.69122 13.83814
[1] 55.62183 19.43089 12.30281
[1] 57.90778 21.59783 17.66328
[1] 50.03623 22.63645 59.15547
[1] 50.36098 25.58662 12.12198
[1] 54.62473 21.60668 14.22505
[1] 59.13717 23.87344 17.23964
[1] 55.38613 23.98568 18.96636
[1] 62.77209 24.50279 15.07469
[1] 54.09972 27.96038 21.60635
[1] 70.16070 23.29290 21.56024
[1] 55.98729 23.20582 18.32653
[1] 23.33333
[1] 60.15801 21.85207 23.76225
[1] 72.02900 25.71958 36.47815
[1] 64.36124 25.90513 15.28598
[1] 67.82324 27.29453 48.73227
[1] 60.98529 23.00188 22.18530
[1] 72.64846 22.87218 23.30808
[1] 62.29833 25.96284 21.19750
[1] 59.98202 21.05552 23.31843
[1] 55.85000 22.92404 32.79732
[1] 57.72163 22.06741 11.04591
[1] 58.87971 28.03076 17.85206
[1] 66.90622 26.48114 25.48239
[1] 59.38680 22.62733 42.15825
[1] 75.64884 25.35597 37.94164
[1] 64.76770 24.84606 20.87232
[1] 80.11640 33.63883 44.62940
[1] 58.78683 24.54612 15.62590
[1] 66.46993 25.71576 20.68569
[1] 65.66132 25.45970 16.44828
[1] 76.69490 27.90123 14.70261
[1] 61.89190 22.08090 21.39585
[1] 63.10021 23.84634 21.53459
[1] 62.73822 26.23024 17.65872
[1] 64.84462 24.51775 20.24182
[1] 63.86980 23.65131 30.14871
[1] 67.39937 22.71005 14.64141
[1] 63.16175 20.63756 16.89050
[1] 81.27285 25.66512 19.80493
[1] 55.29485 27.87719 20.04245
[1] 66.92382 22.15333 19.32307
[1] 62.68879 23.07799 30.79014
[1] 60.82863 25.47951 17.14371
[1] 65.93621 24.61787 19.99687
[1] 58.70081 24.20065 17.54011
[1] 67.29194 21.99379 30.33005
[1] 61.84968 23.95927 23.45945
[1] 66.74990 23.20731 19.84411
[1] 62.29814 25.88225 16.71226
[1] 74.28214 25.34309 23.09898
[1] 71.40195 25.37348 19.01192
[1] 66.73916 24.86878 17.29522
[1] 63.88306 20.79698 24.42723
[1] 59.32798 22.82107 15.06048
[1] 62.24272 21.18209 16.27923
[1] 60.56500 22.25801 15.01975
[1] 73.82754 23.43005 18.09291
[1] 62.86819 23.04023 14.13101
[1] 60.74677 25.31806 24.32291
[1] 51.33587 23.53807 19.28786
[1] 65.22508 24.10300 16.88329
[1] 54.63420 20.61867 19.53766
[1] 60.66284 21.94904 34.14611
[1] 66.60063 27.35403 29.51073
[1] 72.65121 26.37058 30.16617
[1] 70.36225 23.04204 18.93038
[1] 65.62345 23.35272 14.01409
[1] 69.64778 25.47316 19.21358
[1] 59.47792 22.58755 19.76564
[1] 65.44251 23.57855 22.41690
[1] 64.82182 20.28591 23.34046
[1] 60.37768 22.35347 24.40624
[1] 62.79978 24.31366 13.53668
[1] 74.52047 24.99188 12.40927
[1] 52.02913 18.33380 11.68928
[1] 66.46267 23.47259 19.08881
[1] 60.03669 22.96185 14.33584
[1] 73.13516 24.68479 12.13971
[1] 67.13498 30.78657 17.18051
[1] 65.55633 23.59603 30.52053
[1] 63.36087 23.25529 11.48702
[1] 64.19896 25.79699 16.66336
[1] 59.24734 20.75786 16.91678
[1] 65.67526 27.39489 28.48406
[1] 65.67356 25.87665 23.37360
[1] 66.83991 27.73938 45.97181
[1] 58.78847 21.61044 18.73659
[1] 70.74291 24.42913 20.71798
[1] 63.61780 25.41984 17.88552
[1] 62.11332 21.67271 12.86848
[1] 69.89143 25.83775 27.64222
[1] 25
[1] 82.50325 20.82553 15.37224
[1] 72.46746 26.19127 16.18635
[1] 87.44409 25.38754 18.69959
[1] 72.98377 19.72500 21.71062
[1] 69.68800 23.12552 14.54610
[1] 57.64543 21.78240 15.23969
[1] 66.14616 25.17891 29.79735
[1] 78.68767 26.35574 40.43620
[1] 72.82154 20.99398 34.51924
[1] 78.11426 26.40327 46.65460
[1] 69.64357 22.65158 12.70476
[1] 65.03659 22.99861 34.14390
[1] 68.63307 24.33426 32.46490
[1] 67.01086 27.88912 18.98675
[1] 71.89085 21.09056 22.82878
[1] 65.12446 21.60860 17.61719
[1] 78.30226 32.66516 18.23609
[1] 61.52152 26.33096 20.39454
[1] 70.47622 22.77438 26.07001
[1] 78.49397 24.55086 15.20287
[1] 68.55837 24.66490 30.12307
[1] 72.15051 25.84815 22.32526
[1] 81.82091 27.37668 26.16106
[1] 69.57561 22.90689 27.03522
[1] 74.17447 29.40781 26.38197
[1] 79.30291 24.37225 16.25974
[1] 83.16802 25.24782 15.76177
[1] 67.25943 24.46210 23.46855
[1] 80.76841 24.26347 27.89195
[1] 67.52868 23.13755 17.99987
[1] 61.57683 24.70515 28.67986
[1] 70.68136 22.53600 20.40167
[1] 72.92081 23.90277 36.60001
[1] 74.65011 23.67794 22.08646
[1] 71.88626 28.81086 23.74055
[1] 61.89445 25.80672 37.37302
[1] 74.92829 26.07716 21.32793
[1] 68.98269 23.79412 19.94067
[1] 77.72959 23.65345 19.18049
[1] 76.80653 25.10586 16.35398
[1] 78.18043 23.56059 19.91699
[1] 66.07271 27.10031 22.91263
[1] 80.71064 26.37326 21.91586
[1] 70.60407 21.96686 12.65836
[1] 73.05550 24.45590 19.26175
[1] 85.46627 27.01358 41.85630
[1] 72.16105 22.99631 59.55313
[1] 75.88339 26.18805 22.10891
[1] 75.70573 26.94592 20.00084
[1] 71.97258 27.13586 18.61459
[1] 69.29040 23.70102 17.40946
[1] 82.80449 21.49805 31.95583
[1] 75.76176 23.12557 19.37370
[1] 77.97566 26.75047 21.56383
[1] 77.98036 27.42477 28.57630
[1] 61.64236 20.22478 21.00640
[1] 65.82403 23.74409 33.96637
[1] 71.74698 24.24166 25.81965
[1] 67.49862 24.67591 14.22688
[1] 83.73517 27.38277 22.57746
[1] 70.19768 21.69099 14.74412
[1] 65.91840 21.48212 25.54070
[1] 74.19570 25.56444 41.26298
[1] 68.47357 24.61969 12.81833
[1] 60.40597 23.79515 24.69480
[1] 63.97404 22.39407 33.87983
[1] 75.88056 27.91889 22.54403
[1] 71.17051 24.72356 15.25757
[1] 63.45630 24.29700 18.51404
[1] 91.55537 22.97677 28.47686
[1] 77.84374 25.14978 18.46144
[1] 66.90372 22.50111 12.72136
[1] 81.10909 24.93183 15.73743
[1] 63.39666 23.06986 13.81302
[1] 75.86305 21.70987 17.97130
[1] 66.07782 23.84476 18.00493
[1] 65.86113 23.37113 15.53683
[1] 69.34143 26.83774 15.74981
[1] 70.89237 22.38552 20.75347
[1] 66.02256 21.96471 56.15288
[1] 26.66667
[1] 81.95971 21.30900 21.35866
[1] 83.93204 22.02083 15.16245
[1] 75.71940 22.97445 21.64591
[1] 84.75038 26.93383 23.56684
[1] 77.24435 24.05618 29.48971
[1] 76.46387 26.15648 28.69586
[1] 82.98130 24.80364 21.79112
[1] 89.79030 22.93645 13.66224
[1] 84.93901 23.72716 20.38122
[1] 78.18752 21.96502 14.06387
[1] 75.31504 21.46215 23.44040
[1] 70.71318 21.02815 19.41748
[1] 81.80999 23.45693 25.42612
[1] 84.94615 20.03590 21.09405
[1] 72.05022 23.12478 20.70115
[1] 73.52816 24.94629 18.99576
[1] 83.89252 22.33339 20.46469
[1] 78.43158 25.54778 23.07983
[1] 80.95514 20.34381 18.06916
[1] 91.45067 27.57940 30.68329
[1] 84.60342 22.14935 44.22748
[1] 68.15153 22.27142 15.48684
[1] 86.11094 24.78627 41.36548
[1] 80.81566 21.81036 31.74812
[1] 80.91322 23.62140 40.71936
[1] 82.21660 24.13264 17.62265
[1] 78.79457 27.92035 40.47042
[1] 78.64660 23.21478 13.01241
[1] 76.56735 24.15556 20.26311
[1] 84.20888 27.94032 41.98799
[1] 76.72374 20.27297 21.27743
[1] 90.71120 27.31980 27.79352
[1] 86.52791 25.28222 40.27205
[1] 79.37941 22.34845 44.62667
[1] 82.00647 25.46267 21.56425
[1] 84.67433 25.80536 39.52727
[1] 75.91610 19.11765 10.66360
[1] 72.56486 26.68366 21.11765
[1] 88.73752 26.32035 49.30095
[1] 73.04996 23.03786 34.44963
[1] 67.34595 23.79630 13.45646
[1] 84.45712 23.17375 18.42077
[1] 76.56430 28.60916 69.14996
[1] 85.83116 23.71216 27.98324
[1] 84.89666 30.40297 33.24392
[1] 85.33864 27.65561 14.16899
[1] 80.47103 25.46013 19.95809
[1] 77.30835 22.77933 21.02075
[1] 76.13423 22.85624 44.28459
[1] 86.41425 26.99818 23.31292
[1] 83.42389 23.69429 20.44279
[1] 76.26133 24.14845 23.35919
[1] 79.73564 21.57677 17.36522
[1] 71.92974 24.42021 22.09028
[1] 95.68541 25.86769 17.84101
[1] 80.68662 23.22040 16.84925
[1] 78.40454 22.47817 21.98598
[1] 72.47828 24.48155 19.84055
[1] 75.08819 23.80899 20.41158
[1] 94.54405 26.99933 17.05565
[1] 82.41036 29.33494 41.28086
[1] 84.49290 27.61296 29.42982
[1] 66.01293 21.14451 22.39856
[1] 86.73003 25.12638 30.51604
[1] 80.55854 22.06247 14.87182
[1] 77.53427 24.59623 42.43652
[1] 88.81815 24.05348 21.06300
[1] 86.94881 19.76422 16.37209
[1] 69.75350 22.99888 17.06562
[1] 82.67919 25.65940 16.84880
[1] 81.14755 23.42786 20.98938
[1] 81.54627 21.46662 29.77222
[1] 78.29610 31.03418 16.62972
[1] 79.91993 25.42750 19.83602
[1] 76.39480 23.45452 19.87011
[1] 79.34083 20.91826 34.36193
[1] 83.72183 26.55303 33.59359
[1] 92.91723 27.63853 20.01901
[1] 91.71246 23.87999 32.23947
[1] 98.84226 24.21819 27.97874
[1] 28.33333
[1] 96.75734 26.26315 24.90122
[1] 96.28842 22.80381 22.78946
[1] 88.58430 25.91688 18.14565
[1] 86.13615 26.12642 24.26643
[1] 97.45702 31.85282 17.30086
[1] 93.17172 25.09754 29.23387
[1] 105.32924  24.20453  13.38838
[1] 91.06795 25.15464 15.31731
[1] 79.57918 22.54369 21.84031
[1] 99.34509 29.50882 20.02219
[1] 81.58872 28.72693 27.05102
[1] 95.09547 28.17623 19.92691
[1] 88.84606 28.55943 22.07835
[1] 98.93090 21.34331 25.22534
[1] 104.42520  22.06364  21.48547
[1] 94.66508 25.01144 18.83014
[1] 85.49723 22.89414 18.50004
[1] 86.34904 21.51281 23.42765
[1] 85.92814 27.47946 18.26339
[1] 104.76486  28.58401  21.50700
[1] 111.25732  28.01251  36.18256
[1] 101.17073  29.09342  28.89921
[1] 89.55451 26.76393 25.30417
[1] 91.11515 25.49765 41.25186
[1] 79.31782 26.41093 25.87671
[1] 86.08846 20.54177 15.63469
[1] 83.28406 25.11692 19.85249
[1] 74.33859 21.54501 15.95161
[1] 89.29899 22.02122 23.73011
[1] 86.51791 23.10293 23.05575
[1] 82.16497 24.44674 28.09889
[1] 87.03591 24.23444 20.47033
[1] 96.77412 24.79535 78.77613
[1] 99.88555 22.48782 25.25065
[1] 82.59413 21.22909 17.28816
[1] 96.18183 25.01445 16.95084
[1] 84.62252 24.11205 42.41940
[1] 105.71978  26.78287  32.39195
[1] 78.51050 28.95063 12.01395
[1] 85.64090 27.91944 27.80599
[1] 81.11724 21.77523 22.30071
[1] 100.00387  23.67275  23.17521
[1] 97.64525 27.61416 20.48193
[1] 80.39792 25.05903 28.47392
[1] 70.96543 18.97881 25.03703
[1] 87.52084 24.27398 41.85083
[1] 83.25947 24.95860 37.04880
[1] 75.22428 23.23434 20.32513
[1] 80.02676 23.08010 19.19188
[1] 87.04391 22.30440 23.94057
[1] 75.94188 21.56546 18.05082
[1] 101.75237  24.25169  20.31966
[1] 84.51472 23.99088 16.51919
[1] 97.94301 23.89312 39.99582
[1] 92.50507 26.58468 25.29607
[1] 80.91087 23.31152 51.71697
[1] 74.33123 23.36326 16.91413
[1] 93.06666 27.12681 17.41374
[1] 93.98375 27.21341 30.80815
[1] 85.08683 22.89452 64.95594
[1] 77.29429 26.98600 36.37050
[1] 83.24050 24.08723 18.57726
[1] 91.65402 24.16722 30.13781
[1] 93.26269 26.66016 30.60392
[1] 76.12515 25.72713 15.61065
[1] 91.80087 23.20653 36.30360
[1] 104.14456  23.23902  32.96115
[1] 102.25361  27.41378  14.01413
[1] 74.56471 21.38767 27.21393
[1] 78.29732 30.73440 18.28588
[1] 101.05162  24.37460  24.14632
[1] 92.38931 23.13119 90.37176
[1] 94.15758 26.84541 17.14649
[1] 88.13412 26.26715 15.74410
[1] 79.72214 26.02496 27.92990
[1] 80.71778 25.48205 33.96644
[1] 89.46241 24.77026 25.61502
[1] 81.74454 23.09464 19.00277
[1] 83.49431 24.87273 24.95863
[1] 86.99299 20.48670 24.30638
[1] 30
[1] 101.74303  23.13631  47.63264
[1] 110.77011  28.80960  19.54797
[1] 92.68443 23.92727 32.11261
[1] 102.86697  28.16190  27.73427
[1] 99.31444 26.27803 46.51883
[1] 95.77387 24.93098 24.52074
[1] 108.50582  29.82056  46.11363
[1] 99.10024 23.50431 21.23908
[1] 98.66580 25.53278 28.77338
[1] 104.78216  29.17475  28.51230
[1] 93.60739 22.97650 30.51360
[1] 92.42391 27.12112 25.67933
[1] 92.35600 30.02111 23.64494
[1] 106.58148  21.38557  30.13214
[1] 100.47426  24.84264  18.85312
[1] 93.66195 22.28193 21.29746
[1] 94.47070 26.06813 24.66789
[1] 107.71733  27.43845  31.92156
[1] 87.99099 30.11314 21.82008
[1] 109.03908  26.38900  25.00806
[1] 91.34379 24.15217 18.29134
[1] 106.70270  29.60426  19.32701
[1] 80.57703 25.51742 14.03564
[1] 95.34095 23.98166 23.79520
[1] 100.24685  28.86841  42.59321
[1] 106.76659  27.96376  54.28657
[1] 103.80270  28.26923  30.29488
[1] 86.20147 27.43911 17.92307
[1] 108.81032  27.10023  21.24542
[1] 106.50599  26.92792  34.04280
[1] 96.89592 27.49463 42.56569
[1] 99.04265 25.37985 40.47332
[1] 95.68114 26.80643 25.61057
[1] 94.88389 22.95643 17.60037
[1] 100.65577  22.54727  20.03207
[1] 90.91489 24.12559 16.25536
[1] 80.15996 23.21107 21.20704
[1] 100.82088  32.24339  22.59319
[1] 105.42506  24.96639  37.62297
[1] 103.25900  24.59304  26.26685
[1] 88.65466 24.28150 17.35868
[1] 104.33548  24.51270  15.64545
[1] 100.79631  24.07014  17.84616
[1] 95.35081 25.05960 18.50811
[1] 96.89195 29.18295 43.02962
[1] 100.31843  25.25889  26.26193
[1] 122.38243  28.61793  20.22036
[1] 90.31800 26.67458 29.31828
[1] 114.42276  26.10899  16.62395
[1] 85.15596 26.85547 21.39886
[1] 106.82063  28.03322  47.51594
[1] 91.71453 22.02221 37.71057
[1] 90.80454 26.45783 18.10672
[1] 96.40714 26.09043 17.46620
[1] 107.04555  23.27108  17.97473
[1] 95.30417 24.06780 30.24420
[1] 97.96620 23.78043 27.48200
[1] 99.68008 26.87629 19.66359
[1] 93.72564 26.67211 21.09886
[1] 89.53434 30.11231 34.65565
[1] 91.87173 20.30704 14.80146
[1] 103.86166  27.22943  54.85048
[1] 97.58774 27.31869 23.80854
[1] 106.10469  25.49366  39.08591
[1] 88.29955 22.28000 16.29145
[1] 94.43877 25.42487 26.34469
[1] 98.95042 30.56100 29.01096
[1] 105.47907  26.40207  16.33063
[1] 101.34673  22.64565  42.32308
[1] 100.98805  26.47738  20.06769
[1] 100.44470  25.35824  18.18475
[1] 102.29031  28.69804  32.89426
[1] 85.22422 27.42421 55.34470
[1] 89.37582 27.74712 27.79210
[1] 87.90033 24.27739 52.28368
[1] 84.56019 24.83459 16.42849
[1] 106.49345  24.77679  14.35740
[1] 95.94373 21.47142 34.34776
[1] 90.68607 25.48730 18.20844
[1] 97.60108 25.90933 46.97098
[1] 31.66667
[1] 113.93426  21.12055  15.42667
[1] 108.31721  27.34000  15.12369
[1] 112.03294  26.72612  77.76311
[1] 121.59231  30.73557  37.35490
[1] 93.01433 23.14594 19.89880
[1] 122.33225  26.45643  80.12498
[1] 92.48752 20.80839 28.03365
[1] 91.19535 23.41770 27.03785
[1] 103.55783  26.53436  17.62427
[1] 118.41245  23.05568  30.71523
[1] 99.66460 24.11573 27.04211
[1] 129.86563  26.86702  28.42734
[1] 107.80791  24.66929  15.87881
[1] 94.17549 25.52855 30.63680
[1] 103.04646  27.10359  37.10053
[1] 129.02847  28.24222  35.33943
[1] 112.97443  28.52834  42.49886
[1] 107.00417  25.86988  24.12673
[1] 122.62568  24.28792  39.32607
[1] 104.67386  21.04493  15.09758
[1] 125.87613  27.40430  24.39462
[1] 105.25278  25.82590  46.85714
[1] 111.21052  31.57212  37.96879
[1] 100.81291  23.96345  30.53228
[1] 114.43895  25.53053  32.39347
[1] 102.45549  26.76194  16.57797
[1] 102.31475  27.43278  20.76181
[1] 97.56309 24.27064 38.28547
[1] 94.65715 26.26024 63.95409
[1] 107.83896  25.81613  15.22080
[1] 96.56860 25.56926 28.17512
[1] 81.86230 27.84628 42.88116
[1] 97.80216 25.91055 26.54908
[1] 101.85702  24.58827  27.00952
[1] 107.74871  19.99093  18.27319
[1] 107.70942  22.77032  28.26400
[1] 104.81178  23.55271  29.56708
[1] 107.26299  21.19392  48.22773
[1] 96.17834 23.79966 34.74841
[1] 115.83981  30.84753  21.95269
[1] 113.69144  26.99936  20.42926
[1] 111.85704  26.06154  25.68426
[1] 94.04397 26.32518 30.84549
[1] 126.37017  25.58433  18.52740
[1] 117.54224  32.87221  37.91171
[1] 100.16171  26.15803  50.97019
[1] 105.75812  30.99481  31.01120
[1] 123.61812  25.42992  25.17777
[1] 95.73514 25.68824 28.08787
[1] 116.11643  26.24956  62.15991
[1] 115.45131  29.06724  31.49922
[1] 109.76397  23.68215  58.67662
[1] 102.64561  27.93748  28.61852
[1] 121.05606  26.93523  23.43891
[1] 121.39170  28.23882  37.20269
[1] 113.45520  29.18258  34.70406
[1] 104.78972  22.18994  30.46670
[1] 108.68145  18.69271  14.62365
[1] 100.05222  26.04341  38.37731
[1] 102.91010  23.65513  24.00531
[1] 108.52601  22.54996  47.45195
[1] 101.11906  27.24944  20.89043
[1] 106.04198  29.32685  24.35733
[1] 85.96484 25.38250 27.91655
[1] 100.48344  22.26576  14.61705
[1] 108.01994  23.62241  21.48977
[1] 107.11325  23.87556  29.39697
[1] 114.30848  29.35414  35.60051
[1] 108.50309  26.15930  19.51917
[1] 119.13536  24.55877  32.18061
[1] 95.91491 29.59236 35.01238
[1] 129.64122  25.32969  23.36398
[1] 97.18140 22.42771 61.75544
[1] 110.64468  26.23719  19.76319
[1] 103.48463  25.97383  17.57582
[1] 121.65440  24.75167  21.13881
[1] 117.73135  29.21646  17.21604
[1] 109.38137  24.60389  24.39652
[1] 98.57480 25.63800 31.56811
[1] 113.65965  28.48520  50.23867
[1] 33.33333
[1] 106.90323  30.23113  26.05939
[1] 116.92363  31.85483  32.01603
[1] 118.82113  29.70786  46.69200
[1] 149.27747  29.90137  45.86512
[1] 123.22100  29.09832  31.00726
[1] 117.98255  29.85127  41.12556
[1] 114.53075  24.02765  14.90846
[1] 107.32171  27.12258  23.57052
[1] 123.09759  22.61297  33.11509
[1] 116.17959  26.39851  54.78662
[1] 111.96244  23.98362  29.06073
[1] 129.84573  24.12219  34.66300
[1] 116.02623  22.78401  15.44254
[1] 126.27738  23.89345  30.26041
[1] 130.93562  25.36294  30.02123
[1] 112.28172  27.13506  15.89713
[1] 109.18094  29.32274  17.55047
[1] 122.34055  25.50344  43.37498
[1] 127.02398  25.25487  39.82033
[1] 103.52634  26.57959  45.62520
[1] 120.26801  26.07327  18.40109
[1] 128.90183  32.77439  37.29921
[1] 105.23871  24.74843  30.24431
[1] 133.77304  32.26077  36.75910
[1] 108.55016  27.74169  32.13656
[1] 112.78253  29.18529  26.40379
[1] 120.41508  26.10570  59.32598
[1] 112.79895  29.77576  14.76272
[1] 130.75733  28.62032  46.19067
[1] 107.95463  28.48114  28.20864
[1] 133.67899  31.55724  82.29845
[1] 115.48811  28.33438  30.46634
[1] 113.16062  27.00055  46.82507
[1] 97.00661 24.31619 22.10287
[1] 101.41480  25.60871  30.59187
[1] 119.85731  25.34690  18.97481
[1] 119.11777  27.52241  20.91216
[1] 118.94097  29.06158  53.66632
[1] 116.98236  27.60295  52.04987
[1] 94.54613 27.85550 21.91203
[1] 110.41145  26.93065  30.61324
[1] 125.90410  28.81307  44.18188
[1] 127.22575  27.97726  28.11999
[1] 118.67653  28.64344  33.68297
[1] 117.38266  29.03677  52.85361
[1] 104.73029  24.04073  16.60842
[1] 122.41324  28.72774  23.90059
[1] 113.24303  32.09336  22.50055
[1] 116.72466  27.00734  29.18013
[1] 125.91515  24.14999 112.37128
[1] 102.02006  23.35209  75.84223
[1] 116.79165  26.21968  43.74251
[1] 123.59555  25.80325  21.84980
[1] 118.19978  24.47275  57.78268
[1] 125.43179  29.65398  35.21192
[1] 104.18831  25.71364  25.09028
[1] 111.87772  27.37642  31.93893
[1] 147.65088  30.52994  38.80815
[1] 105.75797  27.53427  41.48481
[1] 109.43774  23.70030  48.89713
[1] 116.76309  25.07526  27.37952
[1] 111.89423  23.91897  20.27606
[1] 94.18171 24.39807 19.88316
[1] 118.32486  26.36120  29.84416
[1] 127.61239  26.36683  24.41994
[1] 110.04492  23.33128  33.86663
[1] 135.29398  28.33235  27.02064
[1] 115.67616  21.90867  44.95397
[1] 128.26495  22.85838  44.55783
[1] 113.35545  30.53822  20.80026
[1] 122.50650  30.31191  30.24985
[1] 140.49227  35.26207  38.86189
[1] 120.72302  26.89207  29.60355
[1] 101.79511  27.49060  22.57861
[1] 101.97055  22.76535  39.20108
[1] 128.86697  30.15386  29.96518
[1] 121.24749  26.28126  28.66629
[1] 112.36826  25.49196  19.41869
[1] 114.45237  22.09248  17.56036
[1] 118.44113  29.81858 112.04882
[1] 35
[1] 132.45795  24.54114  27.42465
[1] 123.94091  26.14221  38.22336
[1] 128.38877  25.08233  15.88164
[1] 118.35937  26.38486  35.70587
[1] 115.32813  25.08212  20.32945
[1] 127.39972  22.35672  21.26324
[1] 120.96186  26.73844  22.00760
[1] 149.62618  25.47615  30.07728
[1] 127.30064  26.35243  47.96596
[1] 115.34536  29.01912  26.64074
[1] 140.08049  29.26448  64.80164
[1] 95.81918 24.81754 33.77826
[1] 129.75989  24.35575  31.00600
[1] 115.02803  24.56512  25.44797
[1] 127.8026  27.2237  17.6304
[1] 110.25669  26.42662  52.38313
[1] 127.93092  24.17138  27.20103
[1] 127.08576  24.56210  22.91241
[1] 131.61005  26.68998  66.25552
[1] 128.71101  25.36195  29.50084
[1] 140.93490  24.08376  18.51964
[1] 116.21756  29.74379  50.36153
[1] 136.83745  28.47825  21.58625
[1] 139.21250  24.73952  42.36808
[1] 136.22826  28.34511  47.98586
[1] 108.64122  21.99528  17.26711
[1] 125.74271  28.55275  53.76482
[1] 141.86310  26.87178  28.93091
[1] 139.66572  29.81077  18.07861
[1] 117.55422  23.90793  25.91016
[1] 114.06311  31.03085  46.56727
[1] 119.25467  25.30739  32.40968
[1] 124.53128  23.41644  32.91412
[1] 129.76127  26.11756  81.21876
[1] 116.15993  22.77173  15.30143
[1] 150.38461  27.98438  57.70557
[1] 147.53120  28.09155  23.33746
[1] 149.71203  28.06814  36.70692
[1] 126.37730  24.01863  38.95583
[1] 137.20831  29.74865  21.77702
[1] 143.2863  29.4685  19.5034
[1] 117.84396  24.35100  32.97535
[1] 116.68371  25.57527  22.64162
[1] 109.37268  27.75855  18.34413
[1] 148.22077  28.09480  21.86109
[1] 150.19154  29.07427  29.86486
[1] 130.29163  29.82213  59.38227
[1] 122.93891  26.09172  38.13987
[1] 131.02438  27.19124  17.91097
[1] 120.48818  27.66495  50.64100
[1] 140.92645  30.75052  30.20587
[1] 143.84463  25.49270  37.30089
[1] 125.39616  29.43905  24.94686
[1] 121.59952  23.35202  54.01771
[1] 120.95888  26.05981  20.68173
[1] 136.19792  24.51060  40.10068
[1] 134.10622  29.26788  29.73356
[1] 117.44510  28.51404  24.18159
[1] 127.82210  25.39040  23.86287
[1] 125.49280  24.36928  14.17757
[1] 122.01960  24.91396  25.44397
[1] 135.47085  28.87554  18.49112
[1] 120.26349  30.38100  60.90088
[1] 124.60132  32.34822  38.55192
[1] 120.07785  31.82028  29.94564
[1] 130.24788  29.43528  19.96126
[1] 129.99059  26.30411  15.94299
[1] 130.85517  23.72412  33.95415
[1] 140.99884  26.41365  17.61544
[1] 140.27596  27.20160  54.06811
[1] 136.16306  25.34753  19.61672
[1] 119.33514  28.48061  23.70599
[1] 137.46503  25.41274  39.90855
[1] 113.75238  29.76450  22.38633
[1] 127.49045  30.79618  34.64360
[1] 106.63738  26.05153  43.59516
[1] 133.69607  28.33911  63.60191
[1] 134.47096  32.09376  25.80287
[1] 119.27428  29.67477  45.53670
[1] 126.13889  32.12397  38.26890
[1] 36.66667
[1] 148.29732  28.11052  27.91377
[1] 133.63963  28.53278  50.81913
[1] 153.06065  27.96586  44.00805
[1] 143.73624  32.68780  35.95686
[1] 142.47245  24.09781  30.46465
[1] 137.59385  24.48661  50.78623
[1] 170.61740  28.72685  31.49391
[1] 123.17118  28.95535  22.27480
[1] 135.72155  27.94911  21.21103
[1] 141.87699  27.06183  28.87915
[1] 121.57058  27.27754  20.18403
[1] 111.28084  28.92902  33.52916
[1] 155.56227  24.40049  46.92177
[1] 129.77707  26.08644  23.80764
[1] 133.19154  25.40810  20.61525
[1] 142.54483  26.34374  23.22755
[1] 147.02577  37.38884  51.25266
[1] 133.01301  37.96252  50.87499
[1] 137.45034  26.90149  34.33113
[1] 155.90792  24.23553  32.18657
[1] 152.81997  29.10685  43.81292
[1] 148.96725  26.24425  52.56227
[1] 144.45461  28.20800  37.90192
[1] 144.95000  26.65556  59.70236
[1] 147.46490  24.20542  28.51698
[1] 143.89377  22.41497  24.77713
[1] 147.8510  27.6277  34.5732
[1] 142.16778  24.09597  51.36991
[1] 149.82167  28.36801 201.51472
[1] 149.49212  22.64041 100.45639
[1] 124.19806  29.67908  31.12764
[1] 129.38050  28.63013  42.71015
[1] 137.28516  25.07146  56.02326
[1] 146.89521  30.04069  30.55572
[1] 156.0480  28.2206  34.6893
[1] 122.31046  30.20534  28.75734
[1] 111.86218  26.12546  45.85665
[1] 152.36966  25.31207  64.85378
[1] 135.92636  23.62842  27.85870
[1] 146.51712  33.17170  32.72304
[1] 154.51035  25.71497  21.37797
[1] 148.15590  27.94608  26.08979
[1] 139.15034  29.02452  21.24445
[1] 156.10614  32.41519  24.07851
[1] 133.92264  28.70595  42.90594
[1] 141.39165  30.09144  34.89711
[1] 136.98718  28.87744  33.30943
[1] 141.84817  25.33500  35.62465
[1] 137.58055  26.33765  44.34741
[1] 147.80957  27.89963  23.75334
[1] 163.41083  27.28126  46.15887
[1] 158.76554  32.12474  31.87030
[1] 134.96988  30.32080  20.79671
[1] 146.77806  27.22521  20.23127
[1] 147.02879  24.09333  56.33438
[1] 145.16992  25.34823  25.23334
[1] 150.44815  24.50030  59.01928
[1] 131.52704  28.92770  27.76119
[1] 163.21278  28.24019  78.60714
[1] 152.53266  22.25002  32.00833
[1] 150.38584  29.31917  21.87790
[1] 150.65841  29.82065  46.01922
[1] 139.45104  23.69506  53.84855
[1] 128.38867  30.14723  53.58203
[1] 124.15898  23.76272  72.94853
[1] 133.02187  27.70769  25.28895
[1] 126.50716  28.17819  47.65996
[1] 142.24483  24.27756  38.35909
[1] 134.78171  24.61076  18.23530
[1] 131.46894  27.27767  62.18616
[1] 135.35130  27.84413  45.27702
[1] 138.76446  25.52745  24.15500
[1] 149.38497  27.80117  25.73623
[1] 128.86192  29.90183  64.67352
[1] 147.25740  36.67488  43.09907
[1] 152.56180  28.20748  41.28809
[1] 110.87261  25.47344  22.13843
[1] 136.79382  28.37669  40.22571
[1] 129.20553  28.55634  19.44808
[1] 147.08463  28.92229  30.27937
[1] 38.33333
[1] 157.47815  31.77062  36.34572
[1] 155.59707  28.58742  38.62089
[1] 150.43087  28.51488  36.61510
[1] 136.83577  26.32811  22.08346
[1] 157.35860  28.42964  58.08220
[1] 146.64484  31.57170  22.40397
[1] 164.18145  26.69894  47.09650
[1] 148.62024  23.92637  22.67316
[1] 139.66274  25.32703 281.97686
[1] 143.19215  23.23348  29.68716
[1] 145.29875  27.12449  22.36268
[1] 129.83759  24.07118  21.06999
[1] 141.20865  32.45162 247.41173
[1] 146.09423  32.77335  22.27878
[1] 152.32185  33.95929  72.57204
[1] 154.85944  26.91443  28.34417
[1] 155.80301  26.56480  40.86399
[1] 146.17178  26.13785  84.05828
[1] 162.60252  30.18934  34.17591
[1] 126.05354  26.69140  30.57822
[1] 146.83053  25.21977  20.95344
[1] 159.16271  36.58289  62.57300
[1] 144.55718  26.41196  61.16404
[1] 130.35958  27.42313  40.87154
[1] 164.32860  27.08349  24.43288
[1] 148.16172  26.52753  32.26749
[1] 161.98336  31.07223  69.34239
[1] 135.03196  28.18048  34.46539
[1] 151.41459  26.61810  39.88925
[1] 150.95323  30.13975 156.74638
[1] 164.32079  26.70626  56.74650
[1] 171.98493  30.02766  27.71944
[1] 142.67435  24.56653  20.75363
[1] 160.30261  29.36026  43.24398
[1] 175.66988  26.14962  41.09914
[1] 169.31656  31.90165  57.71009
[1] 150.33307  26.85409  22.40338
[1] 131.71143  26.48182  17.65195
[1] 147.27554  27.50839  20.71762
[1] 132.86105  27.70886  26.43006
[1] 164.42566  32.28226  62.32489
[1] 121.90291  25.73418  24.06116
[1] 147.49179  32.88799  27.84941
[1] 151.88847  28.21288  39.85431
[1] 156.20361  26.49104  35.60397
[1] 146.64906  31.61426  37.36892
[1] 142.29246  29.16626  38.46577
[1] 154.22241  24.23722  54.32096
[1] 144.71141  33.91793  47.93514
[1] 189.47207  27.49704  51.14501
[1] 160.26824  26.60763  33.70585
[1] 143.27261  21.17900  55.73445
[1] 161.99518  29.84943  55.61289
[1] 164.09374  37.30016  46.68365
[1] 158.68128  33.10671  28.11095
[1] 138.00216  30.33908  22.11066
[1] 147.07298  26.34959  28.45263
[1] 151.39883  32.72445  42.15144
[1] 145.95017  27.43135  23.04031
[1] 150.68133  27.82451  34.45883
[1] 163.48491  29.22118  27.15477
[1] 157.55612  26.66728  42.51641
[1] 167.05655  25.77566  50.46773
[1] 137.27029  31.75951  78.65470
[1] 150.24476  26.87877  29.22741
[1] 159.52460  25.82601  25.02448
[1] 147.90299  27.36471  26.11523
[1] 130.61854  24.53519  28.20847
[1] 154.24747  28.94746  45.47663
[1] 136.72769  26.82900  17.95875
[1] 155.79430  28.76741  40.15065
[1] 132.45145  29.29998  20.88912
[1] 152.73566  28.18927  21.28378
[1] 143.62891  34.91503  52.92216
[1] 135.70221  25.25225  59.06597
[1] 153.72318  24.71245  32.73602
[1] 147.81213  30.29621  38.23221
[1] 146.30516  27.40672  64.55751
[1] 164.3422  26.0761  24.2119
[1] 166.50480  31.73334  30.88932
[1] 40
[1] 164.91210  29.49274  35.80121
[1] 159.00428  27.61779  29.81132
[1] 153.66338  29.10885  37.26134
[1] 136.34622  29.02949  28.68572
[1] 152.26701  24.08137  21.93058
[1] 145.51598  30.80345  33.27453
[1] 155.79499  29.45575  38.63117
[1] 202.17626  30.58781  83.66612
[1] 141.31132  30.22552  48.62649
[1] 153.07720  24.41817  44.36827
[1] 140.09042  22.01679  40.59796
[1] 142.72893  25.50602  67.71019
[1] 153.27244  23.22675  37.46341
[1] 161.28077  31.92307  26.34185
[1] 126.97747  28.03668  20.22341
[1] 178.58523  25.64720  30.17283
[1] 132.58875  25.22470  17.82092
[1] 155.66574  26.72598  25.08248
[1] 154.08858  27.51189  33.72145
[1] 143.19021  30.36779  49.93934
[1] 168.60725  25.70725  56.92251
[1] 153.76222  26.24994  26.69945
[1] 145.97297  31.14401  27.08043
[1] 147.65717  30.05235  68.59193
[1] 173.92265  27.12870  19.44766
[1] 180.80297  27.96256  26.91751
[1] 161.14947  25.68268  60.33036
[1] 161.67545  34.50610  28.68871
[1] 176.9273  26.5839  20.9332
[1] 163.34241  29.93195  23.99585
[1] 149.45683  26.47371  38.88752
[1] 145.66475  30.05779  79.56937
[1] 201.84806  27.59593  33.68876
[1] 178.39882  28.05656  41.60450
[1] 180.65752  26.87382  26.34740
[1] 170.50679  34.96448  35.66102
[1] 130.87061  23.25529  33.79957
[1] 166.71356  27.54944  42.04279
[1] 173.54931  33.23838  21.02688
[1] 147.89278  25.61544 116.91450
[1] 168.06060  28.96564  33.43206
[1] 176.87748  28.91229  25.49421
[1] 174.69388  31.68764  42.17873
[1] 151.54591  29.57198  28.98029
[1] 155.87750  26.15206  61.46739
[1] 163.90799  25.64774  34.56978
[1] 154.14686  28.26336  32.46332
[1] 159.19759  26.55797  44.43041
[1] 177.14117  29.81961  40.26699
[1] 144.03659  30.61338  58.25326
[1] 137.20702  25.67165  24.84733
[1] 143.56074  30.96766  52.49740
[1] 186.54315  35.78512  28.54671
[1] 130.84636  27.47423  41.52193
[1] 159.57668  30.05705  53.22501
[1] 178.08929  33.89785  33.33204
[1] 167.83042  24.16498  31.32216
[1] 162.84984  31.86594  42.44945
[1] 151.47321  26.25071  18.54186
[1] 150.40203  31.28416  41.01621
[1] 160.86540  27.22555  53.58091
[1] 157.65280  30.46255  24.00934
[1] 158.24981  26.98665  29.52371
[1] 160.40572  29.71868  28.40826
[1] 157.61172  30.54324  37.77470
[1] 175.67349  30.55145  29.16130
[1] 148.97302  28.75870  40.36596
[1] 185.41773  28.84295  31.71737
[1] 182.06617  27.70123  34.02048
[1] 143.67957  25.65525  25.97665
[1] 152.43794  30.33678  62.83621
[1] 169.90492  29.54564  78.18981
[1] 177.19388  28.72373  52.06537
[1] 179.37749  29.98970  59.34073
[1] 175.16506  32.08877  40.95372
[1] 153.26120  27.35199  47.28296
[1] 172.21609  31.06822  42.57757
[1] 151.95999  31.41656 124.57996
[1] 161.62132  33.54322  43.93639
[1] 146.30624  33.38071  43.91914
