Loading required package: Matrix
Loading required package: foreach
Loaded glmnet 2.0-10

Loading required package: methods

Attaching package: ‘pracma’

The following objects are masked from ‘package:kernlab’:

    cross, eig, size

The following objects are masked from ‘package:Matrix’:

    expm, lu, tril, triu

[1] 0
[1]  9.256401 22.738997 10.968379
[1]  9.591422 21.165399  8.845886
[1]  9.479070 20.604881  9.208656
[1]  9.961677 24.063466  9.458698
[1] 11.02847 26.92560 11.05926
[1]  8.515073 21.614337 10.934640
[1]  9.367447 19.560120  9.475401
[1] 10.000851 21.892917  9.552488
[1]  8.869588 24.254294  8.489506
[1]  8.754584 19.610337  8.883848
[1]  9.118920 23.425013  9.013696
[1]  8.984659 22.838072  8.832782
[1] 10.82662 22.56619 11.23451
[1]  8.501821 19.457313 10.033686
[1]  9.404308 21.496011  9.030061
[1]  9.194845 20.509029  8.809872
[1]  9.946637 24.117926  9.911578
[1] 12.64945 23.24675 11.76890
[1]  7.719624 16.914919  7.636008
[1]  8.594423 20.985166  9.074799
[1]  9.018085 22.433593  8.777941
[1]  9.404593 21.592052  8.686936
[1] 11.51537 24.98075 11.30100
[1] 10.193156 21.514916  8.491962
[1]  8.594381 20.368643  8.406775
[1]  9.831645 21.637927  9.423508
[1]  9.555367 19.870570  8.289116
[1]  9.381267 19.849387  9.799253
[1] 11.48734 25.90859 10.84075
[1]  9.540739 21.880731  9.066374
[1]  8.632886 19.674211  9.439347
[1]  8.700497 20.146330  9.116652
[1] 10.79119 23.35673 10.72872
[1] 12.28270 27.85296 11.92459
[1]  9.461233 21.698452  9.540210
[1]  9.071933 20.488206  9.214995
[1] 11.86872 23.71054 13.18351
[1] 11.28253 23.18110 10.68155
[1] 11.81544 23.80084 10.00771
[1]  8.718318 24.319894  9.146460
[1]  8.440841 18.898452  8.524830
[1]  9.434458 24.264925  9.989871
[1]  8.277690 21.439707  7.859399
[1]  8.62135 22.17166  8.67089
[1] 11.84077 22.79840 10.60306
[1] 10.42410 24.81598 10.85949
[1]  8.699727 21.746160  8.433326
[1]  9.786380 22.661917  9.914282
[1] 11.724072 23.748400  9.068612
[1]  8.863980 20.737092  9.162024
[1]  9.466054 21.424183  9.131482
[1]  9.789161 21.042028  9.388707
[1]  9.611823 22.896714 10.998013
[1] 10.153868 21.805640  9.887626
[1] 10.82618 21.97909 10.92393
[1]  7.097437 17.250466  8.186095
[1]  9.732025 20.227207  9.556460
[1] 11.20272 24.24570 10.69150
[1]  9.725900 20.314316  9.470915
[1] 10.75127 25.25112 10.90573
[1]  9.880448 21.126418  9.154555
[1] 12.04217 21.52347 10.36028
[1] 12.078964 25.014600  9.582193
[1] 10.050662 19.145409  9.836069
[1]  8.309960 19.661459  9.015974
[1] 10.828829 22.125620  9.614644
[1]  8.374183 19.217609  8.429575
[1] 11.16945 25.82706 11.43891
[1] 11.81007 24.22983 11.86939
[1]  8.494246 19.157776  8.774836
[1]  9.022997 20.603618  8.899765
[1] 11.20525 22.39735 15.09054
[1]  8.532596 24.236772  8.691022
[1]  9.348976 24.436981  9.371589
[1] 10.02966 22.90223  9.82502
[1] 10.523865 23.605890  9.519019
[1]  8.804630 19.701987  8.319547
[1]  9.805804 21.245699  8.207827
[1]  9.019137 18.331701 10.036377
[1]  9.746855 25.419796  9.387524
[1] 1.666667
[1] 11.25822 23.02412 12.75979
[1] 12.14865 24.19576 10.29099
[1] 10.833823 21.463286  8.623591
[1] 11.94876 27.05389 11.32791
[1] 11.12981 22.48467 10.08172
[1] 10.30109 20.36794 11.17958
[1] 10.54673 20.78688 10.40465
[1] 11.97345 24.35987 10.53163
[1]  9.518848 21.522675  8.072272
[1] 10.331040 25.531275  9.820636
[1] 11.41935 26.66997 11.63273
[1] 11.22889 23.95347 10.45865
[1] 10.873144 25.875497  9.450081
[1] 11.68347 20.93528 11.29176
[1] 11.809724 21.472711  9.113785
[1] 11.21153 24.22893 11.27176
[1]  9.073918 19.795032  9.145549
[1]  9.441344 21.075695  9.466238
[1] 12.55441 22.81379 11.14420
[1]  9.280388 21.970436  8.992414
[1] 12.534753 24.157438  9.900111
[1] 11.36182 20.34021 11.30190
[1] 10.27625 19.76549 10.92842
[1] 14.27961 26.27623 12.63575
[1] 13.28472 24.17051 10.82690
[1]  9.699663 19.196508 10.217032
[1]  9.387236 19.780633  8.672006
[1] 12.40498 23.57541 11.80650
[1]  8.761714 20.288437  9.375208
[1] 10.414313 22.864830  9.841639
[1] 10.227233 24.347497  9.690654
[1]  9.767743 21.985019  8.531229
[1] 13.24539 22.93936 11.10884
[1] 10.724083 20.732405  9.962034
[1] 11.55065 22.09761 11.30259
[1]  8.705298 18.481764  8.744175
[1] 10.04604 22.08125  9.89249
[1] 10.697392 19.469895  8.256974
[1] 10.499206 21.128627  9.943915
[1] 10.93862 19.26047 10.08181
[1] 10.411370 16.623426  9.684027
[1]  9.090219 22.397025  9.484565
[1] 10.10074 21.99803  9.84092
[1] 10.78269 23.97072 10.40035
[1] 10.735982 22.255895  9.815082
[1] 11.32872 20.11064 10.37763
[1]  9.609219 21.067532  8.484857
[1] 12.12208 22.62835 12.74799
[1] 11.25658 19.98898 10.49500
[1] 11.47866 25.06940 10.37879
[1]  9.280068 21.217181  8.202312
[1] 15.99911 26.53362 12.08121
[1] 10.765573 19.448004  9.668119
[1] 11.86968 25.53377 11.66036
[1] 10.560682 23.692758  9.034203
[1] 11.88947 23.07905 11.63976
[1] 12.44755 22.13271 10.73754
[1] 11.15869 20.96285 10.51189
[1] 10.133071 18.659449  9.753212
[1]  8.938139 19.279582  9.055386
[1] 10.49047 20.78358 10.22435
[1] 10.845493 22.294299  9.947676
[1]  9.719667 23.693886 10.009944
[1]  9.839534 23.439493 11.015502
[1] 10.44353 19.48872 11.43877
[1]  9.570229 21.950699 11.314463
[1] 11.31173 23.50544 10.05792
[1] 13.72865 25.44333 20.50665
[1]  9.418591 19.257775  8.864869
[1] 10.22279 21.21639 13.01771
[1] 10.257355 20.759878  9.558199
[1] 12.08526 26.45129 10.29804
[1] 10.27052 22.42107 11.04939
[1] 10.17407 20.78509 10.22237
[1]  9.956664 17.976720  9.337264
[1] 11.47525 25.79204 10.87370
[1] 10.877222 23.648079  9.491084
[1]  9.891732 20.790815  8.509279
[1] 11.415375 23.502914  9.012279
[1]  9.240310 19.143987  8.461752
[1] 3.333333
[1] 12.350933 22.462974  9.620888
[1] 12.70397 24.65334 12.14266
[1] 10.183999 20.662155  8.872814
[1] 14.18765 23.89659 11.26877
[1] 11.62479 21.80937 10.99883
[1] 11.85464 20.12255 10.28024
[1] 13.600355 23.530304  9.916244
[1] 10.449492 21.899454  8.866221
[1] 13.82620 22.56812 11.38531
[1] 10.946197 18.378912  9.713556
[1] 10.638422 20.525375  9.658965
[1] 13.60892 23.49352 10.42200
[1] 10.701161 19.235467  8.846242
[1] 13.07516 23.03646 10.92307
[1] 11.799211 23.057198  9.672149
[1] 12.284422 19.827679  8.769073
[1] 15.67710 27.85687 12.84168
[1] 13.43784 25.17841 10.01497
[1] 14.80750 21.85509 12.74782
[1] 12.60177 18.53941 10.40728
[1] 10.86182 19.56031 10.14959
[1] 12.54720 21.90108 10.32429
[1] 14.46390 24.80880 13.58208
[1] 10.733210 23.545228  9.988001
[1] 11.208513 23.279674  9.049315
[1] 15.29751 23.69167 12.08336
[1] 12.73933 27.74214 11.09727
[1] 11.38323 20.91965 12.13049
[1] 13.62909 21.74022 10.82398
[1] 10.945929 20.061754  9.081051
[1] 11.13433 19.04500 10.77803
[1] 10.67025 23.45703 11.22887
[1] 12.27486 25.65736 10.54284
[1] 13.14057 21.86164 11.88548
[1] 14.22147 21.19725 11.70437
[1] 11.014713 19.097087  9.762161
[1] 13.51111 24.79768 10.98807
[1] 11.703178 22.753701  9.514997
[1] 12.10299 27.27597 10.03034
[1] 13.89488 24.29033 11.06451
[1] 13.96222 23.55395 12.88600
[1] 10.834884 20.829640  8.323601
[1] 13.41439 22.28606 11.20697
[1] 12.042544 21.204006  9.293859
[1] 13.97577 22.59522 11.81592
[1] 10.713081 20.649761  8.972711
[1] 14.20457 24.74143 11.82930
[1] 14.53104 24.22309 11.63797
[1] 13.64309 20.89920 11.11973
[1] 13.791727 22.291584  9.735136
[1] 12.62693 24.35013 10.74650
[1] 14.79010 26.34533 10.50775
[1] 12.68673 23.34473 10.72842
[1] 15.08214 24.18553 11.85257
[1] 10.672558 19.226846  7.565859
[1] 10.027209 21.317344  9.182183
[1] 11.55543 20.89453 10.56497
[1] 11.99350 23.05252 11.08379
[1] 14.136462 24.146856  9.860444
[1] 12.314155 22.757442  8.220699
[1] 12.65068 20.23620 12.21356
[1] 14.46665 26.35597 10.88331
[1] 13.19898 21.75143 11.72562
[1] 10.55592 20.78431 13.61283
[1] 10.94999 23.76527  9.53636
[1] 10.92832 20.78563 13.52291
[1]  9.865402 21.095517  8.106466
[1] 12.56238 20.30278 11.23402
[1] 12.16313 22.56332 10.53247
[1]  9.014903 20.022451  9.002653
[1] 10.88603 24.17405 10.63790
[1] 12.81785 21.89839 10.72823
[1] 12.892932 21.619946  9.903862
[1] 12.19242 20.17377 10.31405
[1] 12.81276 21.77155 10.61782
[1] 11.73526 21.51312 10.36724
[1] 13.73652 27.02670 12.19533
[1] 11.56209 24.24834 10.52494
[1] 11.892603 19.902271  9.576819
[1] 12.25887 23.79441 12.00299
[1] 5
[1] 13.876215 21.981551  9.977839
[1] 16.57361 24.43416 10.84699
[1] 13.49283 20.85344 10.86624
[1] 13.41702 23.92723 15.64676
[1] 15.17740 23.65293 10.41084
[1] 17.06892 26.07120 13.52448
[1] 14.29434 22.33990 12.73972
[1] 12.23552 21.61034 10.21320
[1] 13.17618 21.74846 10.96265
[1] 11.23588 20.78097 14.14205
[1] 15.27369 24.09109 12.99016
[1] 18.84635 27.00168 14.10895
[1] 13.293931 22.020754  9.851501
[1] 17.25896 21.43023 11.29581
[1] 16.167704 21.923998  9.526939
[1] 14.80591 23.30736 11.32410
[1] 13.35513 19.71566 11.67258
[1] 14.82210 22.42299 10.65055
[1] 13.95815 22.17033 10.23008
[1] 15.19569 25.70913 11.19169
[1] 15.99438 22.42770 11.57959
[1] 14.33243 22.15288 12.08913
[1] 13.128401 22.202310  9.901811
[1] 14.46377 19.76574 10.30403
[1] 13.13038 22.21645 13.69773
[1] 16.94656 21.72289 13.03762
[1] 14.46974 24.25306 10.39889
[1] 14.99647 23.29429 10.23277
[1] 12.83037 22.87019 11.45397
[1] 13.960136 21.527106  9.880356
[1] 15.34157 24.64956 11.73995
[1] 15.21749 22.01354 12.78043
[1] 13.055281 18.065608  8.024306
[1] 17.78660 24.95186 15.27149
[1] 12.62958 20.79981  9.87422
[1] 11.67071 21.25856 13.21377
[1] 15.12610 21.60210 11.50763
[1] 14.25910 21.97176 11.39624
[1] 17.54591 23.94081 13.05460
[1] 12.49702 21.12632 10.86369
[1] 12.32588 22.40426 10.56838
[1] 11.432667 20.556405  7.868652
[1] 13.94500 21.01843 10.52757
[1] 11.755749 21.210467  9.266986
[1] 14.271034 18.752037  9.601823
[1] 14.24907 19.27661 10.00690
[1] 11.759697 20.118716  7.828385
[1] 14.86718 21.36518 11.11565
[1] 14.646366 22.041941  9.666469
[1] 12.20492 22.56810 10.76117
[1] 14.910210 24.480429  9.445465
[1] 13.71679 22.67621 11.11303
[1] 15.36006 23.77292 11.83597
[1] 13.587643 20.222159  9.635453
[1] 13.70343 19.28336 12.52010
[1] 14.656228 22.484859  8.579111
[1] 13.186782 19.967531  9.254631
[1] 15.97278 21.62606 11.58611
[1] 14.43994 19.49703 13.75603
[1] 15.74107 24.36506 11.03123
[1] 17.91514 22.20393 14.06421
[1] 15.21966 22.03745 11.94238
[1] 12.29154 18.55979 25.71660
[1] 15.87457 22.79508 14.67255
[1] 13.09340 22.18481 10.16280
[1] 15.51191 22.55857 12.01094
[1] 13.35021 18.13502 12.35680
[1] 11.251906 22.260259  8.252707
[1] 14.32973 23.98005  9.83331
[1] 14.65272 21.27148 11.24556
[1] 14.67551 23.21781 10.85774
[1] 14.506817 20.580965  8.960195
[1] 13.04729 21.25704 11.65016
[1] 13.64491 22.18570 11.74756
[1] 14.28274 23.75711 12.71361
[1] 16.93335 22.61284 11.43589
[1] 15.70332 22.86631 12.37359
[1] 16.06044 23.39201 11.99468
[1] 13.446864 20.664087  9.312292
[1] 16.76136 25.69166 10.88562
[1] 6.666667
[1] 14.66593 21.09477 10.58200
[1] 14.840276 21.828008  9.825714
[1] 14.55009 22.04093 10.24677
[1] 17.18261 20.26666 10.08800
[1] 18.09497 23.62619 13.79860
[1] 18.96078 25.13910 11.91139
[1] 16.61565 25.02638 10.32398
[1] 15.52829 20.15489 10.18256
[1] 12.668436 18.082945  8.727724
[1] 22.21056 22.37919 13.67914
[1] 17.75878 21.89355 12.42601
[1] 17.03437 20.31534 11.57773
[1] 17.48787 24.36778 11.44544
[1] 17.909003 23.519735  9.957642
[1] 15.10132 20.91020 10.83702
[1] 16.67665 20.67810 12.46176
[1] 16.74010 23.67834 11.54659
[1] 17.55872 25.23133 12.55520
[1] 16.46135 21.37492 10.23824
[1] 18.06872 21.50257 14.27398
[1] 15.71506 23.55361 11.19561
[1] 17.490772 21.362095  8.887681
[1] 18.25742 21.19575 14.92290
[1] 14.081777 20.422193  9.457001
[1] 15.647113 23.468083  9.931719
[1] 17.63750 23.60500 10.18531
[1] 17.52751 24.52312 10.82501
[1] 16.241317 21.767715  8.471566
[1] 13.221542 18.726211  8.778821
[1] 15.84305 20.54016 10.93591
[1] 18.12350 23.86871 11.27892
[1] 16.37516 22.08939 10.86809
[1] 17.35846 21.35771 13.43479
[1] 17.67209 25.91955 10.65486
[1] 17.87036 22.08210 12.94812
[1] 18.99411 21.97947 11.09035
[1] 16.37312 20.20314 11.07461
[1] 17.78935 19.83645 13.56263
[1] 15.69602 23.06304 12.49534
[1] 16.65314 21.33457 12.61903
[1] 16.93108 23.72440 10.51826
[1] 19.13222 21.40180 11.14997
[1] 15.05086 23.08453 13.74635
[1] 18.45939 22.60585 11.75234
[1] 15.69954 19.77442 16.17413
[1] 15.85299 25.21255 11.87979
[1] 19.38653 24.72153 11.58891
[1] 20.13747 22.64427 13.39894
[1] 18.33443 25.17161 12.21444
[1] 18.37155 25.36959 10.83359
[1] 19.91420 23.86073 12.91986
[1] 14.37783 22.71286 14.03328
[1] 17.89625 21.24828 10.37847
[1] 22.67373 26.42578 11.95385
[1] 18.32202 22.90809 11.51729
[1] 18.34424 21.92173 11.34920
[1] 17.01804 19.98876 12.58335
[1] 16.76963 21.36446 10.59670
[1] 19.54332 24.87738 13.36759
[1] 17.70785 21.83002 11.96760
[1] 16.96108 23.74588 14.13653
[1] 19.04930 26.20045 12.75852
[1] 19.17778 21.85166 11.01384
[1] 17.73948 23.55221 10.32855
[1] 20.11963 21.74190 12.11552
[1] 18.56645 21.93820 12.19271
[1] 17.08217 23.39518 11.49854
[1] 17.69856 24.69336 18.09528
[1] 17.41405 22.97071 11.87089
[1] 15.825828 21.933848  9.283062
[1] 19.27319 23.06304 10.52253
[1] 15.63461 24.68322 11.40397
[1] 20.23588 24.38944 14.01163
[1] 16.712351 21.898742  9.470054
[1] 16.64085 22.41914 10.46693
[1] 16.38741 24.03177 11.98596
[1] 16.79592 22.53664 12.66677
[1] 19.025633 25.463381  9.534166
[1] 17.84711 23.45070 11.77805
[1] 16.076156 21.068479  8.089314
[1] 8.333333
[1] 20.52408 21.38860 12.79669
[1] 20.93929 25.44512 11.06335
[1] 19.21973 22.78023 13.37832
[1] 16.930251 23.553501  9.666679
[1] 23.88434 24.52020 15.08866
[1] 17.04736 20.25557 13.21734
[1] 20.028439 19.580273  9.202736
[1] 18.39575 23.00574 12.95576
[1] 23.86716 24.05524 14.19940
[1] 25.46353 29.97250 11.21116
[1] 22.55269 29.81891 12.24546
[1] 21.34204 21.44588 14.01372
[1] 21.31707 25.84462 15.20139
[1] 22.67567 24.54617 10.98867
[1] 23.25134 24.93906 15.62145
[1] 22.04472 29.49382 13.33986
[1] 19.72467 21.28854 11.11680
[1] 18.95405 24.76173 11.19009
[1] 20.90511 23.99942 13.38773
[1] 17.542817 20.263553  9.395091
[1] 24.38514 22.81397 16.45168
[1] 20.74984 22.48233 13.84019
[1] 20.48036 21.98113 10.61625
[1] 22.12385 24.89267 12.95438
[1] 22.59766 26.07491 10.24613
[1] 18.91148 21.29833 10.87580
[1] 19.23093 24.09886 11.70555
[1] 24.13791 24.77090 12.13084
[1] 21.601027 22.584883  9.493576
[1] 16.52132 22.47028 11.43881
[1] 20.59349 22.65693 12.39527
[1] 17.72462 22.40987 10.55065
[1] 22.94870 22.27926 11.52889
[1] 15.726433 19.662508  8.449422
[1] 18.826018 23.039911  9.120327
[1] 20.73475 22.13540 11.27401
[1] 23.68605 24.52026 12.87409
[1] 18.110948 20.839665  9.904583
[1] 17.31997 20.23044 15.82800
[1] 20.41616 23.47275 10.76351
[1] 19.55261 20.39318 12.51073
[1] 18.74237 20.27471 10.26383
[1] 20.368393 20.672131  9.994515
[1] 18.552005 19.229506  9.222872
[1] 18.00390 24.24253 16.08187
[1] 21.763631 21.355117  9.983501
[1] 19.57708 20.50652 10.41272
[1] 19.54886 24.24014 13.09893
[1] 18.83484 23.20957 12.57967
[1] 21.22003 24.51545 12.29087
[1] 17.87735 19.97123 11.09945
[1] 20.89914 24.98829 13.27323
[1] 20.99640 21.83741 13.52208
[1] 21.17004 21.28889 15.77983
[1] 22.17239 22.17888 12.78508
[1] 21.93799 26.90328 14.07242
[1] 20.16372 21.53435 13.83755
[1] 19.21071 21.22970 11.16379
[1] 19.20483 23.89342 10.61772
[1] 20.18591 22.07738 11.64142
[1] 20.75229 27.14962 15.40822
[1] 18.94735 24.53063 11.78091
[1] 19.79615 24.51088 13.21727
[1] 18.22055 18.89433 10.37159
[1] 23.94725 23.04827 12.65744
[1] 20.08263 21.12502 11.43541
[1] 20.56876 20.95186 14.30329
[1] 23.34052 23.35923 13.58182
[1] 19.98417 24.35550 12.48904
[1] 18.91025 22.03060 11.56786
[1] 24.24547 22.74461 16.47638
[1] 16.26989 20.98605 14.42616
[1] 19.36026 21.29996 12.30289
[1] 21.54963 23.64053 16.19181
[1] 18.798423 24.259725  9.731373
[1] 19.381935 19.993474  9.655942
[1] 20.54191 22.41909 10.48833
[1] 20.51948 25.93525 12.28266
[1] 19.95185 21.29897 10.09081
[1] 17.88148 23.41456 11.57962
[1] 10
[1] 25.79186 26.82896 11.60669
[1] 24.16069 24.73092 11.64724
[1] 22.63437 23.33464 18.30398
[1] 23.70523 23.23725 12.54583
[1] 27.23682 24.08487 13.09662
[1] 22.77759 23.64080 13.76586
[1] 24.74355 20.71121 20.09923
[1] 20.13898 22.63831 17.54804
[1] 24.86707 23.49972 11.79105
[1] 24.56181 23.41495 14.19325
[1] 22.85117 20.84457 11.06867
[1] 22.15910 20.35906 42.17003
[1] 26.01923 23.81189 12.65551
[1] 21.10463 20.28739 12.23139
[1] 24.64857 22.79796 14.69720
[1] 22.83718 21.63556 11.42027
[1] 23.41038 20.51595 10.10242
[1] 22.81106 21.76726 13.04282
[1] 20.600318 22.675830  9.025935
[1] 25.08555 26.05783 13.04945
[1] 28.97450 24.43592 12.21827
[1] 22.57461 22.36704 13.22108
[1] 24.59436 19.45908 13.21633
[1] 23.42120 23.78299 17.58415
[1] 21.12341 22.30513 22.28782
[1] 26.04080 19.26606 10.74855
[1] 25.33476 20.07367 17.61447
[1] 22.25060 21.49408 11.96851
[1] 28.51138 23.52032 12.57703
[1] 22.173251 21.513680  9.360549
[1] 25.98060 22.18691 13.49948
[1] 24.98311 21.31263 11.22684
[1] 19.209433 23.846788  9.631619
[1] 18.776786 19.466760  9.095559
[1] 24.14463 21.23666 11.73450
[1] 27.74015 22.84548 17.86358
[1] 21.10864 20.20860 16.15917
[1] 23.88943 24.04328 12.31020
[1] 26.23572 25.22937 11.63101
[1] 21.891670 20.324557  9.295877
[1] 23.34997 24.11579 11.44235
[1] 25.00626 24.74281 12.09995
[1] 21.59508 21.46498 12.63658
[1] 23.540906 23.319734  9.982306
[1] 23.59101 22.19606 11.23096
[1] 24.11135 22.46554 12.37289
[1] 24.79132 26.20368 16.27837
[1] 23.10771 22.90888 11.86252
[1] 25.34636 22.89102 12.74673
[1] 20.83046 21.48292 12.57394
[1] 24.70652 20.24972 10.40697
[1] 21.09009 20.72722  9.71164
[1] 20.301524 18.045830  8.930794
[1] 23.45779 23.75452 16.07190
[1] 25.22369 26.39424  9.81710
[1] 23.45093 25.68572 11.69108
[1] 27.15487 24.48560 15.60905
[1] 20.38152 17.19287 11.15958
[1] 21.120107 20.042777  8.972947
[1] 23.29016 20.70970  8.50071
[1] 21.60363 24.63985 10.65299
[1] 25.45678 26.56956 13.81727
[1] 23.661446 18.634904  9.305064
[1] 26.74716 24.03198 12.63334
[1] 25.07443 22.17603 12.99257
[1] 23.00900 22.04420  8.91996
[1] 25.17330 20.34310 11.97796
[1] 25.231349 21.753011  9.778101
[1] 24.18888 22.77990 11.13474
[1] 24.19246 20.37288 10.37932
[1] 22.92766 23.79774 11.30935
[1] 25.2951 25.7296 16.9978
[1] 23.12057 20.69446 13.76308
[1] 24.43131 22.88301 15.27180
[1] 21.82563 24.21967 19.06897
[1] 25.85658 27.41661 12.62546
[1] 24.70201 19.64484 15.35004
[1] 22.93318 22.24322 11.76906
[1] 24.33802 23.31638 13.47541
[1] 23.564891 21.013144  9.562836
[1] 11.66667
[1] 28.17951 24.18697 12.26757
[1] 28.43513 22.54212 17.30954
[1] 28.95953 21.10910 19.33323
[1] 29.00192 24.98506 13.03623
[1] 30.70361 24.72112 14.53002
[1] 26.52012 23.12227 15.58004
[1] 29.40834 24.12266 11.01993
[1] 31.71179 21.74529 12.78838
[1] 27.72779 25.32167 18.79381
[1] 29.87047 28.24989 11.97611
[1] 26.55914 20.78707 16.64763
[1] 29.11456 22.67220 26.93255
[1] 26.82752 23.59630 27.85531
[1] 24.82825 26.22809 17.46803
[1] 27.04876 20.33908 11.87478
[1] 27.38981 21.41753 12.76694
[1] 26.92587 21.53186 11.63716
[1] 27.89289 23.02563 10.58249
[1] 29.89311 24.42474 16.99716
[1] 29.78980 22.31828 12.26514
[1] 33.12657 26.78353 17.25770
[1] 27.53296 21.40051 10.70525
[1] 21.65703 19.51055 13.23739
[1] 22.37130 19.94689 10.30198
[1] 30.93233 20.47979 11.55175
[1] 26.57543 23.42708 11.80716
[1] 27.70633 22.15736 12.23727
[1] 31.89330 22.69323 10.70260
[1] 27.64256 22.23025 11.19908
[1] 28.64805 19.78778 10.44345
[1] 28.06347 22.02831 16.85480
[1] 28.15763 21.24538 10.71533
[1] 30.59564 21.54646 13.45877
[1] 26.09412 22.98285 10.91629
[1] 28.86228 24.29365 13.87367
[1] 30.07912 20.14092 11.99961
[1] 24.37228 19.60019 11.74999
[1] 26.60396 21.50846 10.50116
[1] 24.07499 19.59056 16.05039
[1] 21.558827 23.049652  8.835625
[1] 28.19456 24.20626 24.23791
[1] 25.02165 17.78008 11.81709
[1] 25.55882 24.21891 17.72771
[1] 25.03437 25.91890 13.77903
[1] 28.95289 21.78512 10.86008
[1] 31.40972 23.38482 10.84668
[1] 27.17586 22.58334 16.02259
[1] 30.51027 26.14787 14.14477
[1] 26.08671 22.66791 17.00379
[1] 24.33742 22.44564 15.83853
[1] 30.06919 22.63805  9.94343
[1] 32.24833 23.60772 14.16973
[1] 33.19319 21.98528 12.43331
[1] 30.10412 24.27979 13.34483
[1] 27.73423 21.13375 12.29947
[1] 24.35326 20.20401 11.33478
[1] 26.34207 17.87351 16.79477
[1] 29.53676 22.72696 14.99165
[1] 33.69739 22.40287 18.75022
[1] 30.58840 22.61487 12.12878
[1] 29.34809 24.53738 12.34650
[1] 27.53734 21.93595 11.22067
[1] 28.03633 23.22128 11.84611
[1] 31.50437 21.02721 11.45286
[1] 28.65463 22.10987 10.27020
[1] 26.74723 24.55161 10.19892
[1] 28.58022 20.09946 12.72565
[1] 27.92038 26.15915 12.54497
[1] 27.28459 25.49408 10.68411
[1] 28.02106 21.02122 10.23469
[1] 31.65944 23.08919 11.66263
[1] 27.04193 24.71761 12.27750
[1] 29.00628 21.69976 14.78014
[1] 27.69559 24.73387 11.17416
[1] 25.75841 21.19262 11.71421
[1] 26.97252 18.42198 76.57565
[1] 24.23962 22.45431 13.96215
[1] 29.48263 27.09362 16.32461
[1] 30.11266 23.47137 13.07784
[1] 23.34076 19.92709 13.47386
[1] 13.33333
[1] 37.93161 23.77499 13.98159
[1] 37.34508 25.83500 15.30780
[1] 33.17911 24.38586 11.51616
[1] 33.367435 21.939091  9.937607
[1] 30.29448 24.94881 16.91594
[1] 31.20120 21.62753 16.23772
[1] 29.24402 20.94940 11.32964
[1] 29.21350 22.24470 16.42565
[1] 36.24378 25.72847 12.25116
[1] 29.13245 19.25242 17.66810
[1] 38.33575 22.25655 12.47327
[1] 29.004610 23.500858  9.421745
[1] 27.769331 19.478165  9.246535
[1] 32.79686 22.19489 11.56870
[1] 34.90006 20.71910 13.76781
[1] 34.76717 23.70305 21.15141
[1] 29.87218 17.98595 17.76850
[1] 35.01457 23.37756 21.94793
[1] 31.58821 22.18771 12.05421
[1] 33.20237 20.27449 17.38349
[1] 30.10079 22.43287 18.02819
[1] 29.28690 19.99692 12.16162
[1] 32.32834 25.01103 13.88081
[1] 29.57469 24.51496 18.09205
[1] 36.44266 25.58236 18.13886
[1] 36.00792 25.18641 11.94268
[1] 29.43896 25.48031 10.60443
[1] 38.13139 27.87095 11.73574
[1] 34.25456 20.30325 17.14014
[1] 31.94690 21.57992 11.47015
[1] 29.32177 23.04521 17.95477
[1] 35.17173 24.19460 12.54540
[1] 25.97517 20.12629 10.79535
[1] 32.54390 23.36786 12.17550
[1] 37.84988 21.11761 12.61509
[1] 33.09241 22.52831 11.26165
[1] 29.347960 19.017941  9.905618
[1] 32.66305 21.16163 16.04174
[1] 36.09207 22.59581 18.49702
[1] 30.43417 22.71835 16.95769
[1] 33.875256 23.217820  9.593829
[1] 33.25598 24.82322 13.67251
[1] 30.83891 24.41698 13.23640
[1] 29.68234 23.27142 12.00121
[1] 29.48662 25.28936 12.77073
[1] 29.46780 24.27769 16.98135
[1] 32.79648 20.57638 11.02872
[1] 36.34408 25.62806 16.75290
[1] 36.57669 25.11301 15.61641
[1] 32.56628 21.94935 12.95033
[1] 29.44242 22.42877 12.70689
[1] 29.13639 21.58857 13.63796
[1] 27.97428 23.57059 12.59139
[1] 34.05349 23.84638 16.50384
[1] 31.11719 23.35089 13.39632
[1] 30.38140 21.63596 18.33780
[1] 30.68931 22.97415 24.70237
[1] 27.84296 19.64102 11.96030
[1] 38.21420 21.57288 11.31759
[1] 36.83447 24.65240 17.22215
[1] 27.84915 21.77824 17.01402
[1] 29.97121 24.79008 12.41859
[1] 34.13749 25.02663 13.47882
[1] 29.67201 24.71735 10.28027
[1] 34.27193 20.45214 10.72621
[1] 33.32985 22.68095 16.35620
[1] 27.39731 22.39321 13.04606
[1] 28.636396 20.146862  9.691387
[1] 27.32444 19.49507 14.66260
[1] 31.26964 21.61435 15.20966
[1] 34.34736 24.85673 12.23252
[1] 30.32365 22.17534 16.87222
[1] 31.79085 20.93473 16.49281
[1] 30.76976 21.71259 14.33512
[1] 28.98669 21.19348 13.52242
[1] 32.22725 25.16421 11.67171
[1] 37.11811 22.57489 11.29694
[1] 32.95729 24.85827 11.67234
[1] 28.74627 27.15231 14.67029
[1] 33.307189 24.761634  9.436485
[1] 15
[1] 36.56086 25.72860 24.22724
[1] 39.43105 23.09349 14.54613
[1] 37.80643 23.85006 12.93555
[1] 38.05521 18.49491 14.83867
[1] 39.74124 25.98664 18.22395
[1] 29.48611 20.84666 11.09732
[1] 33.04908 24.37013 25.27105
[1] 37.32063 21.43334 10.99678
[1] 36.48135 27.12245 17.42617
[1] 37.02006 22.91686 13.46780
[1] 35.19545 23.38155 11.48605
[1] 46.85134 25.17991 26.98521
[1] 37.51067 23.30807 11.20321
[1] 32.514885 18.721405  8.557467
[1] 36.64128 25.08721 20.82864
[1] 36.27737 22.94403 11.96918
[1] 35.16318 24.34930 13.97650
[1] 36.43259 22.68878 16.86206
[1] 30.570188 20.453055  9.620397
[1] 36.12879 28.64971 15.06041
[1] 39.95468 24.08845 15.42512
[1] 34.09180 22.27113 17.73837
[1] 41.95261 23.38457 17.82154
[1] 34.48783 23.95984 13.10017
[1] 34.72351 25.31997 18.25158
[1] 36.59604 25.44834 12.13140
[1] 35.43466 25.86910 14.12337
[1] 38.05455 26.34571 17.88551
[1] 38.30337 20.40464 15.11837
[1] 38.81156 24.90408 16.08044
[1] 32.28136 19.67655 16.02919
[1] 38.03453 20.40275 19.95228
[1] 33.57329 22.85519 11.89167
[1] 34.96375 19.01257 11.35115
[1] 33.87677 21.70856 17.79225
[1] 37.27682 22.39390 21.63812
[1] 40.71244 26.24587 16.35697
[1] 37.79232 23.84712 21.16407
[1] 40.45738 25.56431 15.15600
[1] 38.33847 24.32265 11.95207
[1] 36.89185 26.12351 16.86017
[1] 33.80522 22.83505 22.97136
[1] 36.41056 24.94232 47.03039
[1] 37.82968 27.06248 12.19811
[1] 36.80628 24.33173 20.85479
[1] 30.71268 20.08313 17.17437
[1] 31.25369 17.68569 13.77980
[1] 32.41689 27.64982 15.07466
[1] 37.69504 22.75241 12.21689
[1] 39.86938 21.95725 15.87401
[1] 35.67040 18.49720 23.27626
[1] 39.78005 25.47561 15.23088
[1] 35.88759 22.81140 13.62991
[1] 42.47222 25.58533 16.23385
[1] 36.46212 23.25835 10.35614
[1] 34.38894 22.01995 11.46798
[1] 32.42862 21.85708 11.02295
[1] 35.42376 26.46977 13.99674
[1] 42.22470 24.32001 14.30266
[1] 32.39758 21.07718 13.15714
[1] 37.93167 26.06513 19.49317
[1] 38.78059 24.07467 22.87415
[1] 41.26227 24.58752 29.31321
[1] 38.06104 27.14898 13.25250
[1] 34.43442 22.12695 11.41346
[1] 36.90410 25.37772 12.77170
[1] 40.90667 24.29625 13.02629
[1] 40.30520 21.56284 21.47212
[1] 36.60821 22.17516 17.56979
[1] 38.12839 22.18882 17.05397
[1] 35.51259 21.70173 15.47893
[1] 36.66726 24.22807 10.62259
[1] 41.78059 23.84369 12.62273
[1] 33.76525 19.31940 10.92235
[1] 40.34939 21.89766 19.62956
[1] 41.07538 21.35092 14.96738
[1] 38.94259 28.07353 17.12226
[1] 39.30718 26.79916 19.42265
[1] 34.13707 21.02998 22.07713
[1] 37.63805 22.18522 18.96882
[1] 16.66667
[1] 35.85063 21.34881 13.08498
[1] 47.65214 21.54099 12.07737
[1] 42.70607 24.32286 13.73083
[1] 40.88280 24.26437 12.60046
[1] 46.23115 22.66627 10.59073
[1] 39.09904 20.24087 11.08567
[1] 41.78439 23.24049 14.10492
[1] 38.47139 22.43478 11.60907
[1] 43.80026 19.28996 15.33617
[1] 36.14283 25.19081 21.25281
[1] 44.13911 25.51420 10.77785
[1] 46.37399 26.75662 23.74994
[1] 47.63489 22.77802 13.31876
[1] 40.63967 21.71104 14.86777
[1] 38.43810 23.28689 42.55129
[1] 41.20249 20.67478 12.65618
[1] 40.99028 20.83603 18.84679
[1] 45.57786 23.59267 12.21550
[1] 51.16127 23.16447 20.01067
[1] 43.71318 22.13282 16.80847
[1] 42.86287 24.42932 18.60434
[1] 37.29301 22.67623 11.20323
[1] 44.17654 23.16944 17.09243
[1] 42.68288 20.83566 13.42171
[1] 38.72285 19.48414 13.30416
[1] 39.68746 20.66751 11.51412
[1] 41.46764 23.90657 13.17932
[1] 45.33954 26.32033 20.04420
[1] 41.12024 25.76154 14.59030
[1] 44.38948 21.98364 13.89318
[1] 46.90308 25.44950 16.82480
[1] 44.26497 22.60166 12.80829
[1] 46.75610 25.35631 11.82991
[1] 46.02972 25.57148 12.84163
[1] 40.03757 27.34665 14.79147
[1] 35.74407 24.98635 19.94766
[1] 35.62749 23.46620 20.13779
[1] 40.65995 20.87851 12.51909
[1] 49.78639 23.59933 18.21628
[1] 43.98474 21.81172 11.53397
[1] 40.80969 25.49774 11.58651
[1] 52.96379 22.11863 26.84278
[1] 48.29925 22.83779 13.78094
[1] 42.23357 23.51668 15.46000
[1] 41.36238 22.81092 16.15077
[1] 42.04296 23.18918 23.44321
[1] 41.85421 22.31009 15.45037
[1] 43.10429 26.08293 14.84419
[1] 42.94730 20.47372 11.35688
[1] 44.21559 24.71114 12.84502
[1] 38.13741 24.60200 18.63025
[1] 41.77704 23.06845 19.58623
[1] 52.26476 31.47634 15.41369
[1] 47.52749 27.61921 21.11221
[1] 37.91918 24.51456 18.19644
[1] 42.40539 21.20168 10.55599
[1] 45.84516 21.60476 18.35804
[1] 41.91337 23.26819 15.39020
[1] 44.15788 23.15392 14.41552
[1] 42.92460 21.12268 21.99438
[1] 42.59565 27.88841 15.98155
[1] 43.27704 23.83951 15.40082
[1] 44.31839 21.32016 11.12970
[1] 36.590385 17.435604  9.545769
[1] 40.25742 23.09453 13.89025
[1] 43.95582 24.14382 43.78738
[1] 38.97404 25.38022 18.08501
[1] 38.51485 23.42688 38.88381
[1] 44.37542 23.52043 15.13067
[1] 47.41759 25.78277 12.31578
[1] 36.25246 21.62413 21.00397
[1] 45.94166 23.42165 31.83167
[1] 39.02089 24.90622 15.60814
[1] 40.24597 21.34183 17.35437
[1] 47.96897 24.48302 20.42365
[1] 43.22642 21.98277 12.04096
[1] 44.99159 23.86533 17.72213
[1] 43.73580 25.19172 14.39572
[1] 43.15814 23.95626 23.36324
[1] 39.16537 20.09206 13.91366
[1] 18.33333
[1] 50.46839 26.42226 14.69468
[1] 42.02369 23.38581 18.45765
[1] 58.49832 22.67816 13.57069
[1] 58.17417 25.12314 18.41167
[1] 50.57161 24.22414 14.16523
[1] 47.36280 21.61811 14.97472
[1] 47.51007 20.87542 15.81855
[1] 44.33097 20.02228 12.76967
[1] 49.29050 25.11196 16.01924
[1] 43.77349 24.41189 30.66359
[1] 48.28014 26.06132 20.19996
[1] 43.99742 26.13682 13.72750
[1] 43.31915 24.09599 11.27335
[1] 45.63349 21.69984 16.16250
[1] 45.83047 23.33253 12.78959
[1] 46.28102 25.44798 26.67562
[1] 46.65132 22.42215 12.09446
[1] 50.87649 28.40681 14.48929
[1] 53.82981 27.83131 13.56956
[1] 40.71689 22.10354 11.97598
[1] 46.06670 24.64844 18.43393
[1] 50.69620 19.35069 29.46793
[1] 42.40641 24.12044 17.51883
[1] 48.61322 21.41218 12.73681
[1] 47.60793 21.49086 16.94912
[1] 54.21816 23.41690 16.88049
[1] 48.21375 22.60677 17.30298
[1] 53.22696 26.44016 14.50361
[1] 46.38176 24.95146 21.25004
[1] 50.25976 21.95069 12.60498
[1] 51.21989 29.31492 18.12871
[1] 43.02555 24.40096 19.38389
[1] 56.76994 26.39190 22.05033
[1] 38.91293 20.07929 21.98457
[1] 48.31776 25.25550 13.41949
[1] 48.95725 28.27517 14.36963
[1] 54.75192 21.45863 13.40045
[1] 44.87263 22.91837 21.33565
[1] 51.04024 24.38230 14.06433
[1] 45.75384 25.48708 23.59473
[1] 52.71126 23.88504 30.33876
[1] 40.92722 21.71462 13.90875
[1] 43.17685 22.47273 10.63443
[1] 47.64991 22.03799 13.60457
[1] 49.94701 23.19036 18.35969
[1] 45.09258 21.29316 17.94921
[1] 50.89556 23.14186 15.31754
[1] 43.31487 22.97273 11.57944
[1] 49.56035 25.22701 15.77335
[1] 48.93551 21.77524 14.07114
[1] 54.14610 23.42483 27.08404
[1] 47.42781 26.20518 13.82692
[1] 52.05868 26.85077 19.62381
[1] 42.13592 20.46375 13.82866
[1] 53.13058 23.89696 18.39183
[1] 49.71769 23.84864 21.45981
[1] 52.64244 25.86277 15.57621
[1] 52.44022 22.08553 18.57223
[1] 47.98752 21.70200 15.72143
[1] 49.69073 22.25863 24.51829
[1] 42.62350 24.27585 25.26505
[1] 39.75848 20.94795 26.37491
[1] 41.72235 23.76988 17.61152
[1] 47.94975 24.73658 17.54395
[1] 47.74302 24.93501 18.65585
[1] 43.39797 19.30365 21.47521
[1] 44.70334 24.35984 13.15067
[1] 52.95659 24.03118 12.71002
[1] 57.18283 24.36316 14.98018
[1] 47.71237 24.40274 19.12937
[1] 48.42275 23.70804 21.81851
[1] 44.11281 23.01570 21.27406
[1] 46.81882 24.68521 38.58077
[1] 50.30079 24.75230 19.74113
[1] 46.04269 21.71930 23.03681
[1] 41.48395 25.99677 17.92990
[1] 42.79292 24.36143 11.48344
[1] 45.30747 21.59986 14.49591
[1] 50.23019 23.25013 24.83413
[1] 34.74455 20.27810 30.70625
[1] 20
[1] 51.72137 21.23920 33.92730
[1] 50.87520 21.25075 12.81961
[1] 52.77421 24.26640 18.48421
[1] 54.44779 24.18556 21.45030
[1] 51.13117 24.60130 24.03731
[1] 58.01139 21.01882 23.25169
[1] 56.62337 24.70276 21.66197
[1] 60.08689 27.40898 16.60378
[1] 63.22986 26.82542 27.17722
[1] 58.52433 21.28693 19.53780
[1] 54.48214 24.27914 17.03004
[1] 60.20780 25.52946 30.91131
[1] 48.53201 21.31645 29.12636
[1] 58.89066 25.02935 16.16560
[1] 68.11338 20.16794 30.67455
[1] 48.25019 23.21344 16.41002
[1] 45.93923 20.60209 11.33451
[1] 61.95523 24.64982 24.90548
[1] 55.97778 23.49509 18.43678
[1] 58.54955 24.20098 12.44096
[1] 50.81804 26.66807 22.77537
[1] 52.14232 22.15120 17.01478
[1] 45.14098 20.23907 20.03765
[1] 57.31256 23.32115 33.67241
[1] 52.33703 22.41354 12.84882
[1] 50.26433 25.01115 31.62902
[1] 53.46083 20.47713 17.10289
[1] 46.71335 18.80508 13.89346
[1] 57.52232 27.87447 19.16407
[1] 51.81979 24.72829 22.26438
[1] 48.40844 23.75443 26.51359
[1] 57.01483 23.45652 16.53977
[1] 54.74633 22.42506 27.08497
[1] 61.21921 24.31853 21.83826
[1] 55.72208 21.18340 21.97587
[1] 52.60650 24.30186 16.53021
[1] 54.32593 22.00548 23.42897
[1] 57.11154 24.29759 18.79348
[1] 61.19983 22.76427 26.90733
[1] 55.35366 27.03695 26.24930
[1] 51.61390 21.88704 24.38070
[1] 60.18078 28.33668 19.95490
[1] 53.83710 26.13826 16.69347
[1] 58.16250 23.85953 16.70542
[1] 54.64141 22.20190 13.16813
[1] 51.76827 19.56006 14.10691
[1] 56.58251 23.29470 13.82900
[1] 53.27457 25.58137 16.68387
[1] 52.10155 20.38892 23.23584
[1] 56.66344 23.90994 22.05479
[1] 57.16211 23.06463 19.88845
[1] 57.84756 23.44082 24.66956
[1] 52.51453 20.33191 29.35595
[1] 49.11908 20.71602 22.52060
[1] 45.84411 19.18649 12.01001
[1] 53.02650 26.54341 23.36028
[1] 63.89040 24.81605 18.87974
[1] 61.78008 24.65291 16.74817
[1] 53.70080 21.84273 15.70043
[1] 58.20944 24.98729 14.34878
[1] 55.20081 27.29135 16.02788
[1] 55.24637 24.78555 20.28064
[1] 51.50568 21.01968 15.81551
[1] 66.04832 23.69729 18.91582
[1] 49.48694 19.16468 11.36323
[1] 50.02564 22.93053 25.00393
[1] 54.21317 25.02856 25.28078
[1] 57.13330 25.30519 21.32335
[1] 50.77249 25.96253 19.07646
[1] 64.04884 27.73760 26.02970
[1] 52.93510 22.18814 15.07270
[1] 47.80900 22.08418 14.03572
[1] 46.71324 21.37087 12.56425
[1] 51.30792 24.81395 19.36802
[1] 56.14602 24.46642 21.54838
[1] 44.73896 23.13451 23.75932
[1] 51.92840 20.73615 12.16450
[1] 55.01745 23.25769 15.03856
[1] 58.47285 24.54284 19.24488
[1] 60.20344 28.21100 18.60647
[1] 21.66667
[1] 63.12693 22.56246 35.17013
[1] 55.53971 22.60538 12.74859
[1] 60.23042 24.87142 18.51423
[1] 63.15914 28.28062 24.79949
[1] 66.98180 29.30881 23.61287
[1] 52.27238 21.46240 20.74840
[1] 59.07543 21.70164 16.93518
[1] 52.92531 22.88076 14.41189
[1] 54.02606 19.67955 20.13181
[1] 57.01113 22.67531 14.31840
[1] 57.99271 26.90547 38.80016
[1] 60.63088 28.26725 22.80197
[1] 56.19379 21.81539 13.75128
[1] 61.34226 25.82749 30.37585
[1] 58.94670 23.19701 21.02456
[1] 62.07709 23.83221 22.12693
[1] 62.32762 26.92987 13.47480
[1] 48.47902 20.33185 13.82060
[1] 61.63078 26.77587 29.41396
[1] 60.08035 23.93284 19.68212
[1] 66.48477 25.08146 16.03688
[1] 66.60243 19.42568 30.32799
[1] 61.90879 23.35214 14.24512
[1] 60.65393 24.51982 12.71983
[1] 66.19192 22.27601 18.34312
[1] 51.76487 23.92912 16.21785
[1] 63.07234 24.05547 28.39242
[1] 53.69682 25.22426 17.46789
[1] 66.20592 30.49144 20.98886
[1] 59.32714 25.97886 19.93376
[1] 57.00520 24.46810 14.72189
[1] 61.78909 21.58952 15.22409
[1] 57.98372 19.77277 21.29117
[1] 58.80319 27.65109 24.70966
[1] 62.92230 24.14542 16.50105
[1] 59.31909 23.92186 22.53701
[1] 65.82307 25.89189 15.92980
[1] 55.93411 21.93023 16.43981
[1] 64.02709 27.42937 19.02578
[1] 59.07245 23.71922 14.01793
[1] 61.47160 23.97900 17.78136
[1] 63.04796 24.48393 17.66076
[1] 58.07216 25.69835 14.41987
[1] 58.78014 27.48743 30.59976
[1] 72.41211 29.30517 25.87006
[1] 54.89300 20.59911 22.99851
[1] 61.06314 22.89800 35.27655
[1] 61.74483 24.77456 19.39896
[1] 63.95332 26.68790 12.56081
[1] 65.30461 23.24058 23.07749
[1] 58.05556 22.54731 12.85684
[1] 71.16488 26.34550 16.77081
[1] 60.39156 22.11918 17.39471
[1] 48.24058 23.64495 45.08411
[1] 62.81238 23.50322 12.84523
[1] 49.36076 25.56277 15.08265
[1] 62.75135 22.91701 14.68559
[1] 70.21472 25.99286 36.57331
[1] 62.41580 30.28107 19.94852
[1] 47.55958 20.70835 18.28856
[1] 59.11648 22.63401 38.56345
[1] 68.30918 26.02299 17.05855
[1] 62.39683 27.22262 24.55523
[1] 55.37583 21.05392 17.53871
[1] 67.29151 25.92140 15.71579
[1] 56.56114 24.77476 20.02952
[1] 49.42983 22.19138 14.38405
[1] 54.98207 21.91550 27.98795
[1] 58.57460 22.55076 15.10299
[1] 65.64288 25.80378 29.33642
[1] 60.00392 21.83886 14.14254
[1] 67.74390 27.96066 32.70889
[1] 61.23753 23.91098 31.73700
[1] 62.90352 23.95059 40.49222
[1] 64.82814 25.93684 35.02724
[1] 55.20797 21.68552 12.91858
[1] 63.54355 19.29416 24.46928
[1] 52.54187 21.11073 22.12504
[1] 57.56151 23.64570 25.41896
[1] 62.98227 27.77368 18.93517
[1] 23.33333
[1] 60.80822 22.45234 19.48200
[1] 66.69967 20.99094 14.94836
[1] 68.53223 23.54655 13.02579
[1] 68.13358 29.68078 27.18441
[1] 70.28333 23.37224 19.60326
[1] 60.02166 19.74134 19.56298
[1] 79.13609 29.07582 26.05525
[1] 68.05050 24.47501 14.39787
[1] 61.12088 24.85337 44.37873
[1] 61.28466 21.87564 26.69544
[1] 55.79524 20.05286 33.32043
[1] 78.23142 26.87153 26.73317
[1] 60.85802 28.48672 19.24320
[1] 76.49688 25.73604 14.66903
[1] 67.51907 23.36615 18.58953
[1] 69.99650 25.27956 15.86761
[1] 58.77482 19.80991 21.66731
[1] 71.31755 22.96890 12.81105
[1] 59.94418 23.33014 20.19828
[1] 53.32673 22.89335 16.55407
[1] 66.38036 20.81675 12.67760
[1] 73.00081 24.70275 17.49787
[1] 69.70608 25.70639 16.48479
[1] 75.99813 22.63109 15.77495
[1] 74.31204 21.60788 16.78704
[1] 59.92332 22.57495 13.06863
[1] 60.46107 24.31043 19.55394
[1] 54.91229 22.74968 19.11407
[1] 71.60531 26.89580 25.62664
[1] 65.78161 21.67749 38.12147
[1] 66.44290 25.79805 33.67691
[1] 65.20829 20.85821 13.51371
[1] 67.47455 27.45982 28.59983
[1] 67.54601 22.74740 24.79897
[1] 80.44072 26.18770 35.88914
[1] 71.74723 24.73578 44.59672
[1] 71.05854 22.09248 25.17012
[1] 67.27900 24.45683 28.25457
[1] 67.18138 25.31096 14.04123
[1] 64.75569 23.54742 32.50742
[1] 76.37309 26.40890 34.53185
[1] 73.45063 25.03231 23.14590
[1] 78.12628 29.83763 31.69813
[1] 73.52645 23.75617 20.55183
[1] 68.19523 19.94707 48.16728
[1] 66.01797 26.44739 25.11994
[1] 56.88717 22.54014 13.56140
[1] 63.43324 23.45151 19.86433
[1] 62.53857 20.61273 28.32412
[1] 69.83167 23.61886 12.95199
[1] 64.23627 22.83511 18.44701
[1] 67.56068 22.88350 19.45027
[1] 73.50148 28.03107 30.62133
[1] 62.58206 26.32779 31.16937
[1] 66.37680 27.18479 16.08979
[1] 68.26387 23.16788 12.67665
[1] 61.60188 24.53740 14.75059
[1] 56.80756 25.08463 14.25365
[1] 67.60184 25.12627 12.59075
[1] 69.59165 25.62760 21.12337
[1] 62.56294 24.81576 13.33616
[1] 66.02971 21.81058 18.71046
[1] 68.24655 27.50543 27.59272
[1] 64.67926 26.86385 13.45270
[1] 70.39387 20.52840 35.38143
[1] 69.36528 25.67645 13.35286
[1] 55.51231 26.23892 18.65819
[1] 72.21518 24.58034 19.61417
[1] 67.50221 26.07555 26.59142
[1] 67.67407 23.14531 13.27292
[1] 64.61359 21.23377 44.86449
[1] 65.49861 19.75220 20.50275
[1] 61.29344 21.54779 13.58004
[1] 59.93109 22.87443 14.23615
[1] 64.33416 26.99262 36.20087
[1] 63.75486 22.92394 25.15408
[1] 62.73746 24.73466 19.59346
[1] 67.38440 26.20924 13.96955
[1] 59.35896 22.76238 27.32953
[1] 72.12157 24.38733 32.86148
[1] 25
[1] 74.06255 23.81490 33.56135
[1] 68.04348 22.30524 22.01417
[1] 65.52387 27.63910 26.28641
[1] 70.08221 26.08880 13.27261
[1] 76.66485 25.32732 23.19520
[1] 67.57003 23.33301 19.41127
[1] 79.94882 26.88138 30.36468
[1] 65.57050 26.14430 29.62861
[1] 72.02430 26.12387 26.33464
[1] 75.13534 25.60438 24.58553
[1] 77.57401 22.28839 13.78230
[1] 60.53966 22.94608 14.26121
[1] 75.67369 25.76055 17.40727
[1] 74.34819 21.62973 12.74882
[1] 80.69848 25.79090 20.57040
[1] 69.31114 24.65786 22.64707
[1] 62.70185 24.77163 15.92724
[1] 75.76488 25.29627 24.38705
[1] 67.64500 24.40134 14.49006
[1] 68.97576 22.12367 21.08322
[1] 71.71511 25.17047 15.20847
[1] 71.69005 25.61901 13.84756
[1] 72.94585 21.79444 23.49808
[1] 88.03998 28.24083 29.31200
[1] 76.54490 22.92225 17.86379
[1] 70.96952 24.68205 16.01933
[1] 69.54822 22.79118 30.77317
[1] 82.07729 24.77967 16.89090
[1] 78.34792 23.67787 27.78457
[1] 80.86890 24.18350 24.91162
[1] 70.76000 25.33854 12.03977
[1] 64.43958 22.67918 21.60014
[1] 64.70807 23.26614 36.75385
[1] 75.19085 23.09132 18.08619
[1] 77.44697 26.22472 15.04252
[1] 83.64363 25.25898 37.78889
[1] 74.49446 19.16190 13.59884
[1] 81.09619 25.13745 37.89865
[1] 63.33663 20.16928 19.15316
[1] 63.86625 26.60382 23.04649
[1] 73.32500 23.33220 22.08525
[1] 72.61536 28.78764 20.94846
[1] 85.90045 24.15443 24.11369
[1] 91.99646 23.27298 51.72434
[1] 68.55612 23.05999 14.54172
[1] 59.36912 22.76944 19.80945
[1] 80.56015 24.23580 31.77267
[1] 77.96220 21.13274 15.21186
[1] 73.09368 23.39108 14.26419
[1] 89.59881 23.95840 18.43428
[1] 68.54613 23.39814 22.59871
[1] 60.76688 24.70401 16.15197
[1] 79.85917 22.70245 15.66306
[1] 73.51528 24.58072 20.47945
[1] 74.00528 26.27159 25.54151
[1] 65.89992 26.77904 20.65538
[1] 69.74487 25.40901 23.71522
[1] 81.19455 22.20755 12.69783
[1] 70.45473 29.39801 16.31289
[1] 78.90768 27.36199 36.47081
[1] 67.28802 22.94930 20.54040
[1] 67.54082 21.56247 21.68536
[1] 74.47013 22.62357 16.05566
[1] 72.44831 19.59694 18.20192
[1] 73.85159 25.76650 17.58920
[1] 81.67422 26.77649 18.67989
[1] 81.65745 23.88456 32.23105
[1] 86.94361 30.16873 26.44439
[1] 80.54532 28.52235 22.94782
[1] 66.97437 19.59273 16.48157
[1] 81.71906 25.50790 16.19300
[1] 73.50927 24.78909 19.33183
[1] 75.53109 25.91997 22.47742
[1] 68.94093 25.31333 26.25061
[1] 84.43164 25.22775 20.93690
[1] 58.99819 25.17914 24.26129
[1] 71.32776 23.73243 38.00455
[1] 61.07645 21.29278 19.87516
[1] 72.54418 27.33506 23.98288
[1] 79.24547 29.55199 22.42129
[1] 26.66667
[1] 84.42549 23.23808 28.17829
[1] 88.23688 23.98288 16.85424
[1] 82.11272 24.94130 36.81730
[1] 88.90971 25.83455 39.79884
[1] 89.75258 27.02857 27.04055
[1] 84.45165 25.07293 17.89965
[1] 82.93544 24.47932 19.00650
[1] 84.45773 27.95808 25.14484
[1] 81.26073 27.12114 16.98724
[1] 93.80016 24.88787 25.27890
[1] 83.43569 28.75048 21.13197
[1] 88.30185 23.99996 15.18769
[1] 90.49800 26.05332 27.64250
[1] 79.10410 23.91714 19.70808
[1] 73.93871 25.33436 35.85214
[1] 102.30497  24.63047  26.38750
[1] 83.01250 24.01435 22.79719
[1] 71.87435 24.73636 22.94627
[1] 92.77911 27.35160 16.97108
[1] 80.83811 28.92245 18.67938
[1] 94.11577 24.18358 29.49821
[1] 82.54181 26.25278 30.09271
[1] 95.17156 25.62273 24.98118
[1] 72.00358 24.34297 37.39896
[1] 75.31540 26.54762 41.59501
[1] 93.23390 28.88908 23.65279
[1] 79.40021 27.44093 26.81775
[1] 82.22954 23.47670 32.66949
[1] 78.13344 26.61152 20.72276
[1] 72.80321 21.89558 23.88976
[1] 76.98901 27.45318 18.33872
[1] 78.07608 22.81303 49.32773
[1] 76.96402 26.39284 22.10171
[1] 83.89267 28.54967 23.74505
[1] 88.02657 22.30836 19.51518
[1] 86.75534 25.13848 22.06612
[1] 68.93242 24.71223 43.09889
[1] 88.25494 27.09608 15.51054
[1] 75.80045 25.04197 13.92896
[1] 82.18209 23.35877 17.06099
[1] 86.26362 24.27204 24.63656
[1] 74.30305 20.61131 19.55462
[1] 75.49138 23.27190 18.69709
[1] 89.37503 24.10184 17.18754
[1] 85.01177 25.71553 41.91553
[1] 78.01022 24.35958 30.48742
[1] 82.94818 24.82832 17.31746
[1] 81.00227 26.06049 23.94644
[1] 86.23096 23.12780 20.74719
[1] 71.19825 24.22410 20.36075
[1] 85.73617 26.36701 33.03402
[1]  84.11786  28.08377 103.10048
[1] 82.35516 24.12710 21.62140
[1] 79.85100 23.17949 15.02741
[1] 87.14009 22.39748 16.87208
[1] 75.28228 24.72337 27.91938
[1] 81.39973 28.22771 51.52629
[1] 80.04062 22.38497 36.91106
[1] 90.50363 26.98244 17.11170
[1] 77.83146 25.07715 16.31259
[1] 68.11030 21.14563 17.96635
[1] 78.26233 28.47777 20.09634
[1] 84.24177 25.49942 34.76738
[1] 88.66707 27.66662 25.71836
[1] 79.25980 24.03566 21.52079
[1] 82.61294 22.89188 17.33338
[1] 90.46243 24.00702 25.20665
[1] 95.59150 29.36811 41.98036
[1] 89.29521 20.22982 39.47842
[1] 82.47935 22.45126 12.09101
[1] 76.02285 22.36922 25.00582
[1] 91.15781 28.71462 50.33452
[1] 83.77553 26.24162 23.64326
[1] 95.83785 25.11204 58.74954
[1] 83.36318 28.42165 17.62162
[1] 75.62819 22.44929 22.83520
[1] 82.66967 26.83287 39.14894
[1] 88.19579 22.07180 21.58487
[1] 72.83256 24.75602 22.86237
[1] 93.50311 23.67300 18.84821
[1] 28.33333
[1] 93.83845 24.70115 26.29105
[1] 81.97369 25.03750 17.40941
[1] 79.59887 24.49559 23.12556
[1] 98.31295 24.93993 50.49020
[1] 96.10183 29.30734 26.11232
[1] 97.71642 29.48822 20.30307
[1] 99.52983 29.33130 22.04927
[1] 86.42221 26.81729 19.60273
[1] 91.33613 24.30316 44.08909
[1] 94.58326 26.50609 26.39075
[1] 103.91906  26.00020  28.98036
[1] 85.16947 25.54775 16.86129
[1] 107.02453  27.24926  18.69035
[1] 87.40163 27.48752 18.24341
[1] 95.51685 27.01248 22.27084
[1] 93.81460 28.81998 45.01464
[1] 100.80374  31.14620  22.13799
[1] 93.38884 26.91106 21.41666
[1]  86.94609  31.27673 100.14082
[1] 88.69494 27.80954 30.26300
[1] 94.99560 22.18529 37.53347
[1] 82.84456 30.29873 29.10498
[1] 104.38724  28.57225  20.48954
[1] 93.30532 28.32355 55.07073
[1] 85.72686 28.65550 25.89110
slurmstepd: error: *** JOB 40938740 ON c0840 CANCELLED AT 2019-11-17T02:59:20 DUE TO TIME LIMIT ***
