Loading required package: Matrix
Loading required package: foreach
Loaded glmnet 2.0-10

Loading required package: methods

Attaching package: ‘pracma’

The following objects are masked from ‘package:kernlab’:

    cross, eig, size

The following objects are masked from ‘package:Matrix’:

    expm, lu, tril, triu

[1] 0
[1] 5.749244 6.017872 5.306584 5.241304
[1] 6.297823 6.914009 5.343330 5.286273
[1] 5.463127 5.722873 4.760439 4.755858
[1] 4.912562 5.475637 4.415950 4.379316
[1] 6.069858 6.285021 5.130264 5.125491
[1] 5.602382 6.634815 5.049617 5.098326
[1] 5.389382 6.032442 4.801632 4.802769
[1] 6.023317 6.686289 5.265687 5.393865
[1] 5.176948 5.027186 4.390365 4.479370
[1] 5.522593 5.867802 4.719649 4.823770
[1] 5.963353 5.991656 5.189689 5.405710
[1] 5.060214 5.665306 4.340511 4.402268
[1] 5.020684 5.990735 4.938590 4.916019
[1] 5.571480 5.733672 4.548745 4.654580
[1] 4.416013 4.690307 3.824878 3.741967
[1] 5.864361 6.468861 4.975726 5.040903
[1] 5.352696 6.117860 4.442369 4.680791
[1] 5.320846 5.382797 4.860389 5.043576
[1] 5.404341 5.910749 4.634832 4.901828
[1] 5.032213 5.687136 4.151541 4.273993
[1] 5.933424 5.865898 4.771460 4.959999
[1] 4.782638 4.998534 4.169946 4.307082
[1] 5.045224 6.026619 4.041878 4.536906
[1] 5.164935 5.459945 4.932621 5.673019
[1] 5.197284 5.820721 4.662866 4.789563
[1] 5.434993 5.480860 4.546931 4.529746
[1] 6.071122 6.758788 5.185174 5.292135
[1] 5.094520 5.601278 4.706598 4.690933
[1] 5.229771 5.629620 4.580562 4.657561
[1] 4.498015 5.085157 3.973213 3.968550
[1] 5.343811 5.987527 4.722567 4.663204
[1] 5.331232 6.118575 4.964945 4.916658
[1] 5.371647 5.422248 4.811863 4.875470
[1] 6.014766 5.889419 5.396599 5.471517
[1] 4.917862 6.342608 5.154815 5.224013
[1] 5.420487 5.498532 4.623459 4.677823
[1] 6.271186 5.850138 5.137112 5.223819
[1] 4.775450 5.635942 4.103325 4.076434
[1] 5.645943 4.995672 4.427256 4.498183
[1] 5.407918 5.713950 4.830504 5.118130
[1] 5.093842 5.649452 4.864966 4.970906
[1] 5.691005 5.733856 4.913386 5.139462
[1] 4.514257 4.997498 4.190150 4.308159
[1] 5.978071 7.051133 5.038453 5.128056
[1] 5.456378 5.262100 4.513807 4.640433
[1] 6.349776 6.861872 5.259719 5.466157
[1] 4.607144 5.030512 4.354887 4.144747
[1] 6.489885 6.250155 6.009317 5.252713
[1] 6.332444 6.715173 5.581132 5.636411
[1] 4.869911 4.794977 4.173219 4.527757
[1] 0.1
[1] 6.282238 5.636308 4.855084 4.712064
[1] 5.662010 5.745616 5.420864 5.358341
[1] 6.490900 6.681345 4.722345 4.717596
[1] 5.480845 5.483946 4.558969 4.200668
[1] 6.358985 5.773503 5.215792 5.408926
[1] 5.041731 5.585311 4.600799 4.542279
[1] 6.541021 6.396988 5.392722 5.198487
[1] 5.049805 6.470439 4.546590 4.683956
[1] 5.090651 5.481122 4.980685 4.934271
[1] 4.442147 4.998802 3.656401 3.498827
[1] 5.055175 6.048685 4.519671 4.743090
[1] 5.701569 6.336434 4.989711 4.961383
[1] 6.059501 6.354954 5.238430 5.224954
[1] 5.867770 5.866237 5.116469 5.008510
[1] 5.265654 5.412123 4.807812 4.752374
[1] 6.174100 5.895470 5.528519 5.393241
[1] 6.459309 5.593882 5.640844 5.322399
[1] 5.042316 5.792075 4.693604 4.320737
[1] 6.130520 6.530380 5.761704 5.832029
[1] 6.093729 6.427915 5.155274 5.033622
[1] 5.384354 5.673093 4.613649 4.715722
[1] 5.490781 6.132025 4.676856 4.841488
[1] 5.602742 5.884344 4.986160 5.088252
[1] 6.812094 6.924700 5.591846 5.442606
[1] 5.721501 5.630684 4.602720 4.422739
[1] 5.053638 5.010332 4.369773 4.453879
[1] 6.235256 6.073445 5.385860 5.360354
[1] 6.064160 6.836705 5.322742 5.580440
[1] 5.260442 5.941928 5.086008 5.256921
[1] 4.434748 4.965101 4.309185 4.290737
[1] 5.668645 6.734427 4.827187 4.877987
[1] 5.500316 6.605335 5.150143 4.964714
[1] 4.954537 5.242317 4.237826 4.397097
[1] 5.873443 6.791083 4.859498 4.684008
[1] 6.293568 6.621294 5.371832 5.416868
[1] 5.831246 5.464344 4.835541 4.665013
[1] 5.575182 7.052830 5.433323 5.297984
[1] 5.545682 6.021938 4.598380 4.517766
[1] 6.113265 6.985426 5.293435 5.396381
[1] 4.875743 6.450123 4.619982 4.314508
[1] 5.720748 5.709267 5.059232 5.077445
[1] 5.648625 5.345945 4.769376 4.766546
[1] 5.504358 5.675116 4.893911 5.585789
[1] 5.844946 6.683145 5.611937 5.441375
[1] 6.606891 7.046591 5.882154 6.087325
[1] 5.479774 5.469524 4.612733 4.721511
[1] 5.349103 5.307637 4.443641 4.426376
[1] 6.358405 6.819567 5.895616 5.658745
[1] 6.090753 5.518563 5.599919 5.266538
[1] 5.800086 5.536133 5.022139 4.856546
[1] 0.2
[1] 6.753695 6.268931 6.149969 5.629914
[1] 6.423358 6.022916 5.801057 5.527791
[1] 7.406576 6.203729 5.882467 5.077177
[1] 5.954432 5.892647 5.145514 5.093655
[1] 5.732771 5.047653 4.816428 4.396184
[1] 5.652475 5.354287 5.116411 4.657904
[1] 5.696708 5.736196 5.059868 4.565426
[1] 5.841997 5.566666 5.295173 5.172988
[1] 6.009623 5.871874 5.781812 5.475359
[1] 6.134640 5.856894 5.719388 5.087124
[1] 5.845346 5.939974 5.237555 5.067134
[1] 6.575075 6.534517 6.237601 5.308773
[1] 6.060184 5.460500 5.673450 4.976798
[1] 5.104308 5.521877 4.792198 4.412287
[1] 7.266821 6.629311 6.902935 6.191726
[1] 6.720199 6.045241 5.717702 4.737270
[1] 5.975470 5.650684 5.267662 4.504295
[1] 6.533055 5.680500 5.114103 4.634616
[1] 7.034346 5.856557 6.768706 5.578492
[1] 5.747621 6.254315 5.490298 5.080492
[1] 6.776294 5.986519 5.935087 5.376195
[1] 6.184067 5.629487 5.687728 4.521083
[1] 6.394641 5.412858 6.203311 5.341367
[1] 6.140067 6.136256 5.199269 5.835678
[1] 7.365520 7.309121 6.517453 6.133519
[1] 5.521009 5.877213 5.027440 4.314966
[1] 6.425811 6.068204 5.793537 5.245632
[1] 6.191272 5.947585 5.720415 5.060705
[1] 6.880335 6.431040 6.139209 5.259793
[1] 5.876360 4.883878 5.339453 4.522979
[1] 5.766737 5.599821 5.035312 4.598640
[1] 6.378490 6.882913 5.710352 5.884066
[1] 6.865747 5.949241 5.803816 4.889695
[1] 6.204247 5.841526 6.088323 4.690245
[1] 5.903196 6.025537 5.508569 5.041144
[1] 5.863726 6.634719 5.413254 4.807397
[1] 6.431143 6.326766 6.117316 5.330254
[1] 5.958616 5.484497 5.083426 4.578505
[1] 5.511267 5.860744 5.142056 4.596544
[1] 6.248192 5.194579 5.715113 4.591858
[1] 6.243922 5.711265 5.513972 5.117574
[1] 6.174221 5.244334 5.375824 4.612760
[1] 6.485142 6.188258 5.590924 5.386287
[1] 6.568790 5.644746 5.894560 5.243496
[1] 6.762870 6.175893 6.377811 5.501041
[1] 6.126372 6.222635 5.692857 5.188448
[1] 6.967118 5.877599 5.865389 5.001392
[1] 6.013842 5.291958 5.140157 4.456129
[1] 6.660588 6.132048 6.133587 5.498075
[1] 5.581166 5.736792 5.203273 4.443815
[1] 0.3
[1] 6.922572 5.473518 6.239616 4.717314
[1] 7.758974 5.591906 6.574767 4.961663
[1] 6.427966 4.978935 5.668178 4.089917
[1] 7.317337 5.537444 6.513482 4.966467
[1] 7.132741 5.037427 6.291816 4.607310
[1] 7.627776 5.872782 7.119781 5.352951
[1] 8.458669 6.371376 7.973035 5.616110
[1] 6.948197 5.957533 6.516552 5.167747
[1] 6.663901 4.752573 5.987493 4.711757
[1] 7.957619 6.374878 7.544119 5.745759
[1] 7.077777 5.563446 6.404762 5.973612
[1] 8.120434 6.243287 7.838286 6.406953
[1] 7.073382 6.579828 6.457506 5.843141
[1] 7.613995 5.726455 6.459799 4.757033
[1] 7.021984 5.183359 7.336801 4.859781
[1] 6.272416 5.387151 5.856655 5.229656
[1] 8.244388 6.218506 7.063749 5.258994
[1] 8.085041 6.446642 7.120244 5.135895
[1] 7.951348 6.287356 7.174037 5.554085
[1] 7.168627 5.717248 6.383206 4.357987
[1] 7.211235 6.370978 6.529839 4.901711
[1] 9.017538 6.848397 7.828615 5.692319
[1] 6.835898 5.537896 5.971891 4.478696
[1] 7.109872 5.958488 6.587843 4.996532
[1] 6.696266 4.654700 5.944500 4.184872
[1] 7.118406 5.999494 6.259531 4.866325
[1] 7.121880 5.740098 6.479753 5.619907
[1] 8.315377 6.326796 7.116753 5.423785
[1] 7.524684 5.974186 6.838217 5.184677
[1] 7.997145 6.175027 7.240453 5.461139
[1] 6.029171 5.056518 5.739972 4.918490
[1] 8.560447 6.544504 7.661877 5.637246
[1] 6.489726 5.480537 6.045511 5.463235
[1] 7.179125 6.210796 6.325840 5.230138
[1] 7.291813 6.140716 6.683585 5.283883
[1] 7.660647 5.731645 7.061303 5.760123
[1] 7.227226 6.083401 6.399494 5.245962
[1] 6.646019 5.535117 6.925813 6.441748
[1] 6.022899 5.051022 5.916606 4.324536
[1] 6.938160 6.175057 6.078502 5.583229
[1] 7.351525 5.616799 6.331800 4.741222
[1] 7.299220 6.154913 6.543957 5.374177
[1] 7.084037 5.315759 6.372767 5.280626
[1] 7.754414 6.343712 6.539902 5.650019
[1] 7.423863 5.399298 6.149197 4.766774
[1] 8.068477 7.087977 6.893096 5.679198
[1] 7.107006 6.420406 7.095160 5.283852
[1] 8.363016 6.385309 7.470167 5.145929
[1] 7.398407 5.500333 6.870919 4.801269
[1] 7.083267 5.326445 6.074711 4.344355
[1] 0.4
[1] 8.320446 6.048371 7.549174 5.345364
[1] 8.840725 6.087513 8.710315 5.286312
[1] 8.030427 5.675492 7.056952 4.700927
[1] 9.908946 5.622143 7.881276 5.164226
[1] 9.530668 6.225893 9.073938 5.563694
[1] 7.439785 5.129355 6.753738 4.184135
[1] 7.679833 5.713026 7.608917 4.961022
[1] 9.125326 4.962957 8.160132 4.595982
[1] 8.309268 5.555321 7.626158 5.055179
[1] 9.015733 5.567225 8.279065 5.210791
[1] 7.978535 6.593149 7.744563 6.378536
[1] 8.556843 5.042137 7.481835 5.326048
[1] 10.157484  5.424233  8.742259  4.932331
[1] 9.163578 6.021377 8.215765 5.141525
[1] 7.901433 5.651060 8.004636 5.273803
[1] 9.499938 6.185697 8.698938 5.494915
[1] 8.157488 6.125633 7.854522 6.607900
[1] 8.716012 6.146866 7.970141 5.507206
[1] 8.874048 5.927745 8.419433 4.831111
[1] 8.175518 6.583722 7.949169 6.360625
[1] 8.010188 6.072892 7.138362 4.651924
[1] 7.706348 5.555549 7.311285 5.077300
[1] 8.943015 6.304882 8.227451 4.959089
[1] 8.723235 5.986995 8.513793 5.922417
[1] 7.857824 4.786747 7.065864 4.132919
[1] 7.469858 6.210454 6.808360 4.272559
[1] 8.029795 4.735912 7.301792 4.107356
[1] 8.939434 5.296385 7.852669 4.582928
[1] 10.516370  6.306715  9.945420  6.182129
[1] 8.818752 6.301868 8.121098 5.831707
[1] 9.600736 5.959536 9.264371 6.940519
[1] 7.727077 5.491567 7.018081 5.337312
[1] 8.492268 5.936412 7.691003 7.618238
[1] 9.200683 5.770765 8.058338 5.217990
[1] 7.947978 5.588166 7.247091 5.154099
[1] 8.321129 5.779397 8.406891 5.151289
[1] 8.031027 5.545460 7.643064 5.164599
[1] 10.347225  6.555909  9.492436  6.115205
[1] 8.055256 4.905094 7.743750 4.798597
[1] 8.282320 5.923361 7.697878 5.523609
[1] 7.662696 5.592425 7.189943 4.688409
[1] 7.957727 6.006409 7.709624 4.896792
[1] 9.168961 6.401324 8.312367 4.944008
[1] 9.809423 6.370605 8.724840 5.278292
[1] 7.315248 5.891811 7.051133 5.016064
[1] 8.593945 6.118104 7.649927 4.967418
[1] 8.768033 5.324503 7.809097 4.557026
[1] 8.485691 5.098054 8.017832 4.258421
[1] 6.935757 4.950045 6.565506 4.898416
[1] 8.201842 5.893260 7.582609 5.583480
[1] 0.5
[1] 9.084697 5.443764 8.738971 6.349869
[1] 11.418348  5.574856 11.065186  5.562553
[1] 8.317176 4.665232 8.069750 4.520069
[1] 11.646216  5.968683 10.786840  5.471564
[1] 10.465616  5.668541 10.717922  4.731606
[1] 10.732768  6.349959  9.951277  4.820775
[1] 10.227532  6.053468 10.145863  4.832387
[1] 9.914637 5.822530 9.876134 5.802912
[1] 12.752118  5.537589 10.342276  5.087157
[1] 11.362954  6.126716 10.963143  6.159729
[1]  9.939647  5.912461 10.141680  5.589056
[1] 10.262455  5.101194 10.021915  4.412762
[1] 10.007019  5.570868  9.970550  5.084736
[1] 10.313575  6.635744  9.688913  5.474785
[1] 9.806167 5.551357 9.270727 6.731400
[1] 10.615791  5.052260  9.942656  4.704565
[1] 9.969114 5.775003 9.526654 4.967489
[1] 10.574950  6.303414 10.109943  6.176140
[1] 11.478024  5.754975 10.884156  5.712544
[1] 10.349796  6.221573  9.445776  5.671950
[1] 8.660637 5.034377 8.229992 6.231329
[1] 10.09413  5.27250  9.41240  4.51767
[1] 10.114372  4.638859  9.967162  4.473445
[1] 11.209768  6.354807 10.936501  5.967683
[1] 10.128593  5.961636  9.302999  5.128338
[1] 10.798543  6.115973 10.392050  5.524352
[1] 9.394107 6.121406 8.507741 6.967934
[1] 9.869779 6.155835 8.933791 5.412189
[1] 11.158857  6.109672 10.227558  5.561888
[1] 11.911710  6.213697 10.672791  6.367658
[1] 11.895702  6.597057 10.786621  6.785496
[1] 10.874476  6.098770  9.075188  5.127911
[1] 12.326483  5.786988 12.232089  5.468730
[1] 10.891889  6.311506 10.229006  6.442354
[1] 12.061145  6.829920 11.429351  5.726418
[1] 10.579388  6.389464  9.403628  6.541808
[1] 11.392774  5.584182 10.157513  5.331871
[1] 11.193343  5.832563 10.356430  5.553803
[1] 10.392893  5.654778 10.249242  4.923861
[1] 11.130837  5.870461 10.419465  5.309522
[1] 10.833967  6.267950 10.090901  6.993512
[1] 10.426047  5.729530  9.696732  5.611663
[1] 9.837185 5.635741 9.189809 5.400943
[1] 10.121629  6.458008  9.765646  5.838384
[1] 11.450818  6.525206 11.028878  5.698164
[1] 10.976717  5.765335  9.967463  5.243529
[1] 11.355357  7.099459 10.510510  6.272342
[1] 10.026179  6.079065  9.450944  5.093098
[1] 9.516005 5.334925 8.864440 5.086649
[1] 10.740497  6.077509 10.461962  5.225350
[1] 0.6
[1] 12.633824  5.428136 13.676551  4.689458
[1] 11.704800  5.984001 11.259056  5.377552
[1] 11.662746  5.562339 11.540805  5.003589
[1] 12.331998  5.521848 11.676944  6.095655
[1] 11.634853  5.767129 11.377511  6.849836
[1] 13.252096  5.493359 11.201889  4.682703
[1] 11.644787  5.548124 11.990659  5.605878
[1] 14.575516  6.243523 14.570898  5.999044
[1] 11.418744  4.834117 10.713920  4.939370
[1] 12.43908  4.87919 11.06697  5.23282
[1] 10.988116  4.982279 10.935890  4.622612
[1] 13.362282  5.440426 13.282898  6.160586
[1] 12.118222  5.867751 11.782661  5.242053
[1] 13.475016  5.937375 12.715219  5.434942
[1] 11.968987  5.834144 11.659101  5.692645
[1] 13.507972  5.263111 11.570392  6.819707
[1] 13.269079  5.699805 13.088881  5.920615
[1] 11.429610  5.338928 10.660368  4.509457
[1] 11.053819  5.317154 10.941489  5.111762
[1] 11.530605  5.743408 11.048746  5.143886
[1] 12.145700  5.928162 11.568117  5.973173
[1] 12.234625  6.404212 11.988535  5.654729
[1] 12.489014  6.596319 11.770833  6.106703
[1] 10.811828  6.105844 11.154745  4.992433
[1] 12.312498  5.935779 11.668778  7.929917
[1] 11.655758  5.232536 11.702681  4.919280
[1] 13.147778  6.190095 12.041364  8.905707
[1] 17.189477  6.811725 16.097514  5.722485
[1] 13.023490  5.375913 12.466975  4.998663
[1] 11.576531  6.042243 11.335112  5.285413
[1] 13.193221  5.592526 12.506511  5.380255
[1] 9.610437 5.528972 9.559525 5.083450
[1] 11.413852  5.282422 11.454834  8.596929
[1] 12.954728  5.497459 11.547564  4.513988
[1] 13.830013  6.391031 11.825094  6.527470
[1] 12.944001  6.452347 12.846584  7.565494
[1] 12.766572  5.983020 12.186586  5.339813
[1] 11.357829  5.192325 10.890613  5.544473
[1] 11.901285  5.985240 11.368544  5.827651
[1] 14.418050  5.802888 14.788519  5.195300
[1] 13.765788  5.772872 13.328409  7.257874
[1] 14.082713  5.723405 12.275424  8.173626
[1] 14.641614  6.253336 13.281548  6.294048
[1] 14.384148  6.879865 13.750877  5.531825
[1] 11.101500  6.060129 11.755830  5.285576
[1] 15.174833  5.532967 14.937892  4.617871
[1] 12.197541  5.882819 11.777717  6.054820
[1] 13.953322  5.759407 13.203131  6.027762
[1] 14.269457  7.051676 12.871566  5.669115
[1] 12.494285  5.006197 11.366479  5.613469
[1] 0.7
[1] 15.568399  5.883274 15.027060 21.615685
[1] 14.815313  5.785178 14.719248  6.066488
[1] 13.342176  5.717958 13.127558  5.730092
[1] 13.58440  5.51914 12.46595 15.62863
[1] 17.014009  6.249072 15.931774  5.143447
[1] 13.985987  5.180186 13.515567  5.052193
[1] 14.444204  5.677438 13.980787  8.032845
[1] 15.503473  6.017020 14.938323  5.498263
[1] 14.17793  5.69525 12.86083  6.36192
[1] 15.246975  6.174882 16.240502  6.290637
[1] 13.093630  5.683223 12.481166  5.149149
[1] 15.547838  5.228752 15.128292  6.318645
[1] 15.040425  6.900219 14.804763  6.409670
[1] 17.260618  7.075277 15.968196  6.752414
[1] 16.448799  6.099712 15.509738  5.214083
[1] 15.532910  6.066281 15.623501  8.798944
[1] 15.353362  5.935084 14.505876  5.785978
[1] 14.502551  5.506772 13.576375  8.254895
[1] 16.724569  5.605512 15.034624  5.581543
[1] 16.448949  5.636096 15.204500  6.106968
[1] 16.100699  5.731075 15.274364  5.419572
[1] 15.966558  6.025113 15.391905  6.945103
[1] 15.380115  5.749793 15.463699  6.223357
[1] 15.526803  6.179935 15.381048  6.268441
[1] 15.226478  5.928832 14.277391  6.022469
[1] 15.272000  5.593079 14.969802  6.946770
[1] 15.852347  5.899771 15.790484  4.954661
[1] 14.664201  6.114308 14.803690  4.888462
[1] 15.496167  6.110454 14.924208  5.358914
[1] 14.774467  6.191768 14.235771  6.229605
[1] 16.378796  5.554819 15.545710  6.647380
[1] 14.925920  5.890126 14.928241  6.993861
[1] 18.26087  7.88587 17.31591 10.74299
[1] 14.921477  5.490512 12.967582  5.403541
[1] 15.990973  6.004653 15.351169  5.025098
[1] 12.350650  5.557455 11.893123  5.651527
[1] 14.616135  5.231653 13.722575  4.889700
[1] 14.482795  5.821586 14.137383 11.887274
[1] 15.238752  5.945606 15.015928  5.148386
[1] 15.283096  6.451713 14.607256  5.761651
[1] 14.981641  5.553915 15.067787  7.769540
[1] 16.528034  6.356050 15.308332  9.657574
[1] 16.794556  6.104396 16.359456  5.727585
[1] 17.39764  6.37210 16.05027  6.11766
[1] 15.098303  6.182144 15.119587  5.538417
[1] 14.465307  5.432339 14.541448  5.101694
[1] 14.662811  7.291852 14.522914  6.876082
[1] 14.395647  6.065355 14.338625  7.892105
[1] 16.242091  7.070896 14.810947  6.974733
[1] 14.975641  6.314748 15.403786  7.098761
[1] 0.8
[1] 17.114718  5.806202 16.864303  6.806291
[1] 19.307786  5.601874 19.294620  4.743467
[1] 16.024160  5.720234 15.354329  6.295867
[1] 17.371184  5.535303 16.938841  5.514455
[1] 16.824305  5.932075 16.279467  5.791107
[1] 17.25708  5.76616 17.26923 10.41712
[1] 18.380810  5.273690 17.382686  5.582008
[1] 18.059800  6.143703 15.984044  5.887220
[1] 18.861508  6.084734 17.821457  8.879100
[1] 19.678912  5.593296 18.262516  5.085469
[1] 18.015878  6.599600 18.164454  7.939921
[1] 19.139366  5.083967 18.263924  5.520869
[1] 18.155918  5.493275 17.773821  5.470597
[1] 17.354261  5.730947 17.108904  5.854473
[1] 17.937507  6.405805 17.863694  5.328844
[1] 15.782800  6.041040 15.573504  5.566725
[1] 16.264299  6.701535 15.545829  8.279617
[1] 17.288758  5.895207 16.986602  4.763190
[1] 17.043496  6.345587 17.142245  6.575626
[1] 21.731860  6.044384 21.753133  6.509680
[1] 18.209952  5.460018 16.817395  6.515203
[1] 17.750724  4.902076 17.937717  8.829253
[1] 18.136506  6.239177 17.433976  6.085464
[1] 18.588968  6.500390 18.491569  7.186084
[1] 19.543842  5.271305 17.152192  5.767441
[1] 16.774537  5.385721 16.957391  4.741497
[1] 16.632702  6.378554 19.090177  5.868722
[1] 17.717001  5.575449 17.260744  5.848719
[1] 18.289961  5.476999 17.970262  5.194455
[1] 18.086839  5.094880 18.088483  5.755837
[1] 18.191962  5.719136 16.633487 10.541195
[1] 20.561841  6.113916 20.029645  5.729603
[1] 19.927417  5.920029 19.873589  6.882355
[1] 17.021374  6.274617 16.510917  6.462718
[1] 18.358819  5.576371 17.548068  6.481166
[1] 18.361758  6.209126 17.831895  5.935988
[1] 22.021079  6.313302 19.059326  5.361778
[1] 17.993610  5.290168 17.830859  5.351907
[1] 20.080487  6.459795 18.430162  6.742932
[1] 18.823522  5.661023 17.706247  8.314809
[1] 19.086026  6.429275 19.539073 10.666649
[1] 17.941541  5.859134 17.667024  6.145798
[1] 16.026241  6.255488 15.599184  5.391756
[1] 16.448587  5.662472 15.684385  5.548720
[1] 18.029179  5.907461 17.106785  5.700564
[1] 16.221898  6.353367 15.991763  5.370276
[1] 17.908094  5.734376 18.865218  5.660942
[1] 17.812250  6.490335 17.416982  9.502799
[1] 19.211716  5.631421 18.529786  5.840482
[1] 19.579909  6.395571 19.492610  7.108956
[1] 0.9
[1] 21.094777  6.048104 20.693692  5.191177
[1] 20.767040  6.311136 19.730336  7.883154
[1] 21.304065  5.710571 19.776972 10.741039
[1] 21.713033  6.570951 22.205504  6.154274
[1] 21.638201  5.721230 20.903266  6.687651
[1] 23.004091  5.610167 22.238655  5.368356
[1] 23.707125  5.646817 23.395216  6.387342
[1] 23.559890  6.413748 23.432569  6.615427
[1] 22.751220  5.533208 23.190133  6.580549
[1] 23.293138  5.821847 22.467265  5.379308
[1] 21.639656  5.616641 18.724601  5.045469
[1] 20.779778  6.301739 20.271877  7.296426
[1] 17.587053  5.183751 18.041921  5.650335
[1] 23.614971  5.416852 22.506186  5.693793
[1] 21.049350  5.919443 19.272029  7.343568
[1] 19.269672  5.626209 19.757812  7.254015
[1] 21.638254  6.061479 23.201923  5.588000
[1] 19.334372  6.599061 19.416321  9.680371
[1] 19.933092  5.979403 20.347743  6.037167
[1] 19.940710  6.077547 20.639810  5.873360
[1] 22.884431  6.095408 21.584031 12.966971
[1] 19.754647  5.148218 21.307252  5.155478
[1] 23.612915  6.671849 24.754430 11.561958
[1] 21.054584  6.285226 21.391573  6.948904
[1] 21.128998  5.965535 21.102307  6.007928
[1] 17.613014  5.189695 16.511001  4.597390
[1] 24.003350  7.367537 25.470280  6.320466
[1] 17.261642  5.401139 16.984634  9.396835
[1] 23.543339  5.236198 23.368731  6.207247
[1] 24.852342  6.023678 23.407072  7.009320
[1] 22.357234  6.302729 21.213199  7.647364
[1] 22.706664  5.054959 22.707761  4.622211
[1] 23.321155  5.859267 21.242836  7.306173
[1] 25.907508  6.681773 25.464793  7.645176
[1] 22.425541  6.532356 22.472654  9.556755
[1] 25.444698  5.863517 25.594616  5.239018
[1] 22.185490  5.735737 22.023399  4.893991
[1] 22.593074  5.503768 21.345142  8.342565
[1] 20.175181  6.373575 20.539492  8.721429
[1] 19.977512  5.316692 19.182175  4.531461
[1] 18.360153  5.257406 18.858193  5.968091
[1] 19.474493  5.241949 18.740910  7.204159
[1] 24.792329  6.223915 23.936776  5.632419
[1] 19.178353  5.887425 18.441869  7.101862
[1] 22.371165  6.017845 22.176131  5.689992
[1] 21.464842  6.543770 22.892765  5.889668
[1] 21.482441  7.557819 21.861792 12.140076
[1] 22.222767  5.828663 22.808742  8.644495
[1] 20.848547  6.281796 19.239191  6.754355
[1] 19.860815  5.219016 19.573388  4.673884
[1] 1
[1] 23.902376  5.287716 24.343715  5.184309
[1] 25.398009  5.721191 24.525711  9.917616
[1] 21.728793  5.598763 22.712734  5.334378
[1] 19.72680  5.57783 22.45160 14.97875
[1] 21.654215  5.661271 21.526084  6.292609
[1] 27.662120  6.626454 26.178242  5.933071
[1] 25.133562  6.467105 25.227492  7.260178
[1] 25.424970  5.815488 24.973238  5.386483
[1] 22.297041  4.567746 23.800691  7.596783
[1] 23.550213  5.854276 23.702353 11.884993
[1] 23.927219  5.980851 23.267749 10.931305
[1] 26.294080  5.943397 25.465895  9.315836
[1] 22.911674  6.370949 21.832763 15.309252
[1] 22.982470  5.704408 23.038524  9.927911
[1] 25.998484  6.195338 24.305844  7.192631
[1] 23.435664  6.280362 23.105616  5.075213
[1] 24.048770  5.759225 24.889991  7.867331
[1] 26.122054  5.900266 25.653841  6.855518
[1] 22.147847  5.302116 21.727841  9.940342
[1] 26.060136  5.678700 25.335345  5.808854
[1] 28.392285  7.046494 26.408920  6.923319
[1] 22.538477  5.050523 21.656740  4.675928
[1] 24.841725  5.175620 24.624812  6.815183
[1] 24.298478  5.753932 23.408803 10.502253
[1] 26.384553  6.821804 25.334085  7.681113
[1] 25.891409  6.692539 26.178397  5.878627
[1] 26.88191  5.97878 26.41052  5.64998
[1] 23.370405  6.207080 24.012722  7.120573
[1] 24.488850  6.039115 25.589499  5.919365
[1] 26.128309  6.386466 25.097576  6.099692
[1] 26.229923  5.421406 26.481336  5.049999
[1] 23.766327  6.259909 24.210430 13.804977
[1] 22.817365  5.627611 22.342565  5.840669
[1] 23.053943  5.831684 22.906417  5.108081
[1] 24.964093  6.305230 24.956170  5.765684
[1] 22.352391  5.799749 22.920776  6.944460
[1] 23.211872  6.087306 23.601786 19.781188
[1] 23.728199  6.288568 23.279163  5.432387
[1] 24.221482  5.077879 23.896459  5.150204
[1] 26.282244  5.747112 24.690674  7.140242
[1] 25.356102  5.937110 25.794522  7.394422
[1] 25.790189  6.177325 24.746629  7.918256
[1] 23.667448  5.743782 22.781457 42.717110
[1] 23.896407  7.026610 23.772315  9.464071
[1] 21.651331  5.815253 20.928620  7.923395
[1] 22.597075  4.879191 22.743108 11.926736
[1] 27.193915  6.341915 26.751884  6.418757
[1] 25.878346  5.893734 25.809445  5.412037
[1] 24.726796  5.004482 23.176365  9.462813
[1] 24.519890  5.109368 24.532488  5.095347
[1] 1.1
[1] 29.805222  6.756632 31.378788  7.885708
[1] 25.633426  5.530087 25.338772  7.856537
[1] 32.441293  6.336311 30.790451  5.744477
[1] 31.196470  6.597947 30.519009  6.018509
[1] 27.542204  6.656170 29.349705  7.872462
[1] 32.665950  6.049629 32.579934  5.412873
[1] 26.154279  4.591824 26.869482  5.043303
[1] 27.493441  6.408823 27.029852  8.804827
[1] 28.699785  5.419042 27.747107  5.849114
[1] 30.144819  5.934508 30.178637  5.313995
[1] 29.424200  5.286498 29.036814  9.778507
[1] 27.203184  5.275303 26.441021  6.618823
[1] 30.234497  6.238384 29.756805  8.039003
[1] 28.817763  5.822453 28.474945  6.734159
[1] 24.650538  6.690538 24.093133  6.944105
[1] 31.756895  6.328273 29.727602 15.678595
[1] 28.259931  6.642933 27.645312 12.894398
[1] 26.521090  5.695438 25.718316  5.650326
[1] 30.187685  6.027431 30.721313  6.142367
[1] 31.621555  5.768067 31.078941  6.233622
[1] 27.523739  5.516221 28.150011  9.026678
[1] 28.181438  5.807835 29.464648  7.095018
[1] 25.395854  5.523513 28.584223  8.971590
[1] 29.831535  5.963105 29.662044 19.269576
[1] 26.533997  6.718134 26.289861  8.908048
[1] 29.795428  6.441560 29.649156  6.367162
[1] 29.938284  6.810068 29.421205  6.569017
[1] 28.964841  6.024994 30.489598 12.727544
[1] 31.032075  6.823050 31.325485  6.840681
[1] 27.157121  6.243701 26.620049  6.291776
[1] 34.447026  6.599627 34.970299 20.542393
[1] 29.920382  5.896707 29.610642 11.140304
[1] 30.168564  5.761199 30.970224  5.702806
[1] 27.263658  5.900696 25.796222  9.887791
[1] 29.613338  5.687495 29.512021  6.971295
[1] 32.17319  6.60894 30.34562 17.78344
[1] 27.748044  5.861279 27.381568 13.733383
[1] 27.558640  5.451335 27.079141  5.363904
[1] 31.514230  5.519765 31.498494  5.103990
[1] 27.260455  5.522905 26.171914  6.368828
[1] 30.099812  6.146572 28.508537  5.893538
[1] 27.607331  6.433828 26.508055  6.607444
[1] 26.004402  6.507726 26.302447 10.379668
[1] 22.612896  6.046638 23.781893  5.380953
[1] 27.476822  6.189015 27.924935 10.819193
[1] 34.392113  7.271811 33.156938 10.234485
[1] 30.759209  6.934892 28.652634  6.999662
[1] 25.515690  5.055800 26.205613  9.445524
[1] 31.802669  5.344045 30.847660  5.613631
[1] 28.054452  5.409255 28.457428  8.825004
[1] 1.2
[1] 31.633827  5.771668 32.411079 10.310069
[1] 35.573189  6.289920 36.383450  7.949263
[1] 35.614235  5.209615 36.480369 17.175718
[1] 31.562911  6.794607 32.391641  8.210562
[1] 32.575731  5.684997 33.278301  6.913860
[1] 34.855762  6.183477 35.520909  5.980194
[1] 36.513578  5.487999 35.313197 14.799817
[1] 31.145866  6.256607 30.534007  8.175724
[1] 29.261862  7.416144 30.018131  9.732870
[1] 33.589992  5.458401 33.218881  5.911211
[1] 38.234298  6.327705 38.882470  9.018541
[1] 30.690121  5.757757 29.651255  5.479698
[1] 37.196703  6.031038 35.408857  5.953464
[1] 32.737783  6.383371 34.034397  6.356230
[1] 34.866046  7.050221 35.242336  5.963141
[1] 32.012384  5.942938 31.776202  4.805354
[1] 36.478558  6.378725 35.931150  7.004271
[1] 25.313868  5.412134 24.853838 11.499756
[1] 28.976931  6.414971 29.191030 23.605920
[1] 38.550665  6.256460 39.177799  5.982513
[1] 28.573866  5.452461 27.802668 17.394614
[1] 34.038113  6.147648 34.766320  6.043789
[1] 33.990530  6.226406 32.093767  7.231152
[1] 34.405925  5.796920 35.407911  7.907023
[1] 31.502524  5.872101 31.701027  7.231364
[1] 29.557229  6.486805 30.632903  7.830000
[1] 29.719163  7.830509 32.659314  9.532686
[1] 34.836036  7.644911 34.936879  7.505362
[1] 33.219270  6.849536 33.330927 23.919002
[1] 32.143765  6.679165 30.862652  6.204976
[1] 36.275548  6.558148 35.528747 16.542641
[1] 31.881572  5.495835 31.965020 11.302993
[1] 33.660056  6.102439 31.775943 10.933428
[1] 34.283409  6.682588 33.271034  5.940509
[1] 31.028779  5.365381 28.401660  8.642695
[1] 27.400415  5.861357 29.170093  5.959100
[1] 28.583268  5.467907 27.139016  5.901518
[1] 23.826164  5.912698 25.619193 13.680707
[1] 28.862019  5.895436 31.324057 15.244673
[1] 31.478595  4.990173 31.098267  5.475629
[1] 30.910813  7.318087 32.953681  9.379531
[1] 38.590854  6.379814 38.312275  5.901742
[1] 32.915465  5.919954 33.189199  6.030342
[1] 32.272830  6.836919 32.494689 14.525249
[1] 33.133076  5.422031 33.326372  4.956501
[1] 40.227317  6.040719 34.401366 14.945841
[1] 30.305011  6.263711 30.100771  5.488930
[1] 33.745952  5.714719 33.824417 30.686435
[1] 33.072132  5.978604 32.739805  9.101831
[1] 33.883125  6.542647 31.272458  7.857088
[1] 1.3
[1] 43.173521  6.268262 47.019265  5.734841
[1] 37.193816  5.668603 37.018330  6.603835
[1] 45.443866  6.476213 43.686340  9.934554
[1] 35.851204  5.497903 35.790260  5.306949
[1] 39.389202  5.137626 37.913279  5.087358
[1] 43.825717  6.739577 40.318582 15.791669
[1] 34.470965  5.356999 34.784717  6.344916
[1] 34.625489  5.910137 35.730314  8.480077
[1] 42.582898  6.492417 40.702879 14.156003
[1] 37.594275  6.324645 38.405863  5.968361
[1] 37.532659  6.402332 37.182033 11.544100
[1] 35.614740  7.173162 35.799565  6.176685
[1] 37.994074  6.410000 36.027805  6.411084
[1] 33.960612  5.430765 33.424272  8.020734
[1] 36.71266  5.51397 36.03675 12.11082
[1] 29.694177  7.003875 30.765981  7.759485
[1] 41.582011  6.847572 39.936588 16.792856
[1] 33.634863  5.784985 34.982997  9.103109
[1] 38.229034  5.469373 34.456728 17.774347
[1] 37.384812  6.194334 37.664544  8.754191
[1] 31.535914  5.912822 32.507864  7.751165
[1] 40.201592  5.951605 40.138152  5.625471
[1] 33.965816  6.455594 35.363583 20.901878
[1] 42.304230  5.417838 44.330536 13.261666
[1] 34.217171  5.617515 35.387293  8.144347
[1] 39.479760  4.585038 37.319936  8.570750
[1] 32.045706  6.275620 31.262924  8.434494
[1] 40.074396  5.648200 41.100074  6.200346
[1] 37.99822  6.89742 38.51426 32.29273
[1] 40.97571  5.77260 41.57688 16.57558
[1] 36.281109  5.577619 36.081614  8.415588
[1] 33.583530  5.650607 33.178509  7.011176
[1] 43.905035  7.249516 42.096853  8.323413
[1] 38.034569  6.732085 38.990509  8.855635
[1] 39.09433  6.28749 37.72118 10.61440
[1] 38.486507  6.665505 39.277783 28.350976
[1] 38.717280  6.091826 40.043815  9.644336
[1] 40.224136  6.306663 41.298999  8.854625
[1] 32.967384  6.331529 32.704247  7.847086
[1] 36.402356  7.566094 36.034354  8.821646
[1] 35.890722  6.483959 35.787704  8.141545
[1] 42.152907  6.781623 45.547344  9.109982
[1] 36.230708  5.744917 34.671591  5.728933
[1] 35.535225  5.796838 37.315412  5.155731
[1] 40.739142  5.916762 39.437393 10.290301
[1] 32.141927  5.764021 34.439105 16.212751
[1] 40.875608  7.115993 43.915914  7.405745
[1] 36.284452  5.791787 34.337560  7.309541
[1] 42.20692  6.25344 43.97301 10.66548
[1] 41.051617  6.225443 39.226186  5.928394
[1] 1.4
[1] 43.601424  6.526055 45.019977 15.819866
[1] 43.215286  5.999007 45.343470  5.766059
[1] 44.668177  6.776137 44.279977 20.918254
[1] 44.728701  6.348182 43.966275  9.413442
[1] 44.259621  6.455426 40.923444  9.527584
[1] 44.210498  7.072792 44.134758 10.683824
[1] 43.414013  6.177958 41.310086  9.164006
[1] 42.146562  5.158757 43.353092 16.098204
[1] 39.691737  5.458202 40.128979  8.980277
[1] 46.931152  5.927205 44.684396  5.568770
[1] 35.666146  5.103490 35.637183  6.835462
[1] 44.25253  5.68391 44.56053  9.10889
[1] 51.137336  5.956142 46.851382  9.878542
[1] 44.899559  6.106144 41.219378 11.213985
[1] 37.557934  6.938031 38.295634  6.752850
[1] 43.926366  7.714313 43.874353  7.262982
[1] 45.640389  6.481974 48.041641  6.749420
[1] 46.338078  6.476704 45.091145  6.583721
[1] 44.538391  6.594338 44.616955 12.076827
[1] 43.408994  6.244903 46.388767 10.512310
[1] 43.841009  7.130881 44.796449 10.467471
[1] 43.982695  5.507284 43.972042 13.343036
[1] 39.113843  5.881690 39.464926  9.166516
[1] 41.711860  6.900453 43.119989 11.140295
[1] 38.490919  5.719113 37.683302  7.456024
[1] 43.276972  4.859953 42.004423  9.549506
[1] 42.807813  6.114315 41.289410 14.369763
[1] 41.666101  6.110977 42.796106  8.707133
[1] 42.468616  6.375614 45.859502  5.944868
[1] 39.366312  6.080319 38.619021  6.383902
[1] 36.493296  6.344222 37.292584  6.056971
[1] 48.767154  7.090157 47.878366  7.499993
[1] 49.272867  6.320425 47.805838  5.543657
[1] 43.406553  6.459315 45.443897 22.119965
[1] 42.048234  6.350063 41.134456 43.617013
[1] 41.741467  5.716252 42.448080  9.214805
[1] 45.767495  6.004700 45.411908  8.838215
[1] 41.431506  5.466113 41.592330  5.524773
[1] 38.999126  5.125000 38.366445  5.623433
[1] 40.184310  6.312948 40.865823  6.478413
[1] 38.341480  6.992275 39.892702 95.624220
[1] 40.194554  7.060217 40.733068  7.110848
[1] 41.843432  6.887886 42.012340 54.181648
[1] 44.480871  6.029476 42.563292 10.342121
[1] 48.670830  5.438079 48.666195  5.721783
[1] 40.086517  7.510572 40.194827  6.965377
[1] 40.058375  5.866019 38.558496  5.477561
[1] 36.932937  5.682667 35.704560  9.799619
[1] 46.43365  6.15827 46.73555 24.33692
[1] 37.657380  4.905136 37.703113  7.347939
[1] 1.5
[1] 49.433609  5.482243 47.391867 20.726342
[1] 46.28475  5.96643 44.87982 19.79333
[1] 47.774998  5.892699 46.826626  5.045935
[1] 44.397425  6.084458 46.016787 61.175390
[1] 56.43006  6.26323 52.93260 12.10087
[1] 53.535773  6.722453 54.141244 11.784604
[1] 43.51470  5.91647 43.57608 20.84006
[1] 43.905285  6.178488 42.151827  6.283149
[1] 51.704953  6.371402 52.039747  8.442874
[1] 49.560676  6.663375 49.019675  7.350140
[1] 45.163267  7.036773 44.747871  6.605638
[1] 50.52837  6.69683 51.31542 17.47860
[1] 51.006294  5.756056 52.315144  5.649668
[1] 47.804850  5.906533 49.711499 25.126309
[1] 60.631145  7.457538 60.684319 24.086558
[1] 55.009981  5.872291 54.772596 17.414792
[1] 45.257605  5.714207 45.001106 14.831733
[1] 48.47537  6.18713 47.83536 19.60403
[1] 47.676502  6.690315 45.462096  8.308355
[1] 45.512874  5.389472 45.197323  4.906366
[1] 44.367616  6.408027 42.102087  6.132270
[1] 56.341770  6.644689 60.331487  8.754893
[1] 44.63556  6.80489 44.17354 14.52490
[1] 50.157944  7.108727 50.308853  8.922732
[1] 53.148482  6.185241 55.313866  9.453256
[1] 51.172109  6.358697 53.241037  5.995611
[1] 47.995374  5.649905 48.431650  8.312378
[1] 42.462537  8.128605 46.963289 20.401546
[1] 53.951695  7.840884 53.291083 14.755247
[1] 46.243620  6.024346 45.601096 13.858631
[1] 55.600044  5.411618 54.036274 45.628360
[1] 49.825146  6.483411 49.531360  6.897730
[1] 52.911518  5.587662 53.080616  7.813865
[1] 48.725738  6.152651 47.942407  6.631064
[1] 48.779510  6.580727 50.120306  5.970546
[1] 53.057675  6.284481 51.647918 21.489134
[1] 45.983744  6.630203 50.454707 17.576323
[1] 49.726243  7.744883 49.463555 23.885566
[1] 49.355511  7.270434 52.147957  6.877423
[1] 47.671797  5.134958 47.607445 32.064880
[1] 43.823138  6.197527 45.787458  5.825268
[1] 45.294358  7.672098 47.255396  6.610070
[1] 42.806027  7.719405 44.528445 29.622311
[1] 52.981414  6.967184 51.452037 28.675375
[1] 46.565979  6.116397 45.944226 32.610879
[1] 45.638178  5.860661 44.376054  8.526413
[1] 53.395300  5.207234 53.461714 31.566903
[1] 44.731260  6.143485 47.833283 21.906380
[1] 48.335217  6.368533 49.278953 10.916408
[1] 54.369478  5.892774 52.908184  6.833073
[1] 1.6
[1] 46.693289  7.881071 47.732537 11.256207
[1] 60.751939  6.411808 61.037173  8.585945
[1] 53.538923  9.507479 53.957127 12.051004
[1] 53.835048  6.679885 57.149415 11.409036
[1] 52.445577  5.922134 50.851987  5.664755
[1] 51.447538  6.101413 54.027321 12.381113
[1] 56.439195  6.426201 56.736372 18.968409
[1] 60.976989  8.448954 62.502967 11.041238
[1] 54.222545  6.261250 55.443324  7.410448
[1] 57.968113  5.649204 57.414915 10.480190
[1] 51.231120  5.881386 51.125151 13.968251
[1] 50.344819  6.645839 51.062736  6.115142
[1] 56.906327  5.703844 56.830865 10.212173
[1] 64.495459  6.370025 59.393070 17.557426
[1] 52.807382  6.442143 53.802545  7.542177
[1] 53.189066  7.018434 53.246676 10.187047
[1] 59.02234  6.81201 58.72413 16.27886
[1] 54.96139  6.81643 57.41677 28.88856
[1] 55.807310  6.389541 53.893766 17.213238
[1] 52.122167  6.338443 52.464312 20.475455
[1] 60.636532  7.193341 61.719347  8.065034
[1] 58.874189  6.818713 60.495696 26.088309
[1] 51.752597  7.386518 52.980514 10.919755
[1] 51.937040  6.101256 51.146739  6.010423
[1] 58.633214  5.923167 57.694872  9.056687
[1] 50.880820  6.213411 53.899739 15.692392
[1] 56.261917  6.640607 56.291582  6.080782
[1] 55.943226  6.181681 56.657603  7.078661
[1] 61.124227  5.591794 58.514021 17.886517
[1] 62.244475  4.795645 64.594215 10.001287
[1] 61.101185  6.792828 60.210917 72.273023
[1] 59.275549  7.404351 59.895597 18.352348
[1] 56.130333  7.217744 58.001342 30.044253
[1] 49.888055  5.564036 48.893605  7.673932
[1] 47.157079  6.478415 48.121723  7.186162
[1] 57.15943  7.55144 59.01039 12.07859
[1] 60.784060  6.210619 56.234595 11.162632
[1] 51.458527  6.557062 51.345146  6.688196
[1] 50.424552  7.442769 53.742087 10.106755
[1] 54.104213  6.033466 53.816171 23.661788
[1] 51.547751  6.599115 50.847302  8.607237
[1] 54.175056  6.229584 54.393873 10.366308
[1] 51.595364  7.037602 54.590825  6.293608
[1] 47.993625  5.827928 48.462532 16.395570
[1] 55.178741  5.127943 54.538792  6.050823
[1] 49.572168  5.453723 49.952716  5.703311
[1] 58.802945  5.620146 58.282238 21.221535
[1] 59.654063  7.974134 59.633221  8.274204
[1] 54.276512  6.274570 53.149757  5.383334
[1] 51.634326  7.458918 58.506740 37.843230
[1] 1.7
[1] 61.186759  5.808804 58.829037  9.694544
[1] 60.734078  5.240380 60.672770  5.893042
[1] 58.153718  6.988042 59.902458 22.399032
[1] 56.881118  4.788143 56.285669 10.046869
[1] 61.10566  6.77088 60.64387 13.66336
[1] 50.289378  5.928289 52.353794  7.151895
[1] 53.905821  5.564302 53.827270 12.219085
[1] 54.083094  7.768023 55.297944  9.696323
[1] 64.651695  5.326653 64.306801  6.136498
[1] 58.016142  5.949774 58.057666 11.033871
[1] 58.250535  6.785544 59.338526 10.020502
[1] 61.33262  6.27217 61.36418 13.85706
[1] 63.324816  6.586474 60.970806  6.899298
[1] 67.155810  5.941369 65.171418 10.190222
[1] 56.435788  6.586821 59.822674  6.841660
[1] 74.365074  8.432167 74.717615 23.630896
[1] 58.988182  5.595216 58.526780 25.082757
[1] 58.857144  7.447722 54.377764 31.307655
[1] 66.606429  7.778745 67.588050 66.787803
[1]  58.859670   6.811485  64.657089 106.329455
[1] 61.64984  7.15464 61.97439 18.31070
[1] 74.053522  7.135664 67.929207 30.326569
[1] 59.103056  5.729807 59.410305  6.665764
[1] 50.646613  7.046024 49.847970 13.774082
[1] 60.856536  5.078343 66.262641  9.339850
[1] 60.69033  7.48917 60.56498 54.02976
[1] 54.756936  5.670848 54.466225 22.625437
[1] 64.329729  6.273253 62.705599  8.304953
[1] 60.519411  6.445742 63.327557 38.816957
[1] 59.119825  6.349119 57.763669 31.756205
[1] 60.830994  6.242917 58.842377 12.406246
[1] 62.282543  6.234698 63.603492  7.253147
[1] 58.752860  6.014509 60.079706 11.539432
[1] 53.282778  4.989333 52.709441  5.774049
[1] 60.265582  6.291091 60.317597  5.595590
[1] 63.641254  6.016765 65.073004 21.752749
[1] 56.886215  7.937307 59.498382  6.945450
[1] 60.957040  5.998413 59.910276  6.430312
[1] 52.871020  6.111761 52.526759 16.141210
[1] 53.127184  6.021692 50.842917  5.453152
[1] 63.973497  7.515950 63.974929  6.893816
[1] 56.661903  7.973926 58.076501  7.960766
[1] 67.04178  8.48781 65.93438 17.41738
[1] 65.251367  6.264274 66.613234 10.406348
[1] 67.177122  6.462182 60.116644 10.719289
[1] 68.644138  6.106805 68.139244  6.298816
[1] 52.047758  7.207527 52.259113 29.323111
[1] 59.490309  7.818714 59.707321 19.818319
[1] 59.777561  6.251552 61.132288  5.953997
[1] 60.420854  5.862236 61.029086  6.401116
[1] 1.8
[1] 69.621536  6.942286 69.214470 14.074032
[1] 62.962906  7.428905 62.388071  6.517393
[1] 82.405760  7.686513 80.022744 27.400156
[1] 63.916612  6.203694 64.070470  8.076430
[1] 67.020779  6.988862 66.175099 35.622284
[1] 67.373285  5.782594 66.816037 14.461051
[1] 72.568729  7.680335 63.284876  7.924115
[1] 57.928786  5.944063 59.702247  9.889309
[1] 77.689070  5.397493 74.512230  5.686739
[1] 58.440592  8.906449 61.385137 68.143459
[1] 66.206325  6.410006 67.961683 27.708648
[1] 69.667988  6.305143 63.871568 10.564737
[1] 57.728291  6.630568 58.510788 54.120231
[1] 58.783500  6.177214 58.707207  7.073777
[1] 81.639313  7.661697 79.531378 13.312286
[1] 64.802615  6.248952 65.419321  5.873004
[1] 67.948726  6.238391 64.722578 11.044837
[1] 74.039461  6.850717 74.809686 12.938184
[1] 69.627128  5.495765 69.067540  5.320032
[1] 60.156796  6.312651 58.106877 67.870842
[1] 59.37361  5.87959 62.16724 38.35607
[1] 68.705601  6.253372 68.888092 16.699013
[1] 69.498359  5.545413 69.773393 26.111226
[1] 60.463063  5.274511 60.976514 13.400682
[1] 56.291761  6.233387 56.429637 12.055329
[1] 77.150274  7.029928 70.809182 31.264761
[1] 68.966217  7.183538 72.001535  7.887720
[1] 62.354641  6.253907 61.447290  5.808919
[1] 69.28996  6.39918 68.28584 32.15013
[1] 76.197735  6.195939 72.739493  7.486356
[1] 70.150753  7.627221 66.287045  7.605758
[1] 70.434824  6.535816 69.220656 14.380968
[1] 56.601780  7.838947 56.234703 11.868933
[1] 69.179664  6.367818 67.142770 12.294801
[1] 72.381714  6.421828 74.529762  7.400549
[1] 70.162559  4.975965 68.811462  5.362437
[1] 73.346430  6.635482 73.289730 13.884193
[1] 68.684370  6.602483 70.953478 28.968857
[1] 62.581570  6.556744 64.230949  6.189861
[1] 61.604974  5.703873 61.715070  5.821657
[1] 58.260751  5.803623 59.643273 10.839416
[1] 60.828007  7.437664 60.630170  6.890180
[1] 70.718117  7.720851 73.386795 42.187015
[1] 69.450407  5.905091 71.883545 19.572934
[1] 70.036299  7.013644 67.600040 27.086883
[1] 71.503679  6.827548 73.399995 10.862618
[1] 70.281449  7.352102 71.547570  7.627392
[1] 76.449277  6.580468 77.552976 11.198920
[1] 83.82086  6.12783 81.90778 12.89786
[1] 66.659829  7.926608 69.728345 13.529723
[1] 1.9
[1] 68.508499  7.290407 68.963316 23.316784
[1] 69.430304  7.346947 69.061233 10.197538
[1] 75.355303  6.906635 71.929518  6.561306
[1]  67.372640   6.521465  70.557580 344.616105
[1] 74.818494  7.396886 73.119653 28.291712
[1] 70.070832  7.595391 73.496166 13.341017
[1] 91.494500  6.645202 91.743300 14.754797
[1] 89.479048  5.979631 93.968716  7.612579
[1] 78.161610  5.688150 75.903483  6.135259
[1] 62.297471  7.003752 64.742447  7.765501
[1] 72.340341  5.926886 73.694493  9.908598
[1] 81.557488  8.149149 74.934754 14.314743
[1] 68.42630  5.14385 67.66357 90.79273
[1] 81.038420  8.227040 83.825094  9.337304
[1] 63.472980  6.883333 65.140533  7.568965
[1] 71.649732  5.693551 72.318628  5.605547
[1] 68.835521  7.563343 70.385700 68.291484
[1] 89.451151  5.753153 80.065682 15.618572
[1] 63.805822  5.455686 65.327019  6.164017
[1] 80.749748  5.786166 79.265910 25.777052
[1] 76.727232  5.928344 79.718052  5.963122
[1] 79.147037  6.980128 84.792911  8.705903
[1] 72.821086  5.798606 73.261067  7.198758
[1] 78.419565  5.737029 74.557066  5.642423
[1] 76.266937  5.114277 77.731794  5.234640
[1] 68.292712  6.543776 67.383098 98.130655
[1] 75.376848  6.230074 70.381555 37.628690
[1] 65.782518  9.069664 68.707115 11.058051
[1] 80.073995  5.695115 75.578555  6.134037
[1] 71.475846  6.159472 70.604292 21.272731
[1] 73.381900  5.988858 74.170732 30.204886
[1] 72.477355  6.336430 71.167293  7.326379
[1] 87.287456  6.562306 86.493457  7.293878
[1] 71.894220  6.801913 72.916576 50.481678
[1] 69.760739  8.091778 74.123490 67.181990
[1] 66.10202  5.74633 65.20518 12.47452
[1] 75.757435  5.132976 76.687261 20.468736
[1] 63.169119  6.220748 69.238648  7.059027
[1] 78.65021  6.60445 78.11130 10.42520
[1] 66.283768  6.586777 65.079376 16.742865
[1] 83.538330  6.895400 80.878989  8.507207
[1] 63.124792  6.659100 65.346659  7.191972
[1] 62.268022  7.344894 65.132399  7.524004
[1] 77.930470  7.467343 79.820682  8.131391
[1]  70.922046   5.959763  73.102065 192.962470
[1] 76.091335  7.767859 81.281345  8.632631
[1] 81.964699  6.610298 86.696565  9.144823
[1] 60.630686  6.161225 61.008950  7.671634
[1] 69.626392  7.177003 73.536610  9.373981
[1] 68.918771  6.805559 71.030087 12.770675
[1] 2
[1] 91.085173  5.727068 91.758011  6.580640
[1] 73.925703  6.583784 74.757749 23.437430
[1] 74.952983  6.860265 76.206873  6.714101
[1] 70.660156  5.561614 70.300456  8.133785
[1] 69.409150  8.527214 73.416687 21.259257
[1] 82.019115  5.985069 78.431147  6.334572
[1] 102.392881   7.052598 100.181591  11.984841
[1] 79.795489  7.047825 77.772702 11.046457
[1] 76.104736  5.479749 76.813405  6.758850
[1] 96.44640  9.13677 94.12706 15.34737
[1] 77.060466  6.623694 74.448837 28.838674
[1] 86.75399  6.43877 91.29573 12.17510
[1] 85.955581  7.152743 87.215297 12.416460
[1] 87.78794  5.93815 80.22987 40.60580
[1] 84.091754  7.072587 86.315565 37.704162
[1] 85.313648  6.483179 89.761335  7.639502
[1] 78.375434  5.327603 90.572208  5.578871
[1] 78.674293  6.349321 75.192317 16.537904
[1] 81.736062  5.765304 80.653959 31.498017
[1] 82.065150  7.082562 77.004526 10.797919
[1] 83.903193  6.142668 85.975664  9.518268
[1] 87.148582  6.205503 86.740891  7.082973
[1] 86.19551  5.85544 84.50085 14.17850
[1] 85.278541  6.329363 84.585133  6.400493
[1] 88.977087  5.918597 87.994225 13.616811
[1] 84.83329  6.81465 85.57301 28.62339
[1] 76.711944  5.735781 74.192536 12.503775
[1] 83.646512  7.050338 88.469151 14.956431
[1] 74.669198  6.196820 80.012688  8.422376
[1] 76.469718  5.583733 75.853229  5.422947
[1] 90.262915  6.177924 91.801418  6.413378
[1] 64.629563  6.995829 66.148672  8.616168
[1] 80.915592  6.614348 80.398591  9.119433
[1] 81.85732  6.79855 82.32902 11.01420
[1] 81.633534  7.265785 81.469708  6.992923
[1] 80.091337  8.375751 80.117256 11.784344
[1] 90.472290  5.893253 90.445055 33.488725
[1] 86.196596  6.800017 84.677203  7.633181
[1] 88.254398  5.902432 90.302654 43.787316
[1] 77.865385  5.237903 75.557091 52.434866
[1] 84.359163  6.499052 87.177277  7.446528
[1] 78.284671  5.682605 74.206862 33.183084
[1] 90.277506  6.532973 93.394472 10.853217
[1] 74.230469  6.224462 74.975527  6.390985
[1] 90.092465  8.199306 88.182778  9.847028
[1] 78.000766  7.556446 75.466691  7.506031
[1] 86.491538  6.490717 84.583687 23.031529
[1] 77.116005  7.394466 73.846051  7.452032
[1] 91.473319  6.227294 92.922973 16.485935
[1] 67.071618  5.513106 67.627763  8.555542
[1] 2.1
[1] 93.186277  6.425995 92.702406  6.756362
[1]  83.569318   7.063339  82.721482 196.800305
[1]  96.186853   6.696843 104.285662  28.211903
[1] 93.09980  6.82351 92.08275 68.27860
[1] 101.811321   6.375719  97.865648  56.277465
[1] 88.423686  6.231436 89.564495 47.097895
[1] 83.993185  6.410297 89.327233 11.138451
[1] 99.505832  7.603305 97.290818 13.822635
[1] 75.196688  5.529269 76.247983 46.198859
[1] 83.871666  6.300319 87.167616 74.807934
[1] 90.068770  7.398723 90.848200  8.676891
[1] 91.237924  7.232920 93.130249  9.001087
[1] 103.760743   8.398865 105.093221   8.370103
[1] 78.301625  6.555923 80.770453 12.046405
[1] 85.700720  7.816818 90.072915 12.661765
[1] 79.007746  5.467202 79.805746 10.391271
[1] 86.227708  6.594964 85.968963 28.703488
[1] 91.298933  7.506807 93.129242 12.922537
[1] 85.131874  7.947081 92.893958 33.982961
[1] 109.629337   5.514744 107.872524  69.241199
[1] 90.414219  5.868747 92.021849 14.557029
[1] 88.258548  7.120550 88.825042  8.573007
[1] 77.377596  5.755175 79.435768 34.585207
[1] 78.415174  6.426923 82.359275  6.521375
[1] 102.824277   6.344473 108.741460  58.374297
[1] 103.129793   7.747543  95.415237  27.617701
[1]  96.50036   6.36512  95.21197 122.22168
[1] 73.267643  5.528946 76.056446 13.605516
[1] 93.543317  5.415566 97.341257  6.662399
[1] 83.801942  6.570486 83.306218 14.975719
[1] 97.764790  7.201118 96.657431 15.419524
[1] 92.858428  6.201546 91.236077  6.313302
[1] 89.43088  6.35716 91.15176 13.29372
[1] 91.695267  5.547737 91.292002 26.208956
[1] 77.412477  6.065453 76.992212  6.476436
[1] 89.426386  6.545052 88.569645 12.516263
[1] 86.152920  6.253734 86.153929 60.595280
[1] 96.581519  6.784130 97.997997  8.692578
[1] 72.54210  5.22337 77.99995 12.39040
[1] 96.37369  7.02519 99.95149 44.17621
[1] 81.598749  6.432512 84.274198 24.887073
[1] 86.550928  6.911664 87.181651  9.342460
[1] 100.976147   7.503986 103.565874  77.965908
[1] 87.70248  7.01286 85.40752 17.04851
[1] 82.865974  5.806193 92.544847 12.371906
[1] 85.612520  6.584735 85.619926  6.993483
[1] 87.986210  6.223131 87.390559 14.632382
[1] 82.130084  7.791426 86.390518 73.910873
[1] 83.505777  6.157381 85.606918 22.868224
[1] 86.925329  7.155548 89.143779  7.626837
[1] 2.2
[1] 113.442103   8.649869 116.185283  11.996757
[1] 94.864056  7.229713 99.259658 20.193441
[1] 95.989645  6.074782 96.742377 19.355179
[1] 104.508560   7.469104 101.976607  23.785904
[1] 109.514696   8.882482 106.387480  48.997327
[1] 123.201500   8.029337 122.041028  40.783819
[1] 86.951521  5.279505 90.143515 14.733314
[1] 99.101827  6.510173 99.727807 86.334523
[1] 93.509678  6.384826 93.774005  5.917172
[1] 90.147802  5.933234 91.678990 22.114343
[1] 108.817344   6.683928 109.101425  15.959995
[1] 100.469512   5.791344 103.084012  32.398175
[1] 98.939354  5.184988 96.035887  7.212252
[1]  98.290465   6.506352 100.628058   6.573945
[1]  99.741341   5.486638 101.839628  32.532205
[1] 92.845228  7.380783 93.782281 15.793693
[1] 97.355842  7.101022 95.457332  7.366399
[1] 91.593472  8.480382 97.298678 44.358766
[1] 86.942243  6.315682 93.894284  9.123020
[1] 105.799601   6.634951 104.014511   9.251836
[1] 93.811061  5.590713 94.253460 11.468643
[1] 91.910280  6.011847 92.664873 37.946083
[1] 115.364760   8.825882 114.071165  10.070360
[1] 93.031956  5.939515 91.017856 47.680328
[1] 98.982270  5.261248 99.588130 11.999987
[1] 101.535982   7.999723  97.355295   8.608344
[1] 103.372269   8.103602 109.220338  23.269556
[1] 92.659802  6.670505 95.221557 42.967508
[1] 124.132377   8.789530 129.154250   9.416406
[1] 94.456098  8.500766 95.645880  9.183615
[1] 90.219763  7.494353 92.764362 12.239057
[1] 92.631669  6.374273 92.857044 33.362898
[1] 96.431828  6.618974 96.010245 17.025156
[1] 89.06339  6.85672 89.82595 12.05022
[1] 85.424566  6.742419 85.273797  7.607409
[1] 101.59103   8.02959 103.53655  15.94213
[1] 109.57138   5.54709 114.08882  14.91573
[1] 121.06067   6.72551 118.77218  10.03494
[1] 107.56889   6.41681 105.72450  11.95566
[1] 95.538646  5.928661 99.727102  6.376902
[1] 95.683502  7.379692 92.765682 32.907953
[1] 98.698391  6.873427 96.609415 14.613763
[1] 90.140450  6.224423 85.064395 18.652978
[1] 89.846120  8.790142 97.049322 11.023810
[1] 86.064137  6.916844 87.774514 15.949644
[1] 97.555927  7.371752 98.267226  8.533291
[1] 92.482661  6.126104 93.146280  6.735548
[1] 108.145996   6.269561 105.755902  28.656399
[1] 96.015850  5.859769 96.936938 14.993568
[1]  97.922287   7.145523 101.377953  20.481787
[1] 2.3
[1] 103.998591   7.196822 102.755304  79.533618
[1] 113.061319   8.746861 118.423527  16.626402
[1] 107.735130   7.013063 108.368524   7.797800
[1] 117.722799   6.948075 116.981590  10.213025
[1] 109.455406   7.525902 106.513552  84.108526
[1] 100.585008   9.090782 102.636819  12.134320
[1] 103.407424   7.634586 107.619924   6.276389
[1] 102.981818   8.750585 109.321171  18.681398
[1] 101.135528   6.189623 101.027588  15.851157
[1] 104.995809   7.371764 113.229170  15.332742
[1] 91.346074  6.820224 93.550186 32.714984
[1] 114.466216   8.270614 116.019083  31.180820
[1] 109.641175   6.928548 109.182819  47.063382
[1] 97.758159  7.915524 95.982737 33.969579
[1] 109.970284   7.830765 112.308055  34.463145
[1] 111.153200   6.795643 111.534901  24.309468
[1] 124.596617   8.292061 122.633439   8.191064
[1] 106.312628   6.588969 107.201494   7.290559
[1] 107.851936   6.373127 112.696188  96.922309
[1] 117.867120   6.499559 115.509616  11.867320
[1] 102.542137   7.006693 109.312355  29.496582
[1] 117.525914   6.313407 111.442160  14.818225
[1] 97.127013  8.474205 98.541591 18.499331
[1] 118.324919   6.641775 120.394759  29.498973
[1] 92.818241  7.711747 97.195192 11.511614
[1] 116.183178   6.268278 115.574530  13.411251
[1] 96.705021  5.766197 94.548116 90.459393
[1] 94.508421  6.351566 92.300885 37.701922
[1] 115.288433   7.141594 113.554943   7.236296
[1] 105.001283   7.458598 102.167382  15.043748
[1] 113.943928   7.802909 125.134494   7.674724
[1] 110.277883   6.074393 109.789084  13.332546
[1] 108.687161   7.310109 108.566654   9.098141
[1] 89.122197  6.433019 93.710636  8.177243
[1]  94.47529  11.29770 102.15325  11.95900
[1] 92.166471  8.291718 92.728390 38.987837
[1] 105.165677   7.238906 109.110902  37.087592
[1] 114.18076   7.27716 118.09666  15.77368
[1] 108.272539   6.908956 106.986037  50.203130
[1] 109.942416   6.346958 111.309469   6.158040
[1] 95.730447  5.942649 98.461934 16.509432
[1] 96.056059  9.237439 99.277977  9.130269
[1] 99.845811  5.525439 94.774488  6.533712
[1] 100.537411   7.393039 117.958344   7.544564
[1] 104.950992   7.010327 106.297123  13.402375
[1] 110.903209   5.787591 111.786918   5.655181
[1] 112.513056   7.956967 114.304931  42.689605
[1] 104.850592   5.844863  98.961161  49.280965
[1]  97.712561   7.315868 100.537197   7.923854
[1] 108.72973   5.69816 111.12835  35.88897
[1] 2.4
[1] 121.20039   7.36497 119.25328  17.84067
[1] 112.635041   7.484014 114.616753  39.014058
[1] 104.864186   7.127467 109.628402  14.197276
[1] 120.280311   9.358562 118.824819  10.123286
[1] 110.278096   8.060826 109.456112   9.383674
[1] 104.091346   6.232168 106.212185   9.834254
[1] 125.439651   6.969436 128.394688   8.285410
[1] 109.166154   6.308958 111.431785   6.166108
[1] 124.542514   6.153171 127.390254   8.651892
[1] 128.005918   7.903359 118.770310  11.644792
[1] 105.723141   6.457686 103.412513  10.185106
[1] 109.365475   5.834856 106.085851  11.936253
[1] 95.535017  6.550245 98.444723  9.963448
[1] 100.217461   6.356376 100.567409  75.919289
[1] 93.623425  5.931476 96.983839 12.546698
[1] 120.903224   7.281496 115.487949  19.474699
[1] 109.366115   7.016913 112.688243  14.993372
[1] 108.055138   5.810913 114.755228  22.087235
[1] 121.810642   7.255528 123.991994   9.254983
[1] 112.937845   5.957574 110.751200  28.195594
[1] 121.370868   6.692961 114.587595   7.581013
[1] 104.194618   6.332253 104.265249  14.313023
[1] 112.07924   7.32186 108.20835  49.75571
[1] 109.218971   7.213971 110.386149  19.813357
[1] 108.26414   8.13366 107.70205 139.03998
[1] 119.166970   5.909988 125.097921  10.305437
[1] 107.677207   6.386766 110.991142  37.453610
[1] 131.213816   8.040617 131.340818   8.763517
[1] 128.446771   7.388828 121.278383  24.090515
[1] 110.459285   6.195154 102.627600  12.646579
[1] 124.963942   6.950601 128.600340   8.655322
[1] 110.288921   6.743147 113.071288  17.503833
[1] 114.712590   5.329847 117.499096  26.290848
[1] 116.915895   8.487532 123.529566  16.945555
[1] 103.234590   6.730171 103.191251   9.404616
[1] 121.693389   8.888049 124.641979  56.704072
[1] 129.734484   6.418223 128.369237  64.982164
[1] 121.357809   6.306412 130.481927  20.073296
[1] 114.663309   7.558940 119.600082   9.655698
[1] 149.28621   6.69347 142.95917  13.44645
[1] 132.304801   7.181105 134.098063  25.765096
[1] 118.898571   6.992399 119.761244   7.460502
[1] 113.488538   7.295022 122.525589   8.654630
[1] 114.925755   6.785602 114.065437   6.776224
[1] 109.57366  10.43550 127.82796  17.16315
[1] 127.358676   7.422871 127.861089  22.014982
[1] 103.207269   6.813722 106.260386  23.052994
[1]  94.518404   7.837196  98.074564 108.465894
[1] 101.858473   7.999692 105.505799  36.471311
[1] 97.65829  6.35914 98.88059 67.28670
[1] 2.5
[1] 110.783379   6.525638 111.614268  28.132701
[1] 137.537387   6.330435 133.980493  15.756398
[1] 136.818531   7.152917 128.580309  22.315562
[1] 129.892876   8.312415 117.864512  23.735478
[1] 131.950025   6.642508 129.030172  38.666879
[1] 127.185289   6.534248 124.990317  15.524265
[1] 128.366051   6.094016 132.490339  16.729949
[1] 139.04532   6.26270 138.39418   8.20969
[1] 127.498896   7.670465 128.574116  10.172078
[1] 128.427885   6.224417 119.996992  56.554717
[1] 129.400753   7.872359 133.283767  48.951825
[1] 122.015588   6.475512 124.213143  49.200922
[1] 124.77794   7.17637 125.63181  18.66150
[1] 128.002965   7.806005 126.620109  19.970543
[1] 122.812383   7.861628 129.464041  19.929448
[1] 121.192574   5.425478 119.747613  88.564649
[1] 129.076881   6.781508 133.553558  21.494423
[1] 114.52951   7.87680 119.00122  25.93372
[1] 130.777395   7.144375 135.644088  41.161304
[1] 121.602686   6.525635 120.222680  95.503108
[1] 116.874843   8.935858 119.962649   9.297507
[1] 114.865451   6.873148 119.888768   9.866530
[1] 131.100607   5.354160 126.073012   8.071179
[1] 112.545817   5.820303 117.509134  20.090076
[1] 129.014227   7.758569 122.972090   8.601302
[1] 129.789031   8.013698 136.327763  19.715195
[1] 117.354963   6.482106 117.285126  18.843467
[1] 121.26277   7.26881 118.36426  15.11735
[1] 135.457564   6.989346 137.788170   9.639468
[1] 131.559534   7.484791 135.076025   8.602930
[1] 137.603124   8.477873 139.310910  53.441213
[1] 113.68261  10.11236 119.93842  29.38358
[1] 131.568299   7.010774 137.669273   9.210668
[1] 121.058115   8.422171 122.326385  22.196172
[1] 129.148195   7.842954 126.452235  18.943350
[1] 121.887518   8.841197 121.467104  40.209462
[1] 114.324500   7.300632 111.359954  11.811083
[1] 130.525960   9.105791 135.789303  10.196453
[1] 117.77208   8.86629 117.97231  39.84989
[1] 134.298684   8.025723 132.722280  18.833974
[1] 135.506690   6.591599 138.566130   7.722576
[1] 137.715031   8.528868 121.621548   8.991736
[1] 140.790415   7.017927 139.193127  57.276157
[1] 117.597431   6.092482 113.245349   7.384665
[1] 131.573319   5.579121 127.852099   7.832061
[1] 111.246726   5.540234 112.853647  25.842915
[1] 124.171766   7.759528 130.274202 132.820247
[1] 129.785350   7.034387 130.362510   7.466354
[1] 124.013589   8.934872 133.930177  10.508705
[1] 117.105099   6.336011 108.562143  30.422903
