Loading required package: Matrix
Loading required package: foreach
Loaded glmnet 2.0-10

Loading required package: methods

Attaching package: ‘pracma’

The following objects are masked from ‘package:kernlab’:

    cross, eig, size

The following objects are masked from ‘package:Matrix’:

    expm, lu, tril, triu

[1] 0
[1] 15.462717 23.149003  9.136670  9.348978
[1] 18.669911 21.711824  9.380721 14.076304
[1] 20.76441 22.23130 10.19018 11.04943
[1] 15.115166 22.621265  7.588507  7.833138
[1] 17.814435 24.153551  9.718137  9.937272
[1] 17.094905 22.428486  9.439252  9.715504
[1] 17.813039 23.122137  9.396137  9.603315
[1] 24.748210 28.356161  9.816477 10.741626
[1] 14.297831 19.282681  8.253322  8.256012
[1] 14.894152 22.094485  8.420446  8.519112
[1] 15.061890 21.893537  9.526751 11.028201
[1] 14.290543 19.855357  9.156524  9.209651
[1] 16.38664 23.83179 10.68429 11.35136
[1] 14.042961 19.892222  7.621244  7.694468
[1] 10.938449 17.286639  6.882072  8.473362
[1] 15.670996 22.165629  9.994297 10.223475
[1] 14.815178 22.213310  7.989701  8.150437
[1] 16.52312 21.65141 10.31780 10.67106
[1] 14.963014 22.242928  8.098815  8.546495
[1] 16.771075 22.179997  9.131039 10.396357
[1] 15.555081 20.178346  8.839221  8.929731
[1] 17.943911 24.003189  8.364782  8.961105
[1] 15.067511 20.983189  7.480597  9.589736
[1] 22.34298 24.09851 10.64683 10.93736
[1] 14.993663 21.850750  7.305966  7.560356
[1] 18.351972 18.812754  7.602912  7.536819
[1] 24.41223 27.02791 11.03338 11.20264
[1] 19.59531 25.88020 10.10393 10.41341
[1] 17.380814 23.991078  8.582257  8.690466
[1] 15.481050 21.841186  8.835865  8.879719
[1] 14.983657 20.988269  9.580908  9.932616
[1] 16.715002 21.429428  9.795277  9.673690
[1] 15.746092 22.959551  9.159777  9.808823
[1] 16.924294 24.349021  9.965276 10.067593
[1] 15.782950 23.358902  9.650919  9.763475
[1] 16.450088 21.796400  9.499602  9.583674
[1] 17.336726 23.975802  8.832997  9.069206
[1] 15.109458 22.098736  7.777733  7.900220
[1] 14.12778 21.13064  8.55070 10.85751
[1] 19.703447 23.748190  9.692760  9.679317
[1] 12.291008 16.469729  6.680972  7.235179
[1] 14.835043 22.501093  7.893846  8.350277
[1] 17.009180 23.097791  9.682424  9.950787
[1] 18.46517 19.76963 10.03770 10.88469
[1] 19.173673 21.850937  8.569953  8.735440
[1] 14.999677 21.634043  9.242009  9.411575
[1] 17.071499 22.471857  9.392994  9.444549
[1] 18.604989 22.149335  7.935700  8.401135
[1] 15.735083 20.380668  9.676321  9.417791
[1] 18.084177 20.144148  8.758610  9.145702
[1] 0.1
[1] 14.048628 21.916240  7.489867  8.316170
[1] 17.97012 24.87867 11.12750 12.82125
[1] 17.20150 23.79567 10.29577 10.40562
[1] 17.242312 21.217982  9.074958  9.179354
[1] 16.350811 20.245923  9.020396  9.741901
[1] 14.801164 22.104832  8.161641  9.528461
[1] 16.53087 21.46317 10.29713 10.53853
[1] 15.270859 21.439845  9.156668 10.891007
[1] 19.340241 23.284472  9.705548  9.740626
[1] 15.708427 21.636378  7.546489  7.700298
[1] 17.681374 23.393431  9.463684  9.691649
[1] 15.796649 23.611084  9.192778  9.945297
[1] 14.782412 20.806889  9.662721 10.592218
[1] 14.521188 17.288306  9.018549  9.163655
[1] 16.296276 18.288063  7.629804  8.048997
[1] 20.129024 22.629757 10.031133  9.944905
[1] 13.404414 19.540623  9.109395  9.832093
[1] 15.440248 20.868393  9.000793  9.333215
[1] 16.32440 21.05048 12.21346 12.77142
[1] 14.286976 19.306142  8.456898  8.478226
[1] 15.856179 20.875092  9.027482  8.698507
[1] 16.767043 22.935728  9.570780  9.381766
[1] 14.220530 19.135214  8.747041  9.759892
[1] 19.02076 27.20323 11.54964 11.68112
[1] 15.603613 23.982009  9.284896  9.549715
[1] 14.736612 20.362543  7.289476  7.198214
[1] 17.05510 22.89336 10.24131 10.19866
[1] 17.30422 23.94648 10.98563 11.47091
[1] 21.032885 25.207297  9.919364 10.279523
[1] 15.898302 21.781481  8.598850  8.801087
[1] 15.458447 21.086061  9.215274 10.045728
[1] 17.434426 23.928603  9.490323 10.720461
[1] 16.441089 22.432231  8.753935  8.904656
[1] 15.725731 20.312808  8.116055  8.291452
[1] 19.37937 22.53774 11.51033 11.93339
[1] 17.659348 25.721908  9.200014  9.436054
[1] 15.99773 19.05757  9.83319 10.17892
[1] 13.697574 18.444531  7.949588  7.972949
[1] 14.200201 23.094019  8.821752 10.331375
[1] 16.401799 21.427269  9.437161  9.851952
[1] 14.966195 21.048864  9.433523  9.386310
[1] 16.84796 21.36631 10.01928 11.26183
[1] 20.126957 22.009527  9.123409 11.507966
[1] 18.23664 21.67622 13.71662 15.66631
[1] 16.819123 21.311948  9.076324 10.015691
[1] 15.252761 20.825534  9.240192  9.682096
[1] 14.52880 20.15582  9.24826  9.31206
[1] 18.41812 25.70920 10.71336 10.63073
[1] 18.07455 24.14666 10.07986 14.15874
[1] 14.936624 19.945097  9.371269  9.709839
[1] 0.2
[1] 25.00019 27.18059 11.63656 11.69451
[1] 17.97638 23.26930 10.26221 10.03629
[1] 20.935703 21.067664  9.120335  9.837095
[1] 22.233245 21.320104  8.921850  8.882706
[1] 15.16234 20.15498 10.01936 12.77524
[1] 12.664699 19.564244  8.205377  7.652377
[1] 16.95840 20.98857 11.03659 12.30560
[1] 18.00433 25.74047 10.10793 10.35191
[1] 18.105762 23.684219  9.676362  9.332397
[1] 17.823470 23.857436  8.201754 11.232204
[1] 14.736096 22.340864  7.954398  7.797086
[1] 20.541802 23.653848  8.379623  9.062306
[1] 15.856313 23.713138  9.993903 10.429426
[1] 13.574790 22.342552  9.751858  9.720857
[1] 16.26554 21.45775 11.89124 11.46671
[1] 14.186726 21.807572  8.346186  9.481953
[1] 21.700329 22.823040  9.339688 10.390272
[1] 16.77332 19.52907 10.36756 13.82119
[1] 19.107752 25.685506  9.828044 11.051575
[1] 19.947380 22.961234  9.279806  9.551351
[1] 15.79489 21.71327 10.03539 10.26887
[1] 16.376000 22.530284  8.646036  9.006472
[1] 18.170153 25.223327  9.493355 12.510327
[1] 16.29847 21.91115 10.59560 10.89553
[1] 24.20684 23.92263 11.60962 12.57023
[1] 18.25271 26.04229 10.86080 10.99199
[1] 15.223962 22.249975  8.401101  8.910676
[1] 15.895632 20.799161  9.214696  9.250093
[1] 14.696889 20.535773  9.089746  9.261854
[1] 14.123192 19.810451  8.509903  8.768879
[1] 13.351465 19.943058  7.578382  7.633434
[1] 20.702345 23.455577  9.592826  9.676831
[1] 20.52295 21.58021 10.23194 10.22702
[1] 18.268484 22.186942  8.673654  9.107565
[1] 16.46919 23.76880 10.30036 11.08895
[1] 13.755438 20.445382  8.975991  9.791544
[1] 17.829672 21.906813  9.643160  9.699181
[1] 22.21893 22.93763 11.06066 10.63234
[1] 17.23978 23.53889 10.38023 10.95321
[1] 12.574903 20.449708  9.603679 10.310214
[1] 13.989158 21.393624  9.624724  9.605044
[1] 13.246971 18.252937  7.647813  9.707349
[1] 16.945280 24.075838  9.176946 10.229431
[1] 15.542953 19.686117  9.575054  9.810153
[1] 14.315631 18.728058  9.350153  9.111413
[1] 16.095478 20.796084 10.039957  9.870178
[1] 18.26948 25.95646  9.82218 10.41342
[1] 14.064771 19.601636  8.718414  8.620316
[1] 16.33483 20.47478 11.02286 10.25964
[1] 17.767431 26.722039  9.674911  9.850805
[1] 0.3
[1] 19.24485 22.95332 11.37497 10.88903
[1] 15.41509 19.28179 11.50822 12.20769
[1] 13.844686 19.668251  8.653979  8.408865
[1] 17.281188 23.518794  9.333957  8.569876
[1] 14.326526 19.749564  9.091494  8.306956
[1] 14.35988 20.10842 10.11811 10.05804
[1] 13.82726 19.81742  8.70898  7.63131
[1] 17.235664 23.338727  9.716762  9.834204
[1] 17.859037 21.374515  7.826271  7.224611
[1] 15.649888 25.646997  9.964606 10.053935
[1] 19.62266 26.49898 10.71301 12.32729
[1] 16.247019 25.259399  9.994511 10.133478
[1] 17.67884 22.87045 10.22653 10.30314
[1] 14.311462 19.088843  9.217517  8.517193
[1] 19.75224 24.20660 12.74136 11.94546
[1] 16.076252 21.701485  9.138170  8.954893
[1] 16.17874 20.99573 10.26610 10.77273
[1] 19.37527 24.87465 10.72272 10.29890
[1] 19.03141 26.72627 11.61485 11.53767
[1] 16.045102 19.819792  9.129505  9.058044
[1] 13.856535 18.935544 10.213054  9.652592
[1] 20.88006 23.84678 10.54085 10.08048
[1] 13.443978 19.194393  8.987104  8.831915
[1] 13.19252 18.89967  9.00956  8.79277
[1] 15.068266 21.335958  8.991146  8.402458
[1] 17.257532 24.123644 10.863013  9.974162
[1] 19.405127 20.830629  8.837346  9.891170
[1] 15.56408 21.41589 10.48402  9.88010
[1] 16.057492 21.691079  9.595239 10.418602
[1] 16.77765 22.54484 11.01179 10.39140
[1] 15.428617 21.011477  8.310173  7.655435
[1] 17.16122 22.85914 10.61036 10.29476
[1] 19.232466 21.440228  7.899570  9.245316
[1] 17.173117 22.128535  8.785379  9.307839
[1] 15.924947 22.009072 10.433736  9.919094
[1] 15.21514 20.83168 10.25570 10.64022
[1] 17.465684 22.942759  9.890663  9.402669
[1] 15.069321 21.697661  9.125165 11.892380
[1] 15.239167 20.424951  8.423522 10.320039
[1] 15.74628 21.25850 11.11507 11.04729
[1] 18.915962 24.378888  9.593981  8.901609
[1] 16.64110 23.45168 10.53071 10.31533
[1] 16.483429 21.226624  9.234674  9.166643
[1] 17.953432 23.411736  8.983027  8.060482
[1] 14.051828 19.359236  8.066446  7.657320
[1] 16.211815 22.198585  9.929822  9.677102
[1] 14.80392 21.47041 10.93221 10.08263
[1] 17.68085 24.02457 10.48645 10.08920
[1] 13.628497 19.035624  8.739999  8.904707
[1] 14.944758 21.314481  8.389949  9.252540
[1] 0.4
[1] 18.89904 26.01766 12.91468 12.45501
[1] 16.56289 24.06625 11.15891 10.72274
[1] 18.56695 23.29710 12.13047 10.77635
[1] 16.900725 19.267507 11.172388  9.719056
[1] 14.370922 18.467292  9.632381  8.984990
[1] 16.563881 22.203486 10.985201  9.322494
[1] 16.876066 24.779176 10.703556  9.931487
[1] 13.88809 21.85246 10.44139  9.86769
[1] 14.694464 21.160961  9.837616  9.705602
[1] 13.26395 17.07668 10.80187 10.48327
[1] 19.110571 20.590217 10.942793  9.350322
[1] 21.12157 21.87263 12.62699 11.38417
[1] 16.036601 22.266885 10.593680  9.603553
[1] 16.95866 22.68236 11.27349 10.41906
[1] 15.21557 21.02575 11.53015 16.33292
[1] 17.222385 24.118508 11.019416  9.862143
[1] 21.58972 27.62750 12.20681 10.58548
[1] 24.60479 27.85378 13.34028 11.75900
[1] 15.308914 21.598334 10.397950  9.200708
[1] 15.66993 23.04714 10.83052 13.49507
[1] 14.909288 18.504816 10.089334  9.599703
[1] 22.65517 24.73077 10.10039 10.37164
[1] 15.448741 21.749474  9.891428  8.814737
[1] 14.16076 18.57427 10.58203 11.22944
[1] 14.10626 20.57562 10.47708 10.38246
[1] 17.248470 21.675253 10.481052  9.665333
[1] 17.39486 22.78793 11.52965 10.66480
[1] 15.47326 21.03870 10.75068 11.54458
[1] 19.11616 25.63242 12.02150 10.82824
[1] 15.55916 19.60814 10.68222 10.33250
[1] 17.241873 24.012421 11.311719  9.828415
[1] 18.35090 22.46754 11.95266 11.97438
[1] 18.41657 24.61519 11.31845 10.51674
[1] 16.29284 22.55634 11.79469 10.84417
[1] 15.293335 22.032982  9.570511  8.086807
[1] 18.90498 24.35829 13.23566 11.96246
[1] 17.04606 20.29664 12.40912 11.25404
[1] 16.68137 22.78968 11.34458 11.31577
[1] 16.562948 21.973194 10.060024  9.706715
[1] 17.04140 23.74186  9.95409 11.09640
[1] 19.374376 23.749375 11.402124  9.844449
[1] 16.027213 25.363879  9.812847 10.003419
[1] 16.669706 23.151504 11.951910  9.616962
[1] 19.28209 24.34619 13.28496 12.36698
[1] 21.53576 23.91009 12.57651 11.62026
[1] 23.443262 22.776898 12.046237  9.010682
[1] 18.54003 22.69250 12.96233 13.68213
[1] 15.49082 20.14438 11.73064 10.65680
[1] 17.56908 21.37151 10.56461 10.66948
[1] 15.317133 21.776946  9.853747  9.374074
[1] 0.5
[1] 18.12969 20.44781 12.26849 11.00579
[1] 15.127146 22.719461 10.128598  8.068298
[1] 19.520683 20.585451 10.003236  7.646934
[1] 19.08412 23.23952 10.98614  9.94627
[1] 14.01763 20.21249 11.30673 12.01945
[1] 22.55081 24.13536 12.89056 11.50684
[1] 15.660279 19.255681 10.030296  9.991652
[1] 19.531911 22.595697  9.257699  8.468569
[1] 22.357579 22.853295 10.734822  9.542071
[1] 19.21163 24.44224 13.60294 12.17126
[1] 20.137977 21.981533 12.274705  9.379138
[1] 16.546385 23.035579 10.760603  8.764211
[1] 21.18004 25.63394 12.01792 10.90489
[1] 16.53428 24.63204 11.17716 10.75971
[1] 15.74138 20.92495 11.74788 14.30913
[1] 20.07717 25.89568 16.38339 12.10778
[1] 16.49240 23.14420 11.69554 14.69667
[1] 19.928235 26.555607 11.637624  9.942595
[1] 15.688641 23.093300 12.427369  9.842798
[1] 15.44438 21.62455 10.93897 10.31544
[1] 13.64134 19.39561 11.04805 10.98157
[1] 17.44893 24.10891 10.59034 11.58470
[1] 15.741058 24.687798  9.731428  9.211850
[1] 19.60371 28.97407 14.33297 14.14235
[1] 14.209822 18.061216 12.384806  9.383708
[1] 17.17417 22.61827 13.17794 10.47133
[1] 15.118144 21.531940  8.009994  7.509039
[1] 16.41417 23.46994 11.35602 10.30937
[1] 17.409148 24.508659 10.946490  9.331683
[1] 15.56823 22.48810 12.53391 12.29727
[1] 17.83844 24.49893 12.05092 11.14059
[1] 17.67153 25.91331 11.55034 10.73521
[1] 16.65299 22.58409 11.19986 10.42224
[1] 19.64730 23.51602 14.34369 11.78532
[1] 16.58393 23.13792 11.99832 11.65120
[1] 17.76180 20.91155 12.80965 10.61041
[1] 16.707872 23.464871 11.237216  9.779464
[1] 15.422487 21.019287 11.452977  9.538625
[1] 17.253331 23.346924 10.601021  8.606902
[1] 15.510240 21.731232 11.261843  8.666082
[1] 14.54653 21.53401  8.83982  8.59538
[1] 17.75818 23.05454 11.67636 12.12015
[1] 16.559232 18.060514  9.012944  7.897748
[1] 16.04609 24.62911 11.48155 10.39401
[1] 15.47206 21.15819 11.68006 10.22109
[1] 19.50862 29.59251 12.32350 11.74914
[1] 14.427732 19.245174 11.277804  9.791083
[1] 19.03572 22.94240 12.91158 12.16031
[1] 19.488343 19.057048 10.292752  8.927276
[1] 13.623649 19.569013  8.396902  9.507754
[1] 0.6
[1] 16.52889 19.73330 13.67327 11.68532
[1] 20.16214 23.50467 13.51346 11.67434
[1] 22.63908 23.01527 10.62570 11.33677
[1] 16.26137 20.16870 12.49735 10.09280
[1] 15.206201 19.993357  9.623894  8.107470
[1] 17.58008 21.49120 12.38989 10.30943
[1] 19.033345 18.925698 13.213490  9.424888
[1] 19.43092 25.91421 12.00322 11.37424
[1] 18.303465 22.052002 11.913792  9.567005
[1] 18.98790 20.90032 13.09044 13.08603
[1] 16.737126 20.127022 10.995997  8.844467
[1] 15.63469 21.95530 11.20273 11.93963
[1] 22.82294 22.92670 13.15153 14.87331
[1] 15.34192 21.95590 13.15308 10.69465
[1] 17.631580 22.814399 11.765749  9.529157
[1] 14.49019 23.14073 10.78862 10.18781
[1] 16.69145 22.90985 12.14166 10.88473
[1] 15.24323 19.31176 10.77894  7.73898
[1] 17.37924 23.36483 14.72807 11.52343
[1] 16.964890 22.066301 12.954839  9.063238
[1] 15.045470 20.763842 11.095435  9.746084
[1] 17.108622 24.546278 11.310912  8.986773
[1] 22.60816 21.88493 14.75870 10.42903
[1] 19.07862 26.08968 12.91418 12.59129
[1] 17.04082 20.67375 11.77389 13.72008
[1] 21.30424 23.68834 13.49107 10.76555
[1] 18.37713 23.14198 15.80560 12.74431
[1] 18.71240 28.68892 12.26327 10.26564
[1] 17.892325 24.846612 11.616066  9.352777
[1] 22.38512 24.61818 12.84404 11.97719
[1] 16.674934 23.043598 12.196162  9.851042
[1] 19.31409 25.05131 13.85442 10.22985
[1] 21.58324 21.30236 14.33155 11.74760
[1] 17.49685 20.67887 14.63380 11.88541
[1] 15.742291 22.028283 13.131584  8.317411
[1] 20.68343 21.20635 13.30112 10.69531
[1] 17.87602 23.31880 13.40419 11.87339
[1] 21.903104 22.934496 10.322170  8.391638
[1] 20.78598 21.71739 12.81041  8.13743
[1] 18.053065 22.147185 11.507108  8.557364
[1] 17.14621 21.74868 10.86456 10.23581
[1] 16.950653 21.816935 11.927173  9.468153
[1] 15.55925 20.60820 12.70493 10.07840
[1] 16.59868 22.40593 13.56083 10.97219
[1] 18.73745 23.94989 13.53442  9.91747
[1] 15.243270 20.956686 11.932316  9.826653
[1] 17.35974 22.08883 12.04593 10.69335
[1] 14.942604 21.260002 11.487086  9.557468
[1] 18.939513 19.709578  9.908397  7.838394
[1] 15.55573 21.72261 10.96190 10.01371
[1] 0.7
[1] 17.00096 21.88533 16.24735 13.24056
[1] 19.53709 20.64814 13.31160 12.06562
[1] 14.90538 19.86759 12.79333 10.33055
[1] 15.98408 19.36615 13.14296 21.22763
[1] 15.95463 21.30731 15.36493 12.10748
[1] 15.399239 21.348975 13.510678  8.944525
[1] 19.43836 25.26411 15.43316 12.39902
[1] 16.30534 21.29183 12.63411 11.08505
[1] 23.31851 23.84327 14.14979 10.64508
[1] 17.32607 22.00568 14.72512 14.65872
[1] 20.235271 22.427085 15.396896  9.118644
[1] 19.41808 21.62685 13.00191 10.04308
[1] 19.11028 24.87964 15.84955 12.64583
[1] 18.53251 21.68006 16.75557 11.04756
[1] 16.55832 21.41103 16.00528 11.70938
[1] 15.73118 19.32705 13.13380 12.36509
[1] 22.39437 20.67374 16.45398 13.61284
[1] 17.63959 18.17447 18.34698 11.19990
[1] 19.44234 24.47532 12.48824  9.79091
[1] 16.75076 21.95703 14.02084 10.21155
[1] 19.152373 20.768251 11.625191  9.656943
[1] 17.06245 23.42141 14.40258 10.53425
[1] 19.50223 25.48015 16.19435 11.84580
[1] 20.96321 20.84326 12.85990  9.51886
[1] 17.42794 26.56914 13.13859 11.68906
[1] 17.668132 19.374552 14.403616  9.806323
[1] 24.32306 23.52658 14.08936 12.33842
[1] 18.19275 25.29403 12.34222 11.17219
[1] 23.56300 25.89325 14.91909 11.20780
[1] 16.123873 21.589368 14.709257  9.678796
[1] 18.89004 25.29265 16.17301 12.15550
[1] 23.45393 22.59520 15.96924 11.83557
[1] 18.69289 26.23480 18.12952 15.10473
[1] 17.861404 20.536655 12.333960  9.159089
[1] 19.147771 21.935862 14.839917  9.849861
[1] 17.50919 24.54738 13.87431 10.90289
[1] 21.95256 21.54809 13.00787 10.22650
[1] 17.57045 23.83532 13.43795 10.51168
[1] 19.38862 25.27487 14.11260 11.74387
[1] 17.872411 19.918415 13.178395  9.723682
[1] 18.65803 25.59499 16.59910 16.03331
[1] 16.86086 25.64129 13.08287 11.06152
[1] 14.184080 19.100772 12.121359  9.237576
[1] 16.51414 21.19076 16.28205 12.60926
[1] 22.011684 22.077961 13.849719  9.829769
[1] 16.77698 21.88400 13.42487 11.97679
[1] 15.897148 20.920950 14.341394  9.973771
[1] 20.85894 21.39288 16.34255 13.16607
[1] 18.28510 22.55912 16.46278 14.41312
[1] 19.27567 20.84862 12.83969 11.54315
[1] 0.8
[1] 18.56285 24.20005 18.65403 13.86703
[1] 19.39739 23.36765 15.56387 11.27474
[1] 17.42390 21.54453 16.82899 13.41702
[1] 14.27507 20.71994 13.71871 11.13324
[1] 16.717190 20.890670 14.354734  9.774682
[1] 19.60337 26.09981 18.59286 12.16355
[1] 17.09948 17.40411 15.14264 10.87221
[1] 19.07233 22.84478 15.21268 12.66510
[1] 15.94618 19.92794 13.93368 10.62350
[1] 16.89741 23.65993 14.89752 10.52880
[1] 21.997597 23.636339 15.908160  9.393307
[1] 16.66503 21.61220 11.95936 11.49218
[1] 18.34188 22.93709 17.21971 11.11014
[1] 20.57304 17.81946 15.80720 15.54181
[1] 17.54771 25.14760 18.28067 13.13067
[1] 17.655752 20.750176 14.638324  9.371392
[1] 23.41081 27.13555 16.48534 17.03904
[1] 15.939665 21.759235 15.231918  9.904665
[1] 19.48495 24.51939 15.23767 11.41661
[1] 18.29582 22.68425 12.56360 12.19801
[1] 21.74238 23.68405 17.33484 12.18294
[1] 15.82950 20.51836 14.42301 11.77965
[1] 24.50575 25.78830 15.58420 15.10789
[1] 22.18115 22.49852 15.73689 12.17694
[1] 18.070822 22.635407 13.055755  7.946822
[1] 18.60917 21.60186 15.96058 10.15671
[1] 24.48706 22.92556 17.55923 10.70651
[1] 18.653151 25.046524 15.564714  9.825106
[1] 16.51501 18.89050 16.68292 10.27715
[1] 16.38335 23.98779 12.95072 15.25531
[1] 15.87774 19.04947 15.09721 22.54354
[1] 18.08421 21.14274 13.80889 13.36141
[1] 15.44144 22.20500 17.74481 10.98800
[1] 20.59388 27.88378 17.32158 13.27150
[1] 17.92792 21.91762 16.38201 10.52172
[1] 20.30100 25.52439 19.15110 11.73268
[1] 20.07506 28.14069 14.85184 10.43379
[1] 16.311391 20.103886 14.205499  9.778293
[1] 16.89774 21.01947 16.53967 11.78011
[1] 22.78052 23.67950 16.47819 11.35029
[1] 20.88512 23.37584 15.62785 19.23153
[1] 16.97877 20.54549 14.07704 10.50102
[1] 16.111269 19.755733 14.636460  9.873371
[1] 19.53901 22.76818 16.30738 10.31851
[1] 22.23812 24.68843 18.50322 13.75251
[1] 23.27511 23.41511 15.43086 10.46372
[1] 19.77443 19.84905 15.62000 10.67367
[1] 21.00482 24.33624 17.38699 14.31179
[1] 18.504780 21.201869 17.200465  9.802045
[1] 24.26404 23.53359 14.62670 11.17537
[1] 0.9
[1] 22.11995 26.88363 21.66191 14.42050
[1] 17.36666 18.80935 16.11439 10.22729
[1] 16.28806 20.92703 16.63273 12.94554
[1] 18.56284 23.52968 16.06433 13.18755
[1] 17.79552 23.09751 16.25221 11.18193
[1] 18.33738 22.43522 17.51873 12.42927
[1] 18.01184 23.43948 16.89474 12.87797
[1] 21.55334 24.36208 20.66786 11.40187
[1] 18.55730 19.45642 15.70263 10.76779
[1] 16.101644 18.110575 17.251453  9.620562
[1] 17.70896 24.52365 14.81178 11.98948
[1] 16.46453 22.38332 17.55803 13.36309
[1] 17.27187 20.92490 18.34068 11.55277
[1] 15.43839 19.22905 16.08121 10.14524
[1] 15.30139 19.53653 18.18378 14.34111
[1] 17.95810 21.05225 14.22515 13.92702
[1] 19.58706 22.34682 19.56897 11.03977
[1] 18.18706 22.12335 18.89928 10.36106
[1] 15.39128 21.44594 14.00674  9.82997
[1] 21.927457 24.135035 16.632961  9.728327
[1] 15.045438 19.915734 14.346618  8.886624
[1] 18.90773 24.82976 17.54745 10.00755
[1] 16.80186 19.95778 14.92264 14.16260
[1] 19.52332 21.07382 18.01986 13.13279
[1] 19.57289 21.02008 19.17566 14.47328
[1] 16.90303 22.92280 18.22803 10.56076
[1] 18.40529 24.48139 21.83542 14.01115
[1] 14.85608 16.93058 16.35024 10.55501
[1] 17.141565 19.920510 14.858496  8.744367
[1] 16.44163 21.30130 17.16982 10.11165
[1] 16.63942 19.97418 17.93419 12.10146
[1] 17.66891 23.59120 17.74989 10.04385
[1] 20.53922 22.88224 21.22154 14.54104
[1] 18.78416 21.58756 20.65835 10.52260
[1] 23.75908 24.02630 18.00071 11.56975
[1] 18.818290 22.457663 17.543703  9.830159
[1] 16.13860 22.58738 13.95472 10.24973
[1] 18.03788 21.28128 17.30957 10.77035
[1] 18.62742 22.34239 14.76331 12.49381
[1] 19.34266 22.65933 18.60836 10.34138
[1] 15.856024 19.837805 15.002814  9.309363
[1] 19.49478 22.27956 21.52611 12.64161
[1] 22.19575 24.81216 20.07951 12.85455
[1] 17.91584 19.15187 18.04306  9.97299
[1] 19.18125 21.31088 17.02206 13.30359
[1] 15.97249 23.84963 17.85891 11.21047
[1] 18.66255 21.90772 23.14013 12.10840
[1] 14.183050 21.506575 13.633848  9.429373
[1] 16.41680 21.08390 17.92764 12.19527
[1] 17.20671 22.28072 15.34234 12.23108
[1] 1
[1] 18.56917 20.07347 19.75044 12.38550
[1] 18.38792 19.06019 17.95544 12.95442
[1] 17.41355 23.99155 17.84242 11.07142
[1] 16.91649 20.40708 20.35981 10.71742
[1] 18.43773 24.30530 17.51085  9.61224
[1] 14.17394 24.00353 21.13575 12.15396
[1] 21.45204 27.09141 19.32418 18.17818
[1] 16.398075 19.211476 15.144281  8.358319
[1] 19.42632 20.97567 18.12276 10.25337
[1] 20.54245 21.69759 17.90168 13.95008
[1] 16.16461 19.83510 14.41495 12.24518
[1] 18.08593 20.13908 21.58299 12.73531
[1] 21.29299 24.70154 21.32886 14.52330
[1] 18.23193 22.01923 17.02598 10.34188
[1] 18.56469 23.13767 19.25004 13.08778
[1] 15.835117 22.288540 15.524962  8.097578
[1] 16.15251 18.74989 17.40046 16.51902
[1] 22.52526 22.34587 23.86664 12.35059
[1] 19.01228 22.71121 19.98163 12.36602
[1] 20.13368 25.11757 22.50144 13.31537
[1] 19.843615 22.286572 16.805585  8.883864
[1] 15.480293 19.679830 15.957888  9.329979
[1] 19.891742 22.518897 18.046577  9.595243
[1] 20.67392 24.21021 20.22202 14.24408
[1] 15.48150 16.89240 15.15088 15.24971
[1] 15.392093 24.203041 15.359426  9.246397
[1] 17.226644 17.406287 15.786365  8.665431
[1] 22.59490 26.85740 24.03803 14.47636
[1] 19.97605 23.52454 17.11625 10.51826
[1] 15.64909 18.74132 18.81747 10.85318
[1] 18.875794 20.237044 21.057471  9.650516
[1] 17.15176 19.93307 20.08540 11.80739
[1] 19.33944 22.50613 19.73451 12.61190
[1] 17.143480 19.979564 17.168458  8.691204
[1] 21.11864 25.36816 16.69561 12.03465
[1] 19.62343 24.34276 22.37424 11.71857
[1] 18.16636 21.02705 25.61187 26.70098
[1] 18.89663 24.27363 20.47865 14.25774
[1] 20.80876 26.33490 19.90580 10.87207
[1] 22.21805 23.82331 18.95636 25.26296
[1] 21.72365 27.11881 21.76282 12.83395
[1] 18.62163 23.31583 18.93908 19.39476
[1] 20.35265 22.00989 17.02407 14.29120
[1] 16.85054 18.67056 18.05057 10.08345
[1] 19.16211 21.36952 16.28374 20.28749
[1] 20.76296 23.39387 22.79539 16.95406
[1] 18.06974 22.20581 21.63190 11.11095
[1] 21.14144 27.11892 19.79373 11.77640
[1] 20.221992 22.956433 18.633129  9.366914
[1] 15.93441 22.71744 19.33888 10.60673
[1] 1.1
[1] 20.66444 24.01251 24.04459 16.38775
[1] 17.88975 21.80932 19.21977 11.85354
[1] 21.26597 23.47359 23.07856 12.24532
[1] 16.55689 18.55057 20.99544 10.49095
[1] 18.66969 19.97436 19.78559 11.99784
[1] 19.03411 22.22540 22.68009 11.77810
[1] 17.43638 16.89647 20.43385  9.03840
[1] 20.05879 22.25338 19.03119 11.82201
[1] 22.71554 24.04379 28.08288 15.68877
[1] 19.64422 21.48850 18.33904 10.03695
[1] 18.87808 20.37310 19.82274 11.84076
[1] 22.29354 25.22197 25.69577 14.30102
[1] 20.74331 21.94201 20.11071 10.32107
[1] 19.46367 22.91721 19.24447  9.45690
[1] 22.36608 25.33396 20.47071 12.04201
[1] 17.70237 21.79499 18.28053 15.16975
[1] 21.16899 27.07810 19.06882 14.95761
[1] 17.82191 20.07286 19.05547 10.22504
[1] 18.17979 20.42496 18.07790 12.25372
[1] 24.92428 21.29973 18.00292 11.13863
[1] 20.04358 19.34512 20.74813 11.95234
[1] 23.58109 21.99750 20.43728 13.34903
[1] 21.07102 24.75344 23.24904 12.97613
[1] 16.16442 18.87720 15.95592 10.80351
[1] 21.23566 24.47915 19.28878 12.61838
[1] 19.76102 22.73696 18.57930 11.68416
[1] 19.87371 22.55002 20.80843 14.37793
[1] 16.576795 19.483002 15.542747  9.335578
[1] 19.602829 25.641260 20.741554  9.570213
[1] 23.32467 23.74229 25.84546 12.48794
[1] 21.33035 23.37443 20.62143 13.82607
[1] 19.29419 21.01274 16.29538 20.69423
[1] 19.840026 21.746402 20.167242  9.778065
[1] 22.75923 23.81494 21.96976 17.75665
[1] 17.96358 22.41139 20.11017 17.01918
[1] 19.69344 22.33584 22.03491 13.18241
[1] 21.76681 25.34445 21.82817 14.77723
[1] 23.53007 20.95609 19.88148 11.06068
[1] 20.59496 19.98507 18.63478 11.78241
[1] 20.34687 24.54129 17.87033 12.22186
[1] 21.91436 19.86293 22.45698 11.22285
[1] 17.93657 22.03708 20.47107 10.23765
[1] 21.33908 20.12348 22.85048 16.73363
[1] 21.71597 23.98626 22.22835 14.93820
[1] 17.31887 21.15587 16.99216 10.14017
[1] 21.92572 21.83135 22.65921 10.82173
[1] 21.91562 23.83142 17.00823 10.98268
[1] 20.35072 24.60807 22.03340 10.14254
[1] 21.63130 24.34649 24.77038 13.34218
[1] 18.94378 22.71911 21.25331 14.09841
[1] 1.2
[1] 23.51110 22.27595 21.54120 11.21029
[1] 19.64687 23.38130 20.86432 15.52438
[1] 21.03084 22.39265 24.37012 19.21220
[1] 22.63761 20.50485 22.73729 10.93037
