Loading required package: Matrix
Loading required package: foreach
Loaded glmnet 2.0-10

Loading required package: methods

Attaching package: ‘pracma’

The following objects are masked from ‘package:kernlab’:

    cross, eig, size

The following objects are masked from ‘package:Matrix’:

    expm, lu, tril, triu

[1] 0
[1] 5.140493 5.135229 5.141148
[1] 4.584777 4.662632 4.688733
[1] 3.873292 3.870683 3.897482
[1] 4.882188 4.940540 4.894631
[1] 4.594379 4.656455 4.642001
[1] 5.233425 5.439041 5.138707
[1] 5.595162 5.633958 5.553640
[1] 4.278754 4.291549 4.290759
[1] 4.828399 4.802277 5.040429
[1] 4.096171 4.113403 4.280258
[1] 3.931803 3.951754 4.109339
[1] 4.265146 4.356665 4.438896
[1] 4.335202 4.407167 4.407191
[1] 4.747955 4.874314 4.877210
[1] 5.021001 5.081722 5.047162
[1] 4.758571 4.749815 4.818108
[1] 4.317317 4.353078 4.469826
[1] 4.495738 4.566054 4.607166
[1] 4.498977 4.496647 4.490346
[1] 4.594926 4.721498 4.693127
[1] 4.419900 4.496542 4.432178
[1] 3.963809 4.019058 4.042131
[1] 5.017951 5.055911 5.072457
[1] 4.298711 4.391066 4.495705
[1] 4.471178 4.629743 4.694630
[1] 4.303857 4.412577 4.394660
[1] 5.288146 5.217992 5.254007
[1] 5.152783 5.172280 5.303432
[1] 4.919734 5.223240 5.122277
[1] 4.203851 4.316177 4.393993
[1] 4.780475 4.677782 4.747949
[1] 4.161550 4.471196 4.161218
[1] 4.571341 4.661067 4.608240
[1] 4.973131 4.978487 5.055671
[1] 4.435649 4.561104 4.430040
[1] 4.006478 3.985821 3.968659
[1] 3.873723 4.003851 4.079780
[1] 4.516258 4.638158 4.647089
[1] 4.468107 4.705093 4.741198
[1] 4.793635 4.887378 4.963893
[1] 4.760753 4.795945 4.809699
[1] 4.821678 4.881527 4.912394
[1] 4.754048 4.845242 4.876873
[1] 4.342562 4.319668 4.375667
[1] 4.221817 4.236608 4.354506
[1] 4.901160 4.905255 4.991996
[1] 5.267736 5.350448 5.469818
[1] 4.413824 4.413579 4.564136
[1] 4.557895 4.687446 4.727659
[1] 4.724065 4.751386 4.786337
[1] 4.163905 4.275092 4.303113
[1] 4.417999 4.405619 4.351289
[1] 4.809659 5.273080 5.120623
[1] 4.045355 4.189127 4.239930
[1] 4.454265 4.546836 4.529340
[1] 4.179870 4.077371 4.188692
[1] 4.722858 4.758146 4.781610
[1] 4.601573 4.651330 4.557375
[1] 5.015976 5.130923 5.017074
[1] 4.528810 4.713843 4.672543
[1] 4.252900 4.312943 4.430717
[1] 4.817809 5.093607 5.026660
[1] 4.560315 4.601628 4.655941
[1] 4.276941 4.518185 4.423404
[1] 4.191013 4.286232 4.245918
[1] 3.995901 4.018286 4.062454
[1] 4.445525 4.434168 4.571310
[1] 5.038534 5.565591 5.345678
[1] 4.234670 4.306903 4.251047
[1] 4.518396 4.586630 4.681005
[1] 4.236120 4.608381 4.292030
[1] 4.849893 4.864703 4.839831
[1] 4.082995 4.058978 4.100457
[1] 4.353657 4.485172 4.756111
[1] 4.884153 4.891808 4.971033
[1] 4.693797 4.899890 4.840042
[1] 4.440485 4.540573 4.464549
[1] 5.048257 5.218868 5.326915
[1] 4.919023 5.042433 5.086527
[1] 4.588222 4.593061 4.618788
[1] 1.666667
[1] 5.279668 4.925604 5.098504
[1] 5.471244 5.255881 5.169265
[1] 4.671595 4.720253 4.690457
[1] 4.946815 4.739010 4.742768
[1] 5.353647 5.225813 5.409652
[1] 4.965061 4.517228 4.788096
[1] 4.764617 4.887250 4.994447
[1] 4.742542 4.560512 4.626026
[1] 5.013058 4.776334 4.796788
[1] 4.652977 4.463963 4.422490
[1] 4.670565 4.592236 4.947743
[1] 4.725390 4.267064 4.282704
[1] 5.010232 4.728700 4.880720
[1] 4.282092 4.208963 4.365815
[1] 4.109755 3.996712 3.883518
[1] 6.030925 5.733767 5.508217
[1] 5.187440 5.072549 5.204211
[1] 4.548814 4.457487 4.531612
[1] 4.785207 4.531296 4.474055
[1] 4.604264 4.498311 4.568015
[1] 4.588057 4.194314 4.492394
[1] 5.223855 4.961864 5.080876
[1] 4.845392 4.668736 4.697493
[1] 5.225126 5.116779 5.227544
[1] 5.598768 5.396902 5.560857
[1] 4.518792 4.555988 4.378055
[1] 4.069512 3.791693 3.927453
[1] 4.129468 3.790899 3.773065
[1] 4.702793 4.314657 4.359957
[1] 5.204495 5.204038 5.131945
[1] 5.099575 4.997194 4.965201
[1] 5.006188 4.914440 4.951038
[1] 4.344882 4.207309 4.278058
[1] 4.165754 4.067320 3.995397
[1] 4.818584 4.841108 4.935546
[1] 4.593115 4.524277 4.513486
[1] 4.844176 4.803227 4.798801
[1] 4.617587 4.487131 4.482432
[1] 3.764517 3.673418 3.636056
[1] 5.328185 5.198142 5.241871
[1] 5.025555 4.938940 4.854661
[1] 4.483522 4.314488 4.436169
[1] 4.516560 4.537836 4.621986
[1] 5.017984 4.943800 4.842309
[1] 4.515431 4.434054 4.496300
[1] 4.556952 4.219128 4.237590
[1] 4.565559 4.543788 4.488221
[1] 5.404582 5.152443 5.051223
[1] 4.967260 4.869945 4.808590
[1] 4.245333 4.267882 4.274290
[1] 5.103563 5.049173 4.963192
[1] 4.610891 4.352911 4.360133
[1] 5.221737 4.717913 4.770296
[1] 4.742345 4.427622 4.439460
[1] 3.676259 3.589831 3.517763
[1] 4.779095 4.705638 4.787726
[1] 4.520402 4.489471 4.429058
[1] 4.775097 4.787508 4.768996
[1] 4.813835 5.169976 5.357550
[1] 5.207148 4.917840 5.217019
[1] 4.766646 4.753463 4.984493
[1] 4.616954 4.411877 4.354650
[1] 5.379268 5.126920 5.114842
[1] 4.464508 4.337175 4.294499
[1] 4.509764 4.631328 4.604448
[1] 4.768990 4.995499 4.693613
[1] 6.015590 5.750378 5.974742
[1] 4.235048 4.110325 4.198120
[1] 4.400305 4.195604 4.212838
[1] 5.351992 5.376852 5.079373
[1] 4.282949 4.358780 4.547123
[1] 4.880886 4.784113 4.886838
[1] 4.910695 4.775770 4.795647
[1] 4.529436 4.137364 4.221543
[1] 5.029554 5.331864 5.288081
[1] 4.894504 4.906297 4.681281
[1] 4.192434 4.268843 4.356930
[1] 4.557316 4.492543 4.406365
[1] 5.456325 5.001566 4.963417
[1] 4.914355 4.710630 4.690694
[1] 3.333333
[1] 5.424413 4.234543 4.341682
[1] 5.114419 4.215986 4.670205
[1] 5.489033 4.605161 4.620856
[1] 6.369327 5.647482 5.740379
[1] 4.785297 4.623957 4.374530
[1] 4.958060 4.161273 4.361816
[1] 4.809475 4.304980 4.384922
[1] 5.438112 4.506305 4.662288
[1] 5.292514 4.854961 4.803132
[1] 5.505253 4.959547 4.829423
[1] 6.080884 4.794343 4.776795
[1] 5.536402 4.664035 4.660469
[1] 6.053633 5.049513 5.254782
[1] 5.239272 4.459524 4.853709
[1] 5.740641 4.586732 4.667152
[1] 5.892461 5.084584 5.201011
[1] 6.334308 5.317681 4.947670
[1] 6.408351 5.637837 5.777979
[1] 5.538921 5.088917 5.242937
[1] 4.983512 4.175044 4.447049
[1] 5.507945 4.726448 4.743402
[1] 5.565916 4.375597 4.427048
[1] 4.714464 3.690556 3.858506
[1] 5.638487 4.489597 4.567535
[1] 4.873649 4.072098 4.077447
[1] 5.267322 4.576780 4.610171
[1] 5.220509 4.240969 4.610884
[1] 5.927999 5.061884 5.653844
[1] 6.015846 5.063718 5.184056
[1] 5.346067 4.462195 4.503464
[1] 5.107414 4.113934 4.239936
[1] 5.272563 4.617248 4.572365
[1] 5.408999 4.652210 4.948644
[1] 5.565642 4.665778 4.677797
[1] 5.477209 4.552510 4.590183
[1] 5.802365 4.948489 4.772198
[1] 5.805096 5.081140 5.411892
[1] 5.183822 4.243432 4.373138
[1] 5.760743 5.051823 4.936942
[1] 5.322594 4.822348 4.787614
[1] 5.827891 5.091849 5.450031
[1] 5.392812 4.443514 4.749964
[1] 5.229456 4.679757 4.816216
[1] 5.535167 4.602487 4.258796
[1] 5.042313 4.154374 4.321651
[1] 5.461745 4.954289 5.004620
[1] 5.565708 4.939144 4.934471
[1] 4.691868 3.952136 4.280861
[1] 5.650110 4.701247 5.043524
[1] 5.301826 4.403371 4.851599
[1] 4.857652 4.120696 4.153707
[1] 5.375572 4.227490 4.495122
[1] 6.238560 5.052309 5.045760
[1] 5.556474 4.696868 4.923897
[1] 4.781440 4.333707 4.376589
[1] 5.358956 4.608482 4.584652
[1] 4.748889 3.798614 3.885815
[1] 5.575224 4.597076 4.580491
[1] 5.783949 4.451476 4.810765
[1] 5.216335 4.572524 4.598294
[1] 5.485892 4.285520 4.526816
[1] 5.781848 5.240507 5.149706
[1] 6.215295 4.891974 5.098553
[1] 5.363273 3.965497 4.724927
[1] 4.663145 3.930980 4.266428
[1] 5.746917 4.907749 5.062039
[1] 5.392418 4.406034 4.417704
[1] 5.779893 4.539365 4.659500
[1] 5.846572 4.988900 5.119508
[1] 6.462869 5.341814 5.489701
[1] 5.155860 4.311768 4.367336
[1] 5.513763 4.809552 4.801749
[1] 6.106482 5.249266 5.151033
[1] 6.328916 5.592334 5.531156
[1] 5.704570 4.379697 4.790057
[1] 5.533530 4.502075 4.651267
[1] 6.629336 5.383703 5.484431
[1] 5.317283 4.060829 4.264146
[1] 5.542000 5.022613 4.958696
[1] 5.335980 4.878320 4.875843
[1] 5
[1] 7.484515 4.976041 5.530341
[1] 6.922211 4.522209 4.611137
[1] 6.912121 5.319683 5.696455
[1] 6.620079 4.511387 4.549441
[1] 5.951178 4.532873 4.721801
[1] 8.243561 5.957272 5.802228
[1] 7.401349 5.732619 5.877924
[1] 6.689437 4.698569 5.194522
[1] 6.646521 4.700918 5.030083
[1] 7.212944 4.649544 5.101699
[1] 6.167135 4.424816 5.069372
[1] 7.692735 5.125566 5.591771
[1] 8.243604 5.601662 5.866799
[1] 6.835154 4.442514 4.944013
[1] 6.179615 4.280465 4.867919
[1] 7.290124 5.473050 5.610127
[1] 7.247335 5.284599 5.254214
[1] 7.677410 5.339164 5.551089
[1] 7.404904 5.007217 5.709715
[1] 7.129539 5.266137 5.582860
[1] 6.806760 4.250691 4.862513
[1] 6.772038 4.302634 5.177215
[1] 6.359800 4.546179 5.366216
[1] 7.075596 4.990869 5.215829
[1] 7.073225 4.789451 5.196293
[1] 6.772676 5.031347 5.344628
[1] 6.755769 4.578519 4.632613
[1] 7.107368 5.003597 5.028284
[1] 6.128902 4.655372 5.185711
[1] 5.713924 4.357889 4.659736
[1] 5.418630 3.844195 4.056035
[1] 6.996336 5.060207 5.312462
[1] 6.311726 4.854691 4.955865
[1] 7.172112 5.248565 5.511295
[1] 6.895876 4.942080 5.162283
[1] 6.460782 4.851044 5.277933
[1] 7.127201 4.889621 5.103180
[1] 7.028037 4.619473 5.150449
[1] 7.096431 5.218599 4.991997
[1] 6.923698 4.813869 5.313174
[1] 8.083064 5.430498 5.905724
[1] 6.335405 4.449593 4.700247
[1] 7.345925 4.967716 4.631833
[1] 6.301279 4.477621 4.466073
[1] 7.719983 4.701371 4.977987
[1] 6.657675 4.642446 5.098725
[1] 6.717552 3.899054 3.781358
[1] 8.724689 6.296627 6.537238
[1] 7.572042 5.579470 5.619038
[1] 7.124932 4.644925 5.157051
[1] 7.122591 4.720953 5.220969
[1] 6.262887 4.229769 4.597308
[1] 7.181812 4.972477 5.419492
[1] 6.061582 4.838707 4.980221
[1] 7.483040 4.682207 4.760151
[1] 7.533011 4.500720 4.831943
[1] 7.133804 5.269782 6.027339
[1] 6.484929 4.384616 4.788122
[1] 6.584234 4.548218 4.608297
[1] 6.309029 4.679440 5.277577
[1] 7.371168 5.340451 5.886446
[1] 5.828610 4.010279 4.260314
[1] 7.172546 5.103447 5.097729
[1] 6.769961 5.431930 6.482236
[1] 6.202858 4.243442 4.317387
[1] 6.662483 4.636374 4.893880
[1] 7.138297 4.618443 4.836816
[1] 6.856952 5.326612 5.321236
[1] 6.619540 4.696093 5.571139
[1] 6.072127 4.034306 4.307013
[1] 5.660671 3.933256 4.474752
[1] 6.025596 5.379324 5.794636
[1] 6.735196 4.662853 4.956631
[1] 6.993657 4.841062 4.961568
[1] 7.284617 5.236956 5.618285
[1] 6.688614 4.555136 4.845763
[1] 7.474575 4.809792 5.020260
[1] 6.593726 4.554919 4.746079
[1] 6.595018 4.706152 4.990112
[1] 6.587499 5.001977 5.053395
[1] 6.666667
[1] 8.222661 4.740909 5.299031
[1] 9.678398 5.256927 6.088297
[1] 9.225663 5.680213 6.165982
[1] 7.961174 4.307675 5.348697
[1] 8.159614 4.729282 4.825597
[1] 8.031962 4.602159 4.966530
[1] 8.625882 4.672926 5.688235
[1] 8.833897 4.994322 5.278362
[1] 8.793227 5.404307 6.541757
[1] 8.723474 4.509622 4.996496
[1] 7.828866 5.121775 5.241681
[1] 9.830066 5.128942 5.785225
[1] 7.289254 3.900222 5.031481
[1] 9.241122 5.501851 6.028329
[1] 8.721616 5.510991 5.994823
[1] 9.382158 5.811075 6.553422
[1] 8.661835 4.514996 4.776825
[1] 8.426320 4.812061 4.546880
[1] 8.905974 5.092896 5.969817
[1] 8.913614 5.292413 5.850742
[1] 8.895805 4.786965 5.643227
[1] 8.952682 4.220583 4.799381
[1] 8.437074 4.962689 6.251886
[1] 8.263662 4.730277 5.908746
[1] 7.575890 3.901370 4.256812
[1] 9.170988 5.753639 6.175750
[1] 8.065524 4.830976 5.317487
[1] 8.303741 4.331896 4.703030
[1] 8.471511 4.834003 5.419334
[1] 7.745377 4.478021 5.529987
[1] 9.379225 5.121741 5.179196
[1] 8.505101 4.905986 6.399898
[1] 8.522535 5.377396 6.217830
[1] 7.770730 4.134829 4.646063
[1] 9.848694 5.406603 6.550555
[1] 8.179634 4.554767 5.038524
[1] 8.480505 4.612874 4.811725
[1] 8.563060 4.961118 5.073220
[1] 8.212043 4.811146 5.335270
[1] 8.889742 5.317962 5.353247
[1] 8.493946 4.778015 5.332758
[1] 8.483988 4.961601 5.406178
[1] 8.001695 4.633671 5.472736
[1] 7.993469 4.133257 5.138171
[1] 7.940369 4.396235 4.573136
[1] 9.296186 5.325998 6.236980
[1] 8.907189 5.296194 5.078566
[1] 8.509861 5.121634 5.438570
[1] 7.918768 4.642583 6.323845
[1] 7.458574 4.419755 4.951236
[1] 7.571776 4.541260 5.041130
[1] 8.714327 4.551566 5.201944
[1] 8.006265 5.164057 5.017883
[1] 8.039071 5.336880 5.576701
[1] 8.488153 4.905244 5.202614
[1] 8.853846 5.011478 5.035134
[1] 8.734390 5.339806 6.056937
[1] 7.820078 4.233034 4.837234
[1] 7.903577 5.003418 5.097615
[1] 8.889378 4.923387 5.376261
[1] 8.978642 4.833795 5.541927
[1] 9.259165 5.245344 6.204433
[1] 7.310292 4.291518 4.653354
[1] 7.643356 4.468218 5.076964
[1] 8.309470 4.737128 5.048261
[1] 7.897175 4.940821 5.516349
[1] 8.501099 4.931498 5.284478
[1] 8.497998 4.716685 5.304529
[1] 9.642965 5.189581 5.914145
[1] 9.176010 5.194125 6.315146
[1] 7.438151 4.889467 5.107128
[1] 8.292426 4.717671 4.623911
[1] 8.464878 4.982463 5.226277
[1] 8.296436 5.021202 5.221092
[1] 9.042596 6.072452 6.734871
[1] 7.996455 4.663614 5.541162
[1] 9.078022 5.069953 5.874809
[1] 9.370282 4.955891 4.837404
[1] 7.903213 4.279164 4.759597
[1] 9.133566 5.650649 5.814360
[1] 8.333333
[1] 12.250310  5.522704  5.524831
[1] 10.750972  4.807295  6.330098
[1] 10.932875  5.111735  6.221618
[1] 10.531700  5.393454  5.609727
[1] 9.643055 4.220163 5.885687
[1] 10.566018  4.632747  6.214018
[1] 11.887914  5.074491  6.522718
[1] 9.744419 4.411817 5.189448
[1] 9.608700 4.674609 6.022185
[1] 10.985635  5.380071  6.565442
[1] 10.746090  4.539052  5.105483
[1] 10.937961  5.470423  6.078660
[1] 12.372642  4.569069  5.219621
[1] 11.851928  4.724021  5.213852
[1] 10.468085  4.924478  5.574641
[1] 11.023152  4.655039  5.130683
[1] 10.432762  4.707450  4.942547
[1] 11.043072  5.046017  6.084442
[1] 11.751883  5.553064  5.903897
[1] 10.463187  4.656048  6.202573
[1] 11.738034  5.560510  5.882018
[1] 10.478386  4.839896  6.174786
[1] 10.625643  4.495487  6.087770
[1] 10.637278  5.676849  5.410707
[1] 10.433427  4.420702  5.281487
[1] 9.308247 4.201109 6.214390
[1] 10.505549  5.456028  6.033288
[1] 10.555697  4.690799  5.544522
[1] 10.619249  4.804448  6.292393
[1] 10.081657  5.330361  6.871018
[1] 11.884214  5.921820  7.847517
[1] 11.160321  5.439536  5.407364
[1] 11.084319  4.881223  4.891754
[1] 11.145865  4.661982  5.799965
[1] 11.280584  4.199657  4.575227
[1] 10.182742  5.056780  5.154813
[1] 10.012164  4.569337  4.642965
[1] 11.724572  5.222519  5.901804
[1] 10.136586  4.750473  6.600945
[1] 10.854490  4.918017  4.981886
[1] 11.709227  4.461714  7.048887
[1] 11.198420  5.102216  5.774855
[1] 9.554280 4.435708 4.956146
[1] 10.325416  5.333048  5.684807
[1] 10.735136  5.119465  5.312205
[1] 9.515980 3.574680 3.996751
[1] 11.388288  4.944930  5.605865
[1] 11.583868  6.085268  6.819378
[1] 10.794352  5.811956  5.705328
[1] 10.642451  5.192545  5.598655
[1] 11.588310  4.429284  4.672791
[1] 10.292059  5.165594  5.758876
[1] 11.761888  4.989842  6.843262
[1] 9.246328 4.841973 5.285896
[1] 11.285170  5.310468  5.507376
[1] 11.024765  4.917021  5.571623
[1] 11.118047  5.500697  5.936134
[1] 10.240894  5.188193  6.836318
[1] 10.817228  4.392992  5.501357
[1] 9.869238 4.967519 6.600319
[1] 9.229005 4.497118 4.665465
[1] 10.918109  5.233825  4.892542
[1] 9.840130 4.840224 5.195664
[1] 9.871544 4.907971 5.720151
[1] 11.188987  4.369290  5.099177
[1] 11.599460  6.017250  7.276675
[1] 10.162395  4.304715  4.626356
[1] 10.403242  4.844758  5.463360
[1] 11.635045  5.317411  6.374087
[1] 11.038473  5.179330  5.603251
[1] 11.035340  5.223988  5.415117
[1] 10.42217  5.29641  5.79191
[1] 11.301712  5.240005  5.551640
[1] 10.632023  4.728670  5.226601
[1] 9.588424 4.441509 5.918081
[1] 11.041536  4.922621  5.506515
[1] 10.110077  4.977926  5.368665
[1] 10.519663  5.298732  5.801781
[1] 10.324468  5.280395  5.857826
[1] 10.992667  5.294823  6.327710
[1] 10
[1] 15.407489  5.265061  8.654109
[1] 12.859346  4.585868  5.802934
[1] 14.353538  5.522014  7.945005
[1] 14.594414  5.305952  6.218926
[1] 13.755689  4.898479  5.473103
[1] 13.284028  4.469616  5.624709
[1] 12.014542  5.167373  5.937855
[1] 15.621725  5.683492  6.911044
[1] 13.575604  5.507590  7.314339
[1] 11.797850  4.785159  5.207538
[1] 13.144883  4.999656  5.891789
[1] 12.853272  5.198728  6.089083
[1] 13.341963  5.064817  5.477368
[1] 11.899980  5.004157  5.495918
[1] 11.928601  4.665527  5.875590
[1] 13.013341  4.539951  4.791130
[1] 15.819418  5.693814  7.904953
[1] 14.130717  4.893515  7.080058
[1] 14.755140  4.134304  5.096085
[1] 13.156345  5.051206  5.876755
[1] 14.672396  5.010128  5.365783
[1] 14.703721  5.042977  6.257119
[1] 13.998054  6.056716  6.298403
[1] 16.482110  5.854100  8.853545
[1] 11.305501  4.302425  5.158742
[1] 13.552439  4.827848  7.514473
[1] 14.252268  5.752477  7.471324
[1] 10.485598  4.228178  5.092705
[1] 11.690650  5.224881  6.494194
[1] 13.994477  5.501711  6.905996
[1] 12.606251  5.487737  6.205455
[1] 13.371347  4.941492  6.276217
[1] 13.987602  5.301431  6.279103
[1] 14.301006  5.800804  7.010696
[1] 12.209665  5.775057  6.936236
[1] 12.373112  4.865658  5.304753
[1] 13.841018  4.845245  6.182464
[1] 11.659899  4.706239  5.082299
[1] 11.983071  4.855652  4.923247
[1] 14.268456  5.656038  7.860219
[1] 14.337573  4.527289  4.684150
[1] 13.421722  5.045842  4.777831
[1] 13.049319  4.999667  5.081186
[1] 12.476032  4.988647  5.931549
[1] 14.179821  5.560327  5.615648
[1] 12.595751  4.777436  5.454951
[1] 13.406408  5.265732  6.264226
[1] 14.049615  5.636342  6.140393
[1] 13.423075  4.798053  6.112551
[1] 13.393604  4.700717  5.612979
[1] 13.081710  5.031949  6.374272
[1] 12.161014  4.933195  5.945159
[1] 14.516127  5.243511  6.902875
[1] 14.245496  5.390835  6.155143
[1] 12.414052  4.230494  6.262810
[1] 12.810354  5.456913  8.052777
[1] 11.902660  4.619821  4.517879
[1] 16.422853  5.615018  7.058137
[1] 14.142960  4.681777  6.055122
[1] 13.360751  5.120400  6.097523
[1] 12.103859  4.935378  8.233200
[1] 14.808826  5.300342  7.770609
[1] 12.048779  5.004526  5.952336
[1] 13.477475  5.651157  7.351728
[1] 13.547935  5.580375  5.865663
[1] 12.567147  6.320735  6.691325
[1] 13.105090  4.491959  5.616346
[1] 13.356343  5.056240  8.136166
[1] 14.815863  5.799533  6.547247
[1] 13.852863  5.035515  5.871903
[1] 14.824472  5.310986  6.040865
[1] 11.882046  4.912761  5.484002
[1] 14.907660  5.080057  6.687310
[1] 11.56366  5.18269  6.50688
[1] 12.962225  5.205754  7.059872
[1] 13.180037  5.325948  5.949655
[1] 14.150815  5.784776  6.834478
[1] 12.841812  4.689657  5.935351
[1] 14.163950  5.081161  5.956931
[1] 12.885017  5.220951  5.379429
[1] 11.66667
[1] 16.020844  5.096973  8.094427
[1] 17.417970  5.553392  6.784052
[1] 16.575653  5.695664  7.014165
[1] 15.828673  5.171974  5.516396
[1] 14.585696  4.680729  6.627117
[1] 15.517395  5.709642  6.770134
[1] 19.885856  6.311306 10.774518
[1] 15.511959  4.999424  5.390337
[1] 17.441832  6.252288  7.538390
[1] 16.017262  5.630564  8.429411
[1] 15.063181  5.162723  6.276721
[1] 16.680870  5.053147  5.527194
[1] 17.319751  5.343149  5.414693
[1] 17.102754  5.325495  6.922250
[1] 14.085789  5.320803  8.852161
[1] 16.902482  5.385856  8.614300
[1] 15.480474  5.571069  5.712617
[1] 15.799713  6.083803  7.477405
[1] 18.342605  5.709730  7.465601
[1] 18.232423  5.449095  6.765389
[1] 16.033550  4.728188  9.057112
[1] 15.969739  4.554568  5.838211
[1] 15.709355  5.313977  6.265665
[1] 17.934745  5.781200  7.726743
[1] 17.514740  5.591523  6.765180
[1] 18.118718  5.860452  5.913948
[1] 19.144105  5.567087  7.171355
[1] 17.900289  5.471545  6.164193
[1] 17.286210  5.742550  7.199006
[1] 18.302543  5.493322  7.463297
[1] 16.457721  5.075404  7.383401
[1] 16.660153  5.612122  6.773704
[1] 18.840830  6.229762  9.449278
[1] 16.784202  5.365440  6.106765
[1] 17.074637  4.743003  7.480066
[1] 17.739644  4.779868  6.845605
[1] 17.892222  5.416394  6.986161
[1] 18.220673  5.629898  8.491910
[1] 15.268129  4.980592  7.312361
[1] 16.429198  5.046027  5.291198
[1] 16.156054  4.854222  5.209651
[1] 18.865500  5.469846  8.483616
[1] 17.515380  5.992841  6.335792
[1] 15.625662  5.120350  5.660417
[1] 16.150094  4.451040  5.459812
[1] 18.930218  5.824215  9.909844
[1] 17.110690  5.552419  7.677725
[1] 15.285467  5.950609  8.222471
[1] 17.718274  6.599485 11.392993
[1] 14.879925  4.340686  5.349312
[1] 17.877656  4.995266  8.413565
[1] 17.339237  5.028558  7.302001
[1] 15.948263  5.338185  6.840915
[1] 16.137089  5.316319  7.006843
[1] 17.274111  5.394210  5.398355
[1] 17.375086  5.554483  6.346508
[1] 18.093078  5.483271  5.235603
[1] 17.648223  5.360817  6.159034
[1] 18.387485  5.748824  7.664590
[1] 16.095389  5.380332  6.334389
[1] 17.090317  5.596998  7.185307
[1] 14.775231  4.973487  6.157236
[1] 18.595228  5.202715  5.796826
[1] 14.159443  5.320867  7.030901
[1] 15.467302  5.131441  7.909246
[1] 14.963952  5.246107  8.822612
[1] 18.500676  5.813414  9.179388
[1] 16.381115  5.436973  6.699842
[1] 17.411062  5.880571  8.375506
[1] 16.600457  4.936569  6.948415
[1] 19.654882  5.862107  7.854219
[1] 17.150116  5.050865  5.223095
[1] 14.820607  5.028890  5.348326
[1] 16.595049  5.135594  9.756483
[1] 15.626194  5.103754  6.527967
[1] 16.600914  4.503956  6.453402
[1] 14.945491  4.918739  7.017876
[1] 16.011629  5.115660  5.204228
[1] 21.640382  5.936363  7.199517
[1] 17.957345  5.785115  8.817799
[1] 13.33333
[1] 23.190239  6.478150  7.016565
[1] 20.310327  5.328057  6.428309
[1] 21.895317  5.531202  7.949534
[1] 18.627743  5.698931  7.847005
[1] 18.514330  5.548041  5.629867
[1] 20.824246  5.200356  5.364817
[1] 20.449470  5.923639  7.069751
[1] 19.259281  5.564328  6.775825
[1] 22.986615  5.128721  5.370542
[1] 19.661045  5.632731  7.558291
[1] 19.486459  5.312710  6.843079
[1] 21.558499  5.091376  6.959007
[1] 18.821297  5.847855 10.999318
[1] 20.376439  5.282891  6.804203
[1] 20.015137  5.082158  7.347314
[1] 20.476342  5.468453  7.206714
[1] 18.993442  5.258983  6.300463
[1] 20.874301  5.348018  6.038939
[1] 18.771046  5.716273  6.389195
[1] 21.793263  5.222718 10.204439
[1] 19.851812  6.023495  8.383837
[1] 19.383109  4.742649  6.284654
[1] 20.223257  5.964914  7.666124
[1] 20.669822  5.040220  5.289535
[1] 22.976666  5.924346  8.088400
[1] 19.097376  5.134240  5.453294
[1] 19.628724  5.974698  7.254934
[1] 17.470986  5.340729  9.890353
[1] 20.823691  6.325338 10.283556
[1] 20.538421  5.412325  6.779789
[1] 18.352418  5.503325  9.498639
[1] 19.041563  5.349000  6.910151
[1] 18.339061  5.099781  9.513879
[1] 19.241271  5.083870  5.588187
[1] 19.641167  4.909409  6.980872
[1] 19.636229  5.634442  7.172937
[1] 20.102562  5.136240  6.490643
[1] 18.840187  5.309181  6.769837
[1] 18.864664  5.592009  8.300648
[1] 24.123206  5.515145 10.512946
[1] 21.545309  5.588713  6.819684
[1] 20.612035  5.574360  6.292402
[1] 22.213289  5.320843  6.430653
[1] 22.839652  5.500424  6.050942
[1] 17.598100  5.509322  6.400538
[1] 20.125649  5.608502 10.921337
[1] 20.942067  6.122762 10.231190
[1] 21.708899  5.862982  7.617633
[1] 21.267046  5.940770  8.445219
[1] 19.404350  5.356243  6.645757
[1] 20.72535  6.24066 11.55499
[1] 20.976869  6.481445  9.185032
[1] 23.494285  6.048461  7.521986
[1] 22.02384  5.55364 11.42024
[1] 21.703823  5.561046  9.703069
[1] 18.593317  5.408277  6.919078
[1] 19.217861  4.912940  7.529724
[1] 21.853036  4.591011  6.678737
[1] 20.159266  5.637995  8.585784
[1] 20.531793  5.577818  6.414542
[1] 23.730814  5.946767  7.308883
[1] 19.217370  4.871542  6.191991
[1] 18.655058  5.684251  8.422620
[1] 19.756243  5.072107  7.246641
[1] 19.028470  5.510320  7.777294
[1] 19.057243  5.176673  8.992084
[1] 22.387177  5.690174  7.531559
[1] 20.27801  5.42123 10.04611
[1] 19.794260  5.764917  6.018464
[1] 18.635729  5.392423  5.257754
[1] 22.112614  5.423345  7.905386
[1] 22.61947  5.44415 10.47387
[1] 21.161286  5.210708  5.100091
[1] 23.180676  5.707968  9.502766
[1] 19.385118  5.788545  6.082288
[1] 20.413785  5.106546  6.369986
[1] 20.081940  5.812408  8.107916
[1] 20.550587  5.059718  6.941292
[1] 19.060511  5.362676  7.205565
[1] 21.528985  6.784552  7.491126
[1] 15
[1] 29.134281  6.846506  8.315388
[1] 22.272853  5.682399  8.901418
[1] 23.249483  4.920130  6.488327
[1] 29.337067  5.836428  8.483759
[1] 21.342764  6.457337  8.276848
[1] 23.069589  5.587023  6.262994
[1] 29.096238  5.735687  9.773325
[1] 30.101398  5.906357  8.796543
[1] 23.415381  5.487282  6.669485
[1] 22.302916  4.780128  6.540081
[1] 24.41174  6.40229 12.22839
[1] 28.371949  5.976705  7.361635
[1] 25.405197  5.494204  5.500385
[1] 25.012338  6.574601 10.163566
[1] 21.619550  5.584001  6.797783
[1] 28.232331  6.065038  7.558036
[1] 25.237473  4.830457  9.219755
[1] 22.74604  5.16048  6.45326
[1] 27.377268  6.445672  9.577020
[1] 22.832942  5.428879  5.958498
[1] 28.625631  6.312931  8.870099
[1] 25.044180  6.591221  7.180885
[1] 26.714114  6.326710  6.747885
[1] 24.071198  6.552446  8.904507
[1] 23.332308  5.717563  8.147146
[1] 26.061970  6.030418 10.818836
[1] 21.716535  5.895817  7.127798
[1] 23.695397  6.097572  8.762204
[1] 24.263340  5.761610  8.620495
[1] 26.954761  5.413268  6.516338
[1] 23.910821  5.480646  7.265944
[1] 26.949649  5.925258  7.490966
[1] 23.148846  5.058181 11.299162
[1] 26.07224  6.62049 10.63152
[1] 24.877860  5.393955 11.403733
[1] 25.338220  6.282013 11.484580
[1] 24.543532  5.588043  6.334134
[1] 26.164867  6.434699 10.504176
[1] 23.935101  5.287786 10.221335
[1] 26.260017  5.839741  7.549653
[1] 26.786004  5.147689  6.994990
[1] 30.339276  6.349456  9.173016
[1] 24.312943  6.900578 10.751523
[1] 22.764267  5.112912  9.033147
[1] 21.707704  5.531928  8.126295
[1] 25.702530  5.487340  8.316308
[1] 22.845525  5.187865  5.969064
[1] 20.836049  5.044633  8.110044
[1] 26.839973  5.164241  7.012021
[1] 21.451744  5.881762  7.174170
[1] 27.088938  5.760517  7.334327
[1] 23.183159  5.437039  5.201546
[1] 20.839477  5.222109  7.228190
[1] 25.904951  5.572204  7.571000
[1] 25.430846  6.113324  6.413650
[1] 26.109063  5.976219 11.387299
[1] 25.887356  5.243134 10.106470
[1] 21.658962  5.587881  9.744242
[1] 23.493993  5.358854  5.841848
[1] 22.488153  4.555084  7.950301
[1] 25.379169  5.797867  7.143870
[1] 25.691187  6.070616  6.936622
[1] 21.070816  5.463126  9.829763
[1] 21.708193  5.250142  6.413694
[1] 26.853112  5.466006  7.903565
[1] 25.133289  5.942328 12.601100
[1] 25.288567  5.373023  7.848183
[1] 22.179332  5.919903  7.196390
[1] 24.284105  5.051867  7.684364
[1] 22.080730  5.782494 12.489491
[1] 26.290987  5.015438  5.134764
[1] 24.826860  6.559590  7.121361
[1] 24.421418  5.179381  7.420465
[1] 22.020200  5.320549  8.781884
[1] 23.950175  5.655820  9.805283
[1] 24.775828  5.307984 12.680888
[1] 25.372886  5.260704  7.528886
[1] 25.201683  6.358149 11.838677
[1] 27.904862  6.159620  6.915799
[1] 24.405864  5.652689  5.767586
[1] 16.66667
[1] 35.047630  6.857870  8.003001
[1] 30.465389  7.046358  9.605664
[1] 30.723623  6.922721 11.190026
[1] 28.014141  5.626732 11.484626
[1] 31.038619  5.572176  5.730831
[1] 28.565469  6.056277 11.775695
[1] 30.575654  5.135728  7.700813
[1] 29.429726  6.498351  8.880343
[1] 26.843124  6.076923  7.885799
[1] 28.840583  6.735188  8.768412
[1] 29.640969  5.902878  8.726368
[1] 25.024597  5.171330  7.424577
[1] 29.072807  5.305942  7.364270
[1] 27.183242  4.998253  5.673013
[1] 30.691847  6.477496 13.196884
[1] 31.891070  6.017866  7.026841
[1] 29.767936  6.231609 11.916876
[1] 25.083725  6.024544 12.140902
[1] 25.644699  5.049060  7.348444
[1] 27.878672  6.750071  8.047204
[1] 33.078214  6.664390  9.379608
[1] 27.778778  4.902432  6.494020
[1] 28.696266  5.772143  6.992793
[1] 30.635503  5.660782  6.929320
[1] 31.130477  6.093921  9.381026
[1] 31.828750  6.320737  9.964288
[1] 26.264341  5.745522 17.307527
[1] 31.857465  8.072458 10.194066
[1] 32.00504  5.96236 13.89773
[1] 29.717063  6.344845  9.567768
[1] 32.934355  6.428176  6.786772
[1] 34.809313  5.377267  8.409400
[1] 28.790608  4.771561 12.569907
[1] 29.929043  5.114983  5.280928
[1] 24.494706  5.725602  7.002536
[1] 29.245457  5.271170  6.021746
[1] 31.227061  5.551978  7.076349
[1] 32.19550  6.36758 13.78874
[1] 33.970738  5.879371  7.442707
[1] 27.629079  5.618182  7.812728
[1] 27.144425  6.344369  8.587080
[1] 27.237440  6.040056  6.376254
[1] 24.628754  5.851408  9.580993
[1] 28.257360  5.181724  8.186731
[1] 28.648457  6.345944  7.913021
[1] 27.942919  5.979271  8.437996
[1] 30.545056  5.018441  5.896325
[1] 28.182296  5.740089  8.674770
[1] 23.774770  5.133285 10.298400
[1] 31.812090  5.729145 11.758845
[1] 31.488140  7.347732 14.455751
[1] 28.379490  5.215444 13.301842
[1] 29.849696  5.838812  7.458889
[1] 29.689988  5.064985  5.325330
[1] 29.016463  5.899972  9.970392
[1] 23.765410  5.915651 14.956947
[1] 29.070862  6.110959  7.661663
[1] 27.609944  5.989416  9.200142
[1] 27.691711  5.634324  7.434780
[1] 29.881338  5.171355  6.094065
[1] 30.229297  6.194418 13.123592
[1] 29.662629  6.248635 17.821242
[1] 30.918412  6.594166  8.010514
[1] 30.566992  6.830061  8.083646
[1] 28.410297  5.703865  8.570293
[1] 30.965063  5.947002  9.987519
[1] 25.520977  6.647415  8.047228
[1] 26.119168  6.895966 14.008010
[1] 29.463743  5.751386  8.990971
[1] 30.158953  6.112375  9.703433
[1] 29.956821  6.476889  8.829330
[1] 35.431145  6.712698 10.887539
[1] 28.312387  7.726527  9.017108
[1] 28.259794  5.506152  8.145403
[1] 27.472816  6.926088 15.859160
[1] 37.779388  5.562575 11.984614
[1] 27.349510  6.189598 10.326667
[1] 28.649735  5.084110  7.729626
[1] 34.925464  5.838954 10.514431
[1] 27.909002  7.015912 14.777817
[1] 18.33333
[1] 33.244605  6.488619  8.643530
[1] 32.929655  5.391840  9.913634
[1] 37.048147  5.771926  9.118437
[1] 35.355259  6.421806  7.042596
[1] 34.511760  6.377812  6.198027
[1] 36.02107  5.47705 15.14912
[1] 33.962892  5.751455  7.073197
[1] 33.149686  5.283415  7.242955
[1] 36.282040  6.368591 13.575098
[1] 32.145117  6.086870  6.542679
[1] 33.27475  5.80804 13.87769
[1] 33.446529  6.377999  7.014827
[1] 34.228736  6.914434  7.509883
[1] 36.114905  6.730811  9.197062
[1] 39.367491  6.466711 12.764106
[1] 35.492848  5.919194  9.577752
[1] 34.362888  5.440485  6.762555
[1] 36.018132  7.378819  8.521631
[1] 32.477473  5.454849  7.191505
[1] 36.190592  5.726834 13.311922
[1] 35.134341  7.071738  9.154000
[1] 34.996880  7.117211 13.921930
[1] 33.327320  5.884605  7.404325
[1] 32.211785  5.867152  9.881279
[1] 32.437537  6.237131 14.007404
[1] 34.937531  7.945101  8.295392
[1] 34.353917  6.700186  9.100920
[1] 36.341528  6.657844 10.091350
[1] 40.197283  6.824023  8.015468
[1] 33.318593  6.950005  9.242082
[1] 37.919345  7.464516 14.126487
[1] 34.847064  5.964205  6.652854
[1] 34.202822  6.157265 10.657050
[1] 36.063222  5.528467  8.008414
[1] 35.925205  7.392076 10.577978
[1] 33.977235  6.439462 11.052980
[1] 30.222386  6.458784  7.669863
[1] 32.104317  5.234335  5.297633
[1] 32.950532  5.718225  9.445518
[1] 39.687388  6.194892 11.000344
[1] 36.763156  6.341957  9.861924
[1] 36.135602  5.253743  9.985200
[1] 28.161159  4.992112 11.437422
[1] 32.482808  6.542506 15.839736
[1] 36.033247  6.992097  9.599081
[1] 32.819260  5.309849  5.718799
[1] 31.601545  7.028933 12.490078
[1] 32.564037  5.639692 10.273138
[1] 33.993567  5.955245 14.014407
[1] 32.329794  5.912543  8.699231
[1] 37.141745  5.242628  7.639300
[1] 41.326135  7.154384 15.401719
[1] 31.148977  5.531082 10.939462
[1] 33.484604  5.492799 14.480922
[1] 36.457436  6.675342  7.318226
[1] 38.417176  7.179148 10.514861
[1] 35.654674  5.564814 21.953287
[1] 31.372003  6.799027 10.815620
[1] 38.168226  5.853934  9.689640
[1] 30.771292  5.385552 11.463356
[1] 36.197521  7.149369 16.954495
[1] 35.131166  5.772743  8.049893
[1] 35.036412  5.518492 13.259438
[1] 38.484039  7.996522 12.143264
[1] 35.548186  6.068024 10.103503
[1] 40.864014  7.073459  6.442392
[1] 33.583393  5.571530  9.893269
[1] 29.492791  6.199792  8.426063
[1] 34.988054  6.686559  9.805175
[1] 36.259301  6.834545 17.033430
[1] 33.845131  6.939405  9.376910
[1] 38.623588  7.031885 18.078535
[1] 35.07367  6.86211 10.33159
[1] 39.979259  6.417366  9.323875
[1] 37.04152  6.79997 12.93955
[1] 36.420510  6.101697 14.270222
[1] 30.553734  6.144586  7.628875
[1] 31.550259  5.691514  7.994466
[1] 37.505675  6.269144 11.488643
[1] 32.975740  6.102442  7.120572
[1] 20
[1] 45.603685  6.415806 10.589869
[1] 42.979912  5.816695 11.655518
[1] 40.721271  6.183696 13.878832
[1] 45.182293  6.975393 10.576034
[1] 37.389253  5.740679 14.603416
[1] 41.881668  6.528543 14.421056
[1] 44.913361  7.235636  9.417291
[1] 36.861164  4.949353  5.476766
[1] 36.698287  6.475216  7.781648
[1] 48.938387  6.982463 13.640932
[1] 35.890052  6.681997  8.486770
[1] 44.980969  6.443729 10.121324
[1] 38.307307  5.861536  6.560226
[1] 35.281252  4.813436 14.555947
[1] 43.944308  6.891401 18.311586
[1] 39.033527  6.391578 10.872672
[1] 35.990498  5.266214  5.488371
[1] 40.999810  6.118889 14.941524
[1] 46.143150  6.807981 12.046835
[1] 37.280203  5.183710  7.310179
[1] 41.92504  6.68673 12.49466
[1] 42.032375  5.824218  8.412905
[1] 41.83228  6.91966 16.84229
[1] 42.064807  5.891735 11.626207
[1] 37.946806  6.039451 10.216035
[1] 39.887152  6.400889 13.070326
[1] 39.026606  6.020597  7.888895
[1] 39.032439  6.459915  7.821899
[1] 35.997044  5.668626  9.150833
[1] 41.884946  6.524546 10.421178
[1] 38.890016  6.052876 12.900003
[1] 44.270789  8.709151 13.503315
[1] 39.235048  6.578881 17.803530
[1] 35.124419  6.935744 17.785877
[1] 37.621929  6.520098 11.108333
[1] 42.760876  7.080532 18.201972
[1] 34.361533  6.460289 10.876605
[1] 39.046403  6.090283  7.455125
[1] 45.025081  7.634127 15.050192
[1] 40.800609  6.662337 15.555921
[1] 44.649365  7.863028  8.336264
[1] 42.003440  6.798677 10.433668
[1] 42.312657  6.348004  9.701202
[1] 37.956502  5.382656  7.929427
[1] 40.413471  6.052967 15.675633
[1] 37.569002  5.769169  8.026658
[1] 39.38250  6.62736 12.11102
[1] 38.369033  7.051177  8.254350
[1] 37.654833  6.865487 15.267467
[1] 41.164191  5.821930  7.090358
[1] 40.510784  6.857674 12.182378
[1] 37.123472  6.901205  9.273870
[1] 44.659863  6.092842 12.967309
[1] 36.264686  6.385802  9.937211
[1] 38.134419  5.643725  5.546541
[1] 39.690571  5.566019  8.727763
[1] 35.788031  5.972197 20.353919
[1] 36.558291  5.781242  8.733595
[1] 44.575781  7.027330  9.707589
[1] 45.293481  5.820544 15.214149
[1] 41.451800  6.054588 10.473863
[1] 40.489898  7.103635 12.683541
[1] 37.612684  6.400560  8.946874
[1] 42.260199  6.933713  9.007781
[1] 35.202551  6.179673 13.973673
[1] 43.758620  5.844327 15.221529
[1] 36.799702  5.977419  8.141420
[1] 38.252433  5.987082  8.547208
[1] 39.761886  5.948377 10.439478
[1] 34.636044  6.935546 14.283426
[1] 39.480309  6.517746 10.503412
[1] 43.563144  6.845864 10.414210
[1] 37.364321  6.125875 13.606304
[1] 42.084878  7.325450  7.689284
[1] 37.497043  7.713909 15.452416
[1] 38.250221  5.622878  7.128824
[1] 38.701876  5.860106  8.166994
[1] 40.731349  7.511245 14.864602
[1] 44.04884  6.97408 11.87812
[1] 40.414668  7.797477 10.743656
[1] 21.66667
[1] 44.173459  8.210202 11.623998
[1] 46.113201  6.506063 10.314209
[1] 43.318536  6.887525  7.055741
[1] 46.268183  6.598087 14.300312
[1] 37.91213  6.74570 10.81194
[1] 44.281280  7.450629 12.573990
[1] 54.486369  8.008418 10.939119
[1] 40.777225  5.754938 13.901010
[1] 44.857307  5.697908  9.939466
[1] 45.592583  6.419715  9.907682
[1] 36.109217  6.043674  6.156704
[1] 45.975184  7.265973 11.474305
[1] 55.163161  7.616854 16.856199
[1] 57.347506  6.804995  7.123152
[1] 50.206525  5.957225 12.113122
[1] 45.495809  6.508379 16.439070
[1] 44.913973  6.195058 14.327962
[1] 42.909367  6.210786 11.162687
[1] 45.40864  6.49934 12.54256
[1] 43.673892  6.750207 18.445786
[1] 41.162034  6.708748  9.606266
[1] 42.075818  7.256027 16.157853
[1] 48.599778  6.392352 14.802186
[1] 45.152773  7.141727  6.940747
[1] 42.216710  6.872616 14.496983
[1] 52.938667  7.533824 16.805277
[1] 46.763865  6.816063  9.386509
[1] 46.736211  6.896198  6.642953
[1] 48.949211  5.347303 13.507418
[1] 54.507613  6.654133 21.278496
[1] 45.285407  6.980782 10.207831
[1] 48.519942  6.987392 10.748256
[1] 49.476953  6.944012 10.038867
[1] 47.367275  7.207229 11.718196
[1] 53.524314  5.956879 11.312621
[1] 44.753128  6.512467 11.662487
[1] 46.054824  6.104326 14.226088
[1] 43.382144  6.055813 16.672864
[1] 49.733459  5.406750  5.677025
[1] 43.071535  7.641246 12.341638
[1] 42.950213  5.942545 11.752653
[1] 48.914117  6.889724  9.836730
[1] 49.056826  6.147745 12.362306
[1] 45.468430  6.728465 12.059853
[1] 43.044792  6.202190  8.261683
[1] 47.991343  6.242921 12.678107
[1] 44.335356  6.518131  8.515296
[1] 40.113640  7.009289 11.643750
[1] 53.734260  7.378186 11.942542
[1] 48.364040  6.021871 12.667996
[1] 45.039563  6.980843  7.970812
[1] 49.900477  7.325942 11.549515
[1] 41.998715  7.650779 15.051355
[1] 44.922790  8.778568 11.829504
[1] 54.126279  6.593632  6.973938
[1] 46.321307  6.981095 17.643753
[1] 46.395126  7.597119 12.771594
[1] 44.581190  7.114743 15.713171
[1] 49.010366  7.088125  7.910084
[1] 43.524444  6.968866 10.953490
[1] 49.464932  6.160306 15.055074
[1] 47.838979  6.483023  9.968900
[1] 43.743918  7.873343 14.245695
[1] 46.540863  6.479909  7.428884
[1] 44.113492  7.161857  7.053744
[1] 49.329971  6.389412 19.242694
[1] 46.720792  6.094769  9.118653
[1] 52.010078  6.509288 15.348950
[1] 52.89628  6.89060 18.37028
[1] 47.975149  6.274429 18.031887
[1] 49.717543  6.624897 12.422264
[1] 45.359973  7.559910  9.611929
[1] 46.980826  6.804715  9.483970
[1] 45.894993  7.285894 10.823297
[1] 44.646176  6.129522  7.847899
[1] 45.194270  6.427107  9.234820
[1] 47.891190  5.891854  8.400003
[1] 42.321925  7.959076 18.088065
[1] 40.138292  5.450967  8.671223
[1] 47.694962  7.386714 21.164862
[1] 23.33333
[1] 55.907615  6.335284 12.608875
[1] 56.27486  7.27008 14.06362
[1] 60.670782  6.707686  9.687467
[1] 59.342732  7.564994  7.928670
[1] 54.679269  6.085111  9.219714
[1] 42.69177  6.10289 11.85156
[1] 51.518500  6.481645  7.383926
[1] 52.941760  6.528408 17.989367
[1] 56.280402  7.779203 11.445186
[1] 49.391434  6.835097  9.712628
[1] 53.253490  8.145827 10.462385
[1] 55.694196  6.685864  9.711651
[1] 45.874689  6.351481 20.316849
[1] 51.313272  7.005759 13.046763
[1] 51.430931  7.072235 14.632050
[1] 52.93509  6.84517 11.16592
[1] 55.913817  8.155542 10.885854
[1] 54.537999  7.512603 16.774030
[1] 53.920331  6.515442 15.229633
[1] 52.833739  7.494612 10.987953
[1] 45.305053  7.763779 15.331408
[1] 55.448559  6.427652  9.214864
[1] 51.819054  7.180868 13.252684
[1] 53.097436  6.610351 17.192236
[1] 57.179819  7.436276 11.927955
[1] 56.087093  7.701685 13.354418
[1] 57.529957  6.233168  8.714755
[1] 58.400836  6.293512 23.994852
[1] 52.847482  6.504839 12.322708
[1] 50.001786  6.346999  8.605481
[1] 47.714740  6.676344 23.248113
[1] 52.271405  6.625409 14.491071
[1] 51.599366  6.392976  9.187462
[1] 69.498729  6.877802 10.445187
[1] 45.852727  5.982162 29.317790
[1] 55.807612  6.677543 27.052051
[1] 62.868006  7.716618 10.277689
[1] 58.928651  7.515232 11.179342
[1] 54.493127  6.812876 20.630904
[1] 51.033081  6.305269 15.843366
[1] 55.274326  6.611418  9.580462
[1] 54.143267  7.656054 16.880136
[1] 48.615399  8.695874 12.854660
[1] 50.346034  8.266322 12.511850
[1] 56.422642  6.109604 12.476861
[1] 52.869724  6.055127 11.677384
[1] 48.425527  7.980403 14.290995
[1] 53.499892  5.866126 17.228073
[1] 54.688165  6.621529 10.303883
[1] 51.610949  6.823263 14.805317
[1] 45.917093  5.972086  7.606247
[1] 51.805491  5.960955  7.616795
[1] 51.814572  6.556784 14.026550
[1] 51.309727  8.427636 16.024478
[1] 45.374753  7.052584  9.006322
[1] 47.965582  8.263139 11.396524
[1] 55.241738  7.749159  9.646223
[1] 53.762549  7.047051 13.425958
[1] 55.913031  6.802043 19.523331
[1] 48.824786  6.908060  6.951652
[1] 51.194259  7.447949 12.104377
[1] 42.497286  6.549552  7.380238
[1] 55.593670  6.521275 13.340461
[1] 48.046464  7.541175 11.424163
[1] 55.778718  6.972201 12.557038
[1] 59.299120  6.352829 12.850080
[1] 50.560671  8.637895 11.856992
[1] 51.590943  6.774502 20.925670
[1] 55.169157  6.895405 10.186557
[1] 49.507852  5.549082 20.453392
[1] 48.993455  5.724886 14.354853
[1] 57.691106  6.688832 25.195601
[1] 54.552322  7.971051 13.726757
[1] 57.732894  6.630748 20.314809
[1] 54.85113  7.05369  8.85388
[1] 48.330574  7.760557  8.104172
[1] 61.813684  8.770586 13.400199
[1] 64.782101  8.419654 19.963342
[1] 57.997070  8.213615 14.513040
[1] 45.816517  5.544891 10.818495
[1] 25
[1] 51.608780  6.989715 12.545679
[1] 70.650186  8.624893 21.243189
[1] 58.813134  7.726307 20.143505
[1] 52.773174  7.382108 22.278254
[1] 59.297783  7.375739 16.623584
[1] 64.929273  7.538185 17.464435
[1] 56.551766  6.917333  9.625260
[1] 64.033063  7.238685 21.749491
[1] 56.876054  9.392139 14.120734
[1] 60.637970  7.392726 13.713608
[1] 65.757684  7.220836 10.253814
[1] 63.394096  9.021367 14.303125
[1] 60.506651  6.061864 15.968915
[1] 63.507701  9.794001 12.331626
[1] 59.223205  5.545680  9.522565
[1] 64.117281  8.242369 11.379778
[1] 61.388365  7.503956 12.648654
[1] 70.462117  7.213931 20.380483
[1] 68.567626  7.303039 10.370973
[1] 61.225990  7.516968 16.764287
[1] 61.005750  7.338712  8.844569
[1] 50.363754  6.368878 21.246727
[1] 66.706210  7.394394 10.157915
[1] 64.791605  7.203491 14.328876
[1] 51.278284  6.727433 12.353925
[1] 50.155292  6.951426  8.751217
[1] 59.812713  7.998877 16.358207
[1] 52.757370  6.600947 25.237515
[1] 66.127326  6.571401  9.301514
[1] 48.472041  6.953974  9.371698
[1] 73.472577  7.476963 14.783245
[1] 51.322695  7.054655 12.261360
[1] 61.123475  7.541022 15.729146
[1] 54.592027  5.869163  8.294570
[1] 72.833823  6.842153 14.392918
[1] 58.47681  6.23152 14.50450
[1] 62.893218  5.660078 10.971049
[1] 62.033094  7.034474 19.542620
[1] 60.275041  6.962208 10.961661
[1] 59.62174  6.46401 22.04310
[1] 56.313970  6.908954 15.692048
[1] 63.313855  6.305513  9.950081
[1] 52.041335  6.239136 13.279964
[1] 61.135482  8.290855 16.443398
[1] 60.88983  7.34453 10.62327
[1] 48.992216  5.753136  7.736923
[1] 65.039401  6.959609  9.973618
[1] 59.817803  7.314259 17.891215
[1] 72.433043  8.515589 14.883570
[1] 65.831432  9.230802 10.640588
[1] 55.48725  7.32927  9.61523
[1] 60.033907  6.805438 12.413444
[1] 63.541742  7.786863 12.207375
[1] 53.509618  6.244127  9.646646
[1] 67.051660  8.095092 19.411038
[1] 59.687847  7.524091 10.371186
[1] 58.707548  8.688855 22.162322
[1] 71.619519  6.665052 20.572891
[1] 61.743296  7.681193 15.601514
[1] 59.613750  8.164275 14.278819
[1] 59.494135  6.520954 12.984547
[1] 68.732440  6.552059  9.558981
[1] 55.457510  7.670383 18.984213
[1] 64.024659  5.931276 10.097379
[1] 63.698857  6.464721 11.750187
[1] 67.189635  8.107949 11.186739
[1] 52.322612  5.940342  9.118734
[1] 57.959340  7.498421 25.025320
[1] 65.706229  7.337177 16.247459
[1] 61.634331  7.446991  8.655433
[1] 56.459733  5.626085  8.371561
[1] 71.31773  8.58029 15.61538
[1] 60.991805  8.941825 15.280156
[1] 57.734089  7.075666 16.014437
[1] 56.560524  6.823371 11.160295
[1] 58.203955  6.035082 31.822661
[1] 66.835766  8.084773 17.044624
[1] 55.399426  7.339791 10.545711
[1] 60.510224  7.425992 14.276570
[1] 59.394233  7.429938  9.411457
[1] 26.66667
[1] 66.232970  7.031296 11.013841
[1] 61.244320  7.665912 14.305302
[1] 63.197269  8.092699 11.791333
[1] 68.841007  7.573272 24.695401
[1] 70.845049  8.194531  9.888854
[1] 56.726408  7.471712 15.701129
[1] 69.430707  9.085293 17.869025
[1] 62.055735  7.366114  8.284714
[1] 61.001856  8.445507 15.011560
[1] 73.299314  7.725583 24.056480
[1] 66.686476  7.166803 11.502168
[1] 76.278148  8.048952 11.913616
[1] 82.14220 10.49434 12.95385
[1] 63.161785  8.416324 16.873205
[1] 71.332589  7.721033 10.491313
[1] 75.464233  7.631421 12.535378
[1] 65.163689  7.030062 21.949688
[1] 67.191543  7.544503  6.940831
[1] 71.43612  8.14712 29.10862
[1] 72.347070  7.495603 26.741135
[1] 69.48023  7.69593 15.24988
[1] 70.709983  8.683419 15.113923
[1] 60.22096  6.66432 29.76043
[1] 72.257117  7.896594 24.016226
[1] 68.325828  8.388845 17.300902
[1] 67.46288 10.46979 11.11155
[1] 64.541176  6.543292 26.223082
[1] 75.672475  8.070059 29.661699
[1] 64.878158  7.848436 14.479248
[1] 74.380573  8.124849 12.471603
[1] 67.597946  7.625773 20.287928
[1] 73.708386  8.750425 18.087866
[1] 76.429635  8.331081 24.249791
[1] 67.610625  7.114586 22.031843
[1] 73.808608  8.691172 29.137060
[1] 72.919984  8.922594  9.011121
[1] 69.146197  7.747108 12.801308
[1] 59.173667  6.808744  9.627701
[1] 69.889962  8.250398 17.391076
[1] 65.364489  8.600522 14.247118
[1] 62.904852  6.972719  8.443134
[1] 62.672070  9.667436 14.111895
[1] 73.404142  7.837622 15.606446
[1] 60.627447  7.096383 16.047200
[1] 70.808383  8.086062 16.881273
[1] 68.102703  6.931893 27.434173
[1] 68.227253  7.813476 16.236516
[1] 61.064579  8.658464 17.966695
[1] 84.166403  9.940256 16.438017
[1] 66.846984  7.221854  9.572625
[1] 72.659592  7.178501 12.859726
[1] 58.385121  6.433252 26.539077
[1] 68.799696  7.242027 17.546297
[1] 65.759553  8.261329 11.420028
[1] 63.873632  9.270118 15.165620
[1] 49.748601  6.954626 14.616363
[1] 62.543238  7.471777  9.688474
[1] 67.224290  7.130558 12.293686
[1] 66.417626  8.223913 11.260437
[1] 59.654825  7.906428 15.184181
[1] 64.162723  7.584992  9.550544
[1] 55.632805  6.975336 13.637170
[1] 64.401757  7.555806 13.120881
[1] 67.590763  7.066138 14.873234
[1] 66.068938  7.154093 19.514245
[1] 65.966487  8.528372 16.432067
[1] 65.83933  7.93984 12.70048
[1] 57.389433  7.643345 17.903939
[1] 76.044125  6.989201  9.700781
[1] 55.62494  5.67896 20.14373
[1] 72.914263  7.225743 13.184571
[1] 67.864081  6.407313 10.503280
[1] 59.703360  8.306355 15.431860
[1] 68.778330  6.451521 13.997160
[1] 64.789070  7.403318 25.328653
[1] 75.177626  8.334181 27.251694
[1] 66.838153  6.149797 14.809589
[1] 66.141806  7.474851 23.803919
[1] 71.715883  7.864126 15.102636
[1] 65.42433  8.52034 28.06435
[1] 28.33333
[1] 83.21698 10.10874 18.39468
[1] 87.654325  7.344296 16.053312
[1] 75.988977  7.880402 13.792859
[1] 76.419432  7.437894 20.899376
[1] 77.237887  6.954512 12.790581
[1] 78.037021  9.849505 28.749696
[1] 62.60140  7.74881 11.85720
[1] 72.815282  8.040692 11.892546
slurmstepd: error: *** JOB 40938249 ON c0839 CANCELLED AT 2019-11-17T02:59:20 DUE TO TIME LIMIT ***
