myseed=7987
Loading required package: ggplot2
 
 Loading required package: lattice
Loading required package: lattice
 myseed=8984
Loading required package: lattice

 
Loading required package: ggplot2
 Loading required package: lattice
Loading required package: ggplot2

Loading required package: lattice
Loading required package: ggplot2

Loading required package: lattice
Loading required package: lattice
Loading required package: ggplot2
Loading required package: lattice
myseed=4961Loading required package: lattice
Loading required package: ggplot2
 
Loading required package: ggplot2
Loading required package: lattice
Loading required package: ggplot2
Loading required package: ggplot2
Loading required package: ggplot2
Loading required package: ggplot2
Loading required package: ggplot2
Loading required package: ggplot2
Loading required package: ggplot2
myseed=8240 
Loading required package: lattice
Loading required package: ggplot2
Loading required package: Matrix
Loading required package: foreach
Loaded glmnet 2.0-10

Loading required package: methods

Attaching package: ‘kernlab’

The following object is masked from ‘package:ggplot2’:

    alpha

Loading required package: Matrix
Loading required package: foreach
Loaded glmnet 2.0-10

Loading required package: methods
Loading required package: Matrix

Attaching package: ‘kernlab’

Loading required package: foreach
The following object is masked from ‘package:ggplot2’:

    alpha

Loading required package: Matrix
Loading required package: foreach
Loaded glmnet 2.0-10

Loading required package: methods
Loaded glmnet 2.0-10

Loading required package: methods

Attaching package: ‘kernlab’

The following object is masked from ‘package:ggplot2’:

    alpha


Attaching package: ‘kernlab’

The following object is masked from ‘package:ggplot2’:

    alpha

Loading required package: Matrix
Loading required package: foreach
Loaded glmnet 2.0-10

Loading required package: methods

Attaching package: ‘kernlab’

The following object is masked from ‘package:ggplot2’:

    alpha

Loading required package: Matrix
Loading required package: foreach
Loaded glmnet 2.0-10

Loading required package: methods

Attaching package: ‘kernlab’

The following object is masked from ‘package:ggplot2’:

    alpha

Loading required package: Matrix
Loading required package: foreach
Loading required package: Matrix
Loading required package: Matrix
Loading required package: foreach
Loading required package: foreach
Loaded glmnet 2.0-10

Loading required package: Matrix
Loading required package: Matrix
Loading required package: methods
Loading required package: foreach
Loading required package: foreach
Loaded glmnet 2.0-10

Loading required package: Matrix
Loaded glmnet 2.0-10

Loading required package: methods
Loading required package: methods
Loading required package: foreach

Attaching package: ‘kernlab’

Loading required package: Matrix
Loading required package: Matrix
The following object is masked from ‘package:ggplot2’:

    alpha

Loading required package: foreach
Loading required package: foreach

Attaching package: ‘kernlab’

Loaded glmnet 2.0-10

Loaded glmnet 2.0-10


Attaching package: ‘kernlab’

The following object is masked from ‘package:ggplot2’:

    alpha

The following object is masked from ‘package:ggplot2’:

    alpha

Loading required package: methods
Loading required package: methods
Loaded glmnet 2.0-10

Loaded glmnet 2.0-10

Loading required package: methods
Loading required package: methods
Loaded glmnet 2.0-10


Attaching package: ‘kernlab’


Attaching package: ‘kernlab’

Loading required package: methods
The following object is masked from ‘package:ggplot2’:

    alpha

The following object is masked from ‘package:ggplot2’:

    alpha


Attaching package: ‘kernlab’

The following object is masked from ‘package:ggplot2’:

    alpha


Attaching package: ‘kernlab’

The following object is masked from ‘package:ggplot2’:

    alpha


Attaching package: ‘kernlab’

Loading required package: Matrix
The following object is masked from ‘package:ggplot2’:

    alpha

Loading required package: foreach
Loaded glmnet 2.0-10

Loading required package: methods
Loading required package: Matrix
Loading required package: foreach

Attaching package: ‘kernlab’

Loading required package: Matrix
The following object is masked from ‘package:ggplot2’:

    alpha

Loading required package: Matrix
Loading required package: foreach
Loading required package: foreach
Loaded glmnet 2.0-10

Loading required package: methods
Loading required package: Matrix
Loading required package: foreach

Attaching package: ‘kernlab’

The following object is masked from ‘package:ggplot2’:

    alpha

Loaded glmnet 2.0-10

Loading required package: methods
Loaded glmnet 2.0-10

Loading required package: Matrix
Loading required package: methods
Loading required package: foreach

Attaching package: ‘kernlab’

Loaded glmnet 2.0-10

The following object is masked from ‘package:ggplot2’:

    alpha

Loading required package: methods

Attaching package: ‘kernlab’

The following object is masked from ‘package:ggplot2’:

    alpha

Loading required package: Matrix
Loading required package: Matrix
Loading required package: Matrix
Loading required package: foreach
Loaded glmnet 2.0-10

Loading required package: foreach
Loading required package: methods
Loading required package: foreach

Attaching package: ‘kernlab’

The following object is masked from ‘package:ggplot2’:

    alpha

Loading required package: Matrix
Loading required package: foreach

Attaching package: ‘kernlab’

Loaded glmnet 2.0-10

The following object is masked from ‘package:ggplot2’:

    alpha

Loaded glmnet 2.0-10

Loading required package: methods
Loaded glmnet 2.0-10

Loading required package: methods
Loading required package: methods
Loaded glmnet 2.0-10


Attaching package: ‘kernlab’

The following object is masked from ‘package:ggplot2’:

    alpha

Loading required package: methods

Attaching package: ‘kernlab’

The following object is masked from ‘package:ggplot2’:

    alpha


Attaching package: ‘kernlab’

The following object is masked from ‘package:ggplot2’:

    alpha


Attaching package: ‘kernlab’

The following object is masked from ‘package:ggplot2’:

    alpha

Loading required package: Matrix
Loading required package: foreach
Loaded glmnet 2.0-10

Loading required package: methods

Attaching package: ‘kernlab’

The following object is masked from ‘package:ggplot2’:

    alpha

Loading required package: Matrix
Loading required package: foreach
Loaded glmnet 2.0-10

Loading required package: methods

Attaching package: ‘kernlab’

The following object is masked from ‘package:ggplot2’:

    alpha

[1] 13.50407 13.23314 12.95844
[1] 13.78365 13.47214 13.32614
[1] 13.83038 13.93913 13.31042
[1] 16.51931 17.09769 17.03411
[1] 16.53766 17.66106 17.09278
[1] 16.58764 17.78588 16.92326
[1] 13.72045 13.54762 12.87105
[1] 13.57162 13.85742 13.06339
[1] 13.55374 13.71693 13.07475
[1] 13.43516 13.90840 13.44008
[1] 13.76956 15.46889 13.70899
[1] 13.32202 15.35121 13.45428
[1] 14.86992 14.91995 13.92630
[1] 15.58594 15.74759 14.54229
[1] 15.64789 16.20638 14.55895
[1] 17.78753 17.61191 17.19804
[1] 17.62018 17.93345 17.31444
[1] 17.59789 17.65491 17.29933
[1] 15.35873 14.57261 15.05556
[1][1] 12.67329 15.71532 12.99600[1] 14.59011 12.02483 13.71284 15.26012
 13.89120
[1] 13.24735[1] 12.57814
 15.70680[1] 13.16540 14.60661 14.15165 12.05184 15.62314 14.82886

 13.85732[1]
 12.58961[1] 13.39928 14.18838 12.06202 15.53130
 13.93192[1]
 14.97954 15.75497 14.84345
[1] 15.51077 17.72678 15.12754
[1] 15.70296 17.43069 15.19326
[1] 16.19057 17.18282 15.72563
[1] 16.44880 18.14016 15.80274
[1] 16.48238 17.91821 15.82659
[1] 14.14747 15.33165 13.82344
[1] 14.09232 15.37830 14.27250
[1] 14.13285 15.76073 14.43042
[1] 13.92258 13.42702 13.18519
[1] 14.15019 14.56843 13.81408
[1] 14.00887 13.70758 13.40519
[1] 13.86869 14.37320 13.45810
[1] 14.01979 15.34816 14.03740
[1] 14.01919 15.33313 13.90386
[1] 16.37646 17.26238 15.61745
[1] 16.61144 18.77457 16.22828
[1] 16.43315 18.95950 16.20791
[1] 17.71840 17.06307 16.90582
[1] 17.89815 17.93439 17.18105
[1] 17.81215 17.68391 17.56074
[1] 14.15880 14.33765 13.47120
[1] 14.40781 14.81345 14.17515
[1] 14.51618 13.92511 13.75504
[1] 13.73175 15.16490 13.12012
[1] 14.35910 15.25885 13.26621
[1] 14.34944 15.13394 13.25205
[1] 15.56244 15.46596 15.75261
[1] 15.59366 16.26332 16.34644
[1] 16.64773 16.53794 15.65015
[1] 14.63546 14.29125 13.74467
[1] 15.17637 15.19163 14.09406
[1] 15.12641 15.60877 14.13370
[1] 13.80736 13.73496 13.07873
[1] 14.19420 14.28431 13.44734
[1] 14.24508 14.57584 13.44397
[1] 15.88090 15.70764 15.10479
[1] 15.30209 15.83857 15.23007
[1] 15.29702 15.90500 15.05367
[1] 16.28908 17.73289 16.38988
[1] 16.94476 17.07148 16.62722
[1] 17.05582 17.17727 17.11274
[1] 14.43576 14.66846 14.64233
[1] 14.95207 15.40287 15.07969
[1] 15.07236 15.27092 15.26300
[1] 15.26199 16.09085 15.09084
[1] 15.69526 16.99285 15.59073
[1] 15.72984 17.18322 15.63516
[1] 18.09370 18.75066 17.79401
[1] 18.41214 18.19590 18.39162
[1] 18.48210 19.55965 18.36256
