Loading required package: Matrix
Loading required package: foreach
Loaded glmnet 2.0-10

Loading required package: methods

Attaching package: ‘pracma’

The following objects are masked from ‘package:kernlab’:

    cross, eig, size

The following objects are masked from ‘package:Matrix’:

    expm, lu, tril, triu

[1] 0
[1] 29.53533 29.25345 11.22361 11.28555
[1] 28.89498 27.18174 13.02870 14.61970
[1] 31.81450 30.52213 12.65521 12.01361
[1] 32.16783 31.04801 11.29387 12.04468
[1] 35.45543 29.53994 12.50161 12.11088
[1] 34.38564 29.69501 14.77570 15.17053
[1] 31.45314 29.18165 12.43379 13.44443
[1] 35.64333 35.89910 12.92273 13.65653
[1] 32.03412 26.81244 11.52930 12.15868
[1] 30.33212 28.04418 11.61723 13.05375
[1] 30.55114 29.78954 14.40393 15.25127
[1] 33.30734 27.61010 14.19019 14.08526
[1] 30.57298 32.50127 15.75632 15.88552
[1] 33.33007 30.69532 12.16252 12.21197
[1] 26.36414 26.62668 10.04556 11.11103
[1] 33.41031 31.47229 14.05850 13.33854
[1] 32.28353 30.80935 11.88175 11.65146
[1] 32.45645 32.50160 13.88266 14.24851
[1] 30.76946 29.88033 11.00435 11.92325
[1] 30.68681 26.91869 14.70207 15.04542
[1] 27.48826 27.03613 12.32063 12.11107
[1] 36.20455 32.85408 11.04823 11.87647
[1] 34.32587 32.71752 10.80135 16.19138
[1] 33.09388 32.15569 14.95684 14.34619
[1] 29.93624 29.09814 10.88022 10.61621
[1] 30.521304 28.534360  9.579987 10.732629
[1] 35.07779 34.10786 15.96888 15.73139
[1] 38.37351 35.27212 15.70972 16.25667
[1] 34.21862 34.48474 11.83849 12.97286
[1] 29.87084 32.76512 12.74119 13.06842
[1] 31.45343 28.35252 14.58292 13.49531
[1] 32.31288 31.50918 13.67336 12.86022
[1] 32.84632 35.92481 14.17851 14.22327
[1] 30.29855 29.22940 13.99425 14.09717
[1] 29.81168 33.04887 11.72694 11.74919
[1] 30.19436 28.57300 12.34965 12.14899
[1] 33.52456 31.97908 10.88586 11.00548
[1] 30.847298 31.067415  9.273191  9.648860
[1] 31.51727 31.32899 11.92734 14.06313
[1] 34.84428 37.36321 15.87443 15.04041
[1] 26.289292 24.041301  9.050319 10.448490
[1] 32.60591 31.99697 12.53565 11.82299
[1] 34.52729 31.58168 13.72615 13.79216
[1] 29.88218 28.07617 14.63252 15.72791
[1] 30.44076 30.63568 12.33551 12.36473
[1] 28.08231 28.99513 13.60497 13.15611
[1] 31.47460 30.93197 11.83206 12.11568
[1] 31.82525 29.78870 10.41596 10.48220
[1] 28.93340 30.82326 12.40644 11.65098
[1] 28.80413 28.51054 11.20883 10.92756
[1] 0.1
[1] 30.43797 29.93233 11.50660 10.68531
[1] 32.84097 32.87906 20.33947 21.18223
[1] 28.27551 32.14134 14.83232 13.95882
[1] 32.61100 27.06818 14.27132 12.52832
[1] 29.01310 28.41654 13.36697 14.47553
[1] 30.45509 29.81373 13.02243 13.66085
[1] 28.70015 30.19096 14.98197 14.75995
[1] 29.63625 29.99347 13.14943 13.31339
[1] 31.13319 30.58879 12.13343 12.21180
[1] 32.09112 29.75471 11.92989 10.83091
[1] 31.11590 35.35085 13.23500 12.97864
[1] 30.64489 29.32380 13.43651 13.85096
[1] 27.61781 29.11041 13.95226 14.07557
[1] 26.25161 24.61022 14.98658 15.17375
[1] 24.776201 25.359641 10.297454  9.821387
[1] 33.42022 33.00623 14.32812 12.86148
[1] 26.68721 27.86619 14.91739 15.13842
[1] 28.75269 28.57278 13.54648 11.17573
[1] 27.24796 26.93720 17.57537 16.82673
[1] 29.82375 26.69159 12.92481 11.78425
[1] 33.99613 30.29050 12.88191 11.64595
[1] 30.60398 31.28458 15.39570 15.16086
[1] 26.68090 26.41538 13.72367 13.04937
[1] 35.46382 30.47827 15.10321 14.94136
[1] 34.24544 33.12986 15.11337 14.80758
[1] 28.277182 27.990513  9.977443  9.413374
[1] 30.14574 29.62097 14.46208 14.10966
[1] 32.08016 27.27242 14.21376 14.09187
[1] 38.73727 38.12570 14.86010 14.92915
[1] 28.89053 29.71925 10.24349 11.35160
[1] 28.88171 28.37375 11.79181 10.92608
[1] 33.81836 31.58860 13.29514 14.26092
[1] 31.17463 30.01881 12.63426 11.90259
[1] 32.48496 27.68761 12.07054 11.68510
[1] 34.64424 31.61598 16.97283 14.42657
[1] 39.37572 37.73590 14.18047 12.79082
[1] 30.69219 30.23035 13.45752 12.67518
[1] 28.81569 28.53884 14.15174 12.03038
[1] 30.08163 32.01316 11.19674 11.72892
[1] 31.70781 28.61310 13.80446 15.99390
[1] 31.57372 27.46847 13.96367 14.76748
[1] 33.45618 31.68689 16.26976 17.28867
[1] 33.47585 35.06524 12.92717 14.75915
[1] 29.59380 29.30315 19.15738 23.55527
[1] 28.40601 27.34858 14.43786 13.99538
[1] 26.49085 28.05959 14.74517 14.98007
[1] 30.25216 31.73928 12.95436 13.12117
[1] 31.94964 34.55535 13.46024 14.69171
[1] 34.27224 32.79231 12.63370 14.28327
[1] 29.83881 31.62231 12.53363 11.99121
[1] 0.2
[1] 35.69241 38.15042 17.73152 16.16988
[1] 33.83822 32.29810 15.45785 15.17170
[1] 34.85726 30.02851 14.34573 14.06094
[1] 34.24099 31.04456 15.04235 12.97903
[1] 31.27034 30.72202 16.89779 16.26449
[1] 31.27791 29.98016 12.73380 13.26762
[1] 30.81841 26.01925 18.22474 16.84309
[1] 35.51622 33.38339 15.14654 13.12241
[1] 33.96435 29.33247 15.52271 13.70776
[1] 33.92498 29.29232 13.12441 16.64170
[1] 35.13793 32.32476 11.31054 10.51669
[1] 31.94071 30.91703 14.80257 13.67416
[1] 31.57676 32.18553 16.29162 15.50724
[1] 29.66809 29.20250 13.30842 11.35017
[1] 31.71866 29.84318 17.25547 16.51850
[1] 31.41720 30.39709 14.38971 11.75750
[1] 32.85248 30.62334 14.17485 12.86439
[1] 28.31850 25.43290 13.48050 22.38762
[1] 36.47739 33.32455 16.67689 12.16847
[1] 31.77298 33.14179 14.72335 14.10281
[1] 32.81001 28.92759 15.46398 13.87326
[1] 33.57736 31.35419 12.63450 10.57811
[1] 35.62960 35.58802 16.11356 13.96921
[1] 29.78590 31.28525 15.69857 13.84862
[1] 38.77650 33.83846 18.39280 16.93903
[1] 34.07586 35.67546 16.34650 16.02636
[1] 32.32796 30.71641 12.01475 12.03400
[1] 27.56911 27.61752 14.41104 11.81406
[1] 29.42753 29.20930 14.31321 12.56842
[1] 29.89572 30.98577 12.43771 11.85282
[1] 27.64580 26.49234 13.09575 10.60151
[1] 30.11179 27.69656 12.92023 11.42777
[1] 31.85236 29.05821 18.60577 16.03969
[1] 32.20056 30.08679 15.63891 14.19761
[1] 31.29309 29.13237 13.76728 18.60130
[1] 28.25551 28.53943 15.15427 14.32202
[1] 33.30632 29.86601 15.07822 13.09289
[1] 33.63967 32.67639 17.31447 13.60095
[1] 31.20869 30.35986 13.61956 12.38106
[1] 29.63019 27.32096 15.32670 13.96608
[1] 27.33816 30.44471 16.27965 15.18273
[1] 26.60606 25.57229 15.15824 15.19677
[1] 33.75822 33.34822 15.63278 12.26456
[1] 31.34595 29.65451 20.76370 16.16388
[1] 27.59498 24.98734 13.80418 12.57559
[1] 31.70020 32.39854 15.59848 16.41773
[1] 37.61119 33.18289 15.30831 11.82509
[1] 29.24896 26.59907 13.13872 12.17989
[1] 28.85185 28.12572 16.01781 13.66572
[1] 33.61258 34.60664 13.57520 12.04654
[1] 0.3
[1] 32.27183 30.13883 18.58511 15.07865
[1] 29.84111 28.15600 19.48143 18.24773
[1] 27.20012 25.55336 17.86430 13.74655
[1] 34.71687 33.46013 13.47766 13.00490
[1] 30.510132 28.402933 13.680814  9.988114
[1] 31.97718 29.83651 17.95616 13.73637
[1] 28.97349 25.02099 13.93754 11.16600
[1] 36.51775 34.57029 16.32886 12.96501
[1] 31.49805 32.54380 15.38602 10.90994
[1] 37.66428 34.51980 17.80259 16.04039
[1] 37.52536 32.71488 18.31283 14.12923
[1] 37.79261 32.19830 18.52537 14.71061
[1] 33.71503 32.95269 14.97009 12.70635
[1] 29.39162 28.16927 14.86969 11.63000
[1] 35.01533 29.03179 19.45979 15.15261
[1] 34.03291 27.47143 14.61432 13.09121
[1] 31.54815 28.26653 17.53476 14.36362
[1] 34.44781 32.90779 17.36141 13.98407
[1] 36.15501 33.54706 17.45494 16.36553
[1] 31.90290 28.81450 14.71012 12.58001
[1] 28.04463 27.89648 15.52547 12.75637
[1] 32.49719 28.96696 18.43620 14.77301
[1] 28.80789 25.19142 18.88400 12.80024
[1] 28.47468 26.69627 15.98166 11.14996
[1] 35.86673 31.06526 16.52700 11.91736
[1] 31.60950 32.64606 16.48679 14.85604
[1] 31.50294 29.23618 13.55229 15.63015
[1] 33.27941 31.56419 16.48114 13.26103
[1] 32.98382 29.99809 17.00735 18.72729
[1] 33.91199 33.97391 17.51376 15.53138
[1] 30.40369 27.01945 13.95158 13.60736
[1] 33.17634 31.60094 17.12272 14.36327
[1] 33.01725 34.01103 16.04224 13.95229
[1] 35.34720 31.32954 15.43774 13.06107
[1] 30.22213 28.77244 19.79593 14.21014
[1] 33.79795 28.60111 16.71016 13.89640
[1] 34.79519 31.09663 17.67894 13.99030
[1] 34.42140 32.22664 15.16032 16.64366
[1] 30.38530 26.02428 13.51111 13.76721
[1] 31.76220 30.55314 18.59886 13.92743
[1] 34.77346 31.99966 16.35741 11.95335
[1] 32.55798 32.68492 16.28609 13.12962
[1] 34.52699 30.51249 17.71293 13.21055
[1] 33.04038 31.42095 12.95315 11.48222
[1] 34.36894 28.57193 14.04098 12.40003
[1] 34.70270 32.04210 15.64741 14.05776
[1] 32.16657 29.78678 16.42865 14.89485
[1] 33.72002 30.47147 16.43021 19.55403
[1] 30.98123 27.86788 17.31737 12.48801
[1] 33.24657 30.70018 16.62018 11.80350
[1] 0.4
[1] 35.72603 32.95520 21.76868 17.67116
[1] 39.87444 32.70936 18.74478 16.20250
[1] 34.27002 32.95204 17.39084 13.49273
[1] 31.52394 24.85697 17.26255 14.11882
[1] 29.59849 27.01980 17.43463 12.97792
[1] 34.98155 30.39182 16.55642 11.94927
[1] 38.28563 35.59926 19.14045 13.58620
[1] 35.96911 27.55233 22.24059 14.40392
[1] 34.19163 31.21006 23.57475 18.77800
[1] 27.96441 24.61865 17.47158 14.64658
[1] 34.28449 30.43793 18.04844 13.78504
[1] 34.04056 29.37721 23.55605 16.89144
[1] 40.58631 33.15697 18.15382 12.12007
[1] 34.84987 29.78747 18.71616 12.63430
[1] 28.56066 29.52091 19.15657 21.45156
[1] 36.62362 31.70006 20.37486 14.29184
[1] 42.54937 38.39677 18.72299 16.15003
[1] 39.24543 34.35218 20.02721 14.19537
[1] 35.91458 31.99348 17.73363 11.93539
[1] 35.95819 33.00513 16.50388 12.39978
[1] 32.98417 29.01856 16.08351 12.15138
[1] 37.46305 35.63097 16.21758 14.07224
[1] 33.45332 31.70310 17.39202 11.23234
[1] 33.88080 25.43924 20.34034 15.74867
[1] 30.50288 27.82595 17.05599 17.40097
[1] 31.19335 28.52163 16.70474 16.97777
[1] 33.23669 29.54634 16.62725 11.33131
[1] 29.68195 28.82476 21.58366 15.50114
[1] 40.47927 32.50060 21.74444 15.50473
[1] 33.60741 28.90447 20.07539 16.94022
[1] 33.98935 31.49732 20.45384 15.68772
[1] 29.16344 25.43858 20.21238 14.18711
[1] 38.10717 29.62042 17.21052 15.05934
[1] 33.65331 32.33488 21.09646 14.92466
[1] 34.01803 29.74439 18.79386 11.86504
[1] 36.48636 32.30364 20.67662 15.75477
[1] 33.01962 29.24708 17.24634 28.54558
[1] 38.71509 30.23904 22.91988 16.27275
[1] 34.67563 30.64410 16.58511 12.54174
[1] 32.76243 30.07547 18.69550 15.17037
[1] 36.31295 32.07054 23.34425 17.15439
[1] 37.42416 35.25078 20.14976 13.02921
[1] 35.70714 32.09288 21.53787 14.22790
[1] 38.34417 29.49434 19.66778 14.80643
[1] 34.26915 31.40723 16.86445 14.56007
[1] 34.76411 32.99506 18.25272 13.46675
[1] 35.46499 35.26045 19.50948 20.64230
[1] 31.69455 29.53633 18.93882 15.73813
[1] 33.84263 28.19663 16.94439 12.88135
[1] 37.73844 30.11555 16.83413 11.62185
[1] 0.5
[1] 35.55673 30.39933 20.64867 17.49645
[1] 42.54939 34.74670 20.20189 14.91614
[1] 34.67838 32.04006 20.34273 14.49592
[1] 42.41770 35.55569 23.31861 16.04689
[1] 32.27679 29.15900 24.24184 16.39622
[1] 41.21382 32.11655 24.35010 16.00830
[1] 30.85923 24.78494 20.32690 12.07666
[1] 41.74624 34.99801 18.83030 12.23523
[1] 38.88086 35.08834 24.43645 15.04892
[1] 33.17031 30.57554 27.81700 18.97500
[1] 43.14079 31.42486 22.78141 14.18243
[1] 40.83366 32.29041 22.01422 12.65878
[1] 36.10440 33.92006 25.32484 12.90492
[1] 36.21627 34.52572 20.76373 14.31579
[1] 33.62116 28.63887 18.74074 15.17518
[1] 39.76661 31.49085 25.98838 15.98633
[1] 37.45629 35.03539 25.15782 17.77812
[1] 38.73463 33.31043 21.00414 12.24613
[1] 35.49118 33.35400 19.55517 15.41063
[1] 34.43310 30.95662 17.60699 31.50353
[1] 31.15048 27.39759 19.53354 15.32089
[1] 36.21006 30.53868 25.53722 16.99469
[1] 44.73242 33.88945 20.57481 12.23759
[1] 43.14857 39.24840 27.12394 17.39333
[1] 30.47644 26.07298 20.51417 14.05515
[1] 36.90506 31.36077 20.51646 13.95685
[1] 40.21623 31.00148 18.15450 12.93400
[1] 37.23513 30.73015 21.09369 14.64515
[1] 38.58181 36.13641 18.14003 13.52815
[1] 37.54390 31.71687 20.54720 16.17440
[1] 37.18678 31.87017 20.84880 18.11527
[1] 37.89092 33.94410 23.84802 12.74100
[1] 34.19490 30.32629 21.30026 13.91397
[1] 40.90771 32.87307 26.16086 17.52095
[1] 39.32170 31.28526 25.62995 17.36955
[1] 35.46950 28.41076 19.85689 17.55368
[1] 43.39287 34.40766 27.77899 13.66580
[1] 33.68158 26.66232 17.28834 12.28819
[1] 37.32103 30.63258 21.98487 12.87773
[1] 34.49667 30.90817 19.62695 13.32850
[1] 37.14662 33.99416 26.31463 18.35197
[1] 41.52764 32.14054 23.63964 15.82822
[1] 35.87779 32.95742 20.52054 11.93542
[1] 38.55908 30.80961 21.24867 17.94582
[1] 35.25385 29.82340 21.50947 13.97169
[1] 44.80443 38.56798 24.87430 16.40215
[1] 31.18898 26.33823 21.09148 16.90646
[1] 36.31831 33.23839 22.51149 15.45510
[1] 33.11098 28.29971 17.59812 12.25814
[1] 31.48208 28.42279 20.51212 12.84384
[1] 0.6
[1] 32.73086 24.35916 22.18869 14.80143
[1] 44.88161 35.84917 26.89934 17.57035
[1] 43.42777 33.91664 21.25096 16.74553
[1] 35.15188 30.30474 25.58218 17.25889
[1] 33.38250 29.66372 21.77028 21.86144
[1] 36.76947 30.26021 22.22641 15.29224
[1] 36.35678 30.65467 24.03562 11.51594
[1] 42.05931 30.44434 26.42373 15.53099
[1] 42.54155 30.74186 24.02369 15.19932
[1] 40.82563 31.58946 23.39308 19.09374
[1] 37.07397 31.85286 19.28307 13.39946
[1] 37.11754 31.00222 24.74114 13.68017
[1] 39.45333 34.41349 26.38105 17.48154
[1] 36.84053 29.78882 26.48061 13.84178
[1] 41.03196 34.37425 25.45845 15.16283
[1] 36.98588 27.96010 24.32576 16.91120
[1] 37.05671 29.54488 27.33654 16.20457
[1] 37.32881 26.88674 23.39893 10.77158
[1] 38.06322 31.74487 24.27869 14.91261
[1] 37.31003 30.41259 20.85963 11.96677
[1] 33.01141 28.26831 23.18256 20.99588
[1] 46.82229 35.80002 23.59151 12.65949
[1] 36.81238 32.49679 25.72461 13.54463
[1] 39.51453 33.86343 27.14178 17.41696
[1] 33.87065 29.11769 26.94694 14.82898
[1] 39.18664 30.14789 24.02775 13.75374
[1] 38.67895 31.80535 25.40369 18.66131
[1] 48.82724 37.16681 29.17787 12.45849
[1] 41.01695 30.55317 21.95357 12.04029
[1] 40.89346 32.83882 29.39845 12.43470
[1] 41.59126 31.06377 25.37976 15.21853
[1] 34.63500 32.56970 22.13339 13.09184
[1] 35.10618 30.22003 24.24971 32.27772
[1] 40.27184 26.03589 27.60647 16.72061
[1] 39.57268 31.83516 20.82851 13.01179
[1] 35.58419 31.48749 24.97817 14.74444
[1] 40.10271 31.79054 24.10491 13.55905
[1] 35.33558 32.60128 19.24767 22.69274
[1] 35.61260 29.02767 20.65040 12.78834
[1] 40.81873 36.13647 23.93525 11.66930
[1] 36.15869 29.34496 23.64358 13.39103
[1] 39.44191 27.78427 19.02690 14.97035
[1] 34.49290 30.62516 29.52105 16.98100
[1] 41.08403 32.04413 29.84257 14.78068
[1] 37.82342 33.19919 29.59155 12.77370
[1] 39.47021 26.28621 25.85566 14.33221
[1] 36.06557 31.15660 22.27554 12.90660
[1] 39.73277 28.41179 27.26345 16.34904
[1] 39.62450 30.67579 22.88245 11.83400
[1] 39.93395 29.51613 25.16566 14.78666
[1] 0.7
[1] 38.64146 28.76952 25.56536 33.71699
[1] 38.13197 28.89893 24.72306 16.24169
[1] 40.61864 28.10974 28.14022 12.35139
[1] 42.49132 32.86145 27.07294 30.53526
[1] 39.48256 29.66245 31.47800 17.07499
[1] 41.24287 33.79507 28.90852 11.76060
[1] 38.09840 33.01325 26.54975 20.82759
[1] 41.69344 30.58360 33.21439 14.23191
[1] 44.69838 35.78764 24.92583 14.66271
[1] 41.98813 31.50453 27.36887 15.65618
[1] 42.58527 32.85533 23.95728 14.19504
[1] 42.22080 33.36008 26.54697 14.72725
[1] 36.83737 29.67303 27.76552 15.32474
[1] 37.47763 28.12176 26.94883 15.19283
[1] 38.20825 28.62934 30.44348 13.58047
[1] 40.81499 28.96960 29.07226 18.29365
[1] 37.43341 33.08021 26.58795 16.76485
[1] 33.67863 26.33340 21.75328 17.48699
[1] 42.75189 32.39096 26.50099 13.56695
[1] 46.02319 30.64892 29.22588 17.08113
[1] 42.47928 32.59333 27.61243 14.30842
[1] 43.19370 30.40302 29.86645 14.55827
[1] 47.35136 31.83906 29.25950 15.99319
[1] 37.07050 31.10566 29.27737 13.60400
[1] 44.96868 36.33426 30.85879 13.75279
[1] 43.85324 30.13997 30.68973 18.26771
[1] 41.70493 31.72199 25.15884 14.01502
[1] 36.67779 34.33513 27.40827 18.12948
[1] 50.32653 33.32255 29.25206 13.31439
[1] 44.56404 32.18291 26.88037 15.41818
[1] 40.74488 32.42547 29.81972 23.83079
[1] 35.29845 31.11180 25.52684 21.16871
[1] 44.19735 36.00011 31.32509 24.77180
[1] 34.71658 28.64149 25.41687 18.94096
[1] 38.65307 32.27394 28.26815 15.05690
[1] 41.57793 37.11854 25.24465 16.23567
[1] 38.75620 31.26560 26.65198 15.81804
[1] 47.30847 33.11423 34.29235 21.34741
[1] 43.95436 34.21493 34.28722 13.58065
[1] 38.20171 30.12366 25.40195 12.42527
[1] 43.52105 30.30136 27.74373 21.89362
[1] 42.89323 32.83367 28.25725 18.07937
[1] 35.60007 27.53753 28.43210 15.24298
[1] 34.52335 25.31047 28.76567 15.87428
[1] 37.95015 28.87872 24.65793 13.13346
[1] 47.75862 32.32609 33.46728 16.11157
[1] 34.78458 29.38858 21.88011 14.71181
[1] 42.23114 30.88320 24.49783 18.59703
[1] 41.22304 31.70663 26.92633 16.95441
[1] 43.33799 31.27486 30.18718 20.47210
[1] 0.8
[1] 41.45196 32.31493 32.42081 19.31060
[1] 44.22480 31.05950 36.77245 13.68331
[1] 41.96313 28.97068 30.71531 16.16924
[1] 42.02758 30.43917 33.14602 12.72055
[1] 49.21285 33.08718 30.96189 17.43201
[1] 47.98290 36.60044 28.28247 19.02937
[1] 40.83062 25.28153 35.48013 17.37204
[1] 44.11162 31.62550 28.67605 12.52309
[1] 42.77159 28.73747 25.97130 18.38966
[1] 42.13906 31.51288 32.40312 10.94375
[1] 41.96195 33.70600 30.87079 14.17610
[1] 50.95477 27.84520 33.37121 32.02629
[1] 44.85520 33.22115 35.19526 20.66363
[1] 38.05684 27.30261 31.23457 16.40969
[1] 49.10611 30.90670 30.67313 13.83318
[1] 40.95275 32.13573 30.69010 12.32117
[1] 49.67489 40.59239 31.28852 21.38268
[1] 48.16422 31.88342 30.70931 13.32758
[1] 42.38916 30.04852 32.42040 17.44028
[1] 45.73106 29.79192 33.63877 14.81328
[1] 41.92973 30.56523 32.95781 16.03588
[1] 47.34772 30.57267 30.84478 22.25429
[1] 42.13942 36.64638 32.46656 20.50910
[1] 44.39606 30.38425 34.51786 16.63557
[1] 43.29295 32.73989 33.24006 14.61091
[1] 42.33326 31.46257 28.84397 13.31088
[1] 47.71817 32.17569 31.69096 13.76676
[1] 45.35063 36.29292 31.65484 16.60613
[1] 40.18708 25.99039 36.58720 14.33354
[1] 49.52254 33.51782 34.01219 15.91325
[1] 39.40379 27.92398 30.77241 14.92951
[1] 41.55233 30.19043 37.66452 18.51675
[1] 48.54905 31.65554 35.20276 15.48163
[1] 45.43937 31.69027 32.35510 13.12465
[1] 45.70308 30.48977 28.77758 11.03706
[1] 46.98709 34.69604 31.61554 16.12984
[1] 43.96406 33.95266 36.18994 15.06177
[1] 43.48113 25.43982 34.36652 11.34588
[1] 46.96429 35.20195 29.16668 15.35197
[1] 47.12762 32.93614 29.68994 23.26686
[1] 45.02319 32.77408 29.78670 19.50541
[1] 43.87538 28.88726 34.51978 16.92264
[1] 38.15646 25.93478 23.72385 14.80629
[1] 43.10556 31.45169 31.35090 13.84616
[1] 39.45620 28.68882 31.68564 17.05744
[1] 46.75480 34.48607 29.75557 16.10739
[1] 41.83094 27.58957 36.25146 15.88267
[1] 44.46656 31.93850 37.88382 22.83621
[1] 44.10168 28.53402 30.48071 13.55631
[1] 48.50399 31.58874 33.13693 14.25265
[1] 0.9
[1] 49.89453 32.01185 34.35167 17.23288
[1] 44.72871 28.52222 34.77979 20.30178
[1] 46.88067 27.40679 37.00779 19.05489
[1] 39.52329 33.28823 35.75704 23.78619
[1] 49.20258 27.17107 33.87887 16.31731
[1] 49.60926 30.40452 36.09913 14.10615
[1] 49.05275 32.04569 39.57498 15.56974
[1] 49.71308 30.84603 37.44039 16.13224
[1] 41.62959 27.54139 30.09004 16.48004
[1] 39.74582 23.29091 32.80691 14.71525
[1] 46.88757 33.52428 37.90234 17.06603
[1] 43.27850 28.93438 36.99463 13.60085
[1] 42.26356 26.79830 30.98533 12.29437
[1] 49.47809 30.62597 36.67224 19.34509
[1] 47.39343 27.10098 31.49337 15.73147
[1] 46.27518 31.25222 33.66908 29.63528
[1] 46.11433 33.37104 35.90672 15.42280
[1] 42.31664 30.71011 31.14175 22.21103
[1] 44.19914 30.04658 32.21501 18.22553
[1] 47.58162 32.63829 34.41946 13.18973
[1] 46.70644 27.03708 38.48255 27.62967
[1] 53.38226 34.30375 36.81574 13.26559
[1] 44.91596 29.49218 36.63937 18.34559
[1] 47.49585 30.68750 35.89023 15.10277
[1] 43.30203 29.47812 32.53297 17.82367
[1] 50.15423 36.25141 36.59986 18.46899
[1] 50.71384 31.55735 47.93649 16.64777
[1] 35.52548 24.25290 30.18860 22.88822
[1] 46.71171 33.62384 38.86622 16.59580
[1] 51.16974 32.15939 38.86481 19.57817
[1] 46.84959 34.56771 34.21260 18.13500
[1] 49.88882 33.52414 36.68775 13.21916
[1] 43.11695 30.55476 34.63161 20.71014
[1] 47.93113 30.47794 35.57833 17.89156
[1] 47.67853 31.09792 34.04560 17.78412
[1] 46.74084 30.94526 31.50416 12.02895
[1] 54.05762 33.97323 44.84746 16.12078
[1] 47.16790 32.28552 40.99170 20.91346
[1] 47.23545 30.98191 35.03583 15.38178
[1] 49.30559 32.21141 34.29793 12.95988
[1] 47.39038 30.47407 35.86597 16.66807
[1] 43.17312 27.89639 34.42792 21.16296
[1] 46.85614 32.34945 35.62525 15.90744
[1] 46.19757 26.42325 29.58831 15.36756
[1] 42.89811 26.80474 32.00084 22.50991
[1] 56.20233 34.71502 37.00281 16.34040
[1] 43.44214 30.45143 33.50129 17.54798
[1] 48.98410 32.71039 26.68417 16.41562
[1] 45.31093 35.96659 32.14388 18.98543
[1] 49.46938 35.32421 31.91191 15.86265
[1] 1
[1] 47.30213 30.87103 37.75023 12.84658
[1] 47.48365 25.75917 42.78204 22.94827
[1] 49.61190 33.63416 38.89307 15.97057
[1] 45.18339 28.95402 37.81718 18.90957
[1] 53.07500 34.19445 37.41583 15.90447
[1] 52.68048 34.10908 40.50266 14.36452
[1] 51.80239 30.89729 45.40626 15.47456
[1] 42.24023 27.72118 35.73703 11.89825
[1] 46.28787 29.97094 33.99571 20.45643
[1] 47.79496 34.71651 33.72242 20.12244
[1] 50.72028 29.40657 38.86450 22.64952
[1] 48.40306 30.42165 35.32821 22.05963
[1] 49.59241 31.34419 40.52794 20.88443
[1] 51.18750 28.12470 40.08350 17.19559
[1] 53.58312 28.82662 42.02859 16.51291
[1] 47.27515 30.84900 36.12867 13.01439
[1] 48.21265 25.20931 38.60512 40.78717
[1] 52.81515 32.20433 37.18100 16.32099
[1] 44.60759 30.46689 38.89636 21.98353
[1] 51.40746 34.00004 40.98054 15.71298
[1] 48.64741 29.65497 38.53067 14.01983
[1] 52.53456 30.12291 37.22130 13.31878
[1] 44.75905 29.72834 33.94270 18.88247
[1] 51.73666 32.18029 39.01613 23.34467
[1] 42.29844 25.81575 36.57556 15.29420
[1] 49.28708 32.51531 34.31392 11.64874
[1] 51.88910 28.82538 40.67660 15.94264
[1] 51.26588 31.89684 41.98557 20.67079
[1] 51.87799 31.72871 41.37965 15.20127
[1] 50.72656 29.57532 40.70767 14.14779
[1] 53.40398 29.76332 40.58087 12.18163
[1] 51.80691 32.86819 38.41463 23.52279
[1] 43.11091 31.33627 35.14845 19.41912
[1] 52.71142 31.11708 40.29252 12.02503
[1] 54.28259 34.06154 41.14394 13.23313
[1] 52.46844 31.52707 42.33110 16.20386
[1] 53.28498 35.40919 40.11090 42.96002
[1] 47.55000 32.89473 38.40723 16.85023
[1] 50.48492 32.92144 43.79791 14.62650
[1] 51.59507 31.35458 46.90201 16.94791
[1] 57.62025 35.98635 46.37735 22.30292
[1] 52.78708 30.13195 40.57724 22.77142
[1]  51.47288  34.85606  37.95154 101.12049
[1] 48.03136 29.29190 39.28077 20.86528
[1] 43.21760 27.77943 34.87947 21.32355
[1] 55.84728 36.56885 45.79032 30.39349
[1] 59.37500 31.63849 42.74192 16.53299
[1] 50.42531 33.44837 36.35362 15.95155
[1] 54.17148 32.49160 42.25697 16.42107
[1] 55.66895 31.27871 49.95014 14.56400
[1] 1.1
[1] 51.53588 31.04877 46.95762 20.40819
[1] 57.11896 35.30628 40.29407 19.33329
[1] 56.20001 33.62035 47.57419 17.53569
[1] 56.98606 28.44304 48.71552 14.04849
[1] 60.46450 30.14278 44.53191 22.33298
[1] 51.35968 28.65684 41.03070 16.63523
[1] 50.26276 24.30734 38.01965 13.58186
[1] 48.59636 29.41017 40.32465 17.46924
[1] 55.60575 31.70475 49.48205 16.99207
[1] 49.93787 30.44966 45.56051 13.59241
[1] 56.38665 27.40843 48.79414 24.68298
[1] 55.88422 32.57094 42.99278 20.02912
[1] 56.22277 33.12183 44.68117 17.06110
[1] 48.28677 31.10064 39.12980 16.46266
[1] 49.94439 30.58924 39.31000 15.85229
[1] 63.29497 31.92122 40.43045 24.22962
[1] 63.50591 34.37505 49.35555 24.95497
[1] 55.09753 28.55981 39.41863 15.25864
[1] 55.34685 28.50458 43.69090 15.97734
[1] 53.39426 28.98046 43.92649 14.69803
[1] 50.02444 29.98069 40.77426 19.07057
[1] 56.66973 35.35346 45.06585 23.60435
[1] 52.79796 31.33823 43.23537 34.85462
[1] 55.28207 26.85419 43.70132 25.87194
[1] 47.01318 32.20221 39.07682 19.10222
[1] 59.29983 29.97340 42.86589 14.69079
[1] 46.68030 29.27309 48.29307 18.18217
[1] 50.59286 27.23144 41.31150 24.35946
[1] 53.85920 30.02202 43.62898 13.93223
[1] 42.24107 27.71377 37.02429 15.72064
[1] 56.06969 34.11637 45.55284 24.22591
[1] 53.41630 30.16366 41.92007 17.05497
[1] 49.99517 29.28230 43.78170 14.95454
[1] 50.31696 29.67774 46.85803 24.36334
[1] 54.36272 31.83563 44.83713 19.19350
[1] 56.56171 32.14763 43.52394 30.28207
[1] 55.27058 34.31192 43.48246 26.48265
[1] 55.21185 32.09389 44.94143 16.85629
[1] 62.94716 27.66101 46.59999 15.44272
[1] 61.44689 34.48876 41.80399 22.69912
[1] 53.69752 27.71922 43.77889 18.35212
[1] 50.64431 31.27493 41.35735 17.38616
[1] 40.61065 27.13923 37.31954 21.68380
[1] 53.42356 33.68164 43.15143 14.23399
[1] 60.16437 30.99663 45.35926 19.04405
[1] 54.41207 30.32182 50.97410 22.54770
[1] 50.58401 31.83031 39.64349 16.44534
[1] 52.81670 29.42020 41.89517 20.42538
[1] 56.43090 31.10653 48.51156 18.51113
[1] 50.51578 32.57683 42.56051 17.21825
[1] 1.2
[1] 58.38360 33.70492 49.24404 21.55454
[1] 59.59638 35.54588 53.42356 25.88486
[1] 61.83247 31.68262 54.94170 29.41884
[1] 56.63669 30.40432 41.81345 22.81471
[1] 51.73370 28.47580 40.89517 16.05784
[1] 63.58257 33.36565 47.28174 13.23479
[1] 59.69349 31.91910 49.99093 25.33733
[1] 60.61613 31.65018 47.85385 16.54961
[1] 51.95491 33.93584 40.68366 25.81016
[1] 67.57390 32.05856 54.04570 20.70912
[1] 62.78673 27.48265 56.35053 18.40687
[1] 48.81275 28.25875 43.41118 13.21691
[1] 57.31517 27.46843 41.16880 16.67581
[1] 60.63190 31.29005 51.83425 14.88653
[1] 56.21224 26.80275 45.96326 14.21178
[1] 53.11290 29.34516 38.89401 14.35847
[1] 59.06869 33.82151 44.87704 18.40722
[1] 51.54097 28.12623 35.17028 18.51793
[1] 61.04839 32.06880 51.36904 36.52972
[1] 61.50815 28.17242 48.01497 13.03301
[1] 57.97063 33.88396 47.67913 33.35067
[1] 62.98218 31.71013 47.10185 19.28171
[1] 56.91448 33.20684 47.75635 18.33315
[1] 54.86661 30.88991 50.27236 20.43236
[1] 58.50658 31.56169 41.83973 19.96801
[1] 52.86414 33.50423 43.98114 17.03268
[1] 55.16318 28.92355 48.41403 21.95778
[1] 60.58433 39.53069 49.10636 17.74370
[1] 55.06059 28.78443 47.80375 35.53630
[1] 57.71358 31.10794 45.16177 17.87507
[1] 58.99723 30.95209 52.68110 31.93134
[1] 61.81154 30.78296 46.85484 18.18522
[1] 58.81017 32.49622 46.03873 27.62404
[1] 59.52344 32.56399 46.12552 15.28571
[1] 52.18754 25.34707 44.26043 20.00680
[1] 58.97495 32.31617 48.84949 15.25519
[1] 53.46834 31.96353 39.06692 14.89181
[1] 47.99330 28.88492 43.36522 25.54786
[1] 54.41544 30.63065 48.07548 29.32483
[1] 52.45843 29.42974 44.13649 13.24369
[1] 59.64625 32.32382 40.57502 24.52296
[1] 62.86125 34.23405 55.36471 16.07713
[1] 54.73806 29.96647 55.71939 17.85703
[1] 54.15080 28.99771 46.06743 19.91911
[1] 64.75265 31.34154 48.44739 19.58179
[1] 58.60480 31.13292 47.03716 20.88016
[1] 48.29195 30.80220 45.17980 15.49246
[1] 66.12306 38.61204 57.66221 42.66494
[1] 53.85210 32.96407 49.26354 21.97538
[1] 55.50322 32.43744 45.67138 17.37419
[1] 1.3
[1] 65.82977 30.30968 53.60734 13.38298
[1] 60.61535 30.40303 55.20564 14.66297
[1] 69.82311 31.02555 57.67165 21.61643
[1] 60.18620 29.78631 50.25314 11.45140
[1] 68.12737 29.39304 59.50556 18.13465
[1] 59.38651 36.04929 50.88276 20.11645
[1] 66.24513 34.53429 53.92570 20.13807
[1] 56.08445 27.61055 49.87984 20.62370
[1] 63.02918 34.26498 54.72724 25.42064
[1] 59.85731 26.52705 47.61568 14.50039
[1] 63.70921 27.23157 49.47156 17.45175
[1] 61.44454 33.84578 53.19311 14.82506
[1] 64.65030 33.94082 52.29229 17.66061
[1] 62.11968 35.80978 56.13370 22.05311
[1] 65.36801 31.64060 51.29608 23.81715
[1] 55.81299 33.33697 45.97389 16.47858
[1] 65.47603 36.75201 55.73550 28.19936
[1] 53.13829 26.46162 48.66086 19.61855
[1] 59.46705 31.25165 49.79798 48.81341
[1] 61.18551 27.57695 40.99068 24.59935
[1] 50.86135 32.37057 46.48764 24.30135
[1] 60.35014 30.79787 54.24189 14.24142
[1] 57.48992 29.13668 49.95466 39.15449
[1] 66.89312 25.92919 52.56913 31.10464
[1] 66.44155 32.82512 53.59365 25.69156
[1] 60.94604 31.55788 52.81009 17.86482
[1] 59.53410 32.17517 52.30715 20.41707
[1] 75.26490 30.97748 56.97977 13.98643
[1] 58.05341 30.97485 48.81678 68.39435
[1] 62.53692 28.68689 55.17458 30.95570
[1] 59.46714 32.24642 48.90662 19.16040
[1] 57.72294 26.02859 36.72858 16.02806
[1] 78.65426 38.17139 52.73592 15.97718
[1] 62.48828 26.77240 56.10733 17.07950
[1] 65.99780 34.19428 58.49837 19.58923
[1] 61.52587 35.59091 52.59974 33.97857
[1] 57.97146 28.65794 53.19439 20.36651
[1] 63.70466 34.20427 54.11112 20.69045
[1] 55.70534 25.84200 41.78428 18.91599
[1] 66.22763 31.93336 58.95227 16.97444
[1] 60.11115 28.56812 48.01796 18.59029
[1] 72.42451 33.45299 60.51872 21.36096
[1] 65.65002 35.82639 59.38574 15.26211
[1] 61.56984 31.95438 49.76751 15.63658
[1] 67.10245 29.06914 59.41092 15.99467
[1] 63.40927 30.53609 54.22801 29.50126
[1] 61.98673 32.12924 59.49812 16.48498
[1] 56.28862 31.54606 42.92373 16.66036
[1] 68.69322 32.69701 68.00355 23.70915
[1] 56.58338 31.38548 52.15060 17.58556
[1] 1.4
[1] 70.39275 30.08616 62.09144 26.48187
[1] 69.14458 31.00780 66.47088 20.15229
[1] 70.18412 37.05547 64.34685 36.62179
[1] 72.50345 33.10967 70.43269 20.56236
[1] 66.84407 29.41212 56.54650 19.67457
[1] 66.70857 28.63595 60.19476 23.21103
[1] 61.58736 32.15651 51.02763 21.17502
[1] 72.01050 29.01743 62.57169 33.34849
[1] 62.57364 27.05012 53.89155 17.68328
[1] 76.93443 36.58320 61.37701 13.27870
[1] 61.03878 31.16431 50.73182 19.12280
[1] 72.48209 33.89273 58.33761 20.50052
[1] 76.89504 33.32619 61.32894 27.68359
[1] 71.37869 33.42436 56.38379 18.88306
[1] 61.53984 33.57619 52.03966 14.14200
[1] 75.08816 34.17804 63.87414 18.55578
[1] 72.01524 30.64437 62.62396 16.95277
[1] 69.58171 29.33595 55.39200 15.55710
[1] 73.11338 35.41658 66.78878 22.71019
[1] 68.51019 33.08231 62.50377 24.14291
[1] 57.94821 30.48027 53.77983 17.58394
[1] 73.20074 29.86779 59.55386 25.79576
[1] 63.64892 32.29926 57.77838 21.36297
[1] 62.92969 34.76726 57.66603 19.50070
[1] 62.15053 30.66860 51.65446 19.94665
[1] 70.82158 37.77042 64.57703 21.77366
[1] 67.86286 34.37409 53.47069 30.94470
[1] 66.35495 36.09374 57.97321 20.09376
[1] 70.62027 36.46097 69.56912 26.84897
[1] 68.84346 38.16101 60.36859 17.17491
[1] 53.08604 29.26717 51.50501 18.39129
[1] 69.40303 38.35778 68.49503 16.90510
[1] 71.88705 32.07952 70.17097 16.12787
[1] 69.01908 31.13874 66.96180 45.46532
[1] 69.40951 39.16340 62.19811 34.12915
[1] 71.81432 34.25559 61.30006 19.86136
[1] 72.74495 34.00253 70.00658 20.93329
[1] 65.26614 29.74202 59.35048 15.73924
[1] 74.91063 33.89357 54.07450 16.87880
[1] 65.98403 30.85319 59.83001 16.81984
[1]  70.25483  32.20558  58.38451 177.32401
[1] 66.29774 32.76693 64.16151 17.68177
[1] 65.81272 33.31141 52.74829 55.35951
[1] 73.01090 36.56886 56.74329 24.56768
[1] 84.68845 34.49823 65.69330 14.35254
[1] 65.16529 29.91028 47.23300 14.22027
[1] 64.41960 32.23273 52.69321 17.84942
[1] 52.20466 33.22668 46.32164 21.02597
[1] 65.68252 34.47694 54.22775 35.53947
[1] 55.95674 27.61964 46.50276 20.98201
[1] 1.5
[1] 73.71006 31.14285 67.66145 38.74264
[1] 69.14771 33.08555 62.42709 41.57305
[1] 79.86971 38.26631 68.43605 13.65804
[1] 60.13942 26.79806 55.19066 66.89785
[1] 75.34115 32.05404 67.56285 24.32218
[1] 82.47060 32.04600 68.75232 23.85278
[1] 71.00508 30.98677 67.76912 35.23496
[1] 69.26113 32.61487 60.97485 14.78060
[1] 82.03345 37.22406 69.41274 16.92354
[1] 72.86509 30.25855 71.05836 28.71207
[1] 64.41588 33.28620 57.77120 18.28929
[1] 83.71116 32.39071 74.28585 29.56190
[1] 79.77675 31.79286 77.76303 18.38726
[1] 69.32458 28.68025 67.11961 35.26356
[1] 81.99599 30.22512 76.11574 35.91560
[1] 83.49639 32.28872 76.16643 19.05685
[1] 75.76149 30.03142 69.23537 27.72741
[1] 76.27247 32.39748 66.83504 28.72017
[1] 70.25530 31.70901 65.40803 16.96560
[1] 67.35487 29.81511 59.32723 16.18371
[1] 69.09613 31.36920 53.66387 17.52061
[1] 80.15281 28.73156 76.69348 21.57489
[1] 73.52577 38.88384 74.44023 23.89902
[1] 66.95506 29.67581 61.32394 18.77767
[1] 75.22105 29.72349 68.54613 25.64140
[1] 71.97973 31.41699 65.61625 15.19921
[1] 73.33454 30.32475 68.43365 23.68693
[1] 68.92193 30.37757 62.88805 36.70264
[1] 74.21547 32.85769 63.37473 25.02607
[1] 75.69526 30.52221 73.27322 24.05493
[1] 84.60005 31.66886 67.07408 41.57553
[1] 80.71508 34.89241 70.81436 17.33422
[1] 83.77980 33.64963 73.85098 20.04450
[1] 69.43921 30.77032 60.75493 17.56465
[1] 71.47420 31.39890 63.60488 14.62045
[1] 75.91270 30.58371 61.41224 34.19988
[1] 74.62389 33.04314 68.86417 56.61791
[1] 65.61261 34.38279 66.23327 35.04068
[1] 73.06384 29.89832 67.53241 16.23887
[1] 72.58599 31.86279 60.59950 83.84253
[1] 70.09218 36.40413 63.25460 12.60918
[1] 64.99089 28.33244 59.33643 17.67493
[1] 58.66248 27.83448 54.15672 18.56977
[1] 76.91002 32.09117 70.36660 39.25848
[1] 67.20662 27.29065 61.69795 52.21897
[1] 68.72540 33.85972 64.73298 22.08867
[1] 80.58985 32.42356 72.17175 39.52808
[1] 73.38559 34.83016 61.64868 39.70631
[1] 61.71206 28.94412 58.78978 22.47157
[1] 75.60208 33.43379 63.00104 19.09146
[1] 1.6
[1] 68.68020 32.21147 68.39291 24.53521
[1] 86.91092 32.65459 80.02777 17.45708
[1] 77.15638 34.31269 70.34790 22.13817
[1] 81.15733 34.58062 65.25802 20.80571
[1] 75.10806 32.87803 63.01200 17.15827
[1] 92.60077 33.42183 72.07570 31.04303
[1] 81.63241 35.66633 78.17017 29.98660
[1] 84.10017 33.86570 75.13932 21.75025
[1] 78.48099 33.51095 67.02577 20.63011
[1] 85.08146 33.75251 77.84814 24.21632
[1] 81.81913 33.46897 59.83953 27.31301
[1] 68.37543 32.49041 66.79822 15.43812
[1] 86.26594 34.68208 73.05212 33.31526
[1] 71.44857 33.96241 68.97694 33.43901
[1] 77.95957 29.45997 71.64921 20.90389
[1] 71.42141 34.19296 65.60880 24.91011
[1] 92.34675 34.99220 74.75108 25.46951
[1] 86.55043 36.47911 77.22819 53.59588
[1] 81.24513 32.68056 75.01111 38.67681
[1] 82.89922 33.50324 65.11081 37.91989
[1] 81.35018 33.61496 79.71663 23.40280
[1] 81.73347 32.80724 68.75810 39.38098
[1] 79.44974 32.94415 63.87997 23.40247
[1] 75.81984 34.63406 69.49073 13.73793
[1] 77.55957 32.08237 61.79500 24.26131
[1] 81.61839 29.84937 70.38829 25.74320
[1] 79.79383 34.55020 71.69719 16.69476
[1] 74.80943 27.16903 68.86710 17.95839
[1] 77.90078 34.20346 81.65964 39.67439
[1] 79.32569 31.57783 69.00863 25.40461
[1] 83.06665 33.52250 75.28411 70.87127
[1] 80.29695 30.31778 68.30735 36.80469
[1] 82.06108 29.80014 76.92215 41.37120
[1] 70.47500 33.57113 66.57694 14.81626
[1] 75.38111 37.13768 68.90111 19.53312
[1] 78.65988 32.10736 69.59389 23.62684
[1] 83.11290 33.19624 75.78856 26.67254
[1] 76.80213 32.60291 71.73639 42.10760
[1] 76.89630 34.33028 73.78404 35.97890
[1] 81.20067 36.41916 71.32526 35.23139
[1] 73.95612 33.83493 75.84919 18.72764
[1] 71.18251 30.93054 69.98948 20.36758
[1] 63.77008 34.71706 60.15660 15.75760
[1] 76.95535 37.72195 73.67439 27.02333
[1] 75.30142 29.69969 72.80488 13.76362
[1] 64.29579 28.00975 66.07872 16.20461
[1] 76.13833 29.96483 64.03733 29.20641
[1] 85.39422 34.43161 72.79659 19.91760
[1] 78.27880 31.87090 63.03952 16.63062
[1] 71.09098 29.57771 65.62700 42.28451
[1] 1.7
[1] 82.30865 30.81280 74.36421 22.73757
[1] 85.60859 35.52799 76.31355 17.74630
[1] 78.21987 27.90318 75.31672 38.83257
[1] 75.54171 28.89604 61.88622 17.60192
[1] 80.79526 32.95794 75.20484 28.14876
[1] 71.52203 35.25282 66.68185 16.54203
[1] 60.04831 26.00676 59.63151 19.71550
[1] 83.67021 33.60071 74.79153 14.51722
[1] 86.09139 31.74874 76.19769 21.70435
[1] 74.65184 31.58602 66.09705 22.96104
[1] 81.31011 32.91036 78.74520 22.46013
[1] 83.13000 31.05995 80.03387 24.06406
[1] 83.50462 32.96291 84.62016 16.77837
[1] 81.64543 30.51660 77.16652 26.91889
[1] 85.50988 33.47027 73.61804 17.66928
[1] 95.50709 33.97944 87.20440 37.35092
[1] 86.03842 34.27234 67.37017 42.28782
[1] 80.81086 31.19689 71.57040 42.36853
[1] 79.97410 32.86971 77.52649 67.26489
[1]  77.35338  36.63594  81.12682 116.82637
[1] 84.00750 28.46000 80.36385 35.68116
[1] 87.99668 31.54279 79.72885 43.99327
[1] 89.95167 35.26292 86.57820 18.41091
[1] 80.46371 34.76447 72.81822 20.85831
[1] 88.07328 33.47987 75.02020 24.79067
[1] 97.27296 38.24790 91.60555 63.02397
[1] 79.41498 34.91981 73.23609 42.00006
[1] 88.37367 34.37749 80.69125 53.04263
[1] 90.14679 30.19887 74.22251 62.92356
[1] 81.25072 35.11605 75.70499 54.90228
[1] 82.03423 34.03456 77.54239 28.63524
[1] 81.55228 29.62868 82.15990 24.92879
[1] 83.75930 29.36024 74.31112 22.98986
[1] 72.48519 30.86281 69.06253 16.55973
[1] 85.19659 27.81584 73.78760 16.69395
[1] 83.89602 33.56136 80.97464 34.94316
[1] 84.21903 33.72047 74.96384 15.51563
[1] 79.97366 33.09782 74.67225 16.76235
[1] 82.45544 32.50632 75.73654 30.08089
[1] 68.28346 29.06375 62.21418 14.39073
[1] 95.51512 37.01430 93.52751 15.03619
[1] 76.17499 32.85947 68.41953 17.20136
[1] 102.46885  38.63348  84.59013  26.13478
[1] 87.37507 32.33634 74.96978 19.34015
[1] 91.17839 31.76151 87.74082 20.61723
[1] 87.27947 26.25202 81.83767 20.10685
[1] 72.62830 32.45077 68.04528 41.98072
[1] 67.36007 33.66203 64.83060 38.55255
[1] 84.96454 37.07602 75.28925 13.97994
[1] 79.84578 35.22922 79.33343 18.59491
[1] 1.8
[1] 91.16785 35.27757 83.53040 35.05386
[1] 75.20192 31.36447 73.67798 14.54216
[1] 102.59558  36.30072 100.72803  47.39378
[1] 82.34080 27.66636 84.35014 19.76883
[1] 85.65869 36.44309 85.83371 40.47075
[1] 100.26441  36.29512 101.24934  29.50236
[1] 81.35304 25.58318 75.78491 14.48821
[1] 82.40559 31.44551 76.82274 19.44544
[1] 95.11206 31.97907 91.84905 14.70032
[1]  83.93641  33.18150  81.51283 111.30459
[1] 88.87752 32.73615 89.68486 50.07237
[1] 84.73716 30.89680 79.95879 24.94512
[1] 92.96759 30.55904 83.89492 99.32793
[1] 90.79081 33.04667 80.10390 20.78506
[1] 88.29581 34.77673 85.71195 26.27989
[1] 103.49426  34.76965  85.60306  23.43793
[1] 89.20655 31.50510 75.09558 25.45818
[1] 94.01098 30.72401 84.95930 25.54396
[1] 95.22586 32.45452 88.34284 18.09103
[1] 86.90220 28.72762 86.74884 94.59612
[1] 70.75968 27.85884 68.56969 50.17844
[1] 87.25557 30.77049 85.17368 25.43247
[1] 105.48444  31.56702  96.68477  42.84193
[1] 84.38614 36.78085 80.86113 25.40582
[1] 78.45031 31.66467 71.60760 26.83447
[1] 109.17830  30.98775  86.26504  41.58103
[1] 96.27244 31.97075 88.38553 22.32736
[1] 90.99012 35.44928 75.56789 15.03002
[1] 85.02706 28.64942 79.94634 33.69622
[1] 102.57706  30.48504  90.65321  17.43967
[1] 94.24594 37.44162 78.23946 21.01296
[1] 96.36437 29.93971 89.22700 21.06192
[1] 79.38844 33.83732 66.49702 24.06565
[1] 92.66121 36.57401 89.92570 37.23376
[1] 98.40922 33.77779 93.08949 20.17802
[1] 93.54010 28.60178 87.90474 20.47829
[1] 102.85206  37.64872  86.16311  27.57321
[1] 87.44868 30.70893 82.16717 51.88996
[1] 78.84605 33.62276 76.29861 16.74242
[1] 92.36683 33.16425 82.04041 19.26351
[1] 80.43896 29.21021 81.13400 24.63432
[1] 78.52449 38.93696 67.83717 22.13914
[1]  91.78017  30.44067  92.09522 101.16746
[1]  92.89856  34.07017 104.91159  40.47630
[1] 90.18661 32.36401 82.87132 40.87897
[1] 85.33341 31.86755 82.99689 23.91822
[1] 84.87779 28.81020 82.74208 21.75059
[1] 98.94498 28.83818 94.46032 21.45733
[1] 105.28154  34.06813 102.39756  25.53756
[1] 88.80176 35.33903 82.64006 25.10765
[1] 1.9
[1] 88.95825 28.71855 83.55575 37.33724
[1] 83.12708 28.40532 83.23069 21.18240
[1] 96.08385 32.45285 88.73218 18.70120
[1]  95.38403  32.80875  80.87765 467.71071
[1] 96.68331 34.59640 91.98959 49.17119
[1] 95.05559 34.56724 94.38756 36.11221
[1] 107.79427  30.36216 101.15593  27.57524
[1] 105.40717  35.97226 109.22416  22.46259
[1] 103.78653  32.16214  97.08685  18.33956
[1] 81.40106 32.06522 82.61551 19.25425
[1] 97.64125 31.33236 92.50431 22.59507
[1] 96.81398 34.85241 86.71504 28.00777
[1]  94.68255  30.85375  88.74854 157.88365
[1] 108.47647  38.29215  96.45881  22.34021
[1] 98.25606 39.46910 91.57713 18.64709
[1] 89.63203 25.56003 87.15039 15.73826
[1] 98.41906 34.47847 88.41917 75.56976
[1] 101.28196  25.96032  93.76175  31.00586
[1] 90.57977 33.58072 80.61568 24.65236
[1] 99.14367 33.34861 91.93561 40.22943
[1] 92.68231 30.72191 88.91658 12.49421
[1] 102.18444  33.38448  95.76200  20.72053
[1] 98.13279 33.40369 89.23772 23.42000
[1] 101.51202  26.34200  89.25792  18.98774
[1] 102.51258  32.34201 102.58754  15.01138
[1]  82.90904  32.88783  78.69386 116.73401
[1] 89.64643 33.30964 85.47521 57.64561
[1] 90.19381 39.29528 81.92838 22.57405
[1] 90.70381 33.37106 88.67603 18.58947
[1] 97.84778 36.28374 91.84739 30.62122
[1] 86.87695 31.93591 85.16324 45.05295
[1] 99.70101 31.72061 89.37078 17.18180
[1] 111.93446  36.42976 105.34654  21.96824
[1] 98.08107 32.55463 88.45555 66.12695
[1] 85.99984 33.89141 85.46856 75.58501
[1] 100.63239  37.39001  95.72096  26.87797
[1] 100.03453  31.82653  90.84478  31.89929
[1] 98.25390 36.63292 95.44892 20.25549
[1] 97.43947 37.10574 93.35545 23.06174
[1] 92.02429 32.22460 82.20586 41.14198
[1] 110.17172  32.57183  95.44725  26.08993
[1] 84.49429 31.03592 82.00475 18.01929
[1] 85.09593 34.34440 80.24550 19.62546
[1] 100.60823  37.53460  92.16688  21.62323
[1]  96.69068  35.66827  92.64310 246.15467
[1] 102.58337  35.32088  97.70313  24.26379
[1] 110.80502  37.54194  95.83740  20.50188
[1] 85.88325 34.02741 73.64888 19.99659
[1] 97.06448 36.56383 90.65863 21.99553
[1] 80.63142 32.32069 78.02317 22.48313
[1] 2
[1] 116.48643  30.93640 103.13426  18.89117
[1] 98.13798 33.11145 89.12697 39.05593
[1] 94.04914 31.81649 89.05358 14.44574
[1] 82.11443 30.87819 76.63426 19.02209
[1] 92.39430 32.48668 88.86658 29.36495
[1] 105.14684  31.22698  96.36945  15.67077
[1] 119.84114  34.65341 113.26285  23.82591
[1] 100.14035  36.40377  92.28371  34.00445
[1] 90.39930 30.44128 86.92150 19.61084
[1] 123.00618  33.08342 122.04747  27.27515
[1] 103.20306  32.32303  92.79383  45.40712
[1] 105.61251  32.20883 108.40495  28.56284
[1] 95.96517 33.71075 96.66620 26.87821
[1] 103.83760  36.90493 105.89688  67.14037
[1] 111.69175  33.08117 108.92898  36.95048
[1] 109.83461  34.04856 109.35819  18.69318
[1]  98.98318  31.11596 102.75943  13.37050
[1] 112.43794  32.34947  93.94958  31.62960
[1] 107.20917  30.57779  97.65975  44.27399
[1] 111.66191  39.73394 113.90256  28.22313
[1] 109.20368  33.35309  98.29406  23.71534
[1] 124.49851  33.10689  96.33726  18.63499
[1] 101.83969  34.32395  98.62067  26.02447
[1] 89.51259 30.62498 90.61116 18.77251
[1] 114.33214  36.97810 111.07796  27.18131
[1] 96.97347 40.24068 96.84330 54.84209
[1] 104.64955  37.71035 102.68604  28.93652
[1] 109.48771  36.96896 107.21072  30.99173
[1] 108.35574  32.35006 103.50095  19.96328
[1] 86.52927 30.35610 81.96142 18.07199
[1] 108.9906  32.3072 114.4659  20.4181
[1] 90.22703 29.33987 82.71779 20.94083
[1] 106.99651  40.99762 116.43439  22.88652
[1] 97.53638 31.71301 94.51345 25.13619
[1] 99.09164 31.61635 98.53539 16.83487
[1] 90.83550 35.15128 82.37677 25.19550
[1] 117.00935  33.64522 116.74374  39.77582
[1] 100.50900  36.55996  97.31945  22.79284
[1] 105.66785  33.83886 103.07215  64.60608
[1] 95.98055 34.23229 94.43529 70.17090
[1] 113.21931  35.99971 110.95494  16.64757
[1] 100.89601  30.52099  87.34727  58.07448
[1] 123.20044  33.34261 107.56326  35.47311
[1] 97.40597 29.33304 92.13857 17.30349
[1] 110.10896  36.98042 108.79291  24.34252
[1] 93.68706 28.66327 89.51083 17.28299
[1] 107.70912  33.63883  95.08121  33.54918
[1] 105.41987  35.95321  89.98161  16.85690
[1] 113.05404  33.13639 107.23035  28.30622
[1] 90.29851 35.09390 84.89778 17.87731
[1] 2.1
[1] 112.86497  31.09003 108.51925  18.79574
[1]  96.37256  32.31097 100.74533 250.71277
[1] 131.52635  38.46554 133.03052  41.68464
[1] 109.08634  32.80360 107.51178  82.38341
[1] 113.36439  36.65444 114.55310  59.87926
[1] 122.05743  34.80928 119.63563  46.35463
[1] 101.88485  31.08409 100.37652  24.19144
[1] 113.49037  34.04829 108.06576  27.96013
[1] 113.92298  27.75723  94.35226  54.45188
[1] 106.70930  35.43371 106.80738 122.62791
[1] 111.30619  34.86731 110.35649  23.80870
[1] 104.70538  28.83172 104.30696  23.46578
[1] 96.42617 33.98336 94.78620 20.72113
[1] 89.65928 35.53934 88.31668 36.99809
[1] 119.46591  34.87703 112.06689  30.67821
[1] 111.12993  33.56823 104.81175  24.55207
[1] 108.67825  30.63636 103.80260  48.59494
[1] 108.74126  35.33587 125.37548  24.19253
[1] 101.71663  36.50193 102.24476  37.31247
[1] 139.64798  35.32952 129.06773  82.58721
[1] 138.46612  34.72028 135.44774  29.93132
[1] 114.46175  35.73215 113.25658  23.12122
[1] 109.35024  35.06524 104.07556  46.05141
[1] 100.89419  33.38157  98.15646  17.08496
[1] 124.84495  38.36287 122.47330  46.99469
[1] 124.51862  35.44549 120.06066  42.65571
[1] 118.85629  40.57941 121.44791 322.04894
[1] 118.29143  32.97613 100.24530  29.60575
[1] 115.85743  30.30510 114.75638  18.90944
[1] 99.35812 31.63757 99.01637 38.16792
[1] 130.34568  33.62625 114.89690  29.71260
[1] 122.37006  36.89174 115.98794  18.50427
[1] 122.30845  32.76465 118.57826  26.74894
[1] 114.54041  38.63766 111.51416  42.47776
[1] 104.87344  32.28083  92.82090  19.86703
[1] 108.33883  35.39147 108.86479  30.83405
[1] 114.50066  30.31344 112.98286  63.68853
[1] 111.58922  31.20627 115.78819  22.37471
[1] 110.34800  30.33469 114.64098  28.91627
[1] 123.45360  30.45969 122.40442  48.22878
[1] 104.69013  33.91458 100.41022  33.94478
[1] 112.27303  35.36948 100.89382  26.25792
[1] 103.93699  33.57234 106.84795 120.13850
[1] 91.02265 33.06315 90.63416 28.86714
[1] 99.16201 32.11860 92.77637 21.68735
[1] 121.59341  31.65277 106.96028  21.61696
[1] 109.15314  30.87668  97.86126  34.39071
[1] 107.82977  35.41224  98.98769 112.49896
[1] 125.81850  33.91448 109.24454  62.41684
[1] 110.72825  38.54030 101.47695  17.12958
[1] 2.2
[1] 120.16945  36.59556 123.11776  23.88894
[1] 121.39742  33.79564 113.65694  40.51858
[1] 114.24423  29.22475 109.86288  34.98691
[1] 128.80947  33.57431 122.84032  36.62293
[1] 123.28524  35.20899 117.98886  69.92881
[1] 146.67179  38.66426 138.47747  61.60423
[1] 101.20122  29.00506 107.65511  30.42624
[1] 116.75953  33.94017 111.98126 103.88718
[1] 114.17922  32.37844 106.74900  18.70182
[1] 116.42280  34.08700  96.56859  43.66718
[1] 140.68137  32.15840 126.17249  28.53168
[1] 126.43519  34.03339 121.28551  44.43769
[1] 115.62843  33.28018 107.93039  18.27137
[1] 132.00980  39.61723 124.37696  19.61939
[1] 113.71872  32.28957 111.90012  46.36031
[1] 127.01845  42.49911 124.80714  33.78301
[1] 121.43411  31.01289 112.62101  18.09752
[1] 109.95067  34.68128 110.74376  51.72783
[1] 116.96825  37.46612 113.38096  20.26694
[1] 120.10570  34.07905 120.10465  24.88938
[1] 118.80162  33.36608 111.92324  30.87633
[1] 108.44090  35.96916  99.08645  67.12127
[1] 115.74564  36.11950 123.58913  21.54168
[1] 135.98731  37.52610 129.99038  58.34386
[1] 131.76515  35.34768 123.58579  31.73473
[1] 113.08822  36.62368 108.40919  21.91879
[1] 125.77109  39.67347 118.70087  31.45041
[1] 116.95057  34.17709 115.13264  43.43570
[1] 141.18055  34.52007 143.71309  20.73711
[1] 117.88516  30.62767 116.66883  22.30023
[1] 113.91182  35.05365 114.02160  29.05374
[1] 120.5283  35.1995 114.9328  54.1028
[1] 111.05261  31.45960 103.20557  41.34987
[1] 112.74751  40.57785 111.84796  26.41521
[1]  98.36822  32.24869 101.41442  16.94951
[1] 126.09129  35.90448 119.15061  36.20460
[1] 151.15033  32.05496 133.20936  30.74393
[1] 121.56177  35.18146 124.13728  20.71135
[1] 129.60742  29.81445 131.97662  26.52901
[1] 119.77834  36.19267 120.21430  22.07064
[1] 120.08988  44.16675 117.04756  38.72308
[1] 132.92221  34.24001 117.59762  32.02648
[1] 100.02676  30.17850  99.36753  29.84436
[1] 106.25682  33.53704 109.39745  20.66854
[1] 122.64424  36.88985 108.67436  37.31952
[1] 126.70862  35.50126 123.81366  20.93219
[1] 109.21002  38.32224 112.08472  30.45696
[1] 127.33842  33.05947 117.36032  29.60847
[1] 117.14906  37.83814 115.97562  29.27782
[1] 133.94237  41.07787 122.48044  39.80243
[1] 2.3
[1] 127.75299  39.07285 124.08011 102.48123
[1] 136.68704  36.25047 137.11076  28.59588
[1] 124.53919  34.03145 121.94513  20.39701
[1] 141.64108  40.05304 142.15146  30.95779
[1] 134.28718  36.53444 114.96901 118.27104
[1] 127.48536  40.09018 123.46974  23.49472
[1] 128.14739  33.45732 125.44627  23.98967
[1] 126.80780  37.87184 128.09969  31.04185
[1] 121.23162  36.10346 116.15798  30.94128
[1] 138.21884  39.45427 139.56386  61.21997
[1] 101.22070  32.52556 101.68843  46.08272
[1] 132.42272  38.98578 123.52809  41.07120
[1] 137.57671  33.65278 124.34731  50.84048
[1] 102.31366  32.68693 107.54067  46.90248
[1] 118.19296  34.13475 124.91960  51.94832
[1] 125.17058  33.41859 124.47862  48.73195
[1] 133.76082  38.16067 128.75227  24.11787
[1] 146.33124  38.24834 134.67872  23.84376
[1] 141.4588  32.0852 122.2762 153.0549
[1] 146.14006  33.89390 127.09732  19.31489
[1] 126.31241  31.30492 121.43784  41.86532
[1] 130.75753  33.91356 132.51383  30.83680
[1] 118.96391  36.94750 112.77318  28.27074
[1] 145.50282  32.88480 138.37395  40.63021
[1] 114.67439  34.14475 115.95810  35.18268
[1] 137.79253  36.00867 136.97103  20.88722
[1] 125.57426  38.50743 115.18522 117.79189
[1] 110.36338  35.20078 108.28215  57.92752
[1] 134.92949  34.29542 133.17495  20.11581
[1] 115.30069  31.56786 118.21320  27.26848
[1] 140.28535  33.79493 102.81629  18.01137
[1] 124.36206  31.99583 118.52133  27.50699
[1] 129.67565  35.55734 131.40888  22.77224
[1] 107.53595  31.80301 117.48064  23.73191
[1] 110.24532  36.19172 110.94750  21.42386
[1] 100.56856  36.22892 113.36851  53.67976
[1] 152.04811  32.36523 131.50870  51.51622
[1] 136.51831  31.61066 135.29959  29.78504
[1] 131.43042  34.06836 126.89785  60.92431
[1] 130.67367  32.84627 125.30636  24.62552
[1] 130.13766  33.94796 117.79084  29.74655
[1] 119.70182  34.03004 114.63874  23.97327
[1] 121.85679  29.85135 119.10363  17.01112
[1] 130.00702  35.62691 121.57230  22.47259
[1] 122.60417  36.34763 119.98028  26.31192
[1] 129.40156  31.41521 118.37804  12.96525
[1] 130.71797  33.04339 128.61175  61.34057
[1] 129.24300  41.54931 120.48943  62.49483
[1] 119.91693  33.14695 122.10852  18.65757
[1] 134.69338  33.97338 129.05336  54.82380
[1] 2.4
[1] 143.64225  36.54245 139.91639  29.79404
[1] 131.25223  35.32624 136.72669  36.69001
[1] 135.46782  37.07556 133.69842  28.17964
[1] 142.60769  34.88566 134.79873  24.17484
[1] 140.07491  41.10520 128.75864  21.11927
[1] 137.73377  25.66527 116.05157  20.59301
[1] 148.52353  41.46683 148.95602  27.19532
[1] 118.13202  35.48148 119.04683  23.77367
[1] 143.44944  34.72829 145.14187  21.37561
[1] 157.19241  32.48248 154.05612  22.54810
[1] 124.99481  34.17026 122.10146  25.77792
[1] 132.74912  32.53568 119.25894  27.62053
[1] 145.29608  36.37152 137.30311  24.19623
[1] 120.35776  33.02137 117.73746  93.67891
[1] 112.95852  28.55126 105.96574  23.59601
[1] 148.54013  42.47081 145.42032  38.25349
[1] 138.75177  35.27717 133.28700  32.06493
[1] 122.30362  32.71688 116.31008  38.11489
[1] 144.62165  30.13436 130.81470  20.77223
[1] 139.69568  33.30107 130.54152  43.75636
[1] 166.36813  35.46359 149.87295  22.06693
[1] 131.34122  38.99511 123.79766  30.00630
[1] 124.69983  29.38460 122.88513  84.57237
[1] 134.61623  36.85164 129.61422  40.33555
[1] 122.53659  34.01383 119.42755 195.73807
[1] 149.42457  33.70424 150.98513  28.54087
[1] 113.48950  33.94682 116.16029  52.91879
[1] 128.89339  28.97435 126.82592  19.27459
[1] 138.22076  31.54089 143.82603  38.58816
[1] 135.57043  33.65318 120.19514  26.22009
[1] 150.41918  33.74004 138.54916  22.23251
[1] 132.96757  35.20744 134.52510  35.04532
[1] 155.27513  36.66626 160.18895  45.29536
[1] 151.61621  34.80427 138.29164  33.03091
[1] 123.28968  39.78889 111.60255  26.60162
[1] 142.19813  41.97767 144.38288 108.77456
[1] 140.48242  43.31436 141.33279  41.26698
[1] 157.19446  37.47265 161.76481  58.66073
[1] 153.43060  37.04119 141.62983  25.48265
[1] 156.10794  32.83209 157.16907  63.29672
[1] 168.51940  33.93298 152.93956  42.02563
[1] 131.94068  38.78204 129.53843  25.76782
[1] 143.59865  37.64944 124.91830  21.31104
[1] 135.46044  29.29154 135.99814  20.30712
[1] 122.31359  35.24518 136.62834  36.25419
[1] 132.29636  40.39174 122.97002  33.20678
[1] 141.68388  35.64649 124.88202  33.64096
[1] 111.65661  42.54591 107.07613 128.14919
[1] 117.06634  36.83811 111.69430  48.66470
[1] 132.65183  33.15900 109.58019  96.59287
[1] 2.5
[1] 143.28346  30.70133 134.93824  36.33280
[1] 171.04288  42.26960 167.93784  31.63585
[1] 139.46838  35.41006 148.44379  32.83792
[1] 143.97361  34.61729 139.46893  66.90948
[1] 144.12174  30.74504 145.67889  48.67408
[1] 135.41863  33.80815 133.19768  27.90688
[1] 147.95705  32.58635 145.43610  28.06810
[1] 149.30624  31.35046 144.54210  29.78798
[1] 146.59474  31.27119 146.43572  27.43687
[1] 139.73015  36.55343 135.30847  73.72175
[1] 159.00470  35.92013 150.53554  60.23799
[1] 145.09340  32.22506 141.33560  65.59665
[1] 138.72964  31.04175 134.62090  28.51782
[1] 148.60272  39.61208 122.81394  32.24450
[1] 143.20108  34.80660 140.03663  32.97606
[1] 131.9913  34.4678 134.7705 165.3642
[1] 143.28608  35.50627 141.88447  42.50771
[1] 147.31696  37.57157 144.91778  51.58189
[1] 174.79244  36.09461 161.84206  56.56574
[1] 140.07760  35.33492 143.98829 121.06137
[1] 139.30756  40.91925 135.64684  24.70345
[1] 155.85028  31.93796 145.63360  27.04629
[1] 145.34883  35.27469 142.07904  24.44642
[1] 135.31813  31.60107 129.01753  27.53464
[1] 148.67565  35.79189 145.51243  21.74921
[1] 164.88656  36.50660 166.95565  41.31041
[1] 133.59815  36.88696 130.57656  37.58431
[1] 133.73446  34.66545 135.12636  30.07178
[1] 150.71953  31.03107 156.66139  22.70142
[1] 153.79473  35.93217 155.46042  25.84099
[1] 163.14239  35.73721 157.03430  62.73343
[1] 142.14625  40.31234 127.73270  50.91544
[1] 148.92372  30.89109 147.95010  24.67027
[1] 116.70049  36.23062 126.81498  32.27831
[1] 145.75920  36.17300 140.23447  29.29587
[1] 136.04736  37.96428 133.66409  58.24431
[1] 134.52526  37.87726 127.96417  27.39351
[1] 147.32905  35.68999 145.01852  23.06218
[1] 137.41857  36.85378 145.26002  78.29618
[1] 143.68288  34.44523 142.06826  33.21414
[1] 160.91158  34.14855 154.74220  20.15916
[1] 146.76033  33.55639 135.27074  21.30065
[1] 156.58915  37.07121 150.83599  67.32559
[1] 140.5993  36.9446 139.2251  22.3876
[1] 156.88155  37.25639 146.44348  23.07515
[1] 128.26357  27.89672 122.16230  39.91041
[1] 151.81580  34.45063 147.34619 123.91387
[1] 148.77107  37.26794 154.69739  19.79764
[1] 142.47297  32.86715 144.25204  21.65761
[1] 124.50522  33.95254 122.80060  42.22972
[1] 2.6
[1] 171.19360  37.91196 152.26076  59.61997
[1] 161.58166  34.59351 160.35163  59.82142
[1] 164.04020  33.86800 142.59698  26.92726
[1] 142.18672  36.19514 138.55524  35.58988
[1] 144.71155  30.53545 123.04998  27.92185
[1] 180.22604  41.59358 144.70564  39.06100
[1] 153.50598  35.50718 128.53420  29.10015
[1] 150.83069  38.15935 149.11643  24.15919
[1] 152.96388  37.77466 148.76853  68.91889
[1] 132.86787  36.47831 138.02546  37.55190
[1] 164.18530  32.69797 163.35080  25.10098
[1] 162.12477  31.81188 160.09975  22.03518
[1] 157.51345  33.79597 150.94504  57.06702
[1] 150.33050  30.41094 144.21085 295.49687
[1] 168.46453  33.29291 162.66324  27.40818
[1] 162.66812  37.32520 158.26772  39.10053
[1] 109.63693  33.19721 106.96167 190.45602
[1] 156.95415  41.54718 157.53302  43.86067
[1] 146.16419  31.79212 148.01614  46.39027
[1] 155.98714  39.14275 153.51725  36.81479
[1] 151.29094  36.42893 140.97306  28.62903
[1] 142.07003  39.49573 139.85417  21.13841
[1] 159.15666  36.04962 160.19972  22.44323
[1] 128.90358  38.70116 130.17909  26.25531
[1] 161.10388  37.29896 141.30710  25.35625
[1] 148.44640  36.67372 137.11731  27.75151
[1] 140.87871  34.16736 138.23966  34.06736
[1] 150.71825  33.11352 152.19538  59.76915
[1] 167.65919  35.51561 148.60056  25.01578
[1] 174.19875  35.88609 151.64202  34.28598
[1] 168.91474  32.85992 167.18703  31.96029
[1] 167.00968  37.69492 143.95431  23.53401
[1] 151.41626  39.36533 136.74670  78.61490
[1] 154.85448  41.93650 158.57751  22.03642
[1] 153.08059  33.83688 149.88796  73.45901
[1] 164.89019  30.53977 172.26042 401.13321
[1] 147.34536  32.63746 144.95032  26.00713
[1] 162.58156  34.14365 154.44141  20.39105
[1] 130.25885  31.36846 125.40208  18.84805
[1] 168.30363  34.93131 168.68848  18.69750
[1] 151.59866  29.94389 149.67498  22.69065
[1] 144.18158  31.52580 148.03009  20.03921
[1] 130.73776  38.91751 124.81275  23.62831
[1] 132.08328  33.31221 141.70107  66.96598
[1] 153.93276  40.26722 150.46684  31.71808
[1] 191.70374  37.33102 178.18826  31.61613
[1] 169.25126  33.58407 168.89523  21.38918
[1] 159.10388  28.51621 154.06273  33.85469
[1] 139.02692  32.00717 129.65579  52.50791
[1] 139.47394  36.52563 144.98094  30.80215
[1] 2.7
[1] 174.91431  36.02699 168.85860  67.78946
[1] 145.66371  36.87746 143.73078  26.36257
[1] 176.13408  31.53466 153.19529  19.49811
[1] 167.68833  43.06663 185.07225  27.89826
[1] 198.47281  33.37736 162.34275  85.93163
[1] 186.87038  36.73617 169.10709  44.42312
[1] 169.06307  38.30769 158.12318 152.18051
[1] 144.36975  40.70439 133.54722  24.71847
[1] 160.62170  34.92832 163.60936  23.93126
[1] 147.74832  37.39993 138.64162  27.74197
[1] 182.55717  41.23419 164.42605  36.85156
[1] 152.78520  34.56938 131.70143  20.38887
[1] 152.95662  37.92477 147.90697 118.74998
[1] 176.91468  33.88147 177.75234 120.25242
[1] 160.64149  35.10733 158.42822  27.49867
[1] 150.76851  35.23544 152.30949  41.92812
[1] 183.21581  37.03939 186.77898  24.59038
[1] 196.35836  44.61879 195.22700  25.71396
[1] 153.16956  36.20567 147.97853  89.35608
[1] 148.79668  35.53848 151.93719  24.80519
[1] 169.19505  41.44939 173.10976  33.49288
[1] 154.26014  35.19132 148.25839  24.84138
[1] 167.67095  34.30629 167.18007  62.84322
[1] 160.71956  37.76867 161.43859 130.97601
[1] 141.45335  45.56245 136.15779  36.62531
[1] 166.83796  38.73118 161.39555  85.35484
[1] 178.39319  34.78796 173.61922  24.69233
[1] 155.20317  35.42964 153.26374  27.85221
[1] 171.93466  37.84768 167.05321  34.80401
[1] 201.11570  39.40026 156.80424  24.23771
[1] 144.15792  28.34789 137.74960  16.00295
[1] 132.39739  31.22605 136.33116  23.26250
[1] 175.30545  32.85963 155.02838  27.69874
[1] 185.65887  41.06519 176.16770  23.09271
[1] 228.59984  34.73024 189.94550  74.78827
[1] 176.11371  32.05939 163.27630  81.71660
[1] 157.1552  31.3563 154.9684  30.5619
[1] 158.23852  30.88417 157.14684  36.38822
[1] 166.07481  32.72257 162.65462  32.58567
[1] 180.11391  37.62442 173.10710  43.40235
[1] 176.41066  32.17419 170.22860  40.65473
[1] 153.64429  33.87959 150.10303  45.39744
[1] 153.46439  36.41507 163.55905  64.85543
[1] 146.07102  33.14687 152.11813  44.42823
[1] 144.08688  35.37056 151.89878 110.21725
[1] 128.45526  40.22622 154.19022  34.23320
[1] 171.10744  35.02179 166.00200  22.96148
[1] 144.73163  41.62368 148.43609 102.97114
[1] 143.87514  34.76740 132.47840  39.40639
[1] 160.97555  39.82066 159.22241  36.87004
[1] 2.8
[1] 160.16066  37.36403 164.20708  37.76593
[1] 192.83456  28.74570 188.35717  30.96264
[1] 167.75658  38.49819 163.53766 112.08501
[1] 188.28938  38.19801 186.77186  33.69227
[1] 191.27199  39.02461 191.71672  31.87039
[1] 195.52475  35.34999 192.27540  30.10839
[1] 165.60535  36.91283 163.37758  23.29744
[1] 172.16928  31.26746 174.55637  65.29552
[1] 153.86739  34.26334 151.68288  58.11005
[1] 176.18696  34.08666 169.32059  60.29509
[1] 192.32573  35.16479 178.04262  23.08998
[1] 172.33238  36.67731 175.01135  39.36119
[1] 163.93569  32.67898 156.66426 260.83796
[1] 160.32571  29.43659 150.33303  50.08785
[1] 203.28703  39.13453 185.50141  32.69368
[1] 228.37745  43.19011 228.99926  54.07067
[1] 173.75461  40.30035 167.47658  22.57212
[1] 173.20810  36.29335 176.75396  35.19320
[1] 179.26032  40.24026 173.40914  30.15096
[1] 168.84764  28.26974 169.64664  43.03130
[1] 174.41640  41.44918 168.58259  24.53831
[1] 190.04802  35.18141 167.90497  22.41492
[1] 170.72577  36.62681 158.89630  27.40783
[1] 223.01405  34.66975 223.04544  35.80913
[1] 183.73779  38.73695 179.76165  90.74793
[1] 170.29005  35.32162 170.14887  84.25414
[1] 178.15538  32.14622 179.62115  18.45611
[1] 172.04647  39.36449 162.47735  31.17677
[1] 161.69704  34.69702 161.77361  34.38208
[1] 196.25577  38.09497 182.64986  20.32390
[1] 166.31940  37.60742 162.50034  44.32964
[1] 186.93212  33.36628 171.83037  22.84972
[1] 196.06283  39.81065 200.43000  34.05483
[1] 165.25127  39.43187 167.99031  42.22477
[1] 180.93018  37.27353 176.19613  34.45040
[1] 188.72754  33.48362 171.05674  37.67954
[1] 180.51173  34.22031 183.79447  21.55308
[1] 172.48145  30.96346 169.80716  54.48751
[1] 169.94050  33.64782 176.13447  47.23122
[1] 173.93924  30.76263 177.52438  27.37169
[1] 178.49496  38.29326 181.26521 154.42965
[1] 185.12154  38.43364 168.95423  62.00328
[1] 163.96204  33.86138 166.51472  29.03474
[1] 157.16044  35.50265 158.07819 138.63987
[1] 188.23208  34.83591 201.30826  22.05091
[1] 181.09880  35.91619 155.34682  23.57954
[1] 198.16381  41.75699 182.95254 159.74474
[1] 185.33082  37.37180 175.09579  39.98903
[1] 184.42488  35.39091 199.41929  29.01864
[1] 188.55785  39.67793 196.47650  25.42780
[1] 2.9
[1] 176.61311  37.76112 177.56571 118.28444
[1] 201.72888  36.86065 203.69053  25.99730
[1] 165.77950  37.84049 159.28555  37.90257
[1] 204.63365  41.98191 192.03369  77.15262
[1] 195.80431  36.21485 193.92138  48.56395
[1] 185.39835  35.98116 189.19324  33.16088
[1] 190.57601  39.27969 180.14469  23.32990
[1] 180.94827  29.67829 184.13390  22.87914
[1] 179.33311  34.58686 180.96353  68.71141
[1] 192.45909  35.27107 185.19150  27.22737
[1] 170.69489  32.79315 166.23983  32.42153
[1] 187.18300  35.53741 180.09490  68.47413
[1] 155.80565  37.05447 156.73407  67.14158
[1] 175.54144  41.19245 175.32866 106.75257
[1] 187.2856  33.2186 185.1479 179.2062
[1] 186.48988  36.72452 185.77712  24.76708
[1] 175.44685  40.11370 164.62673  49.63915
[1] 174.47073  36.18144 183.63040  97.21263
[1] 195.88083  37.79902 197.43121  27.73349
[1] 158.70256  43.59983 162.01224  42.74492
[1] 190.21296  33.03949 185.22528  31.44134
[1] 215.94953  33.54415 196.38166  22.77261
[1] 178.17342  44.41457 171.50392  62.00154
[1] 184.14443  39.28924 185.05092  92.50496
[1] 179.56548  35.86267 185.37743  24.36606
[1] 191.28915  35.80223 180.49540  21.24320
[1] 194.14563  33.49597 171.55561 110.30239
[1] 180.38576  29.90771 199.08556  20.52708
[1] 163.69706  37.26807 163.08378  21.73505
[1] 174.17587  30.54826 169.31973  63.91695
[1] 203.52827  42.57928 201.22527  28.85637
[1] 159.21445  34.20633 207.79643  92.41164
[1] 169.55588  29.13304 173.04835  22.98465
[1] 178.20719  34.10582 173.90159  34.21479
[1] 197.74985  36.90126 188.38873  21.92728
[1] 158.05994  41.13107 159.15514  47.25017
[1] 164.10383  35.20007 164.64508  32.90092
[1] 204.86155  37.09612 211.73218  30.43619
[1] 154.19428  36.40290 167.69271  45.31631
[1] 180.66236  38.15566 188.59274  76.48828
[1] 171.43692  39.69203 182.27534  47.79191
[1] 175.86044  34.77019 184.28765  28.32387
[1] 197.99444  33.35307 189.99727 196.88843
[1] 199.33319  33.21556 198.80406  83.86620
[1] 167.55781  32.07461 166.95067  53.02196
[1] 173.71780  35.23591 171.11311  21.81867
[1] 208.06073  38.31222 184.68141  43.41739
[1] 208.02553  41.42198 212.71927  40.08331
[1] 154.69644  42.45571 155.28347  37.57602
[1] 207.83083  38.23893 208.93363  45.35983
[1] 3
[1] 233.13897  37.98313 195.09987  26.84678
[1] 211.90572  41.52608 208.31816  23.28185
[1] 202.55891  32.70237 204.62198  24.11876
[1] 227.70749  36.28988 234.24539  63.54168
[1] 182.23909  36.59804 180.66215  24.41006
[1] 248.60848  41.17069 227.61628  45.00446
[1] 191.81374  32.71354 192.42410  43.29036
[1] 218.60552  32.45832 206.28474  31.21647
[1] 206.23042  36.46597 199.92207 158.48421
[1] 186.66431  35.81048 203.04114  25.53071
[1] 164.82633  30.69615 167.62466  20.61198
[1] 209.16518  39.88663 211.08452  55.27813
[1] 202.42627  34.38820 206.63370  89.23325
[1] 186.18673  36.86104 179.18976  83.84047
[1] 200.44340  42.43529 195.40454  29.81033
[1] 180.60003  35.21622 179.71056  50.15447
[1] 203.64404  43.73049 208.75231  97.05359
[1] 192.37356  33.56062 193.77632  28.62138
[1] 183.84821  42.49100 183.62983  43.69641
[1] 176.22221  40.55757 170.01014 106.58688
[1] 187.93781  37.33959 193.22114 240.81509
[1] 219.67246  33.21050 202.50991  28.80404
[1] 178.35613  36.22125 193.05259 102.77946
[1] 225.31558  32.05733 223.23419  25.93123
[1] 214.74813  36.48871 221.05816  24.85412
[1] 219.11893  35.95441 199.08726  50.51735
[1] 163.75365  31.15066 161.57826  24.36522
[1] 219.14927  41.01114 216.48439  39.60923
[1] 191.05563  47.38097 193.97348  52.82739
[1] 171.20020  37.46968 177.54047  72.28651
[1] 196.55855  38.15089 196.48746  34.26640
[1] 211.38727  34.26124 214.03650 133.09155
[1] 177.43233  39.99315 181.08850  35.54828
[1] 235.52144  40.28576 206.49344  23.27440
[1] 198.55215  37.66216 205.50527  46.13415
[1] 224.22916  47.97832 201.35276  57.86393
[1] 211.52277  41.47933 210.89873  22.22394
[1] 173.74306  36.25428 176.21128  22.01643
[1] 193.26449  38.35409 181.44386  40.71374
[1] 182.58986  38.28541 184.50726  44.19292
[1] 177.24183  34.99044 180.61609  28.03804
[1] 186.75317  34.66237 178.89051  79.61748
[1] 202.03324  37.31324 201.03653  54.41536
[1] 218.50525  30.56973 202.45942  26.08606
[1] 220.88233  34.75083 217.73690  70.90270
[1] 220.57355  41.96872 222.29926  52.31098
[1] 208.93007  40.81645 211.20915  40.56097
[1] 186.47890  36.35342 184.43027  29.16702
[1] 184.41940  40.00239 185.29189  84.19187
[1] 196.30156  42.58264 195.49110  30.93535
